2025-12-09 20:13:04,134 - root - INFO - ================================================================================
2025-12-09 20:13:04,135 - root - INFO - 📝 Logging initialized
2025-12-09 20:13:04,137 - root - INFO -    Log file: /app/logs/aiscore_scraper_links_20251009.log
2025-12-09 20:13:04,137 - root - INFO -    Console level: INFO and above
2025-12-09 20:13:04,138 - root - INFO -    File level: INFO and above
2025-12-09 20:13:04,139 - root - INFO -    File handler: ✓ Active
2025-12-09 20:13:04,146 - root - INFO - ================================================================================
2025-12-09 20:13:04,158 - root - INFO - Loading page: https://www.aiscore.com/20251009
2025-12-09 20:13:04,160 - root - WARNING - Browser unresponsive, restarting...
2025-12-09 20:13:04,162 - src.scrapers.aiscore.browser - INFO - Restarting browser...
2025-12-09 20:13:06,167 - src.scrapers.aiscore.browser - INFO - Using Chrome binary: /usr/bin/chromium
2025-12-09 20:13:06,169 - src.scrapers.aiscore.browser - INFO - Using pre-installed ChromeDriver at: /usr/bin/chromedriver
2025-12-09 20:13:06,396 - src.scrapers.aiscore.browser - INFO - Browser created successfully
2025-12-09 20:13:06,397 - src.scrapers.aiscore.browser - INFO - Browser restarted successfully
2025-12-09 20:13:22,152 - root - INFO - Cloudflare challenge detected. Waiting for it to complete...
2025-12-09 20:13:32,230 - root - INFO - Still waiting for Cloudflare... (10s / 30s)
2025-12-09 20:14:05,428 - root - WARNING - Cloudflare challenge did not complete within 30 seconds
2025-12-09 20:14:05,430 - root - WARNING - Cloudflare challenge may not have completed. Continuing anyway...
2025-12-09 20:14:36,523 - root - WARNING - Timeout waiting for page to load
2025-12-09 20:14:37,682 - root - INFO - Starting scroll to load all matches...
2025-12-09 20:14:37,719 - root - INFO - Scroll 1 in progress...
2025-12-09 20:14:38,238 - root - INFO - Included 4 countries with 21 matches: {'Africa': 6, 'Asian': 12, 'Brazil': 1, 'Europe': 2}
2025-12-09 20:14:38,239 - root - INFO - Scroll 1: 11 leagues, 21 matches
2025-12-09 20:14:38,240 - root - INFO - Progress: 21 matches found | Scroll 1
2025-12-09 20:14:38,275 - root - INFO - Scroll 2 in progress...
2025-12-09 20:14:38,865 - root - INFO - Included 5 countries with 25 matches: {'Europe': 8, 'Africa': 2, 'Asian': 12, 'Brazil': 1, 'International': 2}
2025-12-09 20:14:38,866 - root - INFO - Scroll 2: 13 leagues, 25 matches
2025-12-09 20:14:38,919 - root - INFO - Scroll 3 in progress...
2025-12-09 20:14:39,485 - root - INFO - Included 5 countries with 21 matches: {'Azerbaijan': 4, 'Asian': 6, 'Brazil': 1, 'Europe': 8, 'International': 2}
2025-12-09 20:14:39,486 - root - INFO - Scroll 3: 10 leagues, 21 matches
2025-12-09 20:14:39,502 - root - INFO - Scroll 4 in progress...
2025-12-09 20:14:42,954 - root - INFO - Included 3 countries with 14 matches: {'Europe': 8, 'International': 2, 'Azerbaijan': 4}
2025-12-09 20:14:42,955 - root - INFO - Scroll 4: 6 leagues, 14 matches
2025-12-09 20:14:42,996 - root - INFO - Scroll 5 in progress...
2025-12-09 20:14:43,604 - root - INFO - Included 5 countries with 14 matches: {'Brazil': 4, 'Africa': 2, 'Europe': 2, 'International': 2, 'Azerbaijan': 4}
2025-12-09 20:14:43,627 - root - INFO - Scroll 5: 5 leagues, 14 matches
2025-12-09 20:14:43,658 - root - INFO - Scroll 6 in progress...
2025-12-09 20:14:47,178 - root - INFO - Included 2 countries with 6 matches: {'Africa': 2, 'Brazil': 4}
2025-12-09 20:14:47,180 - root - INFO - Scroll 6: 2 leagues, 6 matches
2025-12-09 20:14:47,214 - root - INFO - Scroll 7 in progress...
2025-12-09 20:14:47,805 - root - INFO - Included 2 countries with 8 matches: {'Brazil': 6, 'Africa': 2}
2025-12-09 20:14:47,806 - root - INFO - Scroll 7: 3 leagues, 8 matches
2025-12-09 20:14:47,841 - root - INFO - Scroll 8 in progress...
2025-12-09 20:14:51,333 - root - INFO - Included 2 countries with 7 matches: {'Brazil': 6, 'Canada': 1}
2025-12-09 20:14:51,334 - root - INFO - Scroll 8: 3 leagues, 7 matches
2025-12-09 20:14:51,365 - root - INFO - Scroll 9 in progress...
2025-12-09 20:14:51,999 - root - INFO - Included 2 countries with 3 matches: {'Brazil': 2, 'Canada': 1}
2025-12-09 20:14:52,000 - root - INFO - Scroll 9: 2 leagues, 3 matches
2025-12-09 20:14:52,032 - root - INFO - Scroll 10 in progress...
2025-12-09 20:14:52,653 - root - INFO - Included 3 countries with 8 matches: {'Fiji': 4, 'Europe': 3, 'Canada': 1}
2025-12-09 20:14:52,654 - root - INFO - Scroll 10: 5 leagues, 8 matches
2025-12-09 20:14:52,719 - root - INFO - Incremental save: Added 49 new matches. Total: 49 to /app/data/aiscore/daily_listings/20251009/matches.json
2025-12-09 20:14:52,721 - root - INFO - Saved 49 matches to file (after 10 scrolls)
2025-12-09 20:14:53,458 - root - INFO - Included 2 countries with 7 matches: {'Europe': 3, 'Fiji': 4}
2025-12-09 20:14:53,460 - root - INFO - Scroll 11: 4 leagues, 7 matches
2025-12-09 20:14:57,288 - root - INFO - Included 2 countries with 7 matches: {'Europe': 3, 'Fiji': 4}
2025-12-09 20:14:57,289 - root - INFO - Scroll 12: 4 leagues, 7 matches
2025-12-09 20:14:58,057 - root - INFO - Included 1 countries with 4 matches: {'Fiji': 4}
2025-12-09 20:14:58,058 - root - INFO - Scroll 13: 1 leagues, 4 matches
2025-12-09 20:15:01,732 - root - INFO - Scroll 15 in progress...
2025-12-09 20:15:02,410 - root - INFO - Included 1 countries with 13 matches: {'International': 13}
2025-12-09 20:15:02,411 - root - INFO - Scroll 15: 1 leagues, 13 matches
2025-12-09 20:15:02,412 - root - INFO - Progress: 62 matches found | Scroll 15
2025-12-09 20:15:03,141 - root - INFO - Included 1 countries with 20 matches: {'International': 20}
2025-12-09 20:15:03,142 - root - INFO - Scroll 16: 2 leagues, 20 matches
2025-12-09 20:15:04,011 - root - INFO - Included 1 countries with 20 matches: {'International': 20}
2025-12-09 20:15:04,011 - root - INFO - Scroll 17: 2 leagues, 20 matches
2025-12-09 20:15:07,754 - root - INFO - Included 1 countries with 20 matches: {'International': 20}
2025-12-09 20:15:07,755 - root - INFO - Scroll 18: 2 leagues, 20 matches
2025-12-09 20:15:11,473 - root - INFO - Included 1 countries with 20 matches: {'International': 20}
2025-12-09 20:15:11,479 - root - INFO - Scroll 19: 2 leagues, 20 matches
2025-12-09 20:15:11,516 - root - INFO - Scroll 20 in progress...
2025-12-09 20:15:15,186 - root - INFO - Included 1 countries with 7 matches: {'International': 7}
2025-12-09 20:15:15,187 - root - INFO - Scroll 20: 1 leagues, 7 matches
2025-12-09 20:15:15,254 - root - INFO - Incremental save: Added 20 new matches. Total: 69 to /app/data/aiscore/daily_listings/20251009/matches.json
2025-12-09 20:15:15,255 - root - INFO - Saved 20 matches to file (after 20 scrolls)
2025-12-09 20:15:16,089 - root - INFO - Included 1 countries with 7 matches: {'International': 7}
2025-12-09 20:15:16,090 - root - INFO - Scroll 21: 1 leagues, 7 matches
2025-12-09 20:15:23,994 - root - INFO - Included 1 countries with 1 matches: {'USA': 1}
2025-12-09 20:15:23,998 - root - INFO - Scroll 24: 1 leagues, 1 matches
2025-12-09 20:15:24,023 - root - INFO - Scroll 25 in progress...
2025-12-09 20:15:27,840 - root - INFO - Included 1 countries with 1 matches: {'USA': 1}
2025-12-09 20:15:27,842 - root - INFO - Scroll 25: 1 leagues, 1 matches
2025-12-09 20:15:31,409 - root - INFO - Included 1 countries with 1 matches: {'USA': 1}
2025-12-09 20:15:31,418 - root - INFO - Scroll 26: 1 leagues, 1 matches
2025-12-09 20:15:35,009 - root - INFO - Included 1 countries with 1 matches: {'USA': 1}
2025-12-09 20:15:35,010 - root - INFO - Scroll 27: 1 leagues, 1 matches
2025-12-09 20:15:38,580 - root - INFO - Scraping complete: 70 matches found after 28 scrolls
2025-12-09 20:15:38,709 - root - INFO - Incremental save: Added 1 new matches. Total: 70 to /app/data/aiscore/daily_listings/20251009/matches.json
2025-12-09 20:15:38,712 - root - INFO - Saved final batch: 1 matches to file
2025-12-09 20:15:38,713 - root - INFO - Scraping complete. Total unique links found: 70
2025-12-09 20:15:38,721 - root - INFO - File verification: 70 matches in data/aiscore/daily_listings/20251009/matches.json
2025-12-09 20:15:38,812 - src.scrapers.aiscore.browser - INFO - Browser closed
