2025-11-27 23:10:34,655 - root - INFO - ================================================================================
2025-11-27 23:10:34,656 - root - INFO - 📝 Logging initialized for links scraping
2025-11-27 23:10:34,658 - root - INFO -    Log file: /app/logs/aiscore_scraper_links_20251003.log
2025-11-27 23:10:34,659 - root - INFO -    Console level: INFO and above
2025-11-27 23:10:34,660 - root - INFO -    File level: INFO and above (matches console)
2025-11-27 23:10:34,662 - root - INFO -    File handler: ✓ Active
2025-11-27 23:10:34,663 - root - INFO - ================================================================================
Log file test write at 2025-11-27T23:10:34.664847
2025-11-27 23:10:34,689 - root - INFO - Loading page: https://www.aiscore.com/20251003
2025-11-27 23:10:34,691 - root - WARNING - Browser unresponsive, restarting...
2025-11-27 23:10:34,693 - src.scrapers.aiscore.browser - INFO - Restarting browser...
2025-11-27 23:10:36,695 - src.scrapers.aiscore.browser - INFO - Using Chrome binary: /usr/bin/chromium
2025-11-27 23:10:36,743 - src.scrapers.aiscore.browser - INFO - Detected Chrome version: 142.0.7444.175 (major: 142)
2025-11-27 23:10:36,745 - WDM - INFO - ====== WebDriver manager ======
2025-11-27 23:10:37,997 - WDM - INFO - WebDriver version 142.0.7444.175 selected
2025-11-27 23:10:38,009 - WDM - INFO - Modern chrome version https://storage.googleapis.com/chrome-for-testing-public/142.0.7444.175/linux64/chromedriver-linux64.zip
2025-11-27 23:10:38,019 - WDM - INFO - About to download new driver from https://storage.googleapis.com/chrome-for-testing-public/142.0.7444.175/linux64/chromedriver-linux64.zip
2025-11-27 23:10:38,852 - WDM - INFO - Driver downloading response is 200
2025-11-27 23:10:45,195 - WDM - INFO - Driver has been saved in cache [/app/.wdm/drivers/chromedriver/linux64/142.0.7444.175]
2025-11-27 23:10:45,481 - src.scrapers.aiscore.browser - INFO - Browser created successfully
2025-11-27 23:10:45,482 - src.scrapers.aiscore.browser - INFO - Browser restarted successfully
2025-11-27 23:10:56,714 - root - INFO - Cloudflare challenge detected. Waiting for it to complete...
2025-11-27 23:11:06,765 - root - INFO - Still waiting for Cloudflare... (10s / 30s)
2025-11-28 16:46:33,848 - root - INFO - ================================================================================
2025-11-28 16:46:33,849 - root - INFO - 📝 Logging initialized for links scraping
2025-11-28 16:46:33,851 - root - INFO -    Log file: /app/logs/aiscore_scraper_links_20251003.log
2025-11-28 16:46:33,852 - root - INFO -    Console level: INFO and above
2025-11-28 16:46:33,853 - root - INFO -    File level: INFO and above (matches console)
2025-11-28 16:46:33,854 - root - INFO -    File handler: ✓ Active
2025-11-28 16:46:33,854 - root - INFO - ================================================================================
Log file test write at 2025-11-28T16:46:33.856583
2025-11-28 16:46:33,880 - root - INFO - Loading page: https://www.aiscore.com/20251003
2025-11-28 16:46:33,881 - root - WARNING - Browser unresponsive, restarting...
2025-11-28 16:46:33,883 - src.scrapers.aiscore.browser - INFO - Restarting browser...
2025-11-28 16:46:35,885 - src.scrapers.aiscore.browser - INFO - Using Chrome binary: /usr/bin/chromium
2025-11-28 16:46:35,924 - src.scrapers.aiscore.browser - INFO - Detected Chrome version: 142.0.7444.175 (major: 142)
2025-11-28 16:46:35,926 - WDM - INFO - ====== WebDriver manager ======
2025-11-28 16:46:37,358 - WDM - INFO - WebDriver version 142.0.7444.175 selected
2025-11-28 16:46:37,363 - WDM - INFO - Modern chrome version https://storage.googleapis.com/chrome-for-testing-public/142.0.7444.175/linux64/chromedriver-linux64.zip
2025-11-28 16:46:37,365 - WDM - INFO - About to download new driver from https://storage.googleapis.com/chrome-for-testing-public/142.0.7444.175/linux64/chromedriver-linux64.zip
2025-11-28 16:46:38,231 - WDM - INFO - Driver downloading response is 200
2025-11-28 16:46:44,996 - WDM - INFO - Driver has been saved in cache [/app/.wdm/drivers/chromedriver/linux64/142.0.7444.175]
2025-11-28 16:46:45,217 - src.scrapers.aiscore.browser - INFO - Browser created successfully
2025-11-28 16:46:45,218 - src.scrapers.aiscore.browser - INFO - Browser restarted successfully
2025-11-28 16:47:00,871 - root - INFO - Cloudflare challenge detected. Waiting for it to complete...
2025-11-28 16:47:10,974 - root - INFO - Still waiting for Cloudflare... (10s / 30s)
2025-11-28 16:47:44,167 - root - WARNING - Cloudflare challenge did not complete within 30 seconds
2025-11-28 16:47:44,173 - root - WARNING - Cloudflare challenge may not have completed. Continuing anyway...
2025-11-28 16:48:15,265 - root - WARNING - Timeout waiting for page to load
2025-11-28 16:48:16,456 - src.scrapers.aiscore.bronze_storage - INFO - Bronze storage initialized: data/aiscore
2025-11-28 16:48:16,466 - root - INFO - ================================================================================
2025-11-28 16:48:16,467 - root - INFO - Starting match links scraping...
2025-11-28 16:48:16,469 - root - INFO - ================================================================================
2025-11-28 16:48:16,472 - root - INFO - 🔍 Filtering: LEAGUE-BASED (✓ 118 leagues configured)
2025-11-28 16:48:16,473 - root - INFO -    Sample leagues: Premier League, English Football League Championship, FA Cup, English Football League Cup, English Football League Trophy... (+113 more)
2025-11-28 16:48:16,476 - root - INFO - Starting scroll to load all matches...
2025-11-28 16:48:16,528 - root - INFO - Scroll 1 in progress...
2025-11-28 16:48:17,038 - root - INFO - Included 3 countries with 4 matches: {'Argentina': 1, 'Azerbaijan': 2, 'Armenia': 1}
2025-11-28 16:48:17,039 - root - INFO - 📊 Scroll 1: 3 leagues, 4 matches in this scroll
2025-11-28 16:48:17,071 - root - INFO - Scroll 2 in progress...
2025-11-28 16:48:17,593 - root - INFO - Included 2 countries with 3 matches: {'Azerbaijan': 2, 'Armenia': 1}
2025-11-28 16:48:17,600 - root - INFO - 📊 Scroll 2: 2 leagues, 3 matches in this scroll
2025-11-28 16:48:17,642 - root - INFO - Scroll 3 in progress...
2025-11-28 16:48:18,162 - root - INFO - Scroll 4 in progress...
2025-11-28 16:48:18,722 - root - INFO - Scroll 5 in progress...
2025-11-28 16:48:22,209 - root - INFO - Included 2 countries with 4 matches: {'Africa': 2, 'Americas': 2}
2025-11-28 16:48:22,212 - root - INFO - 📊 Scroll 5: 3 leagues, 4 matches in this scroll
2025-11-28 16:48:22,248 - root - INFO - Scroll 6 in progress...
2025-11-28 16:48:22,904 - root - INFO - Included 2 countries with 4 matches: {'Africa': 2, 'Americas': 2}
2025-11-28 16:48:22,906 - root - INFO - 📊 Scroll 6: 3 leagues, 4 matches in this scroll
2025-11-28 16:48:22,938 - root - INFO - Scroll 7 in progress...
2025-11-28 16:48:26,527 - root - INFO - Included 4 countries with 7 matches: {'Africa': 2, 'Americas': 2, 'Belgium': 1, 'Brazil': 2}
2025-11-28 16:48:26,528 - root - INFO - 📊 Scroll 7: 5 leagues, 7 matches in this scroll
2025-11-28 16:48:26,560 - root - INFO - Scroll 8 in progress...
2025-11-28 16:48:30,217 - root - INFO - Included 3 countries with 7 matches: {'Americas': 2, 'Belgium': 3, 'Brazil': 2}
2025-11-28 16:48:30,219 - root - INFO - 📊 Scroll 8: 4 leagues, 7 matches in this scroll
2025-11-28 16:48:30,243 - root - INFO - Scroll 9 in progress...
2025-11-28 16:48:33,914 - root - INFO - Included 3 countries with 9 matches: {'Belgium': 5, 'Brazil': 2, 'Bahrain': 2}
2025-11-28 16:48:33,915 - root - INFO - 📊 Scroll 9: 5 leagues, 9 matches in this scroll
2025-11-28 16:48:33,944 - root - INFO - Scroll 10 in progress...
2025-11-28 16:48:34,527 - root - INFO - Included 3 countries with 14 matches: {'Belgium': 10, 'Brazil': 2, 'Bahrain': 2}
2025-11-28 16:48:34,531 - root - INFO - 📊 Scroll 10: 5 leagues, 14 matches in this scroll
2025-11-28 16:48:34,534 - root - INFO - ⚡ Progress: 23 unique matches | Scroll 10 | 76.4 matches/min
2025-11-28 16:48:34,544 - root - INFO -    🏆 Top leagues: Premier League (10), CONCACAF Central American Cup (8), Brazilian Serie B (8)
2025-11-28 16:48:34,545 - root - INFO -    🌍 Top countries: Belgium (19), Americas (8), Brazil (8)
2025-11-28 16:48:34,661 - root - INFO - Incremental save: Added 23 new matches. Total: 23 to /app/data/aiscore/daily_listings/20251003/matches.json
2025-11-28 16:48:34,673 - root - INFO - 💾 Saved batch: 23 matches to file (scroll 10) | File size: 0.01 MB
2025-11-28 16:48:35,367 - root - INFO - Included 3 countries with 11 matches: {'Bhutan': 1, 'Bahrain': 2, 'Belgium': 8}
2025-11-28 16:48:35,369 - root - INFO - 📊 Scroll 11: 4 leagues, 11 matches in this scroll
2025-11-28 16:48:39,025 - root - INFO - Included 3 countries with 8 matches: {'Belgium': 6, 'Bhutan': 1, 'Brazil': 1}
2025-11-28 16:48:39,026 - root - INFO - 📊 Scroll 12: 3 leagues, 8 matches in this scroll
2025-11-28 16:48:39,615 - root - INFO - Included 3 countries with 8 matches: {'Belgium': 6, 'Bhutan': 1, 'Brazil': 1}
2025-11-28 16:48:39,616 - root - INFO - 📊 Scroll 13: 3 leagues, 8 matches in this scroll
2025-11-28 16:48:43,091 - root - INFO - Included 1 countries with 1 matches: {'Brazil': 1}
2025-11-28 16:48:43,095 - root - INFO - 📊 Scroll 14: 1 leagues, 1 matches in this scroll
2025-11-28 16:48:43,129 - root - INFO - Scroll 15 in progress...
2025-11-28 16:48:43,749 - root - INFO - Included 1 countries with 1 matches: {'Congo': 1}
2025-11-28 16:48:43,750 - root - INFO - 📊 Scroll 15: 1 leagues, 1 matches in this scroll
2025-11-28 16:48:47,315 - root - INFO - Included 1 countries with 1 matches: {'Congo': 1}
2025-11-28 16:48:47,317 - root - INFO - 📊 Scroll 16: 1 leagues, 1 matches in this scroll
2025-11-28 16:48:47,994 - root - INFO - Included 2 countries with 5 matches: {'Denmark': 4, 'Congo': 1}
2025-11-28 16:48:47,996 - root - INFO - 📊 Scroll 17: 4 leagues, 5 matches in this scroll
2025-11-28 16:48:48,677 - root - INFO - Included 3 countries with 9 matches: {'Egypt': 3, 'England': 2, 'Denmark': 4}
2025-11-28 16:48:48,680 - root - INFO - 📊 Scroll 18: 6 leagues, 9 matches in this scroll
2025-11-28 16:48:52,380 - root - INFO - Included 3 countries with 10 matches: {'Denmark': 4, 'England': 3, 'Egypt': 3}
2025-11-28 16:48:52,381 - root - INFO - 📊 Scroll 19: 7 leagues, 10 matches in this scroll
2025-11-28 16:48:52,421 - root - INFO - Scroll 20 in progress...
2025-11-28 16:48:53,034 - root - INFO - Included 2 countries with 13 matches: {'England': 10, 'Egypt': 3}
2025-11-28 16:48:53,038 - root - INFO - 📊 Scroll 20: 5 leagues, 13 matches in this scroll
2025-11-28 16:48:53,039 - root - INFO - ⚡ Progress: 43 unique matches | Scroll 20 | 70.5 matches/min
2025-11-28 16:48:53,041 - root - INFO -    🏆 Top leagues: Premier League (30), Belgian U21 Youth League (24), CONCACAF Central American Cup (8)
2025-11-28 16:48:53,045 - root - INFO -    🌍 Top countries: Belgium (39), England (15), Denmark (12)
2025-11-28 16:48:53,242 - root - INFO - Incremental save: Added 20 new matches. Total: 43 to /app/data/aiscore/daily_listings/20251003/matches.json
2025-11-28 16:48:53,250 - root - INFO - 💾 Saved batch: 20 matches to file (scroll 20) | File size: 0.02 MB
2025-11-28 16:48:56,750 - root - INFO - Included 4 countries with 14 matches: {'England': 9, 'Egypt': 3, 'Europe': 1, 'France': 1}
2025-11-28 16:48:56,751 - root - INFO - 📊 Scroll 21: 6 leagues, 14 matches in this scroll
2025-11-28 16:48:57,370 - root - INFO - Included 3 countries with 15 matches: {'France': 7, 'England': 7, 'Europe': 1}
2025-11-28 16:48:57,371 - root - INFO - 📊 Scroll 22: 4 leagues, 15 matches in this scroll
2025-11-28 16:48:57,972 - root - INFO - Included 4 countries with 20 matches: {'France': 9, 'Faroe Islands': 3, 'England': 7, 'Europe': 1}
2025-11-28 16:48:57,973 - root - INFO - 📊 Scroll 23: 6 leagues, 20 matches in this scroll
2025-11-28 16:48:58,610 - root - INFO - Included 2 countries with 11 matches: {'France': 8, 'Faroe Islands': 3}
2025-11-28 16:48:58,611 - root - INFO - 📊 Scroll 24: 3 leagues, 11 matches in this scroll
2025-11-28 16:48:58,641 - root - INFO - Scroll 25 in progress...
2025-11-28 16:49:02,156 - root - INFO - Included 2 countries with 5 matches: {'Faroe Islands': 3, 'France': 2}
2025-11-28 16:49:02,158 - root - INFO - 📊 Scroll 25: 2 leagues, 5 matches in this scroll
2025-11-28 16:49:02,848 - root - INFO - Included 2 countries with 3 matches: {'Germany': 1, 'France': 2}
2025-11-28 16:49:02,849 - root - INFO - 📊 Scroll 26: 2 leagues, 3 matches in this scroll
2025-11-28 16:49:06,412 - root - INFO - Included 1 countries with 3 matches: {'Germany': 3}
2025-11-28 16:49:06,440 - root - INFO - 📊 Scroll 27: 2 leagues, 3 matches in this scroll
2025-11-28 16:49:09,977 - root - INFO - Included 2 countries with 5 matches: {'Germany': 4, 'Ghana': 1}
2025-11-28 16:49:09,978 - root - INFO - 📊 Scroll 28: 4 leagues, 5 matches in this scroll
2025-11-28 16:49:13,474 - root - INFO - Included 2 countries with 5 matches: {'Germany': 4, 'Ghana': 1}
2025-11-28 16:49:13,475 - root - INFO - 📊 Scroll 29: 4 leagues, 5 matches in this scroll
2025-11-28 16:49:13,519 - root - INFO - Scroll 30 in progress...
2025-11-28 16:49:14,176 - root - INFO - Included 2 countries with 2 matches: {'Ghana': 1, 'Germany': 1}
2025-11-28 16:49:14,177 - root - INFO - 📊 Scroll 30: 2 leagues, 2 matches in this scroll
2025-11-28 16:49:14,228 - root - INFO - Incremental save: Added 18 new matches. Total: 61 to /app/data/aiscore/daily_listings/20251003/matches.json
2025-11-28 16:49:14,246 - root - INFO - 💾 Saved batch: 18 matches to file (scroll 30) | File size: 0.03 MB
2025-11-28 16:49:22,251 - root - INFO - Included 3 countries with 9 matches: {'International': 4, 'Iran': 4, 'Italy': 1}
2025-11-28 16:49:22,252 - root - INFO - 📊 Scroll 33: 4 leagues, 9 matches in this scroll
2025-11-28 16:49:22,254 - root - INFO - ⚡ Progress: 70 unique matches | Scroll 33 | 63.8 matches/min
2025-11-28 16:49:22,255 - root - INFO -    🏆 Top leagues: Premier League (45), English U21 Premier League (28), Belgian U21 Youth League (24)
2025-11-28 16:49:22,255 - root - INFO -    🌍 Top countries: Belgium (39), England (38), France (29)
2025-11-28 16:49:22,913 - root - INFO - Included 3 countries with 9 matches: {'Italy': 1, 'Iran': 4, 'International': 4}
2025-11-28 16:49:22,915 - root - INFO - 📊 Scroll 34: 4 leagues, 9 matches in this scroll
2025-11-28 16:49:22,974 - root - INFO - Scroll 35 in progress...
2025-11-28 16:49:26,608 - root - INFO - Included 3 countries with 9 matches: {'Italy': 1, 'Iran': 4, 'International': 4}
2025-11-28 16:49:26,609 - root - INFO - 📊 Scroll 35: 4 leagues, 9 matches in this scroll
2025-11-28 16:49:30,318 - root - INFO - Included 1 countries with 4 matches: {'International': 4}
2025-11-28 16:49:30,320 - root - INFO - 📊 Scroll 36: 2 leagues, 4 matches in this scroll
2025-11-28 16:49:34,637 - root - INFO - Included 1 countries with 2 matches: {'International': 2}
2025-11-28 16:49:34,638 - root - INFO - 📊 Scroll 38: 1 leagues, 2 matches in this scroll
2025-11-28 16:49:38,254 - root - INFO - Included 2 countries with 3 matches: {'International': 2, 'Japan': 1}
2025-11-28 16:49:38,258 - root - INFO - 📊 Scroll 39: 2 leagues, 3 matches in this scroll
2025-11-28 16:49:38,300 - root - INFO - Scroll 40 in progress...
2025-11-28 16:49:41,773 - root - INFO - Included 2 countries with 3 matches: {'International': 2, 'Japan': 1}
2025-11-28 16:49:41,774 - root - INFO - 📊 Scroll 40: 2 leagues, 3 matches in this scroll
2025-11-28 16:49:41,924 - root - INFO - Incremental save: Added 12 new matches. Total: 73 to /app/data/aiscore/daily_listings/20251003/matches.json
2025-11-28 16:49:41,935 - root - INFO - 💾 Saved batch: 12 matches to file (scroll 40) | File size: 0.04 MB
2025-11-28 16:49:45,559 - root - INFO - Included 3 countries with 5 matches: {'International': 2, 'Japan': 1, 'Lebanon': 2}
2025-11-28 16:49:45,559 - root - INFO - 📊 Scroll 41: 3 leagues, 5 matches in this scroll
2025-11-28 16:49:49,243 - root - INFO - Included 2 countries with 3 matches: {'Japan': 1, 'Lebanon': 2}
2025-11-28 16:49:49,264 - root - INFO - 📊 Scroll 42: 2 leagues, 3 matches in this scroll
2025-11-28 16:49:52,931 - root - INFO - Included 2 countries with 4 matches: {'Lebanon': 2, 'Malta': 2}
2025-11-28 16:49:52,933 - root - INFO - 📊 Scroll 43: 2 leagues, 4 matches in this scroll
2025-11-28 16:49:52,935 - root - INFO - ⚡ Progress: 77 unique matches | Scroll 43 | 47.9 matches/min
2025-11-28 16:49:52,936 - root - INFO -    🏆 Top leagues: Premier League (53), English U21 Premier League (28), Belgian U21 Youth League (24)
2025-11-28 16:49:52,938 - root - INFO -    🌍 Top countries: Belgium (39), England (38), France (29)
2025-11-28 16:49:53,738 - root - INFO - Included 1 countries with 2 matches: {'Malta': 2}
2025-11-28 16:49:53,740 - root - INFO - 📊 Scroll 44: 1 leagues, 2 matches in this scroll
2025-11-28 16:49:53,755 - root - INFO - Scroll 45 in progress...
2025-11-28 16:49:57,338 - root - INFO - Included 1 countries with 2 matches: {'Malta': 2}
2025-11-28 16:49:57,340 - root - INFO - 📊 Scroll 45: 1 leagues, 2 matches in this scroll
2025-11-28 16:50:00,853 - root - INFO - Included 1 countries with 1 matches: {'Netherlands': 1}
2025-11-28 16:50:00,853 - root - INFO - 📊 Scroll 46: 1 leagues, 1 matches in this scroll
2025-11-28 16:50:01,524 - root - INFO - Included 1 countries with 11 matches: {'Netherlands': 11}
2025-11-28 16:50:01,547 - root - INFO - 📊 Scroll 47: 2 leagues, 11 matches in this scroll
2025-11-28 16:50:05,166 - root - INFO - Included 2 countries with 12 matches: {'Netherlands': 11, 'Northern Ireland': 1}
2025-11-28 16:50:05,167 - root - INFO - 📊 Scroll 48: 3 leagues, 12 matches in this scroll
2025-11-28 16:50:08,684 - root - INFO - Included 3 countries with 12 matches: {'Netherlands': 10, 'Northern Ireland': 1, 'Portugal': 1}
2025-11-28 16:50:08,688 - root - INFO - 📊 Scroll 49: 3 leagues, 12 matches in this scroll
2025-11-28 16:50:08,729 - root - INFO - Scroll 50 in progress...
2025-11-28 16:50:12,193 - root - INFO - Included 3 countries with 12 matches: {'Netherlands': 10, 'Northern Ireland': 1, 'Portugal': 1}
2025-11-28 16:50:12,194 - root - INFO - 📊 Scroll 50: 3 leagues, 12 matches in this scroll
2025-11-28 16:50:12,250 - root - INFO - Incremental save: Added 17 new matches. Total: 90 to /app/data/aiscore/daily_listings/20251003/matches.json
2025-11-28 16:50:12,254 - root - INFO - 💾 Saved batch: 17 matches to file (scroll 50) | File size: 0.04 MB
2025-11-28 16:50:12,957 - root - INFO - Included 1 countries with 1 matches: {'Portugal': 1}
2025-11-28 16:50:12,957 - root - INFO - 📊 Scroll 51: 1 leagues, 1 matches in this scroll
2025-11-28 16:50:17,993 - root - INFO - Scroll 55 in progress...
2025-11-28 16:50:22,272 - root - INFO - Included 1 countries with 2 matches: {'Spain': 2}
2025-11-28 16:50:22,273 - root - INFO - 📊 Scroll 56: 2 leagues, 2 matches in this scroll
2025-11-28 16:50:22,274 - root - INFO - ⚡ Progress: 92 unique matches | Scroll 56 | 43.9 matches/min
2025-11-28 16:50:22,275 - root - INFO -    🏆 Top leagues: Premier League (60), Eerste Divisie (40), English U21 Premier League (28)
2025-11-28 16:50:22,275 - root - INFO -    🌍 Top countries: Netherlands (43), Belgium (39), England (38)
2025-11-28 16:50:25,988 - root - INFO - Included 1 countries with 2 matches: {'Spain': 2}
2025-11-28 16:50:25,990 - root - INFO - 📊 Scroll 57: 2 leagues, 2 matches in this scroll
2025-11-28 16:50:29,756 - root - INFO - Included 2 countries with 3 matches: {'Spain': 2, 'Sweden': 1}
2025-11-28 16:50:29,757 - root - INFO - 📊 Scroll 58: 3 leagues, 3 matches in this scroll
2025-11-28 16:50:30,463 - root - INFO - Included 2 countries with 2 matches: {'Spain': 1, 'Sweden': 1}
2025-11-28 16:50:30,464 - root - INFO - 📊 Scroll 59: 2 leagues, 2 matches in this scroll
2025-11-28 16:50:30,497 - root - INFO - Scroll 60 in progress...
2025-11-28 16:50:31,187 - root - INFO - Included 1 countries with 2 matches: {'Sweden': 2}
2025-11-28 16:50:31,204 - root - INFO - 📊 Scroll 60: 2 leagues, 2 matches in this scroll
2025-11-28 16:50:31,327 - root - INFO - Incremental save: Added 4 new matches. Total: 94 to /app/data/aiscore/daily_listings/20251003/matches.json
2025-11-28 16:50:31,333 - root - INFO - 💾 Saved batch: 4 matches to file (scroll 60) | File size: 0.05 MB
2025-11-28 16:50:34,914 - root - INFO - Included 1 countries with 1 matches: {'Sweden': 1}
2025-11-28 16:50:34,915 - root - INFO - 📊 Scroll 61: 1 leagues, 1 matches in this scroll
2025-11-28 16:50:35,634 - root - INFO - Included 1 countries with 1 matches: {'Sweden': 1}
2025-11-28 16:50:35,635 - root - INFO - 📊 Scroll 62: 1 leagues, 1 matches in this scroll
2025-11-28 16:50:39,215 - root - INFO - Included 1 countries with 1 matches: {'Sweden': 1}
2025-11-28 16:50:39,216 - root - INFO - 📊 Scroll 63: 1 leagues, 1 matches in this scroll
2025-11-28 16:50:39,882 - root - INFO - Included 1 countries with 4 matches: {'Turkey': 4}
2025-11-28 16:50:39,884 - root - INFO - 📊 Scroll 64: 2 leagues, 4 matches in this scroll
2025-11-28 16:50:39,910 - root - INFO - Scroll 65 in progress...
2025-11-28 16:50:43,464 - root - INFO - Included 2 countries with 6 matches: {'Turkey': 4, 'Ukraine': 2}
2025-11-28 16:50:43,465 - root - INFO - 📊 Scroll 65: 3 leagues, 6 matches in this scroll
2025-11-28 16:50:46,985 - root - INFO - Included 2 countries with 6 matches: {'Turkey': 4, 'Ukraine': 2}
2025-11-28 16:50:46,987 - root - INFO - 📊 Scroll 66: 3 leagues, 6 matches in this scroll
2025-11-28 16:50:50,514 - root - INFO - Included 3 countries with 5 matches: {'Turkey': 2, 'Ukraine': 2, 'Uganda': 1}
2025-11-28 16:50:50,515 - root - INFO - 📊 Scroll 67: 3 leagues, 5 matches in this scroll
2025-11-28 16:50:50,516 - root - INFO - ⚡ Progress: 101 unique matches | Scroll 67 | 39.3 matches/min
2025-11-28 16:50:50,517 - root - INFO -    🏆 Top leagues: Premier League (67), Eerste Divisie (40), English U21 Premier League (28)
2025-11-28 16:50:50,517 - root - INFO -    🌍 Top countries: Netherlands (43), Belgium (39), England (38)
2025-11-28 16:50:51,216 - root - INFO - Included 2 countries with 3 matches: {'Ukraine': 2, 'Uganda': 1}
2025-11-28 16:50:51,218 - root - INFO - 📊 Scroll 68: 2 leagues, 3 matches in this scroll
2025-11-28 16:50:55,016 - root - INFO - Included 2 countries with 2 matches: {'Uganda': 1, 'Venezuela': 1}
2025-11-28 16:50:55,018 - root - INFO - 📊 Scroll 69: 2 leagues, 2 matches in this scroll
2025-11-28 16:50:55,049 - root - INFO - Scroll 70 in progress...
2025-11-28 16:50:55,684 - root - INFO - Included 2 countries with 2 matches: {'Wales': 1, 'Venezuela': 1}
2025-11-28 16:50:55,685 - root - INFO - 📊 Scroll 70: 2 leagues, 2 matches in this scroll
2025-11-28 16:50:55,778 - root - INFO - Incremental save: Added 9 new matches. Total: 103 to /app/data/aiscore/daily_listings/20251003/matches.json
2025-11-28 16:50:55,788 - root - INFO - 💾 Saved batch: 9 matches to file (scroll 70) | File size: 0.05 MB
2025-11-28 16:50:59,355 - root - INFO - Included 2 countries with 2 matches: {'Venezuela': 1, 'Wales': 1}
2025-11-28 16:50:59,364 - root - INFO - 📊 Scroll 71: 2 leagues, 2 matches in this scroll
2025-11-28 16:51:02,980 - root - INFO - Included 2 countries with 2 matches: {'Venezuela': 1, 'Wales': 1}
2025-11-28 16:51:02,984 - root - INFO - 📊 Scroll 72: 2 leagues, 2 matches in this scroll
2025-11-28 16:51:10,229 - root - INFO - ================================================================================
2025-11-28 16:51:10,233 - root - INFO - ✅ Scraping complete!
2025-11-28 16:51:10,235 - root - INFO - ================================================================================
2025-11-28 16:51:10,236 - root - INFO - 📊 Total matches found: 103
2025-11-28 16:51:10,244 - root - INFO - 🔄 Total scrolls: 74
2025-11-28 16:51:10,247 - root - INFO - ⏱️  Total time: 173.8s (2.9 min)
2025-11-28 16:51:10,251 - root - INFO - ⚡ Average rate: 35.6 matches/min
2025-11-28 16:51:10,253 - root - INFO - 
2025-11-28 16:51:10,254 - root - INFO - Stop conditions: reached_bottom=True, page_not_growing=True, too_many_empty_scrolls=False
2025-11-28 16:51:10,255 - root - INFO - 
2025-11-28 16:51:10,257 - root - INFO - 🏆 League Distribution (36 unique leagues):
2025-11-28 16:51:10,258 - root - INFO -     1. Premier League: 74 matches (71.8%)
2025-11-28 16:51:10,260 - root - INFO -     2. Eerste Divisie: 40 matches (38.8%)
2025-11-28 16:51:10,261 - root - INFO -     3. English U21 Premier League: 28 matches (27.2%)
2025-11-28 16:51:10,262 - root - INFO -     4. Belgian U21 Youth League: 24 matches (23.3%)
2025-11-28 16:51:10,263 - root - INFO -     5. Ligue 2: 18 matches (17.5%)
2025-11-28 16:51:10,265 - root - INFO -     6. FIFA U20 World Cup: 16 matches (15.5%)
2025-11-28 16:51:10,267 - root - INFO -     7. Pro League: 15 matches (14.6%)
2025-11-28 16:51:10,269 - root - INFO -     8. CONCACAF Central American Cup: 8 matches (7.8%)
2025-11-28 16:51:10,271 - root - INFO -     9. Brazilian Serie B: 8 matches (7.8%)
2025-11-28 16:51:10,272 - root - INFO -    10. French Division 1 Feminine: 8 matches (7.8%)
2025-11-28 16:51:10,274 - root - INFO -    ... and 26 more leagues (113 matches)
2025-11-28 16:51:10,275 - root - INFO - 
2025-11-28 16:51:10,276 - root - INFO - 🌍 Country Distribution (34 countries):
2025-11-28 16:51:10,277 - root - INFO -     1. Netherlands: 43 matches (41.7%)
2025-11-28 16:51:10,278 - root - INFO -     2. Belgium: 39 matches (37.9%)
2025-11-28 16:51:10,279 - root - INFO -     3. England: 38 matches (36.9%)
2025-11-28 16:51:10,280 - root - INFO -     4. France: 29 matches (28.2%)
2025-11-28 16:51:10,281 - root - INFO -     5. International: 24 matches (23.3%)
2025-11-28 16:51:10,281 - root - INFO -     6. Turkey: 14 matches (13.6%)
2025-11-28 16:51:10,282 - root - INFO -     7. Germany: 13 matches (12.6%)
2025-11-28 16:51:10,283 - root - INFO -     8. Denmark: 12 matches (11.7%)
2025-11-28 16:51:10,284 - root - INFO -     9. Egypt: 12 matches (11.7%)
2025-11-28 16:51:10,285 - root - INFO -    10. Iran: 12 matches (11.7%)
2025-11-28 16:51:10,285 - root - INFO -    ... and 24 more countries (116 matches)
2025-11-28 16:51:10,286 - root - INFO - 
2025-11-28 16:51:10,287 - root - INFO - 🔍 Filtering Summary (LEAGUE-BASED):
2025-11-28 16:51:10,287 - root - INFO -    Configured leagues: 118
2025-11-28 16:51:10,288 - root - INFO -    Leagues found: 36
2025-11-28 16:51:10,289 - root - INFO -    Matches captured: 103
2025-11-28 16:51:10,290 - root - INFO -    ⚠️  81 configured leagues had no matches today
2025-11-28 16:51:10,290 - root - INFO - 
2025-11-28 16:51:10,291 - root - INFO - ================================================================================
2025-11-28 16:51:10,291 - root - INFO - 📁 File Verification
2025-11-28 16:51:10,292 - root - INFO - ================================================================================
2025-11-28 16:51:10,299 - root - INFO - ✅ File saved successfully: matches.json
2025-11-28 16:51:10,299 - root - INFO -    Path: data/aiscore/daily_listings/20251003/matches.json
2025-11-28 16:51:10,300 - root - INFO -    Matches in file: 103
2025-11-28 16:51:10,301 - root - INFO -    File size: 0.05 MB
2025-11-28 16:51:10,301 - root - INFO -    ✅ Count verified: 103 matches (matches expected)
2025-11-28 16:51:10,303 - root - INFO - ================================================================================
2025-11-28 16:51:10,343 - root - INFO - ✅ Marked scraping as complete with metadata:
2025-11-28 16:51:10,344 - root - INFO -    Completion time: 2025-11-28T16:51:10.309255
2025-11-28 16:51:10,345 - root - INFO -    Leagues scraped: 36
2025-11-28 16:51:10,411 - src.scrapers.aiscore.browser - INFO - Browser closed
