2025-12-09 20:15:38,870 - root - INFO - ================================================================================
2025-12-09 20:15:38,872 - root - INFO - 📝 Logging initialized
2025-12-09 20:15:38,873 - root - INFO -    Log file: /app/logs/aiscore_scraper_odds_20251009.log
2025-12-09 20:15:38,874 - root - INFO -    Console level: INFO and above
2025-12-09 20:15:38,875 - root - INFO -    File level: INFO and above
2025-12-09 20:15:38,876 - root - INFO -    File handler: ✓ Active
2025-12-09 20:15:38,878 - root - INFO - ================================================================================
2025-12-09 20:15:38,954 - src.scrapers.aiscore.odds_scraper - INFO - Starting odds scrape for 20251009: 66 pending, 4 already processed
2025-12-09 20:15:38,955 - src.scrapers.aiscore.browser - INFO - Using Chrome binary: /usr/bin/chromium
2025-12-09 20:15:38,957 - src.scrapers.aiscore.browser - INFO - Using pre-installed ChromeDriver at: /usr/bin/chromedriver
2025-12-09 20:15:39,179 - src.scrapers.aiscore.browser - INFO - Browser created successfully
2025-12-09 20:16:14,975 - src.scrapers.aiscore.odds_scraper - INFO - [j374oiod266cgqo] No tabs found, attempting page refresh
2025-12-09 20:16:31,383 - src.scrapers.aiscore.odds_scraper - INFO - Match data saved to: data/aiscore/matches/20251009/match_j374oiod266cgqo.json
2025-12-09 20:16:34,842 - src.scrapers.aiscore.odds_scraper - INFO - [j374oiod2rgfgqo] Located 4 odds tabs: 1 X 2, Asian Handicap, Total Goals, Total Corners
2025-12-09 20:16:36,151 - src.scrapers.aiscore.odds_scraper - INFO - [j374oiod2rgfgqo] Parsed 217/217 rows from '1 X 2' (0 failed)
2025-12-09 20:16:36,153 - src.scrapers.aiscore.odds_scraper - INFO - [j374oiod2rgfgqo] Extracted 217 odds records from '1 X 2'
2025-12-09 20:16:37,480 - src.scrapers.aiscore.odds_scraper - INFO - [j374oiod2rgfgqo] Parsed 135/217 rows from 'Asian Handicap' (64 failed)
2025-12-09 20:16:37,482 - src.scrapers.aiscore.odds_scraper - INFO - [j374oiod2rgfgqo] Extracted 135 odds records from 'Asian Handicap'
2025-12-09 20:16:38,797 - src.scrapers.aiscore.odds_scraper - INFO - [j374oiod2rgfgqo] Parsed 277/199 rows from 'Total Goals' (0 failed)
2025-12-09 20:16:38,798 - src.scrapers.aiscore.odds_scraper - INFO - [j374oiod2rgfgqo] Extracted 277 odds records from 'Total Goals'
2025-12-09 20:16:40,132 - src.scrapers.aiscore.odds_scraper - INFO - [j374oiod2rgfgqo] Parsed 155/277 rows from 'Total Corners' (0 failed)
2025-12-09 20:16:40,158 - src.scrapers.aiscore.odds_scraper - INFO - [j374oiod2rgfgqo] Extracted 155 odds records from 'Total Corners'
2025-12-09 20:16:40,745 - src.scrapers.aiscore.odds_scraper - INFO - [j374oiod2rgfgqo] Parsed 155/155 rows from 'Default' (0 failed)
2025-12-09 20:16:40,747 - src.scrapers.aiscore.odds_scraper - INFO - [j374oiod2rgfgqo] Extracted 155 odds from default view
2025-12-09 20:16:40,850 - src.scrapers.aiscore.odds_scraper - INFO - Match data saved to: data/aiscore/matches/20251009/match_j374oiod2rgfgqo.json
2025-12-09 20:16:44,359 - src.scrapers.aiscore.odds_scraper - INFO - [9gklzi4yzw9um7x] Located 4 odds tabs: 1 X 2, Asian Handicap, Total Goals, Total Corners
2025-12-09 20:16:45,787 - src.scrapers.aiscore.odds_scraper - INFO - [9gklzi4yzw9um7x] Parsed 266/266 rows from '1 X 2' (0 failed)
2025-12-09 20:16:45,788 - src.scrapers.aiscore.odds_scraper - INFO - [9gklzi4yzw9um7x] Extracted 266 odds records from '1 X 2'
2025-12-09 20:16:47,139 - src.scrapers.aiscore.odds_scraper - INFO - [9gklzi4yzw9um7x] Parsed 159/266 rows from 'Asian Handicap' (87 failed)
2025-12-09 20:16:47,141 - src.scrapers.aiscore.odds_scraper - INFO - [9gklzi4yzw9um7x] Extracted 159 odds records from 'Asian Handicap'
2025-12-09 20:16:48,465 - src.scrapers.aiscore.odds_scraper - INFO - [9gklzi4yzw9um7x] Parsed 278/246 rows from 'Total Goals' (0 failed)
2025-12-09 20:16:48,466 - src.scrapers.aiscore.odds_scraper - INFO - [9gklzi4yzw9um7x] Extracted 278 odds records from 'Total Goals'
2025-12-09 20:16:49,757 - src.scrapers.aiscore.odds_scraper - INFO - [9gklzi4yzw9um7x] Parsed 174/278 rows from 'Total Corners' (1 failed)
2025-12-09 20:16:49,764 - src.scrapers.aiscore.odds_scraper - INFO - [9gklzi4yzw9um7x] Extracted 174 odds records from 'Total Corners'
2025-12-09 20:16:50,366 - src.scrapers.aiscore.odds_scraper - INFO - [9gklzi4yzw9um7x] Parsed 174/175 rows from 'Default' (1 failed)
2025-12-09 20:16:50,368 - src.scrapers.aiscore.odds_scraper - INFO - [9gklzi4yzw9um7x] Extracted 174 odds from default view
2025-12-09 20:16:50,480 - src.scrapers.aiscore.odds_scraper - INFO - Match data saved to: data/aiscore/matches/20251009/match_9gklzi4yzw9um7x.json
2025-12-09 20:16:54,313 - src.scrapers.aiscore.odds_scraper - INFO - [527r3in9o5yi47e] Located 4 odds tabs: 1 X 2, Asian Handicap, Total Goals, Total Corners
2025-12-09 20:16:55,614 - src.scrapers.aiscore.odds_scraper - INFO - [527r3in9o5yi47e] Parsed 95/95 rows from '1 X 2' (0 failed)
2025-12-09 20:16:55,616 - src.scrapers.aiscore.odds_scraper - INFO - [527r3in9o5yi47e] Extracted 95 odds records from '1 X 2'
2025-12-09 20:16:56,937 - src.scrapers.aiscore.odds_scraper - INFO - [527r3in9o5yi47e] Parsed 291/398 rows from 'Asian Handicap' (107 failed)
2025-12-09 20:16:56,938 - src.scrapers.aiscore.odds_scraper - INFO - [527r3in9o5yi47e] Extracted 291 odds records from 'Asian Handicap'
2025-12-09 20:16:58,389 - src.scrapers.aiscore.odds_scraper - INFO - [527r3in9o5yi47e] Parsed 317/398 rows from 'Total Goals' (0 failed)
2025-12-09 20:16:58,390 - src.scrapers.aiscore.odds_scraper - INFO - [527r3in9o5yi47e] Extracted 317 odds records from 'Total Goals'
2025-12-09 20:16:59,709 - src.scrapers.aiscore.odds_scraper - INFO - [527r3in9o5yi47e] Parsed 163/317 rows from 'Total Corners' (0 failed)
2025-12-09 20:16:59,719 - src.scrapers.aiscore.odds_scraper - INFO - [527r3in9o5yi47e] Extracted 163 odds records from 'Total Corners'
2025-12-09 20:17:00,306 - src.scrapers.aiscore.odds_scraper - INFO - [527r3in9o5yi47e] Parsed 163/163 rows from 'Default' (0 failed)
2025-12-09 20:17:00,308 - src.scrapers.aiscore.odds_scraper - INFO - [527r3in9o5yi47e] Extracted 163 odds from default view
2025-12-09 20:17:00,429 - src.scrapers.aiscore.odds_scraper - INFO - Match data saved to: data/aiscore/matches/20251009/match_527r3in9o5yi47e.json
2025-12-09 20:17:03,693 - src.scrapers.aiscore.odds_scraper - INFO - [m2q15ipej32se76] Located 4 odds tabs: 1 X 2, Asian Handicap, Total Goals, Total Corners
2025-12-09 20:17:04,985 - src.scrapers.aiscore.odds_scraper - INFO - [m2q15ipej32se76] Parsed 155/155 rows from '1 X 2' (0 failed)
2025-12-09 20:17:04,986 - src.scrapers.aiscore.odds_scraper - INFO - [m2q15ipej32se76] Extracted 155 odds records from '1 X 2'
2025-12-09 20:17:06,288 - src.scrapers.aiscore.odds_scraper - INFO - [m2q15ipej32se76] Parsed 120/155 rows from 'Asian Handicap' (35 failed)
2025-12-09 20:17:06,289 - src.scrapers.aiscore.odds_scraper - INFO - [m2q15ipej32se76] Extracted 120 odds records from 'Asian Handicap'
2025-12-09 20:17:07,694 - src.scrapers.aiscore.odds_scraper - INFO - [m2q15ipej32se76] Parsed 247/197 rows from 'Total Goals' (0 failed)
2025-12-09 20:17:07,695 - src.scrapers.aiscore.odds_scraper - INFO - [m2q15ipej32se76] Extracted 247 odds records from 'Total Goals'
2025-12-09 20:17:09,034 - src.scrapers.aiscore.odds_scraper - INFO - [m2q15ipej32se76] Parsed 149/247 rows from 'Total Corners' (0 failed)
2025-12-09 20:17:09,036 - src.scrapers.aiscore.odds_scraper - INFO - [m2q15ipej32se76] Extracted 149 odds records from 'Total Corners'
2025-12-09 20:17:09,612 - src.scrapers.aiscore.odds_scraper - INFO - [m2q15ipej32se76] Parsed 149/149 rows from 'Default' (0 failed)
2025-12-09 20:17:09,613 - src.scrapers.aiscore.odds_scraper - INFO - [m2q15ipej32se76] Extracted 149 odds from default view
2025-12-09 20:17:09,748 - src.scrapers.aiscore.odds_scraper - INFO - Match data saved to: data/aiscore/matches/20251009/match_m2q15ipej32se76.json
2025-12-09 20:17:13,717 - src.scrapers.aiscore.odds_scraper - INFO - [vrqwnig8x5ju4qn] Located 4 odds tabs: 1 X 2, Asian Handicap, Total Goals, Total Corners
2025-12-09 20:17:14,992 - src.scrapers.aiscore.odds_scraper - INFO - [vrqwnig8x5ju4qn] Extracted 33 odds records from '1 X 2'
2025-12-09 20:17:17,535 - src.scrapers.aiscore.odds_scraper - INFO - [vrqwnig8x5ju4qn] Extracted 37 odds records from 'Total Goals'
2025-12-09 20:17:18,802 - src.scrapers.aiscore.odds_scraper - INFO - [vrqwnig8x5ju4qn] Extracted 1 odds records from 'Total Corners'
2025-12-09 20:17:19,367 - src.scrapers.aiscore.odds_scraper - INFO - [vrqwnig8x5ju4qn] Extracted 1 odds from default view
2025-12-09 20:17:19,494 - src.scrapers.aiscore.odds_scraper - INFO - Match data saved to: data/aiscore/matches/20251009/match_vrqwnig8x5ju4qn.json
2025-12-09 20:17:22,968 - src.scrapers.aiscore.odds_scraper - INFO - [ndkz6il439vtxq3] Located 4 odds tabs: 1 X 2, Asian Handicap, Total Goals, Total Corners
2025-12-09 20:17:24,207 - src.scrapers.aiscore.odds_scraper - INFO - [ndkz6il439vtxq3] Extracted 2 odds records from '1 X 2'
2025-12-09 20:17:25,450 - src.scrapers.aiscore.odds_scraper - INFO - [ndkz6il439vtxq3] Extracted 2 odds records from 'Asian Handicap'
2025-12-09 20:17:26,717 - src.scrapers.aiscore.odds_scraper - INFO - [ndkz6il439vtxq3] Extracted 3 odds records from 'Total Goals'
2025-12-09 20:17:28,788 - src.scrapers.aiscore.odds_scraper - INFO - Match data saved to: data/aiscore/matches/20251009/match_ndkz6il439vtxq3.json
2025-12-09 20:17:31,982 - src.scrapers.aiscore.odds_scraper - INFO - [o07dniw956damkn] Located 4 odds tabs: 1 X 2, Asian Handicap, Total Goals, Total Corners
2025-12-09 20:17:33,303 - src.scrapers.aiscore.odds_scraper - INFO - [o07dniw956damkn] Parsed 120/121 rows from '1 X 2' (1 failed)
2025-12-09 20:17:33,304 - src.scrapers.aiscore.odds_scraper - INFO - [o07dniw956damkn] Extracted 120 odds records from '1 X 2'
2025-12-09 20:17:34,616 - src.scrapers.aiscore.odds_scraper - INFO - [o07dniw956damkn] Parsed 297/121 rows from 'Asian Handicap' (92 failed)
2025-12-09 20:17:34,618 - src.scrapers.aiscore.odds_scraper - INFO - [o07dniw956damkn] Extracted 297 odds records from 'Asian Handicap'
2025-12-09 20:17:36,152 - src.scrapers.aiscore.odds_scraper - INFO - [o07dniw956damkn] Parsed 385/386 rows from 'Total Goals' (1 failed)
2025-12-09 20:17:36,153 - src.scrapers.aiscore.odds_scraper - INFO - [o07dniw956damkn] Extracted 385 odds records from 'Total Goals'
2025-12-09 20:17:37,508 - src.scrapers.aiscore.odds_scraper - INFO - [o07dniw956damkn] Parsed 180/386 rows from 'Total Corners' (0 failed)
2025-12-09 20:17:37,510 - src.scrapers.aiscore.odds_scraper - INFO - [o07dniw956damkn] Extracted 180 odds records from 'Total Corners'
2025-12-09 20:17:38,076 - src.scrapers.aiscore.odds_scraper - INFO - [o07dniw956damkn] Parsed 180/180 rows from 'Default' (0 failed)
2025-12-09 20:17:38,077 - src.scrapers.aiscore.odds_scraper - INFO - [o07dniw956damkn] Extracted 180 odds from default view
2025-12-09 20:17:38,328 - src.scrapers.aiscore.odds_scraper - INFO - Match data saved to: data/aiscore/matches/20251009/match_o07dniw956damkn.json
2025-12-09 20:17:41,691 - src.scrapers.aiscore.odds_scraper - INFO - [jek33iv08jxs9ko] Located 4 odds tabs: 1 X 2, Asian Handicap, Total Goals, Total Corners
2025-12-09 20:17:42,963 - src.scrapers.aiscore.odds_scraper - INFO - [jek33iv08jxs9ko] Parsed 171/171 rows from '1 X 2' (0 failed)
2025-12-09 20:17:42,964 - src.scrapers.aiscore.odds_scraper - INFO - [jek33iv08jxs9ko] Extracted 171 odds records from '1 X 2'
2025-12-09 20:17:44,255 - src.scrapers.aiscore.odds_scraper - INFO - [jek33iv08jxs9ko] Parsed 259/171 rows from 'Asian Handicap' (98 failed)
2025-12-09 20:17:44,260 - src.scrapers.aiscore.odds_scraper - INFO - [jek33iv08jxs9ko] Extracted 259 odds records from 'Asian Handicap'
2025-12-09 20:17:45,713 - src.scrapers.aiscore.odds_scraper - INFO - [jek33iv08jxs9ko] Parsed 356/356 rows from 'Total Goals' (0 failed)
2025-12-09 20:17:45,716 - src.scrapers.aiscore.odds_scraper - INFO - [jek33iv08jxs9ko] Extracted 356 odds records from 'Total Goals'
2025-12-09 20:17:47,051 - src.scrapers.aiscore.odds_scraper - INFO - [jek33iv08jxs9ko] Parsed 119/356 rows from 'Total Corners' (0 failed)
2025-12-09 20:17:47,053 - src.scrapers.aiscore.odds_scraper - INFO - [jek33iv08jxs9ko] Extracted 119 odds records from 'Total Corners'
2025-12-09 20:17:47,622 - src.scrapers.aiscore.odds_scraper - INFO - [jek33iv08jxs9ko] Parsed 119/119 rows from 'Default' (0 failed)
2025-12-09 20:17:47,624 - src.scrapers.aiscore.odds_scraper - INFO - [jek33iv08jxs9ko] Extracted 119 odds from default view
2025-12-09 20:17:47,783 - src.scrapers.aiscore.odds_scraper - INFO - Match data saved to: data/aiscore/matches/20251009/match_jek33iv08jxs9ko.json
2025-12-09 20:17:51,019 - src.scrapers.aiscore.odds_scraper - INFO - [wv78xi89vpvaokr] Located 4 odds tabs: 1 X 2, Asian Handicap, Total Goals, Total Corners
2025-12-09 20:17:52,506 - src.scrapers.aiscore.odds_scraper - INFO - [wv78xi89vpvaokr] Parsed 413/425 rows from '1 X 2' (12 failed)
2025-12-09 20:17:52,508 - src.scrapers.aiscore.odds_scraper - INFO - [wv78xi89vpvaokr] Extracted 413 odds records from '1 X 2'
2025-12-09 20:17:53,947 - src.scrapers.aiscore.odds_scraper - INFO - [wv78xi89vpvaokr] Parsed 553/624 rows from 'Asian Handicap' (71 failed)
2025-12-09 20:17:53,949 - src.scrapers.aiscore.odds_scraper - INFO - [wv78xi89vpvaokr] Extracted 553 odds records from 'Asian Handicap'
2025-12-09 20:17:55,602 - src.scrapers.aiscore.odds_scraper - INFO - [wv78xi89vpvaokr] Parsed 539/550 rows from 'Total Goals' (11 failed)
2025-12-09 20:17:55,604 - src.scrapers.aiscore.odds_scraper - INFO - [wv78xi89vpvaokr] Extracted 539 odds records from 'Total Goals'
2025-12-09 20:17:56,964 - src.scrapers.aiscore.odds_scraper - INFO - [wv78xi89vpvaokr] Parsed 222/550 rows from 'Total Corners' (3 failed)
2025-12-09 20:17:56,965 - src.scrapers.aiscore.odds_scraper - INFO - [wv78xi89vpvaokr] Extracted 222 odds records from 'Total Corners'
2025-12-09 20:17:57,544 - src.scrapers.aiscore.odds_scraper - INFO - [wv78xi89vpvaokr] Parsed 222/225 rows from 'Default' (3 failed)
2025-12-09 20:17:57,556 - src.scrapers.aiscore.odds_scraper - INFO - [wv78xi89vpvaokr] Extracted 222 odds from default view
2025-12-09 20:17:57,764 - src.scrapers.aiscore.odds_scraper - INFO - Match data saved to: data/aiscore/matches/20251009/match_wv78xi89vpvaokr.json
2025-12-09 20:17:57,883 - src.scrapers.aiscore.odds_scraper - INFO - Progress: 10/70 (14%) - Success: 9, Failed: 1, Total odds: 8053
2025-12-09 20:18:01,031 - src.scrapers.aiscore.odds_scraper - INFO - [o17pjijgo0vuy7j] Located 4 odds tabs: 1 X 2, Asian Handicap, Total Goals, Total Corners
2025-12-09 20:18:02,359 - src.scrapers.aiscore.odds_scraper - INFO - [o17pjijgo0vuy7j] Parsed 226/226 rows from '1 X 2' (0 failed)
2025-12-09 20:18:02,361 - src.scrapers.aiscore.odds_scraper - INFO - [o17pjijgo0vuy7j] Extracted 226 odds records from '1 X 2'
2025-12-09 20:18:03,696 - src.scrapers.aiscore.odds_scraper - INFO - [o17pjijgo0vuy7j] Parsed 185/237 rows from 'Asian Handicap' (52 failed)
2025-12-09 20:18:03,697 - src.scrapers.aiscore.odds_scraper - INFO - [o17pjijgo0vuy7j] Extracted 185 odds records from 'Asian Handicap'
2025-12-09 20:18:05,035 - src.scrapers.aiscore.odds_scraper - INFO - [o17pjijgo0vuy7j] Parsed 267/267 rows from 'Total Goals' (0 failed)
2025-12-09 20:18:05,036 - src.scrapers.aiscore.odds_scraper - INFO - [o17pjijgo0vuy7j] Extracted 267 odds records from 'Total Goals'
2025-12-09 20:18:06,356 - src.scrapers.aiscore.odds_scraper - INFO - [o17pjijgo0vuy7j] Parsed 146/267 rows from 'Total Corners' (0 failed)
2025-12-09 20:18:06,357 - src.scrapers.aiscore.odds_scraper - INFO - [o17pjijgo0vuy7j] Extracted 146 odds records from 'Total Corners'
2025-12-09 20:18:06,944 - src.scrapers.aiscore.odds_scraper - INFO - [o17pjijgo0vuy7j] Parsed 146/146 rows from 'Default' (0 failed)
2025-12-09 20:18:06,946 - src.scrapers.aiscore.odds_scraper - INFO - [o17pjijgo0vuy7j] Extracted 146 odds from default view
2025-12-09 20:18:07,099 - src.scrapers.aiscore.odds_scraper - INFO - Match data saved to: data/aiscore/matches/20251009/match_o17pjijgo0vuy7j.json
2025-12-09 20:18:10,546 - src.scrapers.aiscore.odds_scraper - INFO - [j374oiox0dligqo] Located 4 odds tabs: 1 X 2, Asian Handicap, Total Goals, Total Corners
2025-12-09 20:18:11,956 - src.scrapers.aiscore.odds_scraper - INFO - [j374oiox0dligqo] Parsed 282/282 rows from '1 X 2' (0 failed)
2025-12-09 20:18:11,957 - src.scrapers.aiscore.odds_scraper - INFO - [j374oiox0dligqo] Extracted 282 odds records from '1 X 2'
2025-12-09 20:18:13,321 - src.scrapers.aiscore.odds_scraper - INFO - [j374oiox0dligqo] Parsed 206/282 rows from 'Asian Handicap' (84 failed)
2025-12-09 20:18:13,332 - src.scrapers.aiscore.odds_scraper - INFO - [j374oiox0dligqo] Extracted 206 odds records from 'Asian Handicap'
2025-12-09 20:18:14,802 - src.scrapers.aiscore.odds_scraper - INFO - [j374oiox0dligqo] Parsed 318/290 rows from 'Total Goals' (0 failed)
2025-12-09 20:18:14,809 - src.scrapers.aiscore.odds_scraper - INFO - [j374oiox0dligqo] Extracted 318 odds records from 'Total Goals'
2025-12-09 20:18:16,159 - src.scrapers.aiscore.odds_scraper - INFO - [j374oiox0dligqo] Parsed 161/318 rows from 'Total Corners' (0 failed)
2025-12-09 20:18:16,163 - src.scrapers.aiscore.odds_scraper - INFO - [j374oiox0dligqo] Extracted 161 odds records from 'Total Corners'
2025-12-09 20:18:16,755 - src.scrapers.aiscore.odds_scraper - INFO - [j374oiox0dligqo] Parsed 161/161 rows from 'Default' (0 failed)
2025-12-09 20:18:16,760 - src.scrapers.aiscore.odds_scraper - INFO - [j374oiox0dligqo] Extracted 161 odds from default view
2025-12-09 20:18:17,241 - src.scrapers.aiscore.odds_scraper - INFO - Match data saved to: data/aiscore/matches/20251009/match_j374oiox0dligqo.json
2025-12-09 20:18:20,863 - src.scrapers.aiscore.odds_scraper - INFO - [34kgmiz8oylseko] Located 4 odds tabs: 1 X 2, Asian Handicap, Total Goals, Total Corners
2025-12-09 20:18:22,162 - src.scrapers.aiscore.odds_scraper - INFO - [34kgmiz8oylseko] Parsed 305/306 rows from '1 X 2' (1 failed)
2025-12-09 20:18:22,164 - src.scrapers.aiscore.odds_scraper - INFO - [34kgmiz8oylseko] Extracted 305 odds records from '1 X 2'
2025-12-09 20:18:23,530 - src.scrapers.aiscore.odds_scraper - INFO - [34kgmiz8oylseko] Parsed 193/306 rows from 'Asian Handicap' (117 failed)
2025-12-09 20:18:23,532 - src.scrapers.aiscore.odds_scraper - INFO - [34kgmiz8oylseko] Extracted 193 odds records from 'Asian Handicap'
2025-12-09 20:18:25,024 - src.scrapers.aiscore.odds_scraper - INFO - [34kgmiz8oylseko] Parsed 346/310 rows from 'Total Goals' (1 failed)
2025-12-09 20:18:25,036 - src.scrapers.aiscore.odds_scraper - INFO - [34kgmiz8oylseko] Extracted 346 odds records from 'Total Goals'
2025-12-09 20:18:26,376 - src.scrapers.aiscore.odds_scraper - INFO - [34kgmiz8oylseko] Parsed 126/347 rows from 'Total Corners' (1 failed)
2025-12-09 20:18:26,379 - src.scrapers.aiscore.odds_scraper - INFO - [34kgmiz8oylseko] Extracted 126 odds records from 'Total Corners'
2025-12-09 20:18:26,954 - src.scrapers.aiscore.odds_scraper - INFO - [34kgmiz8oylseko] Parsed 126/127 rows from 'Default' (1 failed)
2025-12-09 20:18:26,957 - src.scrapers.aiscore.odds_scraper - INFO - [34kgmiz8oylseko] Extracted 126 odds from default view
2025-12-09 20:18:27,114 - src.scrapers.aiscore.odds_scraper - INFO - Match data saved to: data/aiscore/matches/20251009/match_34kgmiz8oylseko.json
2025-12-09 20:18:30,624 - src.scrapers.aiscore.odds_scraper - INFO - [g6763i6j5weco7r] Located 4 odds tabs: 1 X 2, Asian Handicap, Total Goals, Total Corners
2025-12-09 20:18:31,904 - src.scrapers.aiscore.odds_scraper - INFO - [g6763i6j5weco7r] Parsed 285/285 rows from '1 X 2' (0 failed)
2025-12-09 20:18:31,908 - src.scrapers.aiscore.odds_scraper - INFO - [g6763i6j5weco7r] Extracted 285 odds records from '1 X 2'
2025-12-09 20:18:33,281 - src.scrapers.aiscore.odds_scraper - INFO - [g6763i6j5weco7r] Parsed 313/417 rows from 'Asian Handicap' (104 failed)
2025-12-09 20:18:33,283 - src.scrapers.aiscore.odds_scraper - INFO - [g6763i6j5weco7r] Extracted 313 odds records from 'Asian Handicap'
2025-12-09 20:18:34,722 - src.scrapers.aiscore.odds_scraper - INFO - [g6763i6j5weco7r] Parsed 438/417 rows from 'Total Goals' (1 failed)
2025-12-09 20:18:34,724 - src.scrapers.aiscore.odds_scraper - INFO - [g6763i6j5weco7r] Extracted 438 odds records from 'Total Goals'
2025-12-09 20:18:36,136 - src.scrapers.aiscore.odds_scraper - INFO - [g6763i6j5weco7r] Parsed 8/439 rows from 'Total Corners' (431 failed)
2025-12-09 20:18:36,138 - src.scrapers.aiscore.odds_scraper - INFO - [g6763i6j5weco7r] Extracted 8 odds records from 'Total Corners'
2025-12-09 20:18:36,721 - src.scrapers.aiscore.odds_scraper - INFO - [g6763i6j5weco7r] Parsed 161/161 rows from 'Default' (0 failed)
2025-12-09 20:18:36,734 - src.scrapers.aiscore.odds_scraper - INFO - [g6763i6j5weco7r] Extracted 161 odds from default view
2025-12-09 20:18:37,195 - src.scrapers.aiscore.odds_scraper - INFO - Match data saved to: data/aiscore/matches/20251009/match_g6763i6j5weco7r.json
2025-12-09 20:18:40,563 - src.scrapers.aiscore.odds_scraper - INFO - [527r3in24exh47e] Located 4 odds tabs: 1 X 2, Asian Handicap, Total Goals, Total Corners
2025-12-09 20:18:41,843 - src.scrapers.aiscore.odds_scraper - INFO - [527r3in24exh47e] Extracted 44 odds records from '1 X 2'
2025-12-09 20:18:43,118 - src.scrapers.aiscore.odds_scraper - INFO - [527r3in24exh47e] Extracted 1 odds records from 'Asian Handicap'
2025-12-09 20:18:44,393 - src.scrapers.aiscore.odds_scraper - INFO - [527r3in24exh47e] Parsed 44/51 rows from 'Total Goals' (0 failed)
2025-12-09 20:18:44,395 - src.scrapers.aiscore.odds_scraper - INFO - [527r3in24exh47e] Extracted 44 odds records from 'Total Goals'
2025-12-09 20:18:45,666 - src.scrapers.aiscore.odds_scraper - INFO - [527r3in24exh47e] Extracted 1 odds records from 'Total Corners'
2025-12-09 20:18:46,239 - src.scrapers.aiscore.odds_scraper - INFO - [527r3in24exh47e] Extracted 1 odds from default view
2025-12-09 20:18:46,342 - src.scrapers.aiscore.odds_scraper - INFO - Match data saved to: data/aiscore/matches/20251009/match_527r3in24exh47e.json
2025-12-09 20:18:49,562 - src.scrapers.aiscore.odds_scraper - INFO - [8lk2dixmrgjiz73] Located 4 odds tabs: 1 X 2, Asian Handicap, Total Goals, Total Corners
2025-12-09 20:18:50,816 - src.scrapers.aiscore.odds_scraper - INFO - [8lk2dixmrgjiz73] Extracted 31 odds records from '1 X 2'
2025-12-09 20:18:52,098 - src.scrapers.aiscore.odds_scraper - INFO - [8lk2dixmrgjiz73] Extracted 317 odds records from 'Asian Handicap'
2025-12-09 20:18:54,038 - src.scrapers.aiscore.odds_scraper - INFO - [8lk2dixmrgjiz73] Parsed 350/357 rows from 'Total Goals' (7 failed)
2025-12-09 20:18:54,040 - src.scrapers.aiscore.odds_scraper - INFO - [8lk2dixmrgjiz73] Extracted 350 odds records from 'Total Goals'
2025-12-09 20:18:55,419 - src.scrapers.aiscore.odds_scraper - INFO - [8lk2dixmrgjiz73] Parsed 14/357 rows from 'Total Corners' (1 failed)
2025-12-09 20:18:55,421 - src.scrapers.aiscore.odds_scraper - INFO - [8lk2dixmrgjiz73] Extracted 14 odds records from 'Total Corners'
2025-12-09 20:18:55,991 - src.scrapers.aiscore.odds_scraper - INFO - [8lk2dixmrgjiz73] Extracted 14 odds from default view
2025-12-09 20:18:56,140 - src.scrapers.aiscore.odds_scraper - INFO - Match data saved to: data/aiscore/matches/20251009/match_8lk2dixmrgjiz73.json
2025-12-09 20:18:59,499 - src.scrapers.aiscore.odds_scraper - INFO - [wv78xi89vdrcokr] Located 4 odds tabs: 1 X 2, Asian Handicap, Total Goals, Total Corners
2025-12-09 20:19:00,883 - src.scrapers.aiscore.odds_scraper - INFO - [wv78xi89vdrcokr] Parsed 432/432 rows from '1 X 2' (0 failed)
2025-12-09 20:19:00,884 - src.scrapers.aiscore.odds_scraper - INFO - [wv78xi89vdrcokr] Extracted 432 odds records from '1 X 2'
2025-12-09 20:19:02,308 - src.scrapers.aiscore.odds_scraper - INFO - [wv78xi89vdrcokr] Parsed 479/558 rows from 'Asian Handicap' (79 failed)
2025-12-09 20:19:02,309 - src.scrapers.aiscore.odds_scraper - INFO - [wv78xi89vdrcokr] Extracted 479 odds records from 'Asian Handicap'
2025-12-09 20:19:03,778 - src.scrapers.aiscore.odds_scraper - INFO - [wv78xi89vdrcokr] Parsed 493/493 rows from 'Total Goals' (0 failed)
2025-12-09 20:19:03,785 - src.scrapers.aiscore.odds_scraper - INFO - [wv78xi89vdrcokr] Extracted 493 odds records from 'Total Goals'
2025-12-09 20:19:05,188 - src.scrapers.aiscore.odds_scraper - INFO - [wv78xi89vdrcokr] Parsed 103/493 rows from 'Total Corners' (0 failed)
2025-12-09 20:19:05,189 - src.scrapers.aiscore.odds_scraper - INFO - [wv78xi89vdrcokr] Extracted 103 odds records from 'Total Corners'
2025-12-09 20:19:05,767 - src.scrapers.aiscore.odds_scraper - INFO - [wv78xi89vdrcokr] Parsed 103/103 rows from 'Default' (0 failed)
2025-12-09 20:19:05,768 - src.scrapers.aiscore.odds_scraper - INFO - [wv78xi89vdrcokr] Extracted 103 odds from default view
2025-12-09 20:19:05,890 - src.scrapers.aiscore.odds_scraper - INFO - Match data saved to: data/aiscore/matches/20251009/match_wv78xi89vdrcokr.json
2025-12-09 20:19:09,276 - src.scrapers.aiscore.odds_scraper - INFO - [69759il9gvmfgk2] Located 4 odds tabs: 1 X 2, Asian Handicap, Total Goals, Total Corners
2025-12-09 20:19:10,741 - src.scrapers.aiscore.odds_scraper - INFO - [69759il9gvmfgk2] Parsed 315/315 rows from '1 X 2' (0 failed)
2025-12-09 20:19:10,743 - src.scrapers.aiscore.odds_scraper - INFO - [69759il9gvmfgk2] Extracted 315 odds records from '1 X 2'
2025-12-09 20:19:12,156 - src.scrapers.aiscore.odds_scraper - INFO - [69759il9gvmfgk2] Parsed 325/466 rows from 'Asian Handicap' (141 failed)
2025-12-09 20:19:12,157 - src.scrapers.aiscore.odds_scraper - INFO - [69759il9gvmfgk2] Extracted 325 odds records from 'Asian Handicap'
2025-12-09 20:19:13,782 - src.scrapers.aiscore.odds_scraper - INFO - [69759il9gvmfgk2] Parsed 472/472 rows from 'Total Goals' (0 failed)
2025-12-09 20:19:13,785 - src.scrapers.aiscore.odds_scraper - INFO - [69759il9gvmfgk2] Extracted 472 odds records from 'Total Goals'
2025-12-09 20:19:15,207 - src.scrapers.aiscore.odds_scraper - INFO - [69759il9gvmfgk2] Parsed 168/472 rows from 'Total Corners' (0 failed)
2025-12-09 20:19:15,208 - src.scrapers.aiscore.odds_scraper - INFO - [69759il9gvmfgk2] Extracted 168 odds records from 'Total Corners'
2025-12-09 20:19:15,785 - src.scrapers.aiscore.odds_scraper - INFO - [69759il9gvmfgk2] Parsed 168/168 rows from 'Default' (0 failed)
2025-12-09 20:19:15,801 - src.scrapers.aiscore.odds_scraper - INFO - [69759il9gvmfgk2] Extracted 168 odds from default view
2025-12-09 20:19:16,028 - src.scrapers.aiscore.odds_scraper - INFO - Match data saved to: data/aiscore/matches/20251009/match_69759il9gvmfgk2.json
2025-12-09 20:19:19,433 - src.scrapers.aiscore.odds_scraper - INFO - [oj7x9in4m43i47g] Located 4 odds tabs: 1 X 2, Asian Handicap, Total Goals, Total Corners
2025-12-09 20:19:20,751 - src.scrapers.aiscore.odds_scraper - INFO - [oj7x9in4m43i47g] Parsed 415/415 rows from '1 X 2' (0 failed)
2025-12-09 20:19:20,754 - src.scrapers.aiscore.odds_scraper - INFO - [oj7x9in4m43i47g] Extracted 415 odds records from '1 X 2'
2025-12-09 20:19:22,161 - src.scrapers.aiscore.odds_scraper - INFO - [oj7x9in4m43i47g] Parsed 210/393 rows from 'Asian Handicap' (183 failed)
2025-12-09 20:19:22,166 - src.scrapers.aiscore.odds_scraper - INFO - [oj7x9in4m43i47g] Extracted 210 odds records from 'Asian Handicap'
2025-12-09 20:19:23,622 - src.scrapers.aiscore.odds_scraper - INFO - [oj7x9in4m43i47g] Parsed 209/393 rows from 'Total Goals' (184 failed)
2025-12-09 20:19:23,624 - src.scrapers.aiscore.odds_scraper - INFO - [oj7x9in4m43i47g] Extracted 209 odds records from 'Total Goals'
2025-12-09 20:19:25,099 - src.scrapers.aiscore.odds_scraper - INFO - [oj7x9in4m43i47g] Parsed 159/325 rows from 'Total Corners' (0 failed)
2025-12-09 20:19:25,100 - src.scrapers.aiscore.odds_scraper - INFO - [oj7x9in4m43i47g] Extracted 159 odds records from 'Total Corners'
2025-12-09 20:19:25,687 - src.scrapers.aiscore.odds_scraper - INFO - [oj7x9in4m43i47g] Parsed 159/159 rows from 'Default' (0 failed)
2025-12-09 20:19:25,689 - src.scrapers.aiscore.odds_scraper - INFO - [oj7x9in4m43i47g] Extracted 159 odds from default view
2025-12-09 20:19:26,006 - src.scrapers.aiscore.odds_scraper - INFO - Match data saved to: data/aiscore/matches/20251009/match_oj7x9in4m43i47g.json
2025-12-09 20:19:29,842 - src.scrapers.aiscore.odds_scraper - INFO - [vrqwnigp0mwc4qn] Located 4 odds tabs: 1 X 2, Asian Handicap, Total Goals, Total Corners
2025-12-09 20:19:31,096 - src.scrapers.aiscore.odds_scraper - INFO - [vrqwnigp0mwc4qn] Parsed 65/65 rows from '1 X 2' (0 failed)
2025-12-09 20:19:31,097 - src.scrapers.aiscore.odds_scraper - INFO - [vrqwnigp0mwc4qn] Extracted 65 odds records from '1 X 2'
2025-12-09 20:19:32,400 - src.scrapers.aiscore.odds_scraper - INFO - [vrqwnigp0mwc4qn] Parsed 235/65 rows from 'Asian Handicap' (55 failed)
2025-12-09 20:19:32,410 - src.scrapers.aiscore.odds_scraper - INFO - [vrqwnigp0mwc4qn] Extracted 235 odds records from 'Asian Handicap'
2025-12-09 20:19:33,827 - src.scrapers.aiscore.odds_scraper - INFO - [vrqwnigp0mwc4qn] Parsed 339/339 rows from 'Total Goals' (0 failed)
2025-12-09 20:19:33,837 - src.scrapers.aiscore.odds_scraper - INFO - [vrqwnigp0mwc4qn] Extracted 339 odds records from 'Total Goals'
2025-12-09 20:19:35,173 - src.scrapers.aiscore.odds_scraper - INFO - [vrqwnigp0mwc4qn] Parsed 166/166 rows from 'Total Corners' (0 failed)
2025-12-09 20:19:35,175 - src.scrapers.aiscore.odds_scraper - INFO - [vrqwnigp0mwc4qn] Extracted 166 odds records from 'Total Corners'
2025-12-09 20:19:35,763 - src.scrapers.aiscore.odds_scraper - INFO - [vrqwnigp0mwc4qn] Parsed 166/166 rows from 'Default' (0 failed)
2025-12-09 20:19:35,765 - src.scrapers.aiscore.odds_scraper - INFO - [vrqwnigp0mwc4qn] Extracted 166 odds from default view
2025-12-09 20:19:35,909 - src.scrapers.aiscore.odds_scraper - INFO - Match data saved to: data/aiscore/matches/20251009/match_vrqwnigp0mwc4qn.json
2025-12-09 20:19:35,974 - src.scrapers.aiscore.odds_scraper - INFO - Progress: 20/70 (29%) - Success: 19, Failed: 1, Total odds: 18450
2025-12-09 20:19:39,727 - src.scrapers.aiscore.odds_scraper - INFO - [ezk96ix93pzs1kn] Located 4 odds tabs: 1 X 2, Asian Handicap, Total Goals, Total Corners
2025-12-09 20:19:41,000 - src.scrapers.aiscore.odds_scraper - INFO - [ezk96ix93pzs1kn] Parsed 251/251 rows from '1 X 2' (0 failed)
2025-12-09 20:19:41,002 - src.scrapers.aiscore.odds_scraper - INFO - [ezk96ix93pzs1kn] Extracted 251 odds records from '1 X 2'
2025-12-09 20:19:42,370 - src.scrapers.aiscore.odds_scraper - INFO - [ezk96ix93pzs1kn] Parsed 188/243 rows from 'Asian Handicap' (55 failed)
2025-12-09 20:19:42,372 - src.scrapers.aiscore.odds_scraper - INFO - [ezk96ix93pzs1kn] Extracted 188 odds records from 'Asian Handicap'
2025-12-09 20:19:43,719 - src.scrapers.aiscore.odds_scraper - INFO - [ezk96ix93pzs1kn] Parsed 249/243 rows from 'Total Goals' (0 failed)
2025-12-09 20:19:43,721 - src.scrapers.aiscore.odds_scraper - INFO - [ezk96ix93pzs1kn] Extracted 249 odds records from 'Total Goals'
2025-12-09 20:19:45,038 - src.scrapers.aiscore.odds_scraper - INFO - [ezk96ix93pzs1kn] Parsed 153/249 rows from 'Total Corners' (0 failed)
2025-12-09 20:19:45,040 - src.scrapers.aiscore.odds_scraper - INFO - [ezk96ix93pzs1kn] Extracted 153 odds records from 'Total Corners'
2025-12-09 20:19:45,624 - src.scrapers.aiscore.odds_scraper - INFO - [ezk96ix93pzs1kn] Parsed 153/153 rows from 'Default' (0 failed)
2025-12-09 20:19:45,625 - src.scrapers.aiscore.odds_scraper - INFO - [ezk96ix93pzs1kn] Extracted 153 odds from default view
2025-12-09 20:19:45,719 - src.scrapers.aiscore.odds_scraper - INFO - Match data saved to: data/aiscore/matches/20251009/match_ezk96ix93pzs1kn.json
2025-12-09 20:19:48,969 - src.scrapers.aiscore.odds_scraper - INFO - [j374oiox0vwbgqo] Located 4 odds tabs: 1 X 2, Asian Handicap, Total Goals, Total Corners
2025-12-09 20:19:50,262 - src.scrapers.aiscore.odds_scraper - INFO - [j374oiox0vwbgqo] Extracted 40 odds records from '1 X 2'
2025-12-09 20:19:51,541 - src.scrapers.aiscore.odds_scraper - INFO - [j374oiox0vwbgqo] Extracted 341 odds records from 'Asian Handicap'
2025-12-09 20:19:52,972 - src.scrapers.aiscore.odds_scraper - INFO - [j374oiox0vwbgqo] Parsed 325/353 rows from 'Total Goals' (2 failed)
2025-12-09 20:19:52,974 - src.scrapers.aiscore.odds_scraper - INFO - [j374oiox0vwbgqo] Extracted 325 odds records from 'Total Goals'
2025-12-09 20:19:54,285 - src.scrapers.aiscore.odds_scraper - INFO - [j374oiox0vwbgqo] Parsed 114/116 rows from 'Total Corners' (2 failed)
2025-12-09 20:19:54,286 - src.scrapers.aiscore.odds_scraper - INFO - [j374oiox0vwbgqo] Extracted 114 odds records from 'Total Corners'
2025-12-09 20:19:54,861 - src.scrapers.aiscore.odds_scraper - INFO - [j374oiox0vwbgqo] Parsed 114/116 rows from 'Default' (2 failed)
2025-12-09 20:19:54,862 - src.scrapers.aiscore.odds_scraper - INFO - [j374oiox0vwbgqo] Extracted 114 odds from default view
2025-12-09 20:19:54,968 - src.scrapers.aiscore.odds_scraper - INFO - Match data saved to: data/aiscore/matches/20251009/match_j374oiox0vwbgqo.json
2025-12-09 20:19:58,429 - src.scrapers.aiscore.odds_scraper - INFO - [oj7x9inpx82a47g] Located 4 odds tabs: 1 X 2, Asian Handicap, Total Goals, Total Corners
2025-12-09 20:19:59,843 - src.scrapers.aiscore.odds_scraper - INFO - [oj7x9inpx82a47g] Parsed 238/238 rows from '1 X 2' (0 failed)
2025-12-09 20:19:59,844 - src.scrapers.aiscore.odds_scraper - INFO - [oj7x9inpx82a47g] Extracted 238 odds records from '1 X 2'
2025-12-09 20:20:01,164 - src.scrapers.aiscore.odds_scraper - INFO - [oj7x9inpx82a47g] Parsed 172/238 rows from 'Asian Handicap' (66 failed)
2025-12-09 20:20:01,165 - src.scrapers.aiscore.odds_scraper - INFO - [oj7x9inpx82a47g] Extracted 172 odds records from 'Asian Handicap'
2025-12-09 20:20:02,552 - src.scrapers.aiscore.odds_scraper - INFO - [oj7x9inpx82a47g] Parsed 268/269 rows from 'Total Goals' (1 failed)
2025-12-09 20:20:02,554 - src.scrapers.aiscore.odds_scraper - INFO - [oj7x9inpx82a47g] Extracted 268 odds records from 'Total Goals'
2025-12-09 20:20:03,865 - src.scrapers.aiscore.odds_scraper - INFO - [oj7x9inpx82a47g] Parsed 152/153 rows from 'Total Corners' (1 failed)
2025-12-09 20:20:03,867 - src.scrapers.aiscore.odds_scraper - INFO - [oj7x9inpx82a47g] Extracted 152 odds records from 'Total Corners'
2025-12-09 20:20:04,434 - src.scrapers.aiscore.odds_scraper - INFO - [oj7x9inpx82a47g] Parsed 152/153 rows from 'Default' (1 failed)
2025-12-09 20:20:04,445 - src.scrapers.aiscore.odds_scraper - INFO - [oj7x9inpx82a47g] Extracted 152 odds from default view
2025-12-09 20:20:04,638 - src.scrapers.aiscore.odds_scraper - INFO - Match data saved to: data/aiscore/matches/20251009/match_oj7x9inpx82a47g.json
2025-12-09 20:20:08,033 - src.scrapers.aiscore.odds_scraper - INFO - [edq09i4jl9xieqx] Located 4 odds tabs: 1 X 2, Asian Handicap, Total Goals, Total Corners
2025-12-09 20:20:09,377 - src.scrapers.aiscore.odds_scraper - INFO - [edq09i4jl9xieqx] Parsed 288/288 rows from '1 X 2' (0 failed)
2025-12-09 20:20:09,379 - src.scrapers.aiscore.odds_scraper - INFO - [edq09i4jl9xieqx] Extracted 288 odds records from '1 X 2'
2025-12-09 20:20:10,780 - src.scrapers.aiscore.odds_scraper - INFO - [edq09i4jl9xieqx] Parsed 234/288 rows from 'Asian Handicap' (69 failed)
2025-12-09 20:20:10,781 - src.scrapers.aiscore.odds_scraper - INFO - [edq09i4jl9xieqx] Extracted 234 odds records from 'Asian Handicap'
2025-12-09 20:20:12,182 - src.scrapers.aiscore.odds_scraper - INFO - [edq09i4jl9xieqx] Parsed 270/303 rows from 'Total Goals' (0 failed)
2025-12-09 20:20:12,204 - src.scrapers.aiscore.odds_scraper - INFO - [edq09i4jl9xieqx] Extracted 270 odds records from 'Total Goals'
2025-12-09 20:20:13,538 - src.scrapers.aiscore.odds_scraper - INFO - [edq09i4jl9xieqx] Parsed 173/270 rows from 'Total Corners' (0 failed)
2025-12-09 20:20:13,540 - src.scrapers.aiscore.odds_scraper - INFO - [edq09i4jl9xieqx] Extracted 173 odds records from 'Total Corners'
2025-12-09 20:20:14,209 - src.scrapers.aiscore.odds_scraper - INFO - [edq09i4jl9xieqx] Parsed 173/173 rows from 'Default' (0 failed)
2025-12-09 20:20:14,211 - src.scrapers.aiscore.odds_scraper - INFO - [edq09i4jl9xieqx] Extracted 173 odds from default view
2025-12-09 20:20:14,458 - src.scrapers.aiscore.odds_scraper - INFO - Match data saved to: data/aiscore/matches/20251009/match_edq09i4jl9xieqx.json
2025-12-09 20:20:17,773 - src.scrapers.aiscore.odds_scraper - INFO - [ezk96ix9jr5i1kn] Located 4 odds tabs: 1 X 2, Asian Handicap, Total Goals, Total Corners
2025-12-09 20:20:19,088 - src.scrapers.aiscore.odds_scraper - INFO - [ezk96ix9jr5i1kn] Parsed 119/119 rows from '1 X 2' (0 failed)
2025-12-09 20:20:19,089 - src.scrapers.aiscore.odds_scraper - INFO - [ezk96ix9jr5i1kn] Extracted 119 odds records from '1 X 2'
2025-12-09 20:20:20,373 - src.scrapers.aiscore.odds_scraper - INFO - [ezk96ix9jr5i1kn] Parsed 275/119 rows from 'Asian Handicap' (80 failed)
2025-12-09 20:20:20,382 - src.scrapers.aiscore.odds_scraper - INFO - [ezk96ix9jr5i1kn] Extracted 275 odds records from 'Asian Handicap'
2025-12-09 20:20:21,823 - src.scrapers.aiscore.odds_scraper - INFO - [ezk96ix9jr5i1kn] Parsed 334/355 rows from 'Total Goals' (0 failed)
2025-12-09 20:20:21,824 - src.scrapers.aiscore.odds_scraper - INFO - [ezk96ix9jr5i1kn] Extracted 334 odds records from 'Total Goals'
2025-12-09 20:20:23,147 - src.scrapers.aiscore.odds_scraper - INFO - [ezk96ix9jr5i1kn] Parsed 180/181 rows from 'Total Corners' (1 failed)
2025-12-09 20:20:23,148 - src.scrapers.aiscore.odds_scraper - INFO - [ezk96ix9jr5i1kn] Extracted 180 odds records from 'Total Corners'
2025-12-09 20:20:23,727 - src.scrapers.aiscore.odds_scraper - INFO - [ezk96ix9jr5i1kn] Parsed 180/181 rows from 'Default' (1 failed)
2025-12-09 20:20:23,730 - src.scrapers.aiscore.odds_scraper - INFO - [ezk96ix9jr5i1kn] Extracted 180 odds from default view
2025-12-09 20:20:23,946 - src.scrapers.aiscore.odds_scraper - INFO - Match data saved to: data/aiscore/matches/20251009/match_ezk96ix9jr5i1kn.json
2025-12-09 20:20:27,399 - src.scrapers.aiscore.odds_scraper - INFO - [o07dniw9n8ximkn] Located 4 odds tabs: 1 X 2, Asian Handicap, Total Goals, Total Corners
2025-12-09 20:20:28,683 - src.scrapers.aiscore.odds_scraper - INFO - [o07dniw9n8ximkn] Parsed 236/236 rows from '1 X 2' (0 failed)
2025-12-09 20:20:28,695 - src.scrapers.aiscore.odds_scraper - INFO - [o07dniw9n8ximkn] Extracted 236 odds records from '1 X 2'
2025-12-09 20:20:30,052 - src.scrapers.aiscore.odds_scraper - INFO - [o07dniw9n8ximkn] Parsed 146/236 rows from 'Asian Handicap' (51 failed)
2025-12-09 20:20:30,054 - src.scrapers.aiscore.odds_scraper - INFO - [o07dniw9n8ximkn] Extracted 146 odds records from 'Asian Handicap'
2025-12-09 20:20:31,412 - src.scrapers.aiscore.odds_scraper - INFO - [o07dniw9n8ximkn] Parsed 270/197 rows from 'Total Goals' (0 failed)
2025-12-09 20:20:31,415 - src.scrapers.aiscore.odds_scraper - INFO - [o07dniw9n8ximkn] Extracted 270 odds records from 'Total Goals'
2025-12-09 20:20:32,749 - src.scrapers.aiscore.odds_scraper - INFO - [o07dniw9n8ximkn] Parsed 165/270 rows from 'Total Corners' (1 failed)
2025-12-09 20:20:32,753 - src.scrapers.aiscore.odds_scraper - INFO - [o07dniw9n8ximkn] Extracted 165 odds records from 'Total Corners'
2025-12-09 20:20:33,328 - src.scrapers.aiscore.odds_scraper - INFO - [o07dniw9n8ximkn] Parsed 165/166 rows from 'Default' (1 failed)
2025-12-09 20:20:33,332 - src.scrapers.aiscore.odds_scraper - INFO - [o07dniw9n8ximkn] Extracted 165 odds from default view
2025-12-09 20:20:33,881 - src.scrapers.aiscore.odds_scraper - INFO - Match data saved to: data/aiscore/matches/20251009/match_o07dniw9n8ximkn.json
2025-12-09 20:20:37,287 - src.scrapers.aiscore.odds_scraper - INFO - [34kgmiz8od2feko] Located 4 odds tabs: 1 X 2, Asian Handicap, Total Goals, Total Corners
2025-12-09 20:20:38,648 - src.scrapers.aiscore.odds_scraper - INFO - [34kgmiz8od2feko] Parsed 221/221 rows from '1 X 2' (0 failed)
2025-12-09 20:20:38,650 - src.scrapers.aiscore.odds_scraper - INFO - [34kgmiz8od2feko] Extracted 221 odds records from '1 X 2'
2025-12-09 20:20:39,966 - src.scrapers.aiscore.odds_scraper - INFO - [34kgmiz8od2feko] Parsed 212/221 rows from 'Asian Handicap' (44 failed)
2025-12-09 20:20:39,968 - src.scrapers.aiscore.odds_scraper - INFO - [34kgmiz8od2feko] Extracted 212 odds records from 'Asian Handicap'
2025-12-09 20:20:41,320 - src.scrapers.aiscore.odds_scraper - INFO - [34kgmiz8od2feko] Parsed 326/256 rows from 'Total Goals' (1 failed)
2025-12-09 20:20:41,322 - src.scrapers.aiscore.odds_scraper - INFO - [34kgmiz8od2feko] Extracted 326 odds records from 'Total Goals'
2025-12-09 20:20:42,644 - src.scrapers.aiscore.odds_scraper - INFO - [34kgmiz8od2feko] Parsed 174/327 rows from 'Total Corners' (0 failed)
2025-12-09 20:20:42,646 - src.scrapers.aiscore.odds_scraper - INFO - [34kgmiz8od2feko] Extracted 174 odds records from 'Total Corners'
2025-12-09 20:20:43,214 - src.scrapers.aiscore.odds_scraper - INFO - [34kgmiz8od2feko] Parsed 174/174 rows from 'Default' (0 failed)
2025-12-09 20:20:43,216 - src.scrapers.aiscore.odds_scraper - INFO - [34kgmiz8od2feko] Extracted 174 odds from default view
2025-12-09 20:20:43,341 - src.scrapers.aiscore.odds_scraper - INFO - Match data saved to: data/aiscore/matches/20251009/match_34kgmiz8od2feko.json
2025-12-09 20:20:46,921 - src.scrapers.aiscore.odds_scraper - INFO - [ndkz6i36xp8hxq3] Located 4 odds tabs: 1 X 2, Asian Handicap, Total Goals, Total Corners
2025-12-09 20:20:48,195 - src.scrapers.aiscore.odds_scraper - INFO - [ndkz6i36xp8hxq3] Parsed 215/215 rows from '1 X 2' (0 failed)
2025-12-09 20:20:48,197 - src.scrapers.aiscore.odds_scraper - INFO - [ndkz6i36xp8hxq3] Extracted 215 odds records from '1 X 2'
2025-12-09 20:20:49,512 - src.scrapers.aiscore.odds_scraper - INFO - [ndkz6i36xp8hxq3] Parsed 169/215 rows from 'Asian Handicap' (64 failed)
2025-12-09 20:20:49,524 - src.scrapers.aiscore.odds_scraper - INFO - [ndkz6i36xp8hxq3] Extracted 169 odds records from 'Asian Handicap'
2025-12-09 20:20:50,904 - src.scrapers.aiscore.odds_scraper - INFO - [ndkz6i36xp8hxq3] Parsed 298/233 rows from 'Total Goals' (0 failed)
2025-12-09 20:20:50,906 - src.scrapers.aiscore.odds_scraper - INFO - [ndkz6i36xp8hxq3] Extracted 298 odds records from 'Total Goals'
2025-12-09 20:20:52,253 - src.scrapers.aiscore.odds_scraper - INFO - [ndkz6i36xp8hxq3] Parsed 151/298 rows from 'Total Corners' (0 failed)
2025-12-09 20:20:52,256 - src.scrapers.aiscore.odds_scraper - INFO - [ndkz6i36xp8hxq3] Extracted 151 odds records from 'Total Corners'
2025-12-09 20:20:52,836 - src.scrapers.aiscore.odds_scraper - INFO - [ndkz6i36xp8hxq3] Parsed 151/151 rows from 'Default' (0 failed)
2025-12-09 20:20:52,838 - src.scrapers.aiscore.odds_scraper - INFO - [ndkz6i36xp8hxq3] Extracted 151 odds from default view
2025-12-09 20:20:53,182 - src.scrapers.aiscore.odds_scraper - INFO - Match data saved to: data/aiscore/matches/20251009/match_ndkz6i36xp8hxq3.json
2025-12-09 20:20:56,667 - src.scrapers.aiscore.odds_scraper - INFO - [527r3i46jdvh47e] Located 4 odds tabs: 1 X 2, Asian Handicap, Total Goals, Total Corners
2025-12-09 20:20:57,955 - src.scrapers.aiscore.odds_scraper - INFO - [527r3i46jdvh47e] Parsed 245/245 rows from '1 X 2' (0 failed)
2025-12-09 20:20:57,956 - src.scrapers.aiscore.odds_scraper - INFO - [527r3i46jdvh47e] Extracted 245 odds records from '1 X 2'
2025-12-09 20:20:59,277 - src.scrapers.aiscore.odds_scraper - INFO - [527r3i46jdvh47e] Parsed 162/245 rows from 'Asian Handicap' (105 failed)
2025-12-09 20:20:59,279 - src.scrapers.aiscore.odds_scraper - INFO - [527r3i46jdvh47e] Extracted 162 odds records from 'Asian Handicap'
2025-12-09 20:21:00,651 - src.scrapers.aiscore.odds_scraper - INFO - [527r3i46jdvh47e] Parsed 281/267 rows from 'Total Goals' (0 failed)
2025-12-09 20:21:00,660 - src.scrapers.aiscore.odds_scraper - INFO - [527r3i46jdvh47e] Extracted 281 odds records from 'Total Goals'
2025-12-09 20:21:01,978 - src.scrapers.aiscore.odds_scraper - INFO - [527r3i46jdvh47e] Parsed 151/151 rows from 'Total Corners' (0 failed)
2025-12-09 20:21:01,980 - src.scrapers.aiscore.odds_scraper - INFO - [527r3i46jdvh47e] Extracted 151 odds records from 'Total Corners'
2025-12-09 20:21:02,559 - src.scrapers.aiscore.odds_scraper - INFO - [527r3i46jdvh47e] Parsed 151/151 rows from 'Default' (0 failed)
2025-12-09 20:21:02,561 - src.scrapers.aiscore.odds_scraper - INFO - [527r3i46jdvh47e] Extracted 151 odds from default view
2025-12-09 20:21:02,678 - src.scrapers.aiscore.odds_scraper - INFO - Match data saved to: data/aiscore/matches/20251009/match_527r3i46jdvh47e.json
2025-12-09 20:21:06,066 - src.scrapers.aiscore.odds_scraper - INFO - [jek33i813ejs9ko] Located 4 odds tabs: 1 X 2, Asian Handicap, Total Goals, Total Corners
2025-12-09 20:21:07,331 - src.scrapers.aiscore.odds_scraper - INFO - [jek33i813ejs9ko] Extracted 1 odds records from '1 X 2'
2025-12-09 20:21:11,996 - src.scrapers.aiscore.odds_scraper - INFO - Match data saved to: data/aiscore/matches/20251009/match_jek33i813ejs9ko.json
2025-12-09 20:21:12,117 - src.scrapers.aiscore.odds_scraper - INFO - Progress: 30/70 (43%) - Success: 29, Failed: 1, Total odds: 27650
2025-12-09 20:21:15,507 - src.scrapers.aiscore.odds_scraper - INFO - [63kv9ig238max7e] Located 4 odds tabs: 1 X 2, Asian Handicap, Total Goals, Total Corners
2025-12-09 20:21:16,762 - src.scrapers.aiscore.odds_scraper - INFO - [63kv9ig238max7e] Extracted 2 odds records from '1 X 2'
2025-12-09 20:21:19,308 - src.scrapers.aiscore.odds_scraper - INFO - [63kv9ig238max7e] Extracted 2 odds records from 'Total Goals'
2025-12-09 20:21:21,335 - src.scrapers.aiscore.odds_scraper - INFO - Match data saved to: data/aiscore/matches/20251009/match_63kv9ig238max7e.json
2025-12-09 20:21:54,242 - src.scrapers.aiscore.odds_scraper - INFO - [527r3i46m10i47e] No tabs found, attempting page refresh
2025-12-09 20:22:08,828 - src.scrapers.aiscore.odds_scraper - INFO - Match data saved to: data/aiscore/matches/20251009/match_527r3i46m10i47e.json
2025-12-09 20:22:14,059 - src.scrapers.aiscore.odds_scraper - INFO - [o07dni5go12cmkn] Located 4 odds tabs: 1 X 2, Asian Handicap, Total Goals, Total Corners
2025-12-09 20:22:15,332 - src.scrapers.aiscore.odds_scraper - INFO - [o07dni5go12cmkn] Extracted 1 odds records from '1 X 2'
2025-12-09 20:22:17,848 - src.scrapers.aiscore.odds_scraper - INFO - [o07dni5go12cmkn] Extracted 1 odds records from 'Total Goals'
2025-12-09 20:22:20,052 - src.scrapers.aiscore.odds_scraper - INFO - Match data saved to: data/aiscore/matches/20251009/match_o07dni5go12cmkn.json
2025-12-09 20:22:23,396 - src.scrapers.aiscore.odds_scraper - INFO - [vrqwnigw6nxf4qn] Located 4 odds tabs: 1 X 2, Asian Handicap, Total Goals, Total Corners
2025-12-09 20:22:24,829 - src.scrapers.aiscore.odds_scraper - INFO - [vrqwnigw6nxf4qn] Parsed 197/197 rows from '1 X 2' (0 failed)
2025-12-09 20:22:24,830 - src.scrapers.aiscore.odds_scraper - INFO - [vrqwnigw6nxf4qn] Extracted 197 odds records from '1 X 2'
2025-12-09 20:22:26,129 - src.scrapers.aiscore.odds_scraper - INFO - [vrqwnigw6nxf4qn] Parsed 148/197 rows from 'Asian Handicap' (33 failed)
2025-12-09 20:22:26,131 - src.scrapers.aiscore.odds_scraper - INFO - [vrqwnigw6nxf4qn] Extracted 148 odds records from 'Asian Handicap'
2025-12-09 20:22:27,466 - src.scrapers.aiscore.odds_scraper - INFO - [vrqwnigw6nxf4qn] Parsed 305/305 rows from 'Total Goals' (0 failed)
2025-12-09 20:22:27,467 - src.scrapers.aiscore.odds_scraper - INFO - [vrqwnigw6nxf4qn] Extracted 305 odds records from 'Total Goals'
2025-12-09 20:22:28,787 - src.scrapers.aiscore.odds_scraper - INFO - [vrqwnigw6nxf4qn] Parsed 154/305 rows from 'Total Corners' (0 failed)
2025-12-09 20:22:28,788 - src.scrapers.aiscore.odds_scraper - INFO - [vrqwnigw6nxf4qn] Extracted 154 odds records from 'Total Corners'
2025-12-09 20:22:29,371 - src.scrapers.aiscore.odds_scraper - INFO - [vrqwnigw6nxf4qn] Parsed 154/154 rows from 'Default' (0 failed)
2025-12-09 20:22:29,373 - src.scrapers.aiscore.odds_scraper - INFO - [vrqwnigw6nxf4qn] Extracted 154 odds from default view
2025-12-09 20:22:29,512 - src.scrapers.aiscore.odds_scraper - INFO - Match data saved to: data/aiscore/matches/20251009/match_vrqwnigw6nxf4qn.json
2025-12-09 20:22:33,095 - src.scrapers.aiscore.odds_scraper - INFO - [vmqy9il2rppsgk9] Located 4 odds tabs: 1 X 2, Asian Handicap, Total Goals, Total Corners
2025-12-09 20:22:34,369 - src.scrapers.aiscore.odds_scraper - INFO - [vmqy9il2rppsgk9] Parsed 336/336 rows from '1 X 2' (0 failed)
2025-12-09 20:22:34,370 - src.scrapers.aiscore.odds_scraper - INFO - [vmqy9il2rppsgk9] Extracted 336 odds records from '1 X 2'
2025-12-09 20:22:35,751 - src.scrapers.aiscore.odds_scraper - INFO - [vmqy9il2rppsgk9] Parsed 241/301 rows from 'Asian Handicap' (60 failed)
2025-12-09 20:22:35,753 - src.scrapers.aiscore.odds_scraper - INFO - [vmqy9il2rppsgk9] Extracted 241 odds records from 'Asian Handicap'
2025-12-09 20:22:37,279 - src.scrapers.aiscore.odds_scraper - INFO - [vmqy9il2rppsgk9] Parsed 334/334 rows from 'Total Goals' (0 failed)
2025-12-09 20:22:37,281 - src.scrapers.aiscore.odds_scraper - INFO - [vmqy9il2rppsgk9] Extracted 334 odds records from 'Total Goals'
2025-12-09 20:22:38,614 - src.scrapers.aiscore.odds_scraper - INFO - [vmqy9il2rppsgk9] Parsed 186/186 rows from 'Total Corners' (0 failed)
2025-12-09 20:22:38,616 - src.scrapers.aiscore.odds_scraper - INFO - [vmqy9il2rppsgk9] Extracted 186 odds records from 'Total Corners'
2025-12-09 20:22:39,199 - src.scrapers.aiscore.odds_scraper - INFO - [vmqy9il2rppsgk9] Parsed 186/186 rows from 'Default' (0 failed)
2025-12-09 20:22:39,201 - src.scrapers.aiscore.odds_scraper - INFO - [vmqy9il2rppsgk9] Extracted 186 odds from default view
2025-12-09 20:22:39,626 - src.scrapers.aiscore.odds_scraper - INFO - Match data saved to: data/aiscore/matches/20251009/match_vmqy9il2rppsgk9.json
2025-12-09 20:22:42,999 - src.scrapers.aiscore.odds_scraper - INFO - [34kgmiz9mn5feko] Located 4 odds tabs: 1 X 2, Asian Handicap, Total Goals, Total Corners
2025-12-09 20:22:44,308 - src.scrapers.aiscore.odds_scraper - INFO - [34kgmiz9mn5feko] Parsed 246/246 rows from '1 X 2' (0 failed)
2025-12-09 20:22:44,312 - src.scrapers.aiscore.odds_scraper - INFO - [34kgmiz9mn5feko] Extracted 246 odds records from '1 X 2'
2025-12-09 20:22:45,697 - src.scrapers.aiscore.odds_scraper - INFO - [34kgmiz9mn5feko] Parsed 171/228 rows from 'Asian Handicap' (57 failed)
2025-12-09 20:22:45,702 - src.scrapers.aiscore.odds_scraper - INFO - [34kgmiz9mn5feko] Extracted 171 odds records from 'Asian Handicap'
2025-12-09 20:22:47,047 - src.scrapers.aiscore.odds_scraper - INFO - [34kgmiz9mn5feko] Parsed 259/228 rows from 'Total Goals' (0 failed)
2025-12-09 20:22:47,054 - src.scrapers.aiscore.odds_scraper - INFO - [34kgmiz9mn5feko] Extracted 259 odds records from 'Total Goals'
2025-12-09 20:22:48,367 - src.scrapers.aiscore.odds_scraper - INFO - [34kgmiz9mn5feko] Parsed 172/172 rows from 'Total Corners' (0 failed)
2025-12-09 20:22:48,371 - src.scrapers.aiscore.odds_scraper - INFO - [34kgmiz9mn5feko] Extracted 172 odds records from 'Total Corners'
2025-12-09 20:22:48,944 - src.scrapers.aiscore.odds_scraper - INFO - [34kgmiz9mn5feko] Parsed 172/172 rows from 'Default' (0 failed)
2025-12-09 20:22:48,949 - src.scrapers.aiscore.odds_scraper - INFO - [34kgmiz9mn5feko] Extracted 172 odds from default view
2025-12-09 20:22:49,150 - src.scrapers.aiscore.odds_scraper - INFO - Match data saved to: data/aiscore/matches/20251009/match_34kgmiz9mn5feko.json
2025-12-09 20:22:52,641 - src.scrapers.aiscore.odds_scraper - INFO - [wv78xi8ondetokr] Located 4 odds tabs: 1 X 2, Asian Handicap, Total Goals, Total Corners
2025-12-09 20:22:53,980 - src.scrapers.aiscore.odds_scraper - INFO - [wv78xi8ondetokr] Parsed 237/237 rows from '1 X 2' (0 failed)
2025-12-09 20:22:53,983 - src.scrapers.aiscore.odds_scraper - INFO - [wv78xi8ondetokr] Extracted 237 odds records from '1 X 2'
2025-12-09 20:22:55,335 - src.scrapers.aiscore.odds_scraper - INFO - [wv78xi8ondetokr] Parsed 184/237 rows from 'Asian Handicap' (29 failed)
2025-12-09 20:22:55,337 - src.scrapers.aiscore.odds_scraper - INFO - [wv78xi8ondetokr] Extracted 184 odds records from 'Asian Handicap'
2025-12-09 20:22:56,657 - src.scrapers.aiscore.odds_scraper - INFO - [wv78xi8ondetokr] Parsed 285/213 rows from 'Total Goals' (0 failed)
2025-12-09 20:22:56,659 - src.scrapers.aiscore.odds_scraper - INFO - [wv78xi8ondetokr] Extracted 285 odds records from 'Total Goals'
2025-12-09 20:22:57,996 - src.scrapers.aiscore.odds_scraper - INFO - [wv78xi8ondetokr] Parsed 119/285 rows from 'Total Corners' (0 failed)
2025-12-09 20:22:58,001 - src.scrapers.aiscore.odds_scraper - INFO - [wv78xi8ondetokr] Extracted 119 odds records from 'Total Corners'
2025-12-09 20:22:58,572 - src.scrapers.aiscore.odds_scraper - INFO - [wv78xi8ondetokr] Parsed 119/119 rows from 'Default' (0 failed)
2025-12-09 20:22:58,573 - src.scrapers.aiscore.odds_scraper - INFO - [wv78xi8ondetokr] Extracted 119 odds from default view
2025-12-09 20:22:58,705 - src.scrapers.aiscore.odds_scraper - INFO - Match data saved to: data/aiscore/matches/20251009/match_wv78xi8ondetokr.json
2025-12-09 20:23:02,318 - src.scrapers.aiscore.odds_scraper - INFO - [9gklzi4zj5ocm7x] Located 4 odds tabs: 1 X 2, Asian Handicap, Total Goals, Total Corners
2025-12-09 20:23:03,609 - src.scrapers.aiscore.odds_scraper - INFO - [9gklzi4zj5ocm7x] Parsed 267/269 rows from '1 X 2' (2 failed)
2025-12-09 20:23:03,610 - src.scrapers.aiscore.odds_scraper - INFO - [9gklzi4zj5ocm7x] Extracted 267 odds records from '1 X 2'
2025-12-09 20:23:04,979 - src.scrapers.aiscore.odds_scraper - INFO - [9gklzi4zj5ocm7x] Parsed 246/282 rows from 'Asian Handicap' (36 failed)
2025-12-09 20:23:04,982 - src.scrapers.aiscore.odds_scraper - INFO - [9gklzi4zj5ocm7x] Extracted 246 odds records from 'Asian Handicap'
2025-12-09 20:23:06,351 - src.scrapers.aiscore.odds_scraper - INFO - [9gklzi4zj5ocm7x] Parsed 364/282 rows from 'Total Goals' (3 failed)
2025-12-09 20:23:06,353 - src.scrapers.aiscore.odds_scraper - INFO - [9gklzi4zj5ocm7x] Extracted 364 odds records from 'Total Goals'
2025-12-09 20:23:07,712 - src.scrapers.aiscore.odds_scraper - INFO - [9gklzi4zj5ocm7x] Parsed 134/367 rows from 'Total Corners' (0 failed)
2025-12-09 20:23:07,716 - src.scrapers.aiscore.odds_scraper - INFO - [9gklzi4zj5ocm7x] Extracted 134 odds records from 'Total Corners'
2025-12-09 20:23:08,298 - src.scrapers.aiscore.odds_scraper - INFO - [9gklzi4zj5ocm7x] Parsed 134/134 rows from 'Default' (0 failed)
2025-12-09 20:23:08,300 - src.scrapers.aiscore.odds_scraper - INFO - [9gklzi4zj5ocm7x] Extracted 134 odds from default view
2025-12-09 20:23:08,412 - src.scrapers.aiscore.odds_scraper - INFO - Match data saved to: data/aiscore/matches/20251009/match_9gklzi4zj5ocm7x.json
2025-12-09 20:23:11,634 - src.scrapers.aiscore.odds_scraper - INFO - [9gklzi1p93eam7x] Located 4 odds tabs: 1 X 2, Asian Handicap, Total Goals, Total Corners
2025-12-09 20:23:13,041 - src.scrapers.aiscore.odds_scraper - INFO - [9gklzi1p93eam7x] Parsed 153/153 rows from '1 X 2' (0 failed)
2025-12-09 20:23:13,043 - src.scrapers.aiscore.odds_scraper - INFO - [9gklzi1p93eam7x] Extracted 153 odds records from '1 X 2'
2025-12-09 20:23:14,347 - src.scrapers.aiscore.odds_scraper - INFO - [9gklzi1p93eam7x] Parsed 125/153 rows from 'Asian Handicap' (3 failed)
2025-12-09 20:23:14,349 - src.scrapers.aiscore.odds_scraper - INFO - [9gklzi1p93eam7x] Extracted 125 odds records from 'Asian Handicap'
2025-12-09 20:23:15,672 - src.scrapers.aiscore.odds_scraper - INFO - [9gklzi1p93eam7x] Parsed 230/128 rows from 'Total Goals' (0 failed)
2025-12-09 20:23:15,674 - src.scrapers.aiscore.odds_scraper - INFO - [9gklzi1p93eam7x] Extracted 230 odds records from 'Total Goals'
2025-12-09 20:23:16,996 - src.scrapers.aiscore.odds_scraper - INFO - [9gklzi1p93eam7x] Parsed 0/230 rows from 'Total Corners' (0 failed)
2025-12-09 20:23:17,792 - src.scrapers.aiscore.odds_scraper - INFO - Match data saved to: data/aiscore/matches/20251009/match_9gklzi1p93eam7x.json
2025-12-09 20:23:21,250 - src.scrapers.aiscore.odds_scraper - INFO - [ndkz6i36g90ixq3] Located 4 odds tabs: 1 X 2, Asian Handicap, Total Goals, Total Corners
2025-12-09 20:23:22,622 - src.scrapers.aiscore.odds_scraper - INFO - [ndkz6i36g90ixq3] Parsed 200/200 rows from '1 X 2' (0 failed)
2025-12-09 20:23:22,623 - src.scrapers.aiscore.odds_scraper - INFO - [ndkz6i36g90ixq3] Extracted 200 odds records from '1 X 2'
2025-12-09 20:23:23,924 - src.scrapers.aiscore.odds_scraper - INFO - [ndkz6i36g90ixq3] Parsed 185/198 rows from 'Asian Handicap' (13 failed)
2025-12-09 20:23:23,925 - src.scrapers.aiscore.odds_scraper - INFO - [ndkz6i36g90ixq3] Extracted 185 odds records from 'Asian Handicap'
2025-12-09 20:23:25,260 - src.scrapers.aiscore.odds_scraper - INFO - [ndkz6i36g90ixq3] Parsed 284/284 rows from 'Total Goals' (0 failed)
2025-12-09 20:23:25,262 - src.scrapers.aiscore.odds_scraper - INFO - [ndkz6i36g90ixq3] Extracted 284 odds records from 'Total Goals'
2025-12-09 20:23:26,578 - src.scrapers.aiscore.odds_scraper - INFO - [ndkz6i36g90ixq3] Parsed 0/284 rows from 'Total Corners' (0 failed)
2025-12-09 20:23:27,361 - src.scrapers.aiscore.odds_scraper - INFO - Match data saved to: data/aiscore/matches/20251009/match_ndkz6i36g90ixq3.json
2025-12-09 20:23:30,703 - src.scrapers.aiscore.odds_scraper - INFO - [527r3i46mv2c47e] Located 4 odds tabs: 1 X 2, Asian Handicap, Total Goals, Total Corners
2025-12-09 20:23:32,028 - src.scrapers.aiscore.odds_scraper - INFO - [527r3i46mv2c47e] Parsed 228/228 rows from '1 X 2' (0 failed)
2025-12-09 20:23:32,039 - src.scrapers.aiscore.odds_scraper - INFO - [527r3i46mv2c47e] Extracted 228 odds records from '1 X 2'
2025-12-09 20:23:33,365 - src.scrapers.aiscore.odds_scraper - INFO - [527r3i46mv2c47e] Parsed 187/228 rows from 'Asian Handicap' (6 failed)
2025-12-09 20:23:33,367 - src.scrapers.aiscore.odds_scraper - INFO - [527r3i46mv2c47e] Extracted 187 odds records from 'Asian Handicap'
2025-12-09 20:23:34,723 - src.scrapers.aiscore.odds_scraper - INFO - [527r3i46mv2c47e] Parsed 293/293 rows from 'Total Goals' (0 failed)
2025-12-09 20:23:34,728 - src.scrapers.aiscore.odds_scraper - INFO - [527r3i46mv2c47e] Extracted 293 odds records from 'Total Goals'
2025-12-09 20:23:36,068 - src.scrapers.aiscore.odds_scraper - INFO - [527r3i46mv2c47e] Parsed 0/293 rows from 'Total Corners' (0 failed)
2025-12-09 20:23:36,997 - src.scrapers.aiscore.odds_scraper - INFO - Match data saved to: data/aiscore/matches/20251009/match_527r3i46mv2c47e.json
2025-12-09 20:23:40,608 - src.scrapers.aiscore.odds_scraper - INFO - [zrkn6i432nvhwql] Located 4 odds tabs: 1 X 2, Asian Handicap, Total Goals, Total Corners
2025-12-09 20:23:41,905 - src.scrapers.aiscore.odds_scraper - INFO - [zrkn6i432nvhwql] Parsed 246/246 rows from '1 X 2' (0 failed)
2025-12-09 20:23:41,909 - src.scrapers.aiscore.odds_scraper - INFO - [zrkn6i432nvhwql] Extracted 246 odds records from '1 X 2'
2025-12-09 20:23:43,246 - src.scrapers.aiscore.odds_scraper - INFO - [zrkn6i432nvhwql] Parsed 236/246 rows from 'Asian Handicap' (20 failed)
2025-12-09 20:23:43,247 - src.scrapers.aiscore.odds_scraper - INFO - [zrkn6i432nvhwql] Extracted 236 odds records from 'Asian Handicap'
2025-12-09 20:23:44,614 - src.scrapers.aiscore.odds_scraper - INFO - [zrkn6i432nvhwql] Parsed 345/256 rows from 'Total Goals' (0 failed)
2025-12-09 20:23:44,626 - src.scrapers.aiscore.odds_scraper - INFO - [zrkn6i432nvhwql] Extracted 345 odds records from 'Total Goals'
2025-12-09 20:23:46,924 - src.scrapers.aiscore.odds_scraper - INFO - Match data saved to: data/aiscore/matches/20251009/match_zrkn6i432nvhwql.json
2025-12-09 20:23:50,198 - src.scrapers.aiscore.odds_scraper - INFO - [8lk2dirgwlncz73] Located 4 odds tabs: 1 X 2, Asian Handicap, Total Goals, Total Corners
2025-12-09 20:23:51,493 - src.scrapers.aiscore.odds_scraper - INFO - [8lk2dirgwlncz73] Parsed 144/144 rows from '1 X 2' (0 failed)
2025-12-09 20:23:51,497 - src.scrapers.aiscore.odds_scraper - INFO - [8lk2dirgwlncz73] Extracted 144 odds records from '1 X 2'
2025-12-09 20:23:52,829 - src.scrapers.aiscore.odds_scraper - INFO - [8lk2dirgwlncz73] Parsed 160/185 rows from 'Asian Handicap' (25 failed)
2025-12-09 20:23:52,831 - src.scrapers.aiscore.odds_scraper - INFO - [8lk2dirgwlncz73] Extracted 160 odds records from 'Asian Handicap'
2025-12-09 20:23:54,179 - src.scrapers.aiscore.odds_scraper - INFO - [8lk2dirgwlncz73] Parsed 253/185 rows from 'Total Goals' (1 failed)
2025-12-09 20:23:54,185 - src.scrapers.aiscore.odds_scraper - INFO - [8lk2dirgwlncz73] Extracted 253 odds records from 'Total Goals'
2025-12-09 20:23:55,550 - src.scrapers.aiscore.odds_scraper - INFO - [8lk2dirgwlncz73] Parsed 122/122 rows from 'Total Corners' (0 failed)
2025-12-09 20:23:55,551 - src.scrapers.aiscore.odds_scraper - INFO - [8lk2dirgwlncz73] Extracted 122 odds records from 'Total Corners'
2025-12-09 20:23:56,124 - src.scrapers.aiscore.odds_scraper - INFO - [8lk2dirgwlncz73] Parsed 122/122 rows from 'Default' (0 failed)
2025-12-09 20:23:56,135 - src.scrapers.aiscore.odds_scraper - INFO - [8lk2dirgwlncz73] Extracted 122 odds from default view
2025-12-09 20:23:56,341 - src.scrapers.aiscore.odds_scraper - INFO - Match data saved to: data/aiscore/matches/20251009/match_8lk2dirgwlncz73.json
2025-12-09 20:23:59,900 - src.scrapers.aiscore.odds_scraper - INFO - [edq09ilmeexseqx] Located 4 odds tabs: 1 X 2, Asian Handicap, Total Goals, Total Corners
2025-12-09 20:24:01,185 - src.scrapers.aiscore.odds_scraper - INFO - [edq09ilmeexseqx] Parsed 245/247 rows from '1 X 2' (2 failed)
2025-12-09 20:24:01,187 - src.scrapers.aiscore.odds_scraper - INFO - [edq09ilmeexseqx] Extracted 245 odds records from '1 X 2'
2025-12-09 20:24:02,562 - src.scrapers.aiscore.odds_scraper - INFO - [edq09ilmeexseqx] Parsed 206/247 rows from 'Asian Handicap' (41 failed)
2025-12-09 20:24:02,564 - src.scrapers.aiscore.odds_scraper - INFO - [edq09ilmeexseqx] Extracted 206 odds records from 'Asian Handicap'
2025-12-09 20:24:03,896 - src.scrapers.aiscore.odds_scraper - INFO - [edq09ilmeexseqx] Parsed 287/219 rows from 'Total Goals' (3 failed)
2025-12-09 20:24:03,898 - src.scrapers.aiscore.odds_scraper - INFO - [edq09ilmeexseqx] Extracted 287 odds records from 'Total Goals'
2025-12-09 20:24:05,231 - src.scrapers.aiscore.odds_scraper - INFO - [edq09ilmeexseqx] Parsed 171/290 rows from 'Total Corners' (1 failed)
2025-12-09 20:24:05,233 - src.scrapers.aiscore.odds_scraper - INFO - [edq09ilmeexseqx] Extracted 171 odds records from 'Total Corners'
2025-12-09 20:24:05,823 - src.scrapers.aiscore.odds_scraper - INFO - [edq09ilmeexseqx] Parsed 171/172 rows from 'Default' (1 failed)
2025-12-09 20:24:05,825 - src.scrapers.aiscore.odds_scraper - INFO - [edq09ilmeexseqx] Extracted 171 odds from default view
2025-12-09 20:24:05,939 - src.scrapers.aiscore.odds_scraper - INFO - Match data saved to: data/aiscore/matches/20251009/match_edq09ilmeexseqx.json
2025-12-09 20:24:09,572 - src.scrapers.aiscore.odds_scraper - INFO - [l6kegi8z08wcv75] Located 4 odds tabs: 1 X 2, Asian Handicap, Total Goals, Total Corners
2025-12-09 20:24:10,851 - src.scrapers.aiscore.odds_scraper - INFO - [l6kegi8z08wcv75] Parsed 131/132 rows from '1 X 2' (1 failed)
2025-12-09 20:24:10,852 - src.scrapers.aiscore.odds_scraper - INFO - [l6kegi8z08wcv75] Extracted 131 odds records from '1 X 2'
2025-12-09 20:24:12,232 - src.scrapers.aiscore.odds_scraper - INFO - [l6kegi8z08wcv75] Parsed 275/486 rows from 'Asian Handicap' (211 failed)
2025-12-09 20:24:12,236 - src.scrapers.aiscore.odds_scraper - INFO - [l6kegi8z08wcv75] Extracted 275 odds records from 'Asian Handicap'
2025-12-09 20:24:13,819 - src.scrapers.aiscore.odds_scraper - INFO - [l6kegi8z08wcv75] Parsed 450/486 rows from 'Total Goals' (2 failed)
2025-12-09 20:24:13,833 - src.scrapers.aiscore.odds_scraper - INFO - [l6kegi8z08wcv75] Extracted 450 odds records from 'Total Goals'
2025-12-09 20:24:15,218 - src.scrapers.aiscore.odds_scraper - INFO - [l6kegi8z08wcv75] Parsed 194/452 rows from 'Total Corners' (0 failed)
2025-12-09 20:24:15,222 - src.scrapers.aiscore.odds_scraper - INFO - [l6kegi8z08wcv75] Extracted 194 odds records from 'Total Corners'
2025-12-09 20:24:15,823 - src.scrapers.aiscore.odds_scraper - INFO - [l6kegi8z08wcv75] Parsed 194/194 rows from 'Default' (0 failed)
2025-12-09 20:24:15,825 - src.scrapers.aiscore.odds_scraper - INFO - [l6kegi8z08wcv75] Extracted 194 odds from default view
2025-12-09 20:24:16,090 - src.scrapers.aiscore.odds_scraper - INFO - Match data saved to: data/aiscore/matches/20251009/match_l6kegi8z08wcv75.json
2025-12-09 20:24:19,580 - src.scrapers.aiscore.odds_scraper - INFO - [vmqy9ivzdz3cgk9] Located 4 odds tabs: 1 X 2, Asian Handicap, Total Goals, Total Corners
2025-12-09 20:24:20,870 - src.scrapers.aiscore.odds_scraper - INFO - [vmqy9ivzdz3cgk9] Extracted 3 odds records from '1 X 2'
2025-12-09 20:24:23,386 - src.scrapers.aiscore.odds_scraper - INFO - [vmqy9ivzdz3cgk9] Extracted 4 odds records from 'Total Goals'
2025-12-09 20:24:25,573 - src.scrapers.aiscore.odds_scraper - INFO - Match data saved to: data/aiscore/matches/20251009/match_vmqy9ivzdz3cgk9.json
2025-12-09 20:24:25,665 - src.scrapers.aiscore.odds_scraper - INFO - Progress: 50/70 (71%) - Success: 44, Failed: 2, Total odds: 38850
2025-12-09 20:24:29,084 - src.scrapers.aiscore.odds_scraper - INFO - [jek33i813xzu9ko] Located 4 odds tabs: 1 X 2, Asian Handicap, Total Goals, Total Corners
2025-12-09 20:24:30,364 - src.scrapers.aiscore.odds_scraper - INFO - [jek33i813xzu9ko] Extracted 9 odds records from '1 X 2'
2025-12-09 20:24:31,617 - src.scrapers.aiscore.odds_scraper - INFO - [jek33i813xzu9ko] Extracted 1 odds records from 'Asian Handicap'
2025-12-09 20:24:32,924 - src.scrapers.aiscore.odds_scraper - INFO - [jek33i813xzu9ko] Parsed 116/98 rows from 'Total Goals' (8 failed)
2025-12-09 20:24:32,925 - src.scrapers.aiscore.odds_scraper - INFO - [jek33i813xzu9ko] Extracted 116 odds records from 'Total Goals'
2025-12-09 20:24:34,207 - src.scrapers.aiscore.odds_scraper - INFO - [jek33i813xzu9ko] Parsed 0/124 rows from 'Total Corners' (0 failed)
2025-12-09 20:24:35,058 - src.scrapers.aiscore.odds_scraper - INFO - Match data saved to: data/aiscore/matches/20251009/match_jek33i813xzu9ko.json
2025-12-09 20:24:38,695 - src.scrapers.aiscore.odds_scraper - INFO - [vmqy9ivzd8ytgk9] Located 4 odds tabs: 1 X 2, Asian Handicap, Total Goals, Total Corners
2025-12-09 20:24:39,975 - src.scrapers.aiscore.odds_scraper - INFO - [vmqy9ivzd8ytgk9] Parsed 200/200 rows from '1 X 2' (0 failed)
2025-12-09 20:24:39,991 - src.scrapers.aiscore.odds_scraper - INFO - [vmqy9ivzd8ytgk9] Extracted 200 odds records from '1 X 2'
2025-12-09 20:24:41,322 - src.scrapers.aiscore.odds_scraper - INFO - [vmqy9ivzd8ytgk9] Parsed 145/159 rows from 'Asian Handicap' (14 failed)
2025-12-09 20:24:41,327 - src.scrapers.aiscore.odds_scraper - INFO - [vmqy9ivzd8ytgk9] Extracted 145 odds records from 'Asian Handicap'
2025-12-09 20:24:42,641 - src.scrapers.aiscore.odds_scraper - INFO - [vmqy9ivzd8ytgk9] Parsed 276/159 rows from 'Total Goals' (0 failed)
2025-12-09 20:24:42,643 - src.scrapers.aiscore.odds_scraper - INFO - [vmqy9ivzd8ytgk9] Extracted 276 odds records from 'Total Goals'
2025-12-09 20:24:43,968 - src.scrapers.aiscore.odds_scraper - INFO - [vmqy9ivzd8ytgk9] Parsed 131/276 rows from 'Total Corners' (0 failed)
2025-12-09 20:24:43,970 - src.scrapers.aiscore.odds_scraper - INFO - [vmqy9ivzd8ytgk9] Extracted 131 odds records from 'Total Corners'
2025-12-09 20:24:44,539 - src.scrapers.aiscore.odds_scraper - INFO - [vmqy9ivzd8ytgk9] Parsed 131/131 rows from 'Default' (0 failed)
2025-12-09 20:24:44,540 - src.scrapers.aiscore.odds_scraper - INFO - [vmqy9ivzd8ytgk9] Extracted 131 odds from default view
2025-12-09 20:24:44,655 - src.scrapers.aiscore.odds_scraper - INFO - Match data saved to: data/aiscore/matches/20251009/match_vmqy9ivzd8ytgk9.json
2025-12-09 20:24:47,929 - src.scrapers.aiscore.odds_scraper - INFO - [jek33i813gvc9ko] Located 4 odds tabs: 1 X 2, Asian Handicap, Total Goals, Total Corners
2025-12-09 20:24:49,223 - src.scrapers.aiscore.odds_scraper - INFO - [jek33i813gvc9ko] Parsed 146/146 rows from '1 X 2' (0 failed)
2025-12-09 20:24:49,224 - src.scrapers.aiscore.odds_scraper - INFO - [jek33i813gvc9ko] Extracted 146 odds records from '1 X 2'
2025-12-09 20:24:50,522 - src.scrapers.aiscore.odds_scraper - INFO - [jek33i813gvc9ko] Parsed 274/146 rows from 'Asian Handicap' (8 failed)
2025-12-09 20:24:50,523 - src.scrapers.aiscore.odds_scraper - INFO - [jek33i813gvc9ko] Extracted 274 odds records from 'Asian Handicap'
2025-12-09 20:24:51,894 - src.scrapers.aiscore.odds_scraper - INFO - [jek33i813gvc9ko] Parsed 312/312 rows from 'Total Goals' (0 failed)
2025-12-09 20:24:51,895 - src.scrapers.aiscore.odds_scraper - INFO - [jek33i813gvc9ko] Extracted 312 odds records from 'Total Goals'
2025-12-09 20:24:53,232 - src.scrapers.aiscore.odds_scraper - INFO - [jek33i813gvc9ko] Parsed 0/312 rows from 'Total Corners' (0 failed)
2025-12-09 20:24:54,029 - src.scrapers.aiscore.odds_scraper - INFO - Match data saved to: data/aiscore/matches/20251009/match_jek33i813gvc9ko.json
2025-12-09 20:24:57,864 - src.scrapers.aiscore.odds_scraper - INFO - [l6kegi83ygrbv75] Located 4 odds tabs: 1 X 2, Asian Handicap, Total Goals, Total Corners
2025-12-09 20:24:59,121 - src.scrapers.aiscore.odds_scraper - INFO - [l6kegi83ygrbv75] Extracted 2 odds records from '1 X 2'
2025-12-09 20:25:01,665 - src.scrapers.aiscore.odds_scraper - INFO - [l6kegi83ygrbv75] Extracted 2 odds records from 'Total Goals'
2025-12-09 20:25:03,675 - src.scrapers.aiscore.odds_scraper - INFO - Match data saved to: data/aiscore/matches/20251009/match_l6kegi83ygrbv75.json
2025-12-09 20:25:07,226 - src.scrapers.aiscore.odds_scraper - INFO - [wv78xive3p4cokr] Located 4 odds tabs: 1 X 2, Asian Handicap, Total Goals, Total Corners
2025-12-09 20:25:08,524 - src.scrapers.aiscore.odds_scraper - INFO - [wv78xive3p4cokr] Parsed 218/219 rows from '1 X 2' (1 failed)
2025-12-09 20:25:08,526 - src.scrapers.aiscore.odds_scraper - INFO - [wv78xive3p4cokr] Extracted 218 odds records from '1 X 2'
2025-12-09 20:25:09,892 - src.scrapers.aiscore.odds_scraper - INFO - [wv78xive3p4cokr] Parsed 136/219 rows from 'Asian Handicap' (21 failed)
2025-12-09 20:25:09,893 - src.scrapers.aiscore.odds_scraper - INFO - [wv78xive3p4cokr] Extracted 136 odds records from 'Asian Handicap'
2025-12-09 20:25:11,244 - src.scrapers.aiscore.odds_scraper - INFO - [wv78xive3p4cokr] Parsed 272/157 rows from 'Total Goals' (1 failed)
2025-12-09 20:25:11,247 - src.scrapers.aiscore.odds_scraper - INFO - [wv78xive3p4cokr] Extracted 272 odds records from 'Total Goals'
2025-12-09 20:25:12,593 - src.scrapers.aiscore.odds_scraper - INFO - [wv78xive3p4cokr] Parsed 120/273 rows from 'Total Corners' (0 failed)
2025-12-09 20:25:12,595 - src.scrapers.aiscore.odds_scraper - INFO - [wv78xive3p4cokr] Extracted 120 odds records from 'Total Corners'
2025-12-09 20:25:13,186 - src.scrapers.aiscore.odds_scraper - INFO - [wv78xive3p4cokr] Parsed 120/120 rows from 'Default' (0 failed)
2025-12-09 20:25:13,188 - src.scrapers.aiscore.odds_scraper - INFO - [wv78xive3p4cokr] Extracted 120 odds from default view
2025-12-09 20:25:13,299 - src.scrapers.aiscore.odds_scraper - INFO - Match data saved to: data/aiscore/matches/20251009/match_wv78xive3p4cokr.json
2025-12-09 20:25:46,739 - src.scrapers.aiscore.odds_scraper - INFO - [63kv9ig239mix7e] No tabs found, attempting page refresh
2025-12-09 20:26:01,118 - src.scrapers.aiscore.odds_scraper - INFO - Match data saved to: data/aiscore/matches/20251009/match_63kv9ig239mix7e.json
2025-12-09 20:26:04,607 - src.scrapers.aiscore.odds_scraper - INFO - [o07dni5goyxfmkn] Located 4 odds tabs: 1 X 2, Asian Handicap, Total Goals, Total Corners
2025-12-09 20:26:05,944 - src.scrapers.aiscore.odds_scraper - INFO - [o07dni5goyxfmkn] Parsed 86/86 rows from '1 X 2' (0 failed)
2025-12-09 20:26:05,948 - src.scrapers.aiscore.odds_scraper - INFO - [o07dni5goyxfmkn] Extracted 86 odds records from '1 X 2'
2025-12-09 20:26:07,255 - src.scrapers.aiscore.odds_scraper - INFO - [o07dni5goyxfmkn] Parsed 172/86 rows from 'Asian Handicap' (1 failed)
2025-12-09 20:26:07,256 - src.scrapers.aiscore.odds_scraper - INFO - [o07dni5goyxfmkn] Extracted 172 odds records from 'Asian Handicap'
2025-12-09 20:26:08,576 - src.scrapers.aiscore.odds_scraper - INFO - [o07dni5goyxfmkn] Parsed 243/173 rows from 'Total Goals' (0 failed)
2025-12-09 20:26:08,579 - src.scrapers.aiscore.odds_scraper - INFO - [o07dni5goyxfmkn] Extracted 243 odds records from 'Total Goals'
2025-12-09 20:26:09,906 - src.scrapers.aiscore.odds_scraper - INFO - [o07dni5goyxfmkn] Parsed 0/243 rows from 'Total Corners' (0 failed)
2025-12-09 20:26:10,932 - src.scrapers.aiscore.odds_scraper - INFO - Match data saved to: data/aiscore/matches/20251009/match_o07dni5goyxfmkn.json
2025-12-09 20:26:14,410 - src.scrapers.aiscore.odds_scraper - INFO - [edq09iln8m3feqx] Located 4 odds tabs: 1 X 2, Asian Handicap, Total Goals, Total Corners
2025-12-09 20:26:15,661 - src.scrapers.aiscore.odds_scraper - INFO - [edq09iln8m3feqx] Parsed 175/175 rows from '1 X 2' (0 failed)
2025-12-09 20:26:15,665 - src.scrapers.aiscore.odds_scraper - INFO - [edq09iln8m3feqx] Extracted 175 odds records from '1 X 2'
2025-12-09 20:26:16,976 - src.scrapers.aiscore.odds_scraper - INFO - [edq09iln8m3feqx] Parsed 131/175 rows from 'Asian Handicap' (18 failed)
2025-12-09 20:26:16,977 - src.scrapers.aiscore.odds_scraper - INFO - [edq09iln8m3feqx] Extracted 131 odds records from 'Asian Handicap'
2025-12-09 20:26:18,283 - src.scrapers.aiscore.odds_scraper - INFO - [edq09iln8m3feqx] Parsed 225/149 rows from 'Total Goals' (0 failed)
2025-12-09 20:26:18,285 - src.scrapers.aiscore.odds_scraper - INFO - [edq09iln8m3feqx] Extracted 225 odds records from 'Total Goals'
2025-12-09 20:26:19,595 - src.scrapers.aiscore.odds_scraper - INFO - [edq09iln8m3feqx] Parsed 134/225 rows from 'Total Corners' (0 failed)
2025-12-09 20:26:19,610 - src.scrapers.aiscore.odds_scraper - INFO - [edq09iln8m3feqx] Extracted 134 odds records from 'Total Corners'
2025-12-09 20:26:20,187 - src.scrapers.aiscore.odds_scraper - INFO - [edq09iln8m3feqx] Parsed 134/134 rows from 'Default' (0 failed)
2025-12-09 20:26:20,195 - src.scrapers.aiscore.odds_scraper - INFO - [edq09iln8m3feqx] Extracted 134 odds from default view
2025-12-09 20:26:20,307 - src.scrapers.aiscore.odds_scraper - INFO - Match data saved to: data/aiscore/matches/20251009/match_edq09iln8m3feqx.json
2025-12-09 20:26:23,804 - src.scrapers.aiscore.odds_scraper - INFO - [jek33i813ojh9ko] Located 4 odds tabs: 1 X 2, Asian Handicap, Total Goals, Total Corners
2025-12-09 20:26:25,071 - src.scrapers.aiscore.odds_scraper - INFO - [jek33i813ojh9ko] Extracted 3 odds records from '1 X 2'
2025-12-09 20:26:27,590 - src.scrapers.aiscore.odds_scraper - INFO - [jek33i813ojh9ko] Extracted 3 odds records from 'Total Goals'
2025-12-09 20:26:29,633 - src.scrapers.aiscore.odds_scraper - INFO - Match data saved to: data/aiscore/matches/20251009/match_jek33i813ojh9ko.json
2025-12-09 20:27:02,506 - src.scrapers.aiscore.odds_scraper - INFO - [xvkjoi8vgd1t879] No tabs found, attempting page refresh
2025-12-09 20:27:16,956 - src.scrapers.aiscore.odds_scraper - INFO - Match data saved to: data/aiscore/matches/20251009/match_xvkjoi8vgd1t879.json
2025-12-09 20:27:17,049 - src.scrapers.aiscore.odds_scraper - INFO - Progress: 60/70 (86%) - Success: 52, Failed: 4, Total odds: 42767
2025-12-09 20:27:20,433 - src.scrapers.aiscore.odds_scraper - INFO - [oj7x9ixd80oi47g] Located 4 odds tabs: 1 X 2, Asian Handicap, Total Goals, Total Corners
2025-12-09 20:27:21,701 - src.scrapers.aiscore.odds_scraper - INFO - [oj7x9ixd80oi47g] Extracted 14 odds records from '1 X 2'
2025-12-09 20:27:22,981 - src.scrapers.aiscore.odds_scraper - INFO - [oj7x9ixd80oi47g] Extracted 155 odds records from 'Asian Handicap'
2025-12-09 20:27:24,293 - src.scrapers.aiscore.odds_scraper - INFO - [oj7x9ixd80oi47g] Parsed 227/159 rows from 'Total Goals' (1 failed)
2025-12-09 20:27:24,294 - src.scrapers.aiscore.odds_scraper - INFO - [oj7x9ixd80oi47g] Extracted 227 odds records from 'Total Goals'
2025-12-09 20:27:25,599 - src.scrapers.aiscore.odds_scraper - INFO - [oj7x9ixd80oi47g] Parsed 0/228 rows from 'Total Corners' (0 failed)
2025-12-09 20:27:26,414 - src.scrapers.aiscore.odds_scraper - INFO - Match data saved to: data/aiscore/matches/20251009/match_oj7x9ixd80oi47g.json
2025-12-09 20:27:59,601 - src.scrapers.aiscore.odds_scraper - INFO - [ndqmliwg5p0hrkv] No tabs found, attempting page refresh
2025-12-09 20:28:13,995 - src.scrapers.aiscore.odds_scraper - INFO - Match data saved to: data/aiscore/matches/20251009/match_ndqmliwg5p0hrkv.json
2025-12-09 20:28:17,799 - src.scrapers.aiscore.odds_scraper - INFO - [63kv9ig23rocx7e] Located 4 odds tabs: 1 X 2, Asian Handicap, Total Goals, Total Corners
2025-12-09 20:28:19,105 - src.scrapers.aiscore.odds_scraper - INFO - [63kv9ig23rocx7e] Parsed 170/170 rows from '1 X 2' (0 failed)
2025-12-09 20:28:19,110 - src.scrapers.aiscore.odds_scraper - INFO - [63kv9ig23rocx7e] Extracted 170 odds records from '1 X 2'
2025-12-09 20:28:20,452 - src.scrapers.aiscore.odds_scraper - INFO - [63kv9ig23rocx7e] Parsed 183/187 rows from 'Asian Handicap' (4 failed)
2025-12-09 20:28:20,454 - src.scrapers.aiscore.odds_scraper - INFO - [63kv9ig23rocx7e] Extracted 183 odds records from 'Asian Handicap'
2025-12-09 20:28:21,791 - src.scrapers.aiscore.odds_scraper - INFO - [63kv9ig23rocx7e] Parsed 251/251 rows from 'Total Goals' (0 failed)
2025-12-09 20:28:21,795 - src.scrapers.aiscore.odds_scraper - INFO - [63kv9ig23rocx7e] Extracted 251 odds records from 'Total Goals'
2025-12-09 20:28:23,976 - src.scrapers.aiscore.odds_scraper - INFO - Match data saved to: data/aiscore/matches/20251009/match_63kv9ig23rocx7e.json
2025-12-09 20:28:27,536 - src.scrapers.aiscore.odds_scraper - INFO - [69759ig01v2fgk2] Located 4 odds tabs: 1 X 2, Asian Handicap, Total Goals, Total Corners
2025-12-09 20:28:28,801 - src.scrapers.aiscore.odds_scraper - INFO - [69759ig01v2fgk2] Extracted 2 odds records from '1 X 2'
2025-12-09 20:28:31,331 - src.scrapers.aiscore.odds_scraper - INFO - [69759ig01v2fgk2] Extracted 2 odds records from 'Total Goals'
2025-12-09 20:28:33,541 - src.scrapers.aiscore.odds_scraper - INFO - Match data saved to: data/aiscore/matches/20251009/match_69759ig01v2fgk2.json
2025-12-09 20:28:37,475 - src.scrapers.aiscore.odds_scraper - INFO - [8lk2diryv44bz73] Located 4 odds tabs: 1 X 2, Asian Handicap, Total Goals, Total Corners
2025-12-09 20:28:38,737 - src.scrapers.aiscore.odds_scraper - INFO - [8lk2diryv44bz73] Extracted 1 odds records from '1 X 2'
2025-12-09 20:28:41,257 - src.scrapers.aiscore.odds_scraper - INFO - [8lk2diryv44bz73] Extracted 1 odds records from 'Total Goals'
2025-12-09 20:28:43,393 - src.scrapers.aiscore.odds_scraper - INFO - Match data saved to: data/aiscore/matches/20251009/match_8lk2diryv44bz73.json
2025-12-09 20:28:46,580 - src.scrapers.aiscore.odds_scraper - INFO - [8lk2diry9y1sz73] Located 4 odds tabs: 1 X 2, Asian Handicap, Total Goals, Total Corners
2025-12-09 20:28:47,872 - src.scrapers.aiscore.odds_scraper - INFO - [8lk2diry9y1sz73] Parsed 123/123 rows from '1 X 2' (0 failed)
2025-12-09 20:28:47,874 - src.scrapers.aiscore.odds_scraper - INFO - [8lk2diry9y1sz73] Extracted 123 odds records from '1 X 2'
2025-12-09 20:28:49,158 - src.scrapers.aiscore.odds_scraper - INFO - [8lk2diry9y1sz73] Parsed 91/123 rows from 'Asian Handicap' (0 failed)
2025-12-09 20:28:49,160 - src.scrapers.aiscore.odds_scraper - INFO - [8lk2diry9y1sz73] Extracted 91 odds records from 'Asian Handicap'
2025-12-09 20:28:50,450 - src.scrapers.aiscore.odds_scraper - INFO - [8lk2diry9y1sz73] Parsed 250/91 rows from 'Total Goals' (0 failed)
2025-12-09 20:28:50,451 - src.scrapers.aiscore.odds_scraper - INFO - [8lk2diry9y1sz73] Extracted 250 odds records from 'Total Goals'
2025-12-09 20:28:52,735 - src.scrapers.aiscore.odds_scraper - INFO - Match data saved to: data/aiscore/matches/20251009/match_8lk2diry9y1sz73.json
2025-12-09 20:28:55,911 - src.scrapers.aiscore.odds_scraper - INFO - [o17pjion3zluy7j] Located 4 odds tabs: 1 X 2, Asian Handicap, Total Goals, Total Corners
2025-12-09 20:28:57,176 - src.scrapers.aiscore.odds_scraper - INFO - [o17pjion3zluy7j] Parsed 141/141 rows from '1 X 2' (0 failed)
2025-12-09 20:28:57,180 - src.scrapers.aiscore.odds_scraper - INFO - [o17pjion3zluy7j] Extracted 141 odds records from '1 X 2'
2025-12-09 20:28:58,529 - src.scrapers.aiscore.odds_scraper - INFO - [o17pjion3zluy7j] Parsed 145/141 rows from 'Asian Handicap' (36 failed)
2025-12-09 20:28:58,531 - src.scrapers.aiscore.odds_scraper - INFO - [o17pjion3zluy7j] Extracted 145 odds records from 'Asian Handicap'
2025-12-09 20:28:59,873 - src.scrapers.aiscore.odds_scraper - INFO - [o17pjion3zluy7j] Parsed 299/181 rows from 'Total Goals' (1 failed)
2025-12-09 20:28:59,875 - src.scrapers.aiscore.odds_scraper - INFO - [o17pjion3zluy7j] Extracted 299 odds records from 'Total Goals'
2025-12-09 20:29:01,196 - src.scrapers.aiscore.odds_scraper - INFO - [o17pjion3zluy7j] Parsed 0/300 rows from 'Total Corners' (0 failed)
2025-12-09 20:29:02,070 - src.scrapers.aiscore.odds_scraper - INFO - Match data saved to: data/aiscore/matches/20251009/match_o17pjion3zluy7j.json
2025-12-09 20:29:06,840 - src.scrapers.aiscore.odds_scraper - INFO - [8lk2diryv10uz73] Located 4 odds tabs: 1 X 2, Asian Handicap, Total Goals, Total Corners
2025-12-09 20:29:08,185 - src.scrapers.aiscore.odds_scraper - INFO - [8lk2diryv10uz73] Parsed 129/129 rows from '1 X 2' (0 failed)
2025-12-09 20:29:08,187 - src.scrapers.aiscore.odds_scraper - INFO - [8lk2diryv10uz73] Extracted 129 odds records from '1 X 2'
2025-12-09 20:29:09,502 - src.scrapers.aiscore.odds_scraper - INFO - [8lk2diryv10uz73] Parsed 103/129 rows from 'Asian Handicap' (0 failed)
2025-12-09 20:29:09,504 - src.scrapers.aiscore.odds_scraper - INFO - [8lk2diryv10uz73] Extracted 103 odds records from 'Asian Handicap'
2025-12-09 20:29:10,788 - src.scrapers.aiscore.odds_scraper - INFO - [8lk2diryv10uz73] Parsed 172/103 rows from 'Total Goals' (0 failed)
2025-12-09 20:29:10,792 - src.scrapers.aiscore.odds_scraper - INFO - [8lk2diryv10uz73] Extracted 172 odds records from 'Total Goals'
2025-12-09 20:29:13,017 - src.scrapers.aiscore.odds_scraper - INFO - Match data saved to: data/aiscore/matches/20251009/match_8lk2diryv10uz73.json
2025-12-09 20:29:17,353 - src.scrapers.aiscore.odds_scraper - INFO - [g6763i53046uo7r] Located 4 odds tabs: 1 X 2, Asian Handicap, Total Goals, Total Corners
2025-12-09 20:29:18,665 - src.scrapers.aiscore.odds_scraper - INFO - [g6763i53046uo7r] Parsed 174/174 rows from '1 X 2' (0 failed)
2025-12-09 20:29:18,669 - src.scrapers.aiscore.odds_scraper - INFO - [g6763i53046uo7r] Extracted 174 odds records from '1 X 2'
2025-12-09 20:29:20,001 - src.scrapers.aiscore.odds_scraper - INFO - [g6763i53046uo7r] Parsed 234/174 rows from 'Asian Handicap' (8 failed)
2025-12-09 20:29:20,003 - src.scrapers.aiscore.odds_scraper - INFO - [g6763i53046uo7r] Extracted 234 odds records from 'Asian Handicap'
2025-12-09 20:29:21,370 - src.scrapers.aiscore.odds_scraper - INFO - [g6763i53046uo7r] Parsed 288/242 rows from 'Total Goals' (0 failed)
2025-12-09 20:29:21,372 - src.scrapers.aiscore.odds_scraper - INFO - [g6763i53046uo7r] Extracted 288 odds records from 'Total Goals'
2025-12-09 20:29:22,698 - src.scrapers.aiscore.odds_scraper - INFO - [g6763i53046uo7r] Parsed 0/288 rows from 'Total Corners' (0 failed)
2025-12-09 20:29:23,961 - src.scrapers.aiscore.odds_scraper - INFO - Match data saved to: data/aiscore/matches/20251009/match_g6763i53046uo7r.json
2025-12-09 20:29:27,925 - src.scrapers.aiscore.odds_scraper - INFO - [9gklzi1pnd0bm7x] Located 4 odds tabs: 1 X 2, Asian Handicap, Total Goals, Total Corners
2025-12-09 20:29:29,209 - src.scrapers.aiscore.odds_scraper - INFO - [9gklzi1pnd0bm7x] Parsed 288/288 rows from '1 X 2' (0 failed)
2025-12-09 20:29:29,215 - src.scrapers.aiscore.odds_scraper - INFO - [9gklzi1pnd0bm7x] Extracted 288 odds records from '1 X 2'
2025-12-09 20:29:30,591 - src.scrapers.aiscore.odds_scraper - INFO - [9gklzi1pnd0bm7x] Parsed 143/288 rows from 'Asian Handicap' (144 failed)
2025-12-09 20:29:30,594 - src.scrapers.aiscore.odds_scraper - INFO - [9gklzi1pnd0bm7x] Extracted 143 odds records from 'Asian Handicap'
2025-12-09 20:29:31,935 - src.scrapers.aiscore.odds_scraper - INFO - [9gklzi1pnd0bm7x] Parsed 441/287 rows from 'Total Goals' (0 failed)
2025-12-09 20:29:31,937 - src.scrapers.aiscore.odds_scraper - INFO - [9gklzi1pnd0bm7x] Extracted 441 odds records from 'Total Goals'
2025-12-09 20:29:33,314 - src.scrapers.aiscore.odds_scraper - INFO - [9gklzi1pnd0bm7x] Parsed 159/441 rows from 'Total Corners' (0 failed)
2025-12-09 20:29:33,323 - src.scrapers.aiscore.odds_scraper - INFO - [9gklzi1pnd0bm7x] Extracted 159 odds records from 'Total Corners'
2025-12-09 20:29:33,888 - src.scrapers.aiscore.odds_scraper - INFO - [9gklzi1pnd0bm7x] Parsed 159/159 rows from 'Default' (0 failed)
2025-12-09 20:29:33,889 - src.scrapers.aiscore.odds_scraper - INFO - [9gklzi1pnd0bm7x] Extracted 159 odds from default view
2025-12-09 20:29:34,041 - src.scrapers.aiscore.odds_scraper - INFO - Match data saved to: data/aiscore/matches/20251009/match_9gklzi1pnd0bm7x.json
2025-12-09 20:29:34,111 - src.scrapers.aiscore.odds_scraper - INFO - Progress: 70/70 (100%) - Success: 61, Failed: 5, Total odds: 47112
2025-12-09 20:29:34,613 - src.scrapers.aiscore.odds_scraper - INFO - Scraping complete for 20251009: 61/70 successful (87.1%), 47112 total odds extracted
2025-12-09 20:29:34,617 - __main__ - INFO - Odds scraping for 20251009 took 835.67s
2025-12-09 20:29:34,724 - src.scrapers.aiscore.browser - INFO - Browser closed
2025-12-09 20:29:38,571 - src.scrapers.aiscore.bronze_storage - INFO - Compressed 20251009: 66 files, 17.09 MB -> 0.57 MB (saved 97%)
2025-12-09 20:29:38,572 - __main__ - INFO - Compressed 66 files for 20251009: saved 16.52 MB (97% reduction)
2025-12-09 20:53:17,568 - root - INFO - ================================================================================
2025-12-09 20:53:17,569 - root - INFO - 📝 Logging initialized
2025-12-09 20:53:17,570 - root - INFO -    Log file: /app/logs/aiscore_scraper_odds_20251009.log
2025-12-09 20:53:17,575 - root - INFO -    Console level: INFO and above
2025-12-09 20:53:17,576 - root - INFO -    File level: INFO and above
2025-12-09 20:53:17,579 - root - INFO -    File handler: ✓ Active
2025-12-09 20:53:17,583 - root - INFO - ================================================================================
2025-12-09 20:53:17,639 - src.scrapers.aiscore.odds_scraper - INFO - Starting odds scrape for 20251009: 0 pending, 70 already processed
2025-12-09 20:53:17,641 - src.scrapers.aiscore.browser - INFO - Using Chrome binary: /usr/bin/chromium
2025-12-09 20:53:17,641 - src.scrapers.aiscore.browser - INFO - Using pre-installed ChromeDriver at: /usr/bin/chromedriver
2025-12-09 20:53:17,882 - src.scrapers.aiscore.browser - INFO - Browser created successfully
2025-12-09 20:53:17,883 - src.scrapers.aiscore.odds_scraper - INFO - Scraping complete for 20251009: 61/70 successful (87.1%), 0 total odds extracted
2025-12-09 20:53:17,884 - __main__ - INFO - Odds scraping for 20251009 took 0.25s
2025-12-09 20:53:17,945 - src.scrapers.aiscore.browser - INFO - Browser closed
2025-12-09 20:54:11,575 - root - INFO - ================================================================================
2025-12-09 20:54:11,576 - root - INFO - 📝 Logging initialized
2025-12-09 20:54:11,578 - root - INFO -    Log file: /app/logs/aiscore_scraper_odds_20251009.log
2025-12-09 20:54:11,579 - root - INFO -    Console level: INFO and above
2025-12-09 20:54:11,581 - root - INFO -    File level: INFO and above
2025-12-09 20:54:11,582 - root - INFO -    File handler: ✓ Active
2025-12-09 20:54:11,583 - root - INFO - ================================================================================
2025-12-09 20:54:11,628 - src.scrapers.aiscore.odds_scraper - INFO - Starting odds scrape for 20251009: 0 to scrape (n/a + pending), 70 skipped (success/failed/forbidden)
2025-12-09 20:54:11,630 - src.scrapers.aiscore.browser - INFO - Using Chrome binary: /usr/bin/chromium
2025-12-09 20:54:11,630 - src.scrapers.aiscore.browser - INFO - Using pre-installed ChromeDriver at: /usr/bin/chromedriver
2025-12-09 20:54:11,922 - src.scrapers.aiscore.browser - INFO - Browser created successfully
2025-12-09 20:54:11,923 - src.scrapers.aiscore.odds_scraper - INFO - Scraping complete for 20251009: 61/70 successful (87.1%), 0 total odds extracted
2025-12-09 20:54:11,924 - __main__ - INFO - Odds scraping for 20251009 took 0.30s
2025-12-09 20:54:11,986 - src.scrapers.aiscore.browser - INFO - Browser closed
