2025-12-09 20:33:16,485 - root - INFO - ================================================================================
2025-12-09 20:33:16,486 - root - INFO - 📝 Logging initialized
2025-12-09 20:33:16,488 - root - INFO -    Log file: /app/logs/aiscore_scraper_odds_20251010.log
2025-12-09 20:33:16,493 - root - INFO -    Console level: INFO and above
2025-12-09 20:33:16,496 - root - INFO -    File level: INFO and above
2025-12-09 20:33:16,498 - root - INFO -    File handler: ✓ Active
2025-12-09 20:33:16,501 - root - INFO - ================================================================================
2025-12-09 20:33:16,578 - src.scrapers.aiscore.odds_scraper - INFO - Starting odds scrape for 20251010: 62 pending, 4 already processed
2025-12-09 20:33:16,579 - src.scrapers.aiscore.browser - INFO - Using Chrome binary: /usr/bin/chromium
2025-12-09 20:33:16,580 - src.scrapers.aiscore.browser - INFO - Using pre-installed ChromeDriver at: /usr/bin/chromedriver
2025-12-09 20:33:16,847 - src.scrapers.aiscore.browser - INFO - Browser created successfully
2025-12-09 20:33:52,643 - src.scrapers.aiscore.odds_scraper - INFO - [edq09i4pvomueqx] No tabs found, attempting page refresh
2025-12-09 20:34:11,144 - src.scrapers.aiscore.odds_scraper - INFO - Match data saved to: data/aiscore/matches/20251010/match_edq09i4pvomueqx.json
2025-12-09 20:34:14,881 - src.scrapers.aiscore.odds_scraper - INFO - [m2q15ipejw6he76] Located 4 odds tabs: 1 X 2, Asian Handicap, Total Goals, Total Corners
2025-12-09 20:34:16,267 - src.scrapers.aiscore.odds_scraper - INFO - [m2q15ipejw6he76] Parsed 230/230 rows from '1 X 2' (0 failed)
2025-12-09 20:34:16,268 - src.scrapers.aiscore.odds_scraper - INFO - [m2q15ipejw6he76] Extracted 230 odds records from '1 X 2'
2025-12-09 20:34:17,594 - src.scrapers.aiscore.odds_scraper - INFO - [m2q15ipejw6he76] Parsed 182/230 rows from 'Asian Handicap' (48 failed)
2025-12-09 20:34:17,624 - src.scrapers.aiscore.odds_scraper - INFO - [m2q15ipejw6he76] Extracted 182 odds records from 'Asian Handicap'
2025-12-09 20:34:19,007 - src.scrapers.aiscore.odds_scraper - INFO - [m2q15ipejw6he76] Parsed 217/183 rows from 'Total Goals' (0 failed)
2025-12-09 20:34:19,009 - src.scrapers.aiscore.odds_scraper - INFO - [m2q15ipejw6he76] Extracted 217 odds records from 'Total Goals'
2025-12-09 20:34:20,324 - src.scrapers.aiscore.odds_scraper - INFO - [m2q15ipejw6he76] Parsed 139/139 rows from 'Total Corners' (0 failed)
2025-12-09 20:34:20,326 - src.scrapers.aiscore.odds_scraper - INFO - [m2q15ipejw6he76] Extracted 139 odds records from 'Total Corners'
2025-12-09 20:34:20,906 - src.scrapers.aiscore.odds_scraper - INFO - [m2q15ipejw6he76] Parsed 139/139 rows from 'Default' (0 failed)
2025-12-09 20:34:20,907 - src.scrapers.aiscore.odds_scraper - INFO - [m2q15ipejw6he76] Extracted 139 odds from default view
2025-12-09 20:34:21,060 - src.scrapers.aiscore.odds_scraper - INFO - Match data saved to: data/aiscore/matches/20251010/match_m2q15ipejw6he76.json
2025-12-09 20:34:24,746 - src.scrapers.aiscore.odds_scraper - INFO - [vrqwnig8x3lc4qn] Located 4 odds tabs: 1 X 2, Asian Handicap, Total Goals, Total Corners
2025-12-09 20:34:26,064 - src.scrapers.aiscore.odds_scraper - INFO - [vrqwnig8x3lc4qn] Parsed 204/204 rows from '1 X 2' (0 failed)
2025-12-09 20:34:26,109 - src.scrapers.aiscore.odds_scraper - INFO - [vrqwnig8x3lc4qn] Extracted 204 odds records from '1 X 2'
2025-12-09 20:34:27,426 - src.scrapers.aiscore.odds_scraper - INFO - [vrqwnig8x3lc4qn] Parsed 143/204 rows from 'Asian Handicap' (71 failed)
2025-12-09 20:34:27,431 - src.scrapers.aiscore.odds_scraper - INFO - [vrqwnig8x3lc4qn] Extracted 143 odds records from 'Asian Handicap'
2025-12-09 20:34:28,770 - src.scrapers.aiscore.odds_scraper - INFO - [vrqwnig8x3lc4qn] Parsed 283/214 rows from 'Total Goals' (1 failed)
2025-12-09 20:34:28,771 - src.scrapers.aiscore.odds_scraper - INFO - [vrqwnig8x3lc4qn] Extracted 283 odds records from 'Total Goals'
2025-12-09 20:34:30,086 - src.scrapers.aiscore.odds_scraper - INFO - [vrqwnig8x3lc4qn] Parsed 162/284 rows from 'Total Corners' (0 failed)
2025-12-09 20:34:30,088 - src.scrapers.aiscore.odds_scraper - INFO - [vrqwnig8x3lc4qn] Extracted 162 odds records from 'Total Corners'
2025-12-09 20:34:30,657 - src.scrapers.aiscore.odds_scraper - INFO - [vrqwnig8x3lc4qn] Parsed 162/162 rows from 'Default' (0 failed)
2025-12-09 20:34:30,658 - src.scrapers.aiscore.odds_scraper - INFO - [vrqwnig8x3lc4qn] Extracted 162 odds from default view
2025-12-09 20:34:30,808 - src.scrapers.aiscore.odds_scraper - INFO - Match data saved to: data/aiscore/matches/20251010/match_vrqwnig8x3lc4qn.json
2025-12-09 20:34:35,563 - src.scrapers.aiscore.odds_scraper - INFO - [8lk2dixoj61uz73] Located 4 odds tabs: 1 X 2, Asian Handicap, Total Goals, Total Corners
2025-12-09 20:34:36,896 - src.scrapers.aiscore.odds_scraper - INFO - [8lk2dixoj61uz73] Parsed 286/286 rows from '1 X 2' (0 failed)
2025-12-09 20:34:36,898 - src.scrapers.aiscore.odds_scraper - INFO - [8lk2dixoj61uz73] Extracted 286 odds records from '1 X 2'
2025-12-09 20:34:38,267 - src.scrapers.aiscore.odds_scraper - INFO - [8lk2dixoj61uz73] Parsed 254/286 rows from 'Asian Handicap' (32 failed)
2025-12-09 20:34:38,268 - src.scrapers.aiscore.odds_scraper - INFO - [8lk2dixoj61uz73] Extracted 254 odds records from 'Asian Handicap'
2025-12-09 20:34:39,716 - src.scrapers.aiscore.odds_scraper - INFO - [8lk2dixoj61uz73] Parsed 358/380 rows from 'Total Goals' (0 failed)
2025-12-09 20:34:39,718 - src.scrapers.aiscore.odds_scraper - INFO - [8lk2dixoj61uz73] Extracted 358 odds records from 'Total Goals'
2025-12-09 20:34:41,040 - src.scrapers.aiscore.odds_scraper - INFO - [8lk2dixoj61uz73] Parsed 125/125 rows from 'Total Corners' (0 failed)
2025-12-09 20:34:41,041 - src.scrapers.aiscore.odds_scraper - INFO - [8lk2dixoj61uz73] Extracted 125 odds records from 'Total Corners'
2025-12-09 20:34:41,621 - src.scrapers.aiscore.odds_scraper - INFO - [8lk2dixoj61uz73] Parsed 125/125 rows from 'Default' (0 failed)
2025-12-09 20:34:41,622 - src.scrapers.aiscore.odds_scraper - INFO - [8lk2dixoj61uz73] Extracted 125 odds from default view
2025-12-09 20:34:41,832 - src.scrapers.aiscore.odds_scraper - INFO - Match data saved to: data/aiscore/matches/20251010/match_8lk2dixoj61uz73.json
2025-12-09 20:34:45,468 - src.scrapers.aiscore.odds_scraper - INFO - [9gklzi4yz68um7x] Located 4 odds tabs: 1 X 2, Asian Handicap, Total Goals, Total Corners
2025-12-09 20:34:46,846 - src.scrapers.aiscore.odds_scraper - INFO - [9gklzi4yz68um7x] Parsed 181/181 rows from '1 X 2' (0 failed)
2025-12-09 20:34:46,847 - src.scrapers.aiscore.odds_scraper - INFO - [9gklzi4yz68um7x] Extracted 181 odds records from '1 X 2'
2025-12-09 20:34:48,164 - src.scrapers.aiscore.odds_scraper - INFO - [9gklzi4yz68um7x] Parsed 86/181 rows from 'Asian Handicap' (37 failed)
2025-12-09 20:34:48,166 - src.scrapers.aiscore.odds_scraper - INFO - [9gklzi4yz68um7x] Extracted 86 odds records from 'Asian Handicap'
2025-12-09 20:34:49,474 - src.scrapers.aiscore.odds_scraper - INFO - [9gklzi4yz68um7x] Parsed 229/123 rows from 'Total Goals' (0 failed)
2025-12-09 20:34:49,476 - src.scrapers.aiscore.odds_scraper - INFO - [9gklzi4yz68um7x] Extracted 229 odds records from 'Total Goals'
2025-12-09 20:34:50,769 - src.scrapers.aiscore.odds_scraper - INFO - [9gklzi4yz68um7x] Parsed 124/124 rows from 'Total Corners' (0 failed)
2025-12-09 20:34:50,770 - src.scrapers.aiscore.odds_scraper - INFO - [9gklzi4yz68um7x] Extracted 124 odds records from 'Total Corners'
2025-12-09 20:34:51,349 - src.scrapers.aiscore.odds_scraper - INFO - [9gklzi4yz68um7x] Parsed 124/124 rows from 'Default' (0 failed)
2025-12-09 20:34:51,351 - src.scrapers.aiscore.odds_scraper - INFO - [9gklzi4yz68um7x] Extracted 124 odds from default view
2025-12-09 20:34:51,525 - src.scrapers.aiscore.odds_scraper - INFO - Match data saved to: data/aiscore/matches/20251010/match_9gklzi4yz68um7x.json
2025-12-09 20:34:55,019 - src.scrapers.aiscore.odds_scraper - INFO - [o17pjijr2ygay7j] Located 4 odds tabs: 1 X 2, Asian Handicap, Total Goals, Total Corners
2025-12-09 20:34:56,442 - src.scrapers.aiscore.odds_scraper - INFO - [o17pjijr2ygay7j] Parsed 301/301 rows from '1 X 2' (0 failed)
2025-12-09 20:34:56,446 - src.scrapers.aiscore.odds_scraper - INFO - [o17pjijr2ygay7j] Extracted 301 odds records from '1 X 2'
2025-12-09 20:34:57,920 - src.scrapers.aiscore.odds_scraper - INFO - [o17pjijr2ygay7j] Parsed 241/290 rows from 'Asian Handicap' (49 failed)
2025-12-09 20:34:57,924 - src.scrapers.aiscore.odds_scraper - INFO - [o17pjijr2ygay7j] Extracted 241 odds records from 'Asian Handicap'
2025-12-09 20:34:59,325 - src.scrapers.aiscore.odds_scraper - INFO - [o17pjijr2ygay7j] Parsed 301/290 rows from 'Total Goals' (0 failed)
2025-12-09 20:34:59,332 - src.scrapers.aiscore.odds_scraper - INFO - [o17pjijr2ygay7j] Extracted 301 odds records from 'Total Goals'
2025-12-09 20:35:00,671 - src.scrapers.aiscore.odds_scraper - INFO - [o17pjijr2ygay7j] Parsed 172/301 rows from 'Total Corners' (0 failed)
2025-12-09 20:35:00,675 - src.scrapers.aiscore.odds_scraper - INFO - [o17pjijr2ygay7j] Extracted 172 odds records from 'Total Corners'
2025-12-09 20:35:01,246 - src.scrapers.aiscore.odds_scraper - INFO - [o17pjijr2ygay7j] Parsed 172/172 rows from 'Default' (0 failed)
2025-12-09 20:35:01,250 - src.scrapers.aiscore.odds_scraper - INFO - [o17pjijr2ygay7j] Extracted 172 odds from default view
2025-12-09 20:35:01,730 - src.scrapers.aiscore.odds_scraper - INFO - Match data saved to: data/aiscore/matches/20251010/match_o17pjijr2ygay7j.json
2025-12-09 20:35:05,360 - src.scrapers.aiscore.odds_scraper - INFO - [34kgmizyr40feko] Located 4 odds tabs: 1 X 2, Asian Handicap, Total Goals, Total Corners
2025-12-09 20:35:06,813 - src.scrapers.aiscore.odds_scraper - INFO - [34kgmizyr40feko] Parsed 261/261 rows from '1 X 2' (0 failed)
2025-12-09 20:35:06,814 - src.scrapers.aiscore.odds_scraper - INFO - [34kgmizyr40feko] Extracted 261 odds records from '1 X 2'
2025-12-09 20:35:08,184 - src.scrapers.aiscore.odds_scraper - INFO - [34kgmizyr40feko] Parsed 186/236 rows from 'Asian Handicap' (50 failed)
2025-12-09 20:35:08,186 - src.scrapers.aiscore.odds_scraper - INFO - [34kgmizyr40feko] Extracted 186 odds records from 'Asian Handicap'
2025-12-09 20:35:09,745 - src.scrapers.aiscore.odds_scraper - INFO - [34kgmizyr40feko] Parsed 305/305 rows from 'Total Goals' (0 failed)
2025-12-09 20:35:09,749 - src.scrapers.aiscore.odds_scraper - INFO - [34kgmizyr40feko] Extracted 305 odds records from 'Total Goals'
2025-12-09 20:35:11,114 - src.scrapers.aiscore.odds_scraper - INFO - [34kgmizyr40feko] Parsed 163/305 rows from 'Total Corners' (0 failed)
2025-12-09 20:35:11,120 - src.scrapers.aiscore.odds_scraper - INFO - [34kgmizyr40feko] Extracted 163 odds records from 'Total Corners'
2025-12-09 20:35:11,710 - src.scrapers.aiscore.odds_scraper - INFO - [34kgmizyr40feko] Parsed 163/163 rows from 'Default' (0 failed)
2025-12-09 20:35:11,712 - src.scrapers.aiscore.odds_scraper - INFO - [34kgmizyr40feko] Extracted 163 odds from default view
2025-12-09 20:35:11,857 - src.scrapers.aiscore.odds_scraper - INFO - Match data saved to: data/aiscore/matches/20251010/match_34kgmizyr40feko.json
2025-12-09 20:35:15,637 - src.scrapers.aiscore.odds_scraper - INFO - [o17pjijr2l6fy7j] Located 4 odds tabs: 1 X 2, Asian Handicap, Total Goals, Total Corners
2025-12-09 20:35:16,930 - src.scrapers.aiscore.odds_scraper - INFO - [o17pjijr2l6fy7j] Extracted 37 odds records from '1 X 2'
2025-12-09 20:35:18,223 - src.scrapers.aiscore.odds_scraper - INFO - [o17pjijr2l6fy7j] Extracted 293 odds records from 'Asian Handicap'
2025-12-09 20:35:19,782 - src.scrapers.aiscore.odds_scraper - INFO - [o17pjijr2l6fy7j] Parsed 374/374 rows from 'Total Goals' (0 failed)
2025-12-09 20:35:19,785 - src.scrapers.aiscore.odds_scraper - INFO - [o17pjijr2l6fy7j] Extracted 374 odds records from 'Total Goals'
2025-12-09 20:35:21,153 - src.scrapers.aiscore.odds_scraper - INFO - [o17pjijr2l6fy7j] Parsed 189/374 rows from 'Total Corners' (1 failed)
2025-12-09 20:35:21,155 - src.scrapers.aiscore.odds_scraper - INFO - [o17pjijr2l6fy7j] Extracted 189 odds records from 'Total Corners'
2025-12-09 20:35:21,738 - src.scrapers.aiscore.odds_scraper - INFO - [o17pjijr2l6fy7j] Parsed 189/190 rows from 'Default' (1 failed)
2025-12-09 20:35:21,742 - src.scrapers.aiscore.odds_scraper - INFO - [o17pjijr2l6fy7j] Extracted 189 odds from default view
2025-12-09 20:35:21,918 - src.scrapers.aiscore.odds_scraper - INFO - Match data saved to: data/aiscore/matches/20251010/match_o17pjijr2l6fy7j.json
2025-12-09 20:35:25,536 - src.scrapers.aiscore.odds_scraper - INFO - [wv78xi8d0zmaokr] Located 4 odds tabs: 1 X 2, Asian Handicap, Total Goals, Total Corners
2025-12-09 20:35:26,839 - src.scrapers.aiscore.odds_scraper - INFO - [wv78xi8d0zmaokr] Parsed 112/112 rows from '1 X 2' (0 failed)
2025-12-09 20:35:26,840 - src.scrapers.aiscore.odds_scraper - INFO - [wv78xi8d0zmaokr] Extracted 112 odds records from '1 X 2'
2025-12-09 20:35:28,125 - src.scrapers.aiscore.odds_scraper - INFO - [wv78xi8d0zmaokr] Parsed 90/112 rows from 'Asian Handicap' (22 failed)
2025-12-09 20:35:28,126 - src.scrapers.aiscore.odds_scraper - INFO - [wv78xi8d0zmaokr] Extracted 90 odds records from 'Asian Handicap'
2025-12-09 20:35:29,573 - src.scrapers.aiscore.odds_scraper - INFO - [wv78xi8d0zmaokr] Parsed 308/308 rows from 'Total Goals' (0 failed)
2025-12-09 20:35:29,574 - src.scrapers.aiscore.odds_scraper - INFO - [wv78xi8d0zmaokr] Extracted 308 odds records from 'Total Goals'
2025-12-09 20:35:30,900 - src.scrapers.aiscore.odds_scraper - INFO - [wv78xi8d0zmaokr] Parsed 152/334 rows from 'Total Corners' (0 failed)
2025-12-09 20:35:30,901 - src.scrapers.aiscore.odds_scraper - INFO - [wv78xi8d0zmaokr] Extracted 152 odds records from 'Total Corners'
2025-12-09 20:35:31,476 - src.scrapers.aiscore.odds_scraper - INFO - [wv78xi8d0zmaokr] Parsed 152/152 rows from 'Default' (0 failed)
2025-12-09 20:35:31,478 - src.scrapers.aiscore.odds_scraper - INFO - [wv78xi8d0zmaokr] Extracted 152 odds from default view
2025-12-09 20:35:31,575 - src.scrapers.aiscore.odds_scraper - INFO - Match data saved to: data/aiscore/matches/20251010/match_wv78xi8d0zmaokr.json
2025-12-09 20:35:35,110 - src.scrapers.aiscore.odds_scraper - INFO - [zrkn6iv6xm6twql] Located 4 odds tabs: 1 X 2, Asian Handicap, Total Goals, Total Corners
2025-12-09 20:35:36,426 - src.scrapers.aiscore.odds_scraper - INFO - [zrkn6iv6xm6twql] Parsed 294/294 rows from '1 X 2' (0 failed)
2025-12-09 20:35:36,427 - src.scrapers.aiscore.odds_scraper - INFO - [zrkn6iv6xm6twql] Extracted 294 odds records from '1 X 2'
2025-12-09 20:35:37,804 - src.scrapers.aiscore.odds_scraper - INFO - [zrkn6iv6xm6twql] Parsed 187/260 rows from 'Asian Handicap' (73 failed)
2025-12-09 20:35:37,806 - src.scrapers.aiscore.odds_scraper - INFO - [zrkn6iv6xm6twql] Extracted 187 odds records from 'Asian Handicap'
2025-12-09 20:35:39,148 - src.scrapers.aiscore.odds_scraper - INFO - [zrkn6iv6xm6twql] Parsed 279/279 rows from 'Total Goals' (0 failed)
2025-12-09 20:35:39,176 - src.scrapers.aiscore.odds_scraper - INFO - [zrkn6iv6xm6twql] Extracted 279 odds records from 'Total Goals'
2025-12-09 20:35:40,529 - src.scrapers.aiscore.odds_scraper - INFO - [zrkn6iv6xm6twql] Parsed 161/161 rows from 'Total Corners' (0 failed)
2025-12-09 20:35:40,530 - src.scrapers.aiscore.odds_scraper - INFO - [zrkn6iv6xm6twql] Extracted 161 odds records from 'Total Corners'
2025-12-09 20:35:41,127 - src.scrapers.aiscore.odds_scraper - INFO - [zrkn6iv6xm6twql] Parsed 161/161 rows from 'Default' (0 failed)
2025-12-09 20:35:41,130 - src.scrapers.aiscore.odds_scraper - INFO - [zrkn6iv6xm6twql] Extracted 161 odds from default view
2025-12-09 20:35:41,266 - src.scrapers.aiscore.odds_scraper - INFO - Match data saved to: data/aiscore/matches/20251010/match_zrkn6iv6xm6twql.json
2025-12-09 20:35:45,025 - src.scrapers.aiscore.odds_scraper - INFO - [m2q15iplv23se76] Located 4 odds tabs: 1 X 2, Asian Handicap, Total Goals, Total Corners
2025-12-09 20:35:46,541 - src.scrapers.aiscore.odds_scraper - INFO - [m2q15iplv23se76] Parsed 317/317 rows from '1 X 2' (0 failed)
2025-12-09 20:35:46,542 - src.scrapers.aiscore.odds_scraper - INFO - [m2q15iplv23se76] Extracted 317 odds records from '1 X 2'
2025-12-09 20:35:47,949 - src.scrapers.aiscore.odds_scraper - INFO - [m2q15iplv23se76] Parsed 195/317 rows from 'Asian Handicap' (44 failed)
2025-12-09 20:35:47,951 - src.scrapers.aiscore.odds_scraper - INFO - [m2q15iplv23se76] Extracted 195 odds records from 'Asian Handicap'
2025-12-09 20:35:49,324 - src.scrapers.aiscore.odds_scraper - INFO - [m2q15iplv23se76] Parsed 343/239 rows from 'Total Goals' (0 failed)
2025-12-09 20:35:49,326 - src.scrapers.aiscore.odds_scraper - INFO - [m2q15iplv23se76] Extracted 343 odds records from 'Total Goals'
2025-12-09 20:35:50,655 - src.scrapers.aiscore.odds_scraper - INFO - [m2q15iplv23se76] Parsed 170/170 rows from 'Total Corners' (0 failed)
2025-12-09 20:35:50,657 - src.scrapers.aiscore.odds_scraper - INFO - [m2q15iplv23se76] Extracted 170 odds records from 'Total Corners'
2025-12-09 20:35:51,231 - src.scrapers.aiscore.odds_scraper - INFO - [m2q15iplv23se76] Parsed 170/170 rows from 'Default' (0 failed)
2025-12-09 20:35:51,233 - src.scrapers.aiscore.odds_scraper - INFO - [m2q15iplv23se76] Extracted 170 odds from default view
2025-12-09 20:35:51,344 - src.scrapers.aiscore.odds_scraper - INFO - Match data saved to: data/aiscore/matches/20251010/match_m2q15iplv23se76.json
2025-12-09 20:35:54,690 - src.scrapers.aiscore.odds_scraper - INFO - [xvkjoi0j49yh879] Located 4 odds tabs: 1 X 2, Asian Handicap, Total Goals, Total Corners
2025-12-09 20:35:56,022 - src.scrapers.aiscore.odds_scraper - INFO - [xvkjoi0j49yh879] Parsed 289/289 rows from '1 X 2' (0 failed)
2025-12-09 20:35:56,024 - src.scrapers.aiscore.odds_scraper - INFO - [xvkjoi0j49yh879] Extracted 289 odds records from '1 X 2'
2025-12-09 20:35:57,438 - src.scrapers.aiscore.odds_scraper - INFO - [xvkjoi0j49yh879] Parsed 198/289 rows from 'Asian Handicap' (41 failed)
2025-12-09 20:35:57,440 - src.scrapers.aiscore.odds_scraper - INFO - [xvkjoi0j49yh879] Extracted 198 odds records from 'Asian Handicap'
2025-12-09 20:35:58,783 - src.scrapers.aiscore.odds_scraper - INFO - [xvkjoi0j49yh879] Parsed 291/239 rows from 'Total Goals' (0 failed)
2025-12-09 20:35:58,785 - src.scrapers.aiscore.odds_scraper - INFO - [xvkjoi0j49yh879] Extracted 291 odds records from 'Total Goals'
2025-12-09 20:36:00,094 - src.scrapers.aiscore.odds_scraper - INFO - [xvkjoi0j49yh879] Parsed 168/168 rows from 'Total Corners' (0 failed)
2025-12-09 20:36:00,095 - src.scrapers.aiscore.odds_scraper - INFO - [xvkjoi0j49yh879] Extracted 168 odds records from 'Total Corners'
2025-12-09 20:36:00,668 - src.scrapers.aiscore.odds_scraper - INFO - [xvkjoi0j49yh879] Parsed 168/168 rows from 'Default' (0 failed)
2025-12-09 20:36:00,669 - src.scrapers.aiscore.odds_scraper - INFO - [xvkjoi0j49yh879] Extracted 168 odds from default view
2025-12-09 20:36:00,805 - src.scrapers.aiscore.odds_scraper - INFO - Match data saved to: data/aiscore/matches/20251010/match_xvkjoi0j49yh879.json
2025-12-09 20:36:04,310 - src.scrapers.aiscore.odds_scraper - INFO - [oj7x9inpx3zh47g] Located 4 odds tabs: 1 X 2, Asian Handicap, Total Goals, Total Corners
2025-12-09 20:36:05,606 - src.scrapers.aiscore.odds_scraper - INFO - [oj7x9inpx3zh47g] Parsed 53/53 rows from '1 X 2' (0 failed)
2025-12-09 20:36:05,612 - src.scrapers.aiscore.odds_scraper - INFO - [oj7x9inpx3zh47g] Extracted 53 odds records from '1 X 2'
2025-12-09 20:36:06,938 - src.scrapers.aiscore.odds_scraper - INFO - [oj7x9inpx3zh47g] Parsed 328/406 rows from 'Asian Handicap' (78 failed)
2025-12-09 20:36:06,940 - src.scrapers.aiscore.odds_scraper - INFO - [oj7x9inpx3zh47g] Extracted 328 odds records from 'Asian Handicap'
2025-12-09 20:36:08,493 - src.scrapers.aiscore.odds_scraper - INFO - [oj7x9inpx3zh47g] Parsed 399/399 rows from 'Total Goals' (0 failed)
2025-12-09 20:36:08,500 - src.scrapers.aiscore.odds_scraper - INFO - [oj7x9inpx3zh47g] Extracted 399 odds records from 'Total Goals'
2025-12-09 20:36:09,823 - src.scrapers.aiscore.odds_scraper - INFO - [oj7x9inpx3zh47g] Parsed 170/171 rows from 'Total Corners' (1 failed)
2025-12-09 20:36:09,824 - src.scrapers.aiscore.odds_scraper - INFO - [oj7x9inpx3zh47g] Extracted 170 odds records from 'Total Corners'
2025-12-09 20:36:10,400 - src.scrapers.aiscore.odds_scraper - INFO - [oj7x9inpx3zh47g] Parsed 170/171 rows from 'Default' (1 failed)
2025-12-09 20:36:10,402 - src.scrapers.aiscore.odds_scraper - INFO - [oj7x9inpx3zh47g] Extracted 170 odds from default view
2025-12-09 20:36:10,573 - src.scrapers.aiscore.odds_scraper - INFO - Match data saved to: data/aiscore/matches/20251010/match_oj7x9inpx3zh47g.json
2025-12-09 20:36:14,354 - src.scrapers.aiscore.odds_scraper - INFO - [j374oiox094ugqo] Located 4 odds tabs: 1 X 2, Asian Handicap, Total Goals, Total Corners
2025-12-09 20:36:15,625 - src.scrapers.aiscore.odds_scraper - INFO - [j374oiox094ugqo] Parsed 200/200 rows from '1 X 2' (0 failed)
2025-12-09 20:36:15,627 - src.scrapers.aiscore.odds_scraper - INFO - [j374oiox094ugqo] Extracted 200 odds records from '1 X 2'
2025-12-09 20:36:16,945 - src.scrapers.aiscore.odds_scraper - INFO - [j374oiox094ugqo] Parsed 154/200 rows from 'Asian Handicap' (85 failed)
2025-12-09 20:36:16,948 - src.scrapers.aiscore.odds_scraper - INFO - [j374oiox094ugqo] Extracted 154 odds records from 'Asian Handicap'
2025-12-09 20:36:18,277 - src.scrapers.aiscore.odds_scraper - INFO - [j374oiox094ugqo] Parsed 265/239 rows from 'Total Goals' (0 failed)
2025-12-09 20:36:18,278 - src.scrapers.aiscore.odds_scraper - INFO - [j374oiox094ugqo] Extracted 265 odds records from 'Total Goals'
2025-12-09 20:36:19,600 - src.scrapers.aiscore.odds_scraper - INFO - [j374oiox094ugqo] Parsed 163/163 rows from 'Total Corners' (0 failed)
2025-12-09 20:36:19,601 - src.scrapers.aiscore.odds_scraper - INFO - [j374oiox094ugqo] Extracted 163 odds records from 'Total Corners'
2025-12-09 20:36:20,183 - src.scrapers.aiscore.odds_scraper - INFO - [j374oiox094ugqo] Parsed 163/163 rows from 'Default' (0 failed)
2025-12-09 20:36:20,212 - src.scrapers.aiscore.odds_scraper - INFO - [j374oiox094ugqo] Extracted 163 odds from default view
2025-12-09 20:36:20,559 - src.scrapers.aiscore.odds_scraper - INFO - Match data saved to: data/aiscore/matches/20251010/match_j374oiox094ugqo.json
2025-12-09 20:36:24,072 - src.scrapers.aiscore.odds_scraper - INFO - [jek33iv08dgb9ko] Located 4 odds tabs: 1 X 2, Asian Handicap, Total Goals, Total Corners
2025-12-09 20:36:25,470 - src.scrapers.aiscore.odds_scraper - INFO - [jek33iv08dgb9ko] Parsed 243/244 rows from '1 X 2' (1 failed)
2025-12-09 20:36:25,471 - src.scrapers.aiscore.odds_scraper - INFO - [jek33iv08dgb9ko] Extracted 243 odds records from '1 X 2'
2025-12-09 20:36:26,899 - src.scrapers.aiscore.odds_scraper - INFO - [jek33iv08dgb9ko] Parsed 122/177 rows from 'Asian Handicap' (55 failed)
2025-12-09 20:36:26,901 - src.scrapers.aiscore.odds_scraper - INFO - [jek33iv08dgb9ko] Extracted 122 odds records from 'Asian Handicap'
2025-12-09 20:36:28,221 - src.scrapers.aiscore.odds_scraper - INFO - [jek33iv08dgb9ko] Parsed 231/177 rows from 'Total Goals' (1 failed)
2025-12-09 20:36:28,223 - src.scrapers.aiscore.odds_scraper - INFO - [jek33iv08dgb9ko] Extracted 231 odds records from 'Total Goals'
2025-12-09 20:36:29,555 - src.scrapers.aiscore.odds_scraper - INFO - [jek33iv08dgb9ko] Parsed 128/129 rows from 'Total Corners' (1 failed)
2025-12-09 20:36:29,556 - src.scrapers.aiscore.odds_scraper - INFO - [jek33iv08dgb9ko] Extracted 128 odds records from 'Total Corners'
2025-12-09 20:36:30,121 - src.scrapers.aiscore.odds_scraper - INFO - [jek33iv08dgb9ko] Parsed 128/129 rows from 'Default' (1 failed)
2025-12-09 20:36:30,123 - src.scrapers.aiscore.odds_scraper - INFO - [jek33iv08dgb9ko] Extracted 128 odds from default view
2025-12-09 20:36:30,311 - src.scrapers.aiscore.odds_scraper - INFO - Match data saved to: data/aiscore/matches/20251010/match_jek33iv08dgb9ko.json
2025-12-09 20:36:33,959 - src.scrapers.aiscore.odds_scraper - INFO - [9gklzi42140hm7x] Located 4 odds tabs: 1 X 2, Asian Handicap, Total Goals, Total Corners
2025-12-09 20:36:35,371 - src.scrapers.aiscore.odds_scraper - INFO - [9gklzi42140hm7x] Parsed 273/273 rows from '1 X 2' (0 failed)
2025-12-09 20:36:35,373 - src.scrapers.aiscore.odds_scraper - INFO - [9gklzi42140hm7x] Extracted 273 odds records from '1 X 2'
2025-12-09 20:36:36,750 - src.scrapers.aiscore.odds_scraper - INFO - [9gklzi42140hm7x] Parsed 229/280 rows from 'Asian Handicap' (51 failed)
2025-12-09 20:36:36,753 - src.scrapers.aiscore.odds_scraper - INFO - [9gklzi42140hm7x] Extracted 229 odds records from 'Asian Handicap'
2025-12-09 20:36:38,152 - src.scrapers.aiscore.odds_scraper - INFO - [9gklzi42140hm7x] Parsed 285/285 rows from 'Total Goals' (0 failed)
2025-12-09 20:36:38,154 - src.scrapers.aiscore.odds_scraper - INFO - [9gklzi42140hm7x] Extracted 285 odds records from 'Total Goals'
2025-12-09 20:36:39,476 - src.scrapers.aiscore.odds_scraper - INFO - [9gklzi42140hm7x] Parsed 192/285 rows from 'Total Corners' (0 failed)
2025-12-09 20:36:39,478 - src.scrapers.aiscore.odds_scraper - INFO - [9gklzi42140hm7x] Extracted 192 odds records from 'Total Corners'
2025-12-09 20:36:40,058 - src.scrapers.aiscore.odds_scraper - INFO - [9gklzi42140hm7x] Parsed 192/192 rows from 'Default' (0 failed)
2025-12-09 20:36:40,067 - src.scrapers.aiscore.odds_scraper - INFO - [9gklzi42140hm7x] Extracted 192 odds from default view
2025-12-09 20:36:40,225 - src.scrapers.aiscore.odds_scraper - INFO - Match data saved to: data/aiscore/matches/20251010/match_9gklzi42140hm7x.json
2025-12-09 20:36:43,644 - src.scrapers.aiscore.odds_scraper - INFO - [m2q15iplz18ie76] Located 4 odds tabs: 1 X 2, Asian Handicap, Total Goals, Total Corners
2025-12-09 20:36:45,071 - src.scrapers.aiscore.odds_scraper - INFO - [m2q15iplz18ie76] Parsed 157/157 rows from '1 X 2' (0 failed)
2025-12-09 20:36:45,072 - src.scrapers.aiscore.odds_scraper - INFO - [m2q15iplz18ie76] Extracted 157 odds records from '1 X 2'
2025-12-09 20:36:46,376 - src.scrapers.aiscore.odds_scraper - INFO - [m2q15iplz18ie76] Parsed 287/157 rows from 'Asian Handicap' (73 failed)
2025-12-09 20:36:46,378 - src.scrapers.aiscore.odds_scraper - INFO - [m2q15iplz18ie76] Extracted 287 odds records from 'Asian Handicap'
2025-12-09 20:36:47,809 - src.scrapers.aiscore.odds_scraper - INFO - [m2q15iplz18ie76] Parsed 351/351 rows from 'Total Goals' (0 failed)
2025-12-09 20:36:47,811 - src.scrapers.aiscore.odds_scraper - INFO - [m2q15iplz18ie76] Extracted 351 odds records from 'Total Goals'
2025-12-09 20:36:49,154 - src.scrapers.aiscore.odds_scraper - INFO - [m2q15iplz18ie76] Parsed 13/351 rows from 'Total Corners' (338 failed)
2025-12-09 20:36:49,155 - src.scrapers.aiscore.odds_scraper - INFO - [m2q15iplz18ie76] Extracted 13 odds records from 'Total Corners'
2025-12-09 20:36:49,740 - src.scrapers.aiscore.odds_scraper - INFO - [m2q15iplz18ie76] Parsed 173/174 rows from 'Default' (1 failed)
2025-12-09 20:36:49,743 - src.scrapers.aiscore.odds_scraper - INFO - [m2q15iplz18ie76] Extracted 173 odds from default view
2025-12-09 20:36:49,931 - src.scrapers.aiscore.odds_scraper - INFO - Match data saved to: data/aiscore/matches/20251010/match_m2q15iplz18ie76.json
2025-12-09 20:36:53,565 - src.scrapers.aiscore.odds_scraper - INFO - [g6763i6j5eebo7r] Located 4 odds tabs: 1 X 2, Asian Handicap, Total Goals, Total Corners
2025-12-09 20:36:54,872 - src.scrapers.aiscore.odds_scraper - INFO - [g6763i6j5eebo7r] Parsed 352/352 rows from '1 X 2' (0 failed)
2025-12-09 20:36:54,875 - src.scrapers.aiscore.odds_scraper - INFO - [g6763i6j5eebo7r] Extracted 352 odds records from '1 X 2'
2025-12-09 20:36:56,294 - src.scrapers.aiscore.odds_scraper - INFO - [g6763i6j5eebo7r] Parsed 301/352 rows from 'Asian Handicap' (56 failed)
2025-12-09 20:36:56,296 - src.scrapers.aiscore.odds_scraper - INFO - [g6763i6j5eebo7r] Extracted 301 odds records from 'Asian Handicap'
2025-12-09 20:36:57,718 - src.scrapers.aiscore.odds_scraper - INFO - [g6763i6j5eebo7r] Parsed 405/405 rows from 'Total Goals' (0 failed)
2025-12-09 20:36:57,721 - src.scrapers.aiscore.odds_scraper - INFO - [g6763i6j5eebo7r] Extracted 405 odds records from 'Total Goals'
2025-12-09 20:36:59,075 - src.scrapers.aiscore.odds_scraper - INFO - [g6763i6j5eebo7r] Parsed 189/405 rows from 'Total Corners' (0 failed)
2025-12-09 20:36:59,076 - src.scrapers.aiscore.odds_scraper - INFO - [g6763i6j5eebo7r] Extracted 189 odds records from 'Total Corners'
2025-12-09 20:36:59,658 - src.scrapers.aiscore.odds_scraper - INFO - [g6763i6j5eebo7r] Parsed 189/189 rows from 'Default' (0 failed)
2025-12-09 20:36:59,660 - src.scrapers.aiscore.odds_scraper - INFO - [g6763i6j5eebo7r] Extracted 189 odds from default view
2025-12-09 20:36:59,874 - src.scrapers.aiscore.odds_scraper - INFO - Match data saved to: data/aiscore/matches/20251010/match_g6763i6j5eebo7r.json
2025-12-09 20:37:03,869 - src.scrapers.aiscore.odds_scraper - INFO - [ndkz6il43ovhxq3] Located 4 odds tabs: 1 X 2, Asian Handicap, Total Goals, Total Corners
2025-12-09 20:37:05,151 - src.scrapers.aiscore.odds_scraper - INFO - [ndkz6il43ovhxq3] Parsed 193/195 rows from '1 X 2' (2 failed)
2025-12-09 20:37:05,158 - src.scrapers.aiscore.odds_scraper - INFO - [ndkz6il43ovhxq3] Extracted 193 odds records from '1 X 2'
2025-12-09 20:37:06,479 - src.scrapers.aiscore.odds_scraper - INFO - [ndkz6il43ovhxq3] Parsed 354/195 rows from 'Asian Handicap' (83 failed)
2025-12-09 20:37:06,480 - src.scrapers.aiscore.odds_scraper - INFO - [ndkz6il43ovhxq3] Extracted 354 odds records from 'Asian Handicap'
2025-12-09 20:37:07,968 - src.scrapers.aiscore.odds_scraper - INFO - [ndkz6il43ovhxq3] Parsed 396/397 rows from 'Total Goals' (1 failed)
2025-12-09 20:37:07,970 - src.scrapers.aiscore.odds_scraper - INFO - [ndkz6il43ovhxq3] Extracted 396 odds records from 'Total Goals'
2025-12-09 20:37:09,321 - src.scrapers.aiscore.odds_scraper - INFO - [ndkz6il43ovhxq3] Parsed 169/397 rows from 'Total Corners' (2 failed)
2025-12-09 20:37:09,323 - src.scrapers.aiscore.odds_scraper - INFO - [ndkz6il43ovhxq3] Extracted 169 odds records from 'Total Corners'
2025-12-09 20:37:09,898 - src.scrapers.aiscore.odds_scraper - INFO - [ndkz6il43ovhxq3] Parsed 169/171 rows from 'Default' (2 failed)
2025-12-09 20:37:09,902 - src.scrapers.aiscore.odds_scraper - INFO - [ndkz6il43ovhxq3] Extracted 169 odds from default view
2025-12-09 20:37:10,394 - src.scrapers.aiscore.odds_scraper - INFO - Match data saved to: data/aiscore/matches/20251010/match_ndkz6il43ovhxq3.json
2025-12-09 20:37:10,573 - src.scrapers.aiscore.odds_scraper - INFO - Progress: 20/66 (30%) - Success: 18, Failed: 1, Total odds: 19091
2025-12-09 20:37:13,761 - src.scrapers.aiscore.odds_scraper - INFO - [69759il9gn1igk2] Located 4 odds tabs: 1 X 2, Asian Handicap, Total Goals, Total Corners
2025-12-09 20:37:15,045 - src.scrapers.aiscore.odds_scraper - INFO - [69759il9gn1igk2] Parsed 244/244 rows from '1 X 2' (0 failed)
2025-12-09 20:37:15,051 - src.scrapers.aiscore.odds_scraper - INFO - [69759il9gn1igk2] Extracted 244 odds records from '1 X 2'
2025-12-09 20:37:16,401 - src.scrapers.aiscore.odds_scraper - INFO - [69759il9gn1igk2] Parsed 173/244 rows from 'Asian Handicap' (52 failed)
2025-12-09 20:37:16,402 - src.scrapers.aiscore.odds_scraper - INFO - [69759il9gn1igk2] Extracted 173 odds records from 'Asian Handicap'
2025-12-09 20:37:17,751 - src.scrapers.aiscore.odds_scraper - INFO - [69759il9gn1igk2] Parsed 329/329 rows from 'Total Goals' (0 failed)
2025-12-09 20:37:17,753 - src.scrapers.aiscore.odds_scraper - INFO - [69759il9gn1igk2] Extracted 329 odds records from 'Total Goals'
2025-12-09 20:37:19,075 - src.scrapers.aiscore.odds_scraper - INFO - [69759il9gn1igk2] Parsed 167/329 rows from 'Total Corners' (0 failed)
2025-12-09 20:37:19,077 - src.scrapers.aiscore.odds_scraper - INFO - [69759il9gn1igk2] Extracted 167 odds records from 'Total Corners'
2025-12-09 20:37:19,653 - src.scrapers.aiscore.odds_scraper - INFO - [69759il9gn1igk2] Parsed 167/167 rows from 'Default' (0 failed)
2025-12-09 20:37:19,655 - src.scrapers.aiscore.odds_scraper - INFO - [69759il9gn1igk2] Extracted 167 odds from default view
2025-12-09 20:37:19,882 - src.scrapers.aiscore.odds_scraper - INFO - Match data saved to: data/aiscore/matches/20251010/match_69759il9gn1igk2.json
2025-12-09 20:37:53,096 - src.scrapers.aiscore.odds_scraper - INFO - [wv78xive35ptokr] No tabs found, attempting page refresh
2025-12-09 20:38:07,523 - src.scrapers.aiscore.odds_scraper - INFO - Match data saved to: data/aiscore/matches/20251010/match_wv78xive35ptokr.json
2025-12-09 20:38:40,702 - src.scrapers.aiscore.odds_scraper - INFO - [edq09iln8ypbeqx] No tabs found, attempting page refresh
2025-12-09 20:38:56,113 - src.scrapers.aiscore.odds_scraper - INFO - Match data saved to: data/aiscore/matches/20251010/match_edq09iln8ypbeqx.json
2025-12-09 20:39:00,117 - src.scrapers.aiscore.odds_scraper - INFO - [wv78xi8onj1sokr] Located 4 odds tabs: 1 X 2, Asian Handicap, Total Goals, Total Corners
2025-12-09 20:39:02,060 - src.scrapers.aiscore.odds_scraper - INFO - [wv78xi8onj1sokr] Parsed 278/278 rows from '1 X 2' (0 failed)
2025-12-09 20:39:02,062 - src.scrapers.aiscore.odds_scraper - INFO - [wv78xi8onj1sokr] Extracted 278 odds records from '1 X 2'
2025-12-09 20:39:04,398 - src.scrapers.aiscore.odds_scraper - INFO - [wv78xi8onj1sokr] Parsed 212/279 rows from 'Asian Handicap' (67 failed)
2025-12-09 20:39:04,400 - src.scrapers.aiscore.odds_scraper - INFO - [wv78xi8onj1sokr] Extracted 212 odds records from 'Asian Handicap'
2025-12-09 20:39:06,148 - src.scrapers.aiscore.odds_scraper - INFO - [wv78xi8onj1sokr] Parsed 328/328 rows from 'Total Goals' (0 failed)
2025-12-09 20:39:06,153 - src.scrapers.aiscore.odds_scraper - INFO - [wv78xi8onj1sokr] Extracted 328 odds records from 'Total Goals'
2025-12-09 20:39:07,858 - src.scrapers.aiscore.odds_scraper - INFO - [wv78xi8onj1sokr] Parsed 195/195 rows from 'Total Corners' (0 failed)
2025-12-09 20:39:07,859 - src.scrapers.aiscore.odds_scraper - INFO - [wv78xi8onj1sokr] Extracted 195 odds records from 'Total Corners'
2025-12-09 20:39:08,527 - src.scrapers.aiscore.odds_scraper - INFO - [wv78xi8onj1sokr] Parsed 195/195 rows from 'Default' (0 failed)
2025-12-09 20:39:08,530 - src.scrapers.aiscore.odds_scraper - INFO - [wv78xi8onj1sokr] Extracted 195 odds from default view
2025-12-09 20:39:08,860 - src.scrapers.aiscore.odds_scraper - INFO - Match data saved to: data/aiscore/matches/20251010/match_wv78xi8onj1sokr.json
2025-12-09 20:39:42,029 - src.scrapers.aiscore.odds_scraper - INFO - [edq09il9xnyheqx] No tabs found, attempting page refresh
2025-12-09 20:39:58,350 - src.scrapers.aiscore.odds_scraper - INFO - Match data saved to: data/aiscore/matches/20251010/match_edq09il9xnyheqx.json
2025-12-09 20:40:02,289 - src.scrapers.aiscore.odds_scraper - INFO - [ndkz6i3r6zjfxq3] Located 4 odds tabs: 1 X 2, Asian Handicap, Total Goals, Total Corners
2025-12-09 20:40:03,685 - src.scrapers.aiscore.odds_scraper - INFO - [ndkz6i3r6zjfxq3] Parsed 58/58 rows from '1 X 2' (0 failed)
2025-12-09 20:40:03,687 - src.scrapers.aiscore.odds_scraper - INFO - [ndkz6i3r6zjfxq3] Extracted 58 odds records from '1 X 2'
2025-12-09 20:40:04,976 - src.scrapers.aiscore.odds_scraper - INFO - [ndkz6i3r6zjfxq3] Parsed 203/58 rows from 'Asian Handicap' (3 failed)
2025-12-09 20:40:04,977 - src.scrapers.aiscore.odds_scraper - INFO - [ndkz6i3r6zjfxq3] Extracted 203 odds records from 'Asian Handicap'
2025-12-09 20:40:06,307 - src.scrapers.aiscore.odds_scraper - INFO - [ndkz6i3r6zjfxq3] Parsed 230/206 rows from 'Total Goals' (0 failed)
2025-12-09 20:40:06,310 - src.scrapers.aiscore.odds_scraper - INFO - [ndkz6i3r6zjfxq3] Extracted 230 odds records from 'Total Goals'
2025-12-09 20:40:07,623 - src.scrapers.aiscore.odds_scraper - INFO - [ndkz6i3r6zjfxq3] Parsed 0/230 rows from 'Total Corners' (0 failed)
2025-12-09 20:40:08,479 - src.scrapers.aiscore.odds_scraper - INFO - Match data saved to: data/aiscore/matches/20251010/match_ndkz6i3r6zjfxq3.json
2025-12-09 20:40:41,818 - src.scrapers.aiscore.odds_scraper - INFO - [j374oi0wn15ugqo] No tabs found, attempting page refresh
2025-12-09 20:40:56,834 - src.scrapers.aiscore.odds_scraper - INFO - Match data saved to: data/aiscore/matches/20251010/match_j374oi0wn15ugqo.json
2025-12-09 20:41:00,617 - src.scrapers.aiscore.odds_scraper - INFO - [m2q15iz2dz8be76] Located 4 odds tabs: 1 X 2, Asian Handicap, Total Goals, Total Corners
2025-12-09 20:41:01,939 - src.scrapers.aiscore.odds_scraper - INFO - [m2q15iz2dz8be76] Parsed 155/155 rows from '1 X 2' (0 failed)
2025-12-09 20:41:01,940 - src.scrapers.aiscore.odds_scraper - INFO - [m2q15iz2dz8be76] Extracted 155 odds records from '1 X 2'
2025-12-09 20:41:03,254 - src.scrapers.aiscore.odds_scraper - INFO - [m2q15iz2dz8be76] Parsed 199/155 rows from 'Asian Handicap' (100 failed)
2025-12-09 20:41:03,256 - src.scrapers.aiscore.odds_scraper - INFO - [m2q15iz2dz8be76] Extracted 199 odds records from 'Asian Handicap'
2025-12-09 20:41:04,663 - src.scrapers.aiscore.odds_scraper - INFO - [m2q15iz2dz8be76] Parsed 287/299 rows from 'Total Goals' (0 failed)
2025-12-09 20:41:04,664 - src.scrapers.aiscore.odds_scraper - INFO - [m2q15iz2dz8be76] Extracted 287 odds records from 'Total Goals'
2025-12-09 20:41:05,972 - src.scrapers.aiscore.odds_scraper - INFO - [m2q15iz2dz8be76] Parsed 127/287 rows from 'Total Corners' (0 failed)
2025-12-09 20:41:05,975 - src.scrapers.aiscore.odds_scraper - INFO - [m2q15iz2dz8be76] Extracted 127 odds records from 'Total Corners'
2025-12-09 20:41:06,557 - src.scrapers.aiscore.odds_scraper - INFO - [m2q15iz2dz8be76] Parsed 127/127 rows from 'Default' (0 failed)
2025-12-09 20:41:06,559 - src.scrapers.aiscore.odds_scraper - INFO - [m2q15iz2dz8be76] Extracted 127 odds from default view
2025-12-09 20:41:06,686 - src.scrapers.aiscore.odds_scraper - INFO - Match data saved to: data/aiscore/matches/20251010/match_m2q15iz2dz8be76.json
2025-12-09 20:41:10,490 - src.scrapers.aiscore.odds_scraper - INFO - [xvkjoi89388a879] Located 4 odds tabs: 1 X 2, Asian Handicap, Total Goals, Total Corners
2025-12-09 20:41:11,937 - src.scrapers.aiscore.odds_scraper - INFO - [xvkjoi89388a879] Parsed 183/183 rows from '1 X 2' (0 failed)
2025-12-09 20:41:11,947 - src.scrapers.aiscore.odds_scraper - INFO - [xvkjoi89388a879] Extracted 183 odds records from '1 X 2'
2025-12-09 20:41:13,306 - src.scrapers.aiscore.odds_scraper - INFO - [xvkjoi89388a879] Parsed 232/183 rows from 'Asian Handicap' (149 failed)
2025-12-09 20:41:13,307 - src.scrapers.aiscore.odds_scraper - INFO - [xvkjoi89388a879] Extracted 232 odds records from 'Asian Handicap'
2025-12-09 20:41:14,855 - src.scrapers.aiscore.odds_scraper - INFO - [xvkjoi89388a879] Parsed 363/363 rows from 'Total Goals' (0 failed)
2025-12-09 20:41:14,856 - src.scrapers.aiscore.odds_scraper - INFO - [xvkjoi89388a879] Extracted 363 odds records from 'Total Goals'
2025-12-09 20:41:16,203 - src.scrapers.aiscore.odds_scraper - INFO - [xvkjoi89388a879] Parsed 160/363 rows from 'Total Corners' (0 failed)
2025-12-09 20:41:16,205 - src.scrapers.aiscore.odds_scraper - INFO - [xvkjoi89388a879] Extracted 160 odds records from 'Total Corners'
2025-12-09 20:41:16,794 - src.scrapers.aiscore.odds_scraper - INFO - [xvkjoi89388a879] Parsed 160/160 rows from 'Default' (0 failed)
2025-12-09 20:41:16,796 - src.scrapers.aiscore.odds_scraper - INFO - [xvkjoi89388a879] Extracted 160 odds from default view
2025-12-09 20:41:16,983 - src.scrapers.aiscore.odds_scraper - INFO - Match data saved to: data/aiscore/matches/20251010/match_xvkjoi89388a879.json
2025-12-09 20:41:17,059 - src.scrapers.aiscore.odds_scraper - INFO - Progress: 30/66 (45%) - Success: 23, Failed: 5, Total odds: 23863
2025-12-09 20:41:20,900 - src.scrapers.aiscore.odds_scraper - INFO - [34kgmio253mheko] Located 4 odds tabs: 1 X 2, Asian Handicap, Total Goals, Total Corners
2025-12-09 20:41:22,290 - src.scrapers.aiscore.odds_scraper - INFO - [34kgmio253mheko] Parsed 228/229 rows from '1 X 2' (1 failed)
2025-12-09 20:41:22,292 - src.scrapers.aiscore.odds_scraper - INFO - [34kgmio253mheko] Extracted 228 odds records from '1 X 2'
2025-12-09 20:41:23,629 - src.scrapers.aiscore.odds_scraper - INFO - [34kgmio253mheko] Parsed 121/229 rows from 'Asian Handicap' (82 failed)
2025-12-09 20:41:23,630 - src.scrapers.aiscore.odds_scraper - INFO - [34kgmio253mheko] Extracted 121 odds records from 'Asian Handicap'
2025-12-09 20:41:25,029 - src.scrapers.aiscore.odds_scraper - INFO - [34kgmio253mheko] Parsed 224/203 rows from 'Total Goals' (0 failed)
2025-12-09 20:41:25,030 - src.scrapers.aiscore.odds_scraper - INFO - [34kgmio253mheko] Extracted 224 odds records from 'Total Goals'
2025-12-09 20:41:26,352 - src.scrapers.aiscore.odds_scraper - INFO - [34kgmio253mheko] Parsed 141/224 rows from 'Total Corners' (2 failed)
2025-12-09 20:41:26,354 - src.scrapers.aiscore.odds_scraper - INFO - [34kgmio253mheko] Extracted 141 odds records from 'Total Corners'
2025-12-09 20:41:26,926 - src.scrapers.aiscore.odds_scraper - INFO - [34kgmio253mheko] Parsed 141/143 rows from 'Default' (2 failed)
2025-12-09 20:41:26,928 - src.scrapers.aiscore.odds_scraper - INFO - [34kgmio253mheko] Extracted 141 odds from default view
2025-12-09 20:41:27,142 - src.scrapers.aiscore.odds_scraper - INFO - Match data saved to: data/aiscore/matches/20251010/match_34kgmio253mheko.json
2025-12-09 20:41:31,790 - src.scrapers.aiscore.odds_scraper - INFO - [69759ig3de1igk2] Located 4 odds tabs: 1 X 2, Asian Handicap, Total Goals, Total Corners
2025-12-09 20:41:33,524 - src.scrapers.aiscore.odds_scraper - INFO - [69759ig3de1igk2] Parsed 135/135 rows from '1 X 2' (0 failed)
2025-12-09 20:41:33,525 - src.scrapers.aiscore.odds_scraper - INFO - [69759ig3de1igk2] Extracted 135 odds records from '1 X 2'
2025-12-09 20:41:35,348 - src.scrapers.aiscore.odds_scraper - INFO - [69759ig3de1igk2] Parsed 193/221 rows from 'Asian Handicap' (28 failed)
2025-12-09 20:41:35,350 - src.scrapers.aiscore.odds_scraper - INFO - [69759ig3de1igk2] Extracted 193 odds records from 'Asian Handicap'
2025-12-09 20:41:37,082 - src.scrapers.aiscore.odds_scraper - INFO - [69759ig3de1igk2] Parsed 247/247 rows from 'Total Goals' (0 failed)
2025-12-09 20:41:37,084 - src.scrapers.aiscore.odds_scraper - INFO - [69759ig3de1igk2] Extracted 247 odds records from 'Total Goals'
2025-12-09 20:41:38,703 - src.scrapers.aiscore.odds_scraper - INFO - [69759ig3de1igk2] Parsed 148/247 rows from 'Total Corners' (0 failed)
2025-12-09 20:41:38,709 - src.scrapers.aiscore.odds_scraper - INFO - [69759ig3de1igk2] Extracted 148 odds records from 'Total Corners'
2025-12-09 20:41:39,353 - src.scrapers.aiscore.odds_scraper - INFO - [69759ig3de1igk2] Parsed 148/148 rows from 'Default' (0 failed)
2025-12-09 20:41:39,354 - src.scrapers.aiscore.odds_scraper - INFO - [69759ig3de1igk2] Extracted 148 odds from default view
2025-12-09 20:41:39,602 - src.scrapers.aiscore.odds_scraper - INFO - Match data saved to: data/aiscore/matches/20251010/match_69759ig3de1igk2.json
2025-12-09 20:41:43,757 - src.scrapers.aiscore.odds_scraper - INFO - [edq09ilme1gfeqx] Located 4 odds tabs: 1 X 2, Asian Handicap, Total Goals, Total Corners
2025-12-09 20:41:45,331 - src.scrapers.aiscore.odds_scraper - INFO - [edq09ilme1gfeqx] Parsed 111/111 rows from '1 X 2' (0 failed)
2025-12-09 20:41:45,335 - src.scrapers.aiscore.odds_scraper - INFO - [edq09ilme1gfeqx] Extracted 111 odds records from '1 X 2'
2025-12-09 20:41:46,882 - src.scrapers.aiscore.odds_scraper - INFO - [edq09ilme1gfeqx] Parsed 152/171 rows from 'Asian Handicap' (19 failed)
2025-12-09 20:41:46,885 - src.scrapers.aiscore.odds_scraper - INFO - [edq09ilme1gfeqx] Extracted 152 odds records from 'Asian Handicap'
2025-12-09 20:41:48,487 - src.scrapers.aiscore.odds_scraper - INFO - [edq09ilme1gfeqx] Parsed 224/224 rows from 'Total Goals' (0 failed)
2025-12-09 20:41:48,498 - src.scrapers.aiscore.odds_scraper - INFO - [edq09ilme1gfeqx] Extracted 224 odds records from 'Total Goals'
2025-12-09 20:41:50,587 - src.scrapers.aiscore.odds_scraper - INFO - [edq09ilme1gfeqx] Parsed 148/148 rows from 'Total Corners' (0 failed)
2025-12-09 20:41:50,588 - src.scrapers.aiscore.odds_scraper - INFO - [edq09ilme1gfeqx] Extracted 148 odds records from 'Total Corners'
2025-12-09 20:41:51,255 - src.scrapers.aiscore.odds_scraper - INFO - [edq09ilme1gfeqx] Parsed 148/148 rows from 'Default' (0 failed)
2025-12-09 20:41:51,256 - src.scrapers.aiscore.odds_scraper - INFO - [edq09ilme1gfeqx] Extracted 148 odds from default view
2025-12-09 20:41:51,512 - src.scrapers.aiscore.odds_scraper - INFO - Match data saved to: data/aiscore/matches/20251010/match_edq09ilme1gfeqx.json
2025-12-09 20:41:55,826 - src.scrapers.aiscore.odds_scraper - INFO - [69759ig3ddybgk2] Located 4 odds tabs: 1 X 2, Asian Handicap, Total Goals, Total Corners
2025-12-09 20:41:57,418 - src.scrapers.aiscore.odds_scraper - INFO - [69759ig3ddybgk2] Parsed 101/101 rows from '1 X 2' (0 failed)
2025-12-09 20:41:57,419 - src.scrapers.aiscore.odds_scraper - INFO - [69759ig3ddybgk2] Extracted 101 odds records from '1 X 2'
2025-12-09 20:41:59,188 - src.scrapers.aiscore.odds_scraper - INFO - [69759ig3ddybgk2] Parsed 242/340 rows from 'Asian Handicap' (98 failed)
2025-12-09 20:41:59,189 - src.scrapers.aiscore.odds_scraper - INFO - [69759ig3ddybgk2] Extracted 242 odds records from 'Asian Handicap'
2025-12-09 20:42:01,576 - src.scrapers.aiscore.odds_scraper - INFO - [69759ig3ddybgk2] Parsed 304/304 rows from 'Total Goals' (0 failed)
2025-12-09 20:42:01,583 - src.scrapers.aiscore.odds_scraper - INFO - [69759ig3ddybgk2] Extracted 304 odds records from 'Total Goals'
2025-12-09 20:42:03,229 - src.scrapers.aiscore.odds_scraper - INFO - [69759ig3ddybgk2] Parsed 135/135 rows from 'Total Corners' (0 failed)
2025-12-09 20:42:03,234 - src.scrapers.aiscore.odds_scraper - INFO - [69759ig3ddybgk2] Extracted 135 odds records from 'Total Corners'
2025-12-09 20:42:03,906 - src.scrapers.aiscore.odds_scraper - INFO - [69759ig3ddybgk2] Parsed 135/135 rows from 'Default' (0 failed)
2025-12-09 20:42:03,914 - src.scrapers.aiscore.odds_scraper - INFO - [69759ig3ddybgk2] Extracted 135 odds from default view
2025-12-09 20:42:04,217 - src.scrapers.aiscore.odds_scraper - INFO - Match data saved to: data/aiscore/matches/20251010/match_69759ig3ddybgk2.json
2025-12-09 20:42:08,082 - src.scrapers.aiscore.odds_scraper - INFO - [34kgmio2552aeko] Located 4 odds tabs: 1 X 2, Asian Handicap, Total Goals, Total Corners
2025-12-09 20:42:09,963 - src.scrapers.aiscore.odds_scraper - INFO - [34kgmio2552aeko] Parsed 323/324 rows from '1 X 2' (1 failed)
2025-12-09 20:42:09,969 - src.scrapers.aiscore.odds_scraper - INFO - [34kgmio2552aeko] Extracted 323 odds records from '1 X 2'
2025-12-09 20:42:11,871 - src.scrapers.aiscore.odds_scraper - INFO - [34kgmio2552aeko] Parsed 134/210 rows from 'Asian Handicap' (76 failed)
2025-12-09 20:42:11,873 - src.scrapers.aiscore.odds_scraper - INFO - [34kgmio2552aeko] Extracted 134 odds records from 'Asian Handicap'
2025-12-09 20:42:13,741 - src.scrapers.aiscore.odds_scraper - INFO - [34kgmio2552aeko] Parsed 324/325 rows from 'Total Goals' (1 failed)
2025-12-09 20:42:13,749 - src.scrapers.aiscore.odds_scraper - INFO - [34kgmio2552aeko] Extracted 324 odds records from 'Total Goals'
2025-12-09 20:42:15,347 - src.scrapers.aiscore.odds_scraper - INFO - [34kgmio2552aeko] Parsed 147/325 rows from 'Total Corners' (1 failed)
2025-12-09 20:42:15,352 - src.scrapers.aiscore.odds_scraper - INFO - [34kgmio2552aeko] Extracted 147 odds records from 'Total Corners'
2025-12-09 20:42:16,017 - src.scrapers.aiscore.odds_scraper - INFO - [34kgmio2552aeko] Parsed 147/148 rows from 'Default' (1 failed)
2025-12-09 20:42:16,021 - src.scrapers.aiscore.odds_scraper - INFO - [34kgmio2552aeko] Extracted 147 odds from default view
2025-12-09 20:42:16,318 - src.scrapers.aiscore.odds_scraper - INFO - Match data saved to: data/aiscore/matches/20251010/match_34kgmio2552aeko.json
2025-12-09 20:42:20,520 - src.scrapers.aiscore.odds_scraper - INFO - [o17pjio084duy7j] Located 4 odds tabs: 1 X 2, Asian Handicap, Total Goals, Total Corners
2025-12-09 20:42:22,201 - src.scrapers.aiscore.odds_scraper - INFO - [o17pjio084duy7j] Parsed 205/205 rows from '1 X 2' (0 failed)
2025-12-09 20:42:22,205 - src.scrapers.aiscore.odds_scraper - INFO - [o17pjio084duy7j] Extracted 205 odds records from '1 X 2'
2025-12-09 20:42:23,860 - src.scrapers.aiscore.odds_scraper - INFO - [o17pjio084duy7j] Parsed 114/205 rows from 'Asian Handicap' (91 failed)
2025-12-09 20:42:23,861 - src.scrapers.aiscore.odds_scraper - INFO - [o17pjio084duy7j] Extracted 114 odds records from 'Asian Handicap'
2025-12-09 20:42:25,618 - src.scrapers.aiscore.odds_scraper - INFO - [o17pjio084duy7j] Parsed 213/213 rows from 'Total Goals' (0 failed)
2025-12-09 20:42:25,621 - src.scrapers.aiscore.odds_scraper - INFO - [o17pjio084duy7j] Extracted 213 odds records from 'Total Goals'
2025-12-09 20:42:27,146 - src.scrapers.aiscore.odds_scraper - INFO - [o17pjio084duy7j] Parsed 121/121 rows from 'Total Corners' (0 failed)
2025-12-09 20:42:27,148 - src.scrapers.aiscore.odds_scraper - INFO - [o17pjio084duy7j] Extracted 121 odds records from 'Total Corners'
2025-12-09 20:42:27,786 - src.scrapers.aiscore.odds_scraper - INFO - [o17pjio084duy7j] Parsed 121/121 rows from 'Default' (0 failed)
2025-12-09 20:42:27,789 - src.scrapers.aiscore.odds_scraper - INFO - [o17pjio084duy7j] Extracted 121 odds from default view
2025-12-09 20:42:28,198 - src.scrapers.aiscore.odds_scraper - INFO - Match data saved to: data/aiscore/matches/20251010/match_o17pjio084duy7j.json
2025-12-09 20:42:33,127 - src.scrapers.aiscore.odds_scraper - INFO - [9gklzi10w5xam7x] Located 4 odds tabs: 1 X 2, Asian Handicap, Total Goals, Total Corners
2025-12-09 20:42:34,719 - src.scrapers.aiscore.odds_scraper - INFO - [9gklzi10w5xam7x] Parsed 97/97 rows from '1 X 2' (0 failed)
2025-12-09 20:42:34,728 - src.scrapers.aiscore.odds_scraper - INFO - [9gklzi10w5xam7x] Extracted 97 odds records from '1 X 2'
2025-12-09 20:42:36,422 - src.scrapers.aiscore.odds_scraper - INFO - [9gklzi10w5xam7x] Parsed 254/321 rows from 'Asian Handicap' (67 failed)
2025-12-09 20:42:36,427 - src.scrapers.aiscore.odds_scraper - INFO - [9gklzi10w5xam7x] Extracted 254 odds records from 'Asian Handicap'
2025-12-09 20:42:38,541 - src.scrapers.aiscore.odds_scraper - INFO - [9gklzi10w5xam7x] Parsed 409/409 rows from 'Total Goals' (0 failed)
2025-12-09 20:42:38,543 - src.scrapers.aiscore.odds_scraper - INFO - [9gklzi10w5xam7x] Extracted 409 odds records from 'Total Goals'
2025-12-09 20:42:40,156 - src.scrapers.aiscore.odds_scraper - INFO - [9gklzi10w5xam7x] Parsed 153/153 rows from 'Total Corners' (0 failed)
2025-12-09 20:42:40,161 - src.scrapers.aiscore.odds_scraper - INFO - [9gklzi10w5xam7x] Extracted 153 odds records from 'Total Corners'
2025-12-09 20:42:40,839 - src.scrapers.aiscore.odds_scraper - INFO - [9gklzi10w5xam7x] Parsed 153/153 rows from 'Default' (0 failed)
2025-12-09 20:42:40,843 - src.scrapers.aiscore.odds_scraper - INFO - [9gklzi10w5xam7x] Extracted 153 odds from default view
2025-12-09 20:42:41,115 - src.scrapers.aiscore.odds_scraper - INFO - Match data saved to: data/aiscore/matches/20251010/match_9gklzi10w5xam7x.json
2025-12-09 20:42:45,251 - src.scrapers.aiscore.odds_scraper - INFO - [jr7owip6wy9tgq0] Located 4 odds tabs: 1 X 2, Asian Handicap, Total Goals, Total Corners
2025-12-09 20:42:46,732 - src.scrapers.aiscore.odds_scraper - INFO - [jr7owip6wy9tgq0] Parsed 243/243 rows from '1 X 2' (0 failed)
2025-12-09 20:42:46,736 - src.scrapers.aiscore.odds_scraper - INFO - [jr7owip6wy9tgq0] Extracted 243 odds records from '1 X 2'
2025-12-09 20:42:48,884 - src.scrapers.aiscore.odds_scraper - INFO - [jr7owip6wy9tgq0] Parsed 167/202 rows from 'Asian Handicap' (35 failed)
2025-12-09 20:42:48,885 - src.scrapers.aiscore.odds_scraper - INFO - [jr7owip6wy9tgq0] Extracted 167 odds records from 'Asian Handicap'
2025-12-09 20:42:51,078 - src.scrapers.aiscore.odds_scraper - INFO - [jr7owip6wy9tgq0] Parsed 267/267 rows from 'Total Goals' (0 failed)
2025-12-09 20:42:51,081 - src.scrapers.aiscore.odds_scraper - INFO - [jr7owip6wy9tgq0] Extracted 267 odds records from 'Total Goals'
2025-12-09 20:42:52,716 - src.scrapers.aiscore.odds_scraper - INFO - [jr7owip6wy9tgq0] Parsed 144/267 rows from 'Total Corners' (0 failed)
2025-12-09 20:42:52,722 - src.scrapers.aiscore.odds_scraper - INFO - [jr7owip6wy9tgq0] Extracted 144 odds records from 'Total Corners'
2025-12-09 20:42:53,391 - src.scrapers.aiscore.odds_scraper - INFO - [jr7owip6wy9tgq0] Parsed 144/144 rows from 'Default' (0 failed)
2025-12-09 20:42:53,392 - src.scrapers.aiscore.odds_scraper - INFO - [jr7owip6wy9tgq0] Extracted 144 odds from default view
2025-12-09 20:42:53,550 - src.scrapers.aiscore.odds_scraper - INFO - Match data saved to: data/aiscore/matches/20251010/match_jr7owip6wy9tgq0.json
2025-12-09 20:42:57,539 - src.scrapers.aiscore.odds_scraper - INFO - [jek33i86nwgi9ko] Located 4 odds tabs: 1 X 2, Asian Handicap, Total Goals, Total Corners
2025-12-09 20:42:58,930 - src.scrapers.aiscore.odds_scraper - INFO - [jek33i86nwgi9ko] Parsed 208/208 rows from '1 X 2' (0 failed)
2025-12-09 20:42:58,932 - src.scrapers.aiscore.odds_scraper - INFO - [jek33i86nwgi9ko] Extracted 208 odds records from '1 X 2'
2025-12-09 20:43:00,323 - src.scrapers.aiscore.odds_scraper - INFO - [jek33i86nwgi9ko] Parsed 135/208 rows from 'Asian Handicap' (67 failed)
2025-12-09 20:43:00,325 - src.scrapers.aiscore.odds_scraper - INFO - [jek33i86nwgi9ko] Extracted 135 odds records from 'Asian Handicap'
2025-12-09 20:43:01,709 - src.scrapers.aiscore.odds_scraper - INFO - [jek33i86nwgi9ko] Parsed 240/240 rows from 'Total Goals' (0 failed)
2025-12-09 20:43:01,711 - src.scrapers.aiscore.odds_scraper - INFO - [jek33i86nwgi9ko] Extracted 240 odds records from 'Total Goals'
2025-12-09 20:43:03,010 - src.scrapers.aiscore.odds_scraper - INFO - [jek33i86nwgi9ko] Parsed 140/240 rows from 'Total Corners' (0 failed)
2025-12-09 20:43:03,011 - src.scrapers.aiscore.odds_scraper - INFO - [jek33i86nwgi9ko] Extracted 140 odds records from 'Total Corners'
2025-12-09 20:43:03,586 - src.scrapers.aiscore.odds_scraper - INFO - [jek33i86nwgi9ko] Parsed 140/140 rows from 'Default' (0 failed)
2025-12-09 20:43:03,591 - src.scrapers.aiscore.odds_scraper - INFO - [jek33i86nwgi9ko] Extracted 140 odds from default view
2025-12-09 20:43:03,726 - src.scrapers.aiscore.odds_scraper - INFO - Match data saved to: data/aiscore/matches/20251010/match_jek33i86nwgi9ko.json
2025-12-09 20:43:07,452 - src.scrapers.aiscore.odds_scraper - INFO - [63kv9igmwl2tx7e] Located 4 odds tabs: 1 X 2, Asian Handicap, Total Goals, Total Corners
2025-12-09 20:43:08,744 - src.scrapers.aiscore.odds_scraper - INFO - [63kv9igmwl2tx7e] Parsed 303/303 rows from '1 X 2' (0 failed)
2025-12-09 20:43:08,746 - src.scrapers.aiscore.odds_scraper - INFO - [63kv9igmwl2tx7e] Extracted 303 odds records from '1 X 2'
2025-12-09 20:43:10,143 - src.scrapers.aiscore.odds_scraper - INFO - [63kv9igmwl2tx7e] Parsed 246/303 rows from 'Asian Handicap' (85 failed)
2025-12-09 20:43:10,145 - src.scrapers.aiscore.odds_scraper - INFO - [63kv9igmwl2tx7e] Extracted 246 odds records from 'Asian Handicap'
2025-12-09 20:43:11,698 - src.scrapers.aiscore.odds_scraper - INFO - [63kv9igmwl2tx7e] Parsed 432/331 rows from 'Total Goals' (0 failed)
2025-12-09 20:43:11,700 - src.scrapers.aiscore.odds_scraper - INFO - [63kv9igmwl2tx7e] Extracted 432 odds records from 'Total Goals'
2025-12-09 20:43:13,117 - src.scrapers.aiscore.odds_scraper - INFO - [63kv9igmwl2tx7e] Parsed 213/432 rows from 'Total Corners' (0 failed)
2025-12-09 20:43:13,118 - src.scrapers.aiscore.odds_scraper - INFO - [63kv9igmwl2tx7e] Extracted 213 odds records from 'Total Corners'
2025-12-09 20:43:13,691 - src.scrapers.aiscore.odds_scraper - INFO - [63kv9igmwl2tx7e] Parsed 213/213 rows from 'Default' (0 failed)
2025-12-09 20:43:13,693 - src.scrapers.aiscore.odds_scraper - INFO - [63kv9igmwl2tx7e] Extracted 213 odds from default view
2025-12-09 20:43:13,850 - src.scrapers.aiscore.odds_scraper - INFO - Match data saved to: data/aiscore/matches/20251010/match_63kv9igmwl2tx7e.json
2025-12-09 20:43:13,920 - src.scrapers.aiscore.odds_scraper - INFO - Progress: 40/66 (61%) - Success: 33, Failed: 5, Total odds: 33439
2025-12-09 20:43:17,341 - src.scrapers.aiscore.odds_scraper - INFO - [j374oi01rx4tgqo] Located 4 odds tabs: 1 X 2, Asian Handicap, Total Goals, Total Corners
2025-12-09 20:43:18,634 - src.scrapers.aiscore.odds_scraper - INFO - [j374oi01rx4tgqo] Parsed 310/310 rows from '1 X 2' (0 failed)
2025-12-09 20:43:18,641 - src.scrapers.aiscore.odds_scraper - INFO - [j374oi01rx4tgqo] Extracted 310 odds records from '1 X 2'
2025-12-09 20:43:20,072 - src.scrapers.aiscore.odds_scraper - INFO - [j374oi01rx4tgqo] Parsed 223/310 rows from 'Asian Handicap' (89 failed)
2025-12-09 20:43:20,073 - src.scrapers.aiscore.odds_scraper - INFO - [j374oi01rx4tgqo] Extracted 223 odds records from 'Asian Handicap'
2025-12-09 20:43:21,488 - src.scrapers.aiscore.odds_scraper - INFO - [j374oi01rx4tgqo] Parsed 315/312 rows from 'Total Goals' (0 failed)
2025-12-09 20:43:21,491 - src.scrapers.aiscore.odds_scraper - INFO - [j374oi01rx4tgqo] Extracted 315 odds records from 'Total Goals'
2025-12-09 20:43:22,814 - src.scrapers.aiscore.odds_scraper - INFO - [j374oi01rx4tgqo] Parsed 166/315 rows from 'Total Corners' (0 failed)
2025-12-09 20:43:22,823 - src.scrapers.aiscore.odds_scraper - INFO - [j374oi01rx4tgqo] Extracted 166 odds records from 'Total Corners'
2025-12-09 20:43:23,396 - src.scrapers.aiscore.odds_scraper - INFO - [j374oi01rx4tgqo] Parsed 166/166 rows from 'Default' (0 failed)
2025-12-09 20:43:23,398 - src.scrapers.aiscore.odds_scraper - INFO - [j374oi01rx4tgqo] Extracted 166 odds from default view
2025-12-09 20:43:23,539 - src.scrapers.aiscore.odds_scraper - INFO - Match data saved to: data/aiscore/matches/20251010/match_j374oi01rx4tgqo.json
2025-12-09 20:43:27,430 - src.scrapers.aiscore.odds_scraper - INFO - [g6763i5vmj9uo7r] Located 4 odds tabs: 1 X 2, Asian Handicap, Total Goals, Total Corners
2025-12-09 20:43:28,831 - src.scrapers.aiscore.odds_scraper - INFO - [g6763i5vmj9uo7r] Parsed 208/208 rows from '1 X 2' (0 failed)
2025-12-09 20:43:28,833 - src.scrapers.aiscore.odds_scraper - INFO - [g6763i5vmj9uo7r] Extracted 208 odds records from '1 X 2'
2025-12-09 20:43:30,154 - src.scrapers.aiscore.odds_scraper - INFO - [g6763i5vmj9uo7r] Parsed 96/149 rows from 'Asian Handicap' (53 failed)
2025-12-09 20:43:30,156 - src.scrapers.aiscore.odds_scraper - INFO - [g6763i5vmj9uo7r] Extracted 96 odds records from 'Asian Handicap'
2025-12-09 20:43:31,467 - src.scrapers.aiscore.odds_scraper - INFO - [g6763i5vmj9uo7r] Parsed 267/149 rows from 'Total Goals' (0 failed)
2025-12-09 20:43:31,470 - src.scrapers.aiscore.odds_scraper - INFO - [g6763i5vmj9uo7r] Extracted 267 odds records from 'Total Goals'
2025-12-09 20:43:32,799 - src.scrapers.aiscore.odds_scraper - INFO - [g6763i5vmj9uo7r] Parsed 124/267 rows from 'Total Corners' (0 failed)
2025-12-09 20:43:32,811 - src.scrapers.aiscore.odds_scraper - INFO - [g6763i5vmj9uo7r] Extracted 124 odds records from 'Total Corners'
2025-12-09 20:43:33,411 - src.scrapers.aiscore.odds_scraper - INFO - [g6763i5vmj9uo7r] Parsed 124/124 rows from 'Default' (0 failed)
2025-12-09 20:43:33,413 - src.scrapers.aiscore.odds_scraper - INFO - [g6763i5vmj9uo7r] Extracted 124 odds from default view
2025-12-09 20:43:33,886 - src.scrapers.aiscore.odds_scraper - INFO - Match data saved to: data/aiscore/matches/20251010/match_g6763i5vmj9uo7r.json
2025-12-09 20:43:37,405 - src.scrapers.aiscore.odds_scraper - INFO - [jek33i86n4gi9ko] Located 4 odds tabs: 1 X 2, Asian Handicap, Total Goals, Total Corners
2025-12-09 20:43:38,837 - src.scrapers.aiscore.odds_scraper - INFO - [jek33i86n4gi9ko] Parsed 185/185 rows from '1 X 2' (0 failed)
2025-12-09 20:43:38,838 - src.scrapers.aiscore.odds_scraper - INFO - [jek33i86n4gi9ko] Extracted 185 odds records from '1 X 2'
2025-12-09 20:43:40,138 - src.scrapers.aiscore.odds_scraper - INFO - [jek33i86n4gi9ko] Parsed 124/185 rows from 'Asian Handicap' (91 failed)
2025-12-09 20:43:40,139 - src.scrapers.aiscore.odds_scraper - INFO - [jek33i86n4gi9ko] Extracted 124 odds records from 'Asian Handicap'
2025-12-09 20:43:41,474 - src.scrapers.aiscore.odds_scraper - INFO - [jek33i86n4gi9ko] Parsed 242/215 rows from 'Total Goals' (0 failed)
2025-12-09 20:43:41,475 - src.scrapers.aiscore.odds_scraper - INFO - [jek33i86n4gi9ko] Extracted 242 odds records from 'Total Goals'
2025-12-09 20:43:42,792 - src.scrapers.aiscore.odds_scraper - INFO - [jek33i86n4gi9ko] Parsed 149/149 rows from 'Total Corners' (0 failed)
2025-12-09 20:43:42,796 - src.scrapers.aiscore.odds_scraper - INFO - [jek33i86n4gi9ko] Extracted 149 odds records from 'Total Corners'
2025-12-09 20:43:43,373 - src.scrapers.aiscore.odds_scraper - INFO - [jek33i86n4gi9ko] Parsed 149/149 rows from 'Default' (0 failed)
2025-12-09 20:43:43,379 - src.scrapers.aiscore.odds_scraper - INFO - [jek33i86n4gi9ko] Extracted 149 odds from default view
2025-12-09 20:43:43,530 - src.scrapers.aiscore.odds_scraper - INFO - Match data saved to: data/aiscore/matches/20251010/match_jek33i86n4gi9ko.json
2025-12-09 20:43:46,920 - src.scrapers.aiscore.odds_scraper - INFO - [o07dni5d8rmhmkn] Located 4 odds tabs: 1 X 2, Asian Handicap, Total Goals, Total Corners
2025-12-09 20:43:48,224 - src.scrapers.aiscore.odds_scraper - INFO - [o07dni5d8rmhmkn] Parsed 157/158 rows from '1 X 2' (1 failed)
2025-12-09 20:43:48,226 - src.scrapers.aiscore.odds_scraper - INFO - [o07dni5d8rmhmkn] Extracted 157 odds records from '1 X 2'
2025-12-09 20:43:49,538 - src.scrapers.aiscore.odds_scraper - INFO - [o07dni5d8rmhmkn] Parsed 215/282 rows from 'Asian Handicap' (67 failed)
2025-12-09 20:43:49,540 - src.scrapers.aiscore.odds_scraper - INFO - [o07dni5d8rmhmkn] Extracted 215 odds records from 'Asian Handicap'
2025-12-09 20:43:50,944 - src.scrapers.aiscore.odds_scraper - INFO - [o07dni5d8rmhmkn] Parsed 280/282 rows from 'Total Goals' (2 failed)
2025-12-09 20:43:50,952 - src.scrapers.aiscore.odds_scraper - INFO - [o07dni5d8rmhmkn] Extracted 280 odds records from 'Total Goals'
2025-12-09 20:43:52,352 - src.scrapers.aiscore.odds_scraper - INFO - [o07dni5d8rmhmkn] Parsed 126/281 rows from 'Total Corners' (0 failed)
2025-12-09 20:43:52,356 - src.scrapers.aiscore.odds_scraper - INFO - [o07dni5d8rmhmkn] Extracted 126 odds records from 'Total Corners'
2025-12-09 20:43:52,934 - src.scrapers.aiscore.odds_scraper - INFO - [o07dni5d8rmhmkn] Parsed 126/126 rows from 'Default' (0 failed)
2025-12-09 20:43:52,939 - src.scrapers.aiscore.odds_scraper - INFO - [o07dni5d8rmhmkn] Extracted 126 odds from default view
2025-12-09 20:43:53,068 - src.scrapers.aiscore.odds_scraper - INFO - Match data saved to: data/aiscore/matches/20251010/match_o07dni5d8rmhmkn.json
2025-12-09 20:43:56,639 - src.scrapers.aiscore.odds_scraper - INFO - [9gklzi10w8vsm7x] Located 4 odds tabs: 1 X 2, Asian Handicap, Total Goals, Total Corners
2025-12-09 20:43:58,145 - src.scrapers.aiscore.odds_scraper - INFO - [9gklzi10w8vsm7x] Parsed 339/339 rows from '1 X 2' (0 failed)
2025-12-09 20:43:58,148 - src.scrapers.aiscore.odds_scraper - INFO - [9gklzi10w8vsm7x] Extracted 339 odds records from '1 X 2'
2025-12-09 20:43:59,755 - src.scrapers.aiscore.odds_scraper - INFO - [9gklzi10w8vsm7x] Parsed 251/345 rows from 'Asian Handicap' (94 failed)
2025-12-09 20:43:59,758 - src.scrapers.aiscore.odds_scraper - INFO - [9gklzi10w8vsm7x] Extracted 251 odds records from 'Asian Handicap'
2025-12-09 20:44:01,728 - src.scrapers.aiscore.odds_scraper - INFO - [9gklzi10w8vsm7x] Parsed 318/318 rows from 'Total Goals' (0 failed)
2025-12-09 20:44:01,731 - src.scrapers.aiscore.odds_scraper - INFO - [9gklzi10w8vsm7x] Extracted 318 odds records from 'Total Goals'
2025-12-09 20:44:03,138 - src.scrapers.aiscore.odds_scraper - INFO - [9gklzi10w8vsm7x] Parsed 167/167 rows from 'Total Corners' (0 failed)
2025-12-09 20:44:03,140 - src.scrapers.aiscore.odds_scraper - INFO - [9gklzi10w8vsm7x] Extracted 167 odds records from 'Total Corners'
2025-12-09 20:44:03,740 - src.scrapers.aiscore.odds_scraper - INFO - [9gklzi10w8vsm7x] Parsed 167/167 rows from 'Default' (0 failed)
2025-12-09 20:44:03,742 - src.scrapers.aiscore.odds_scraper - INFO - [9gklzi10w8vsm7x] Extracted 167 odds from default view
2025-12-09 20:44:03,950 - src.scrapers.aiscore.odds_scraper - INFO - Match data saved to: data/aiscore/matches/20251010/match_9gklzi10w8vsm7x.json
2025-12-09 20:44:07,694 - src.scrapers.aiscore.odds_scraper - INFO - [ndkz6i3zvwgsxq3] Located 4 odds tabs: 1 X 2, Asian Handicap, Total Goals, Total Corners
2025-12-09 20:44:09,169 - src.scrapers.aiscore.odds_scraper - INFO - [ndkz6i3zvwgsxq3] Parsed 99/99 rows from '1 X 2' (0 failed)
2025-12-09 20:44:09,171 - src.scrapers.aiscore.odds_scraper - INFO - [ndkz6i3zvwgsxq3] Extracted 99 odds records from '1 X 2'
2025-12-09 20:44:10,533 - src.scrapers.aiscore.odds_scraper - INFO - [ndkz6i3zvwgsxq3] Parsed 177/99 rows from 'Asian Handicap' (42 failed)
2025-12-09 20:44:10,536 - src.scrapers.aiscore.odds_scraper - INFO - [ndkz6i3zvwgsxq3] Extracted 177 odds records from 'Asian Handicap'
2025-12-09 20:44:12,161 - src.scrapers.aiscore.odds_scraper - INFO - [ndkz6i3zvwgsxq3] Parsed 281/281 rows from 'Total Goals' (0 failed)
2025-12-09 20:44:12,163 - src.scrapers.aiscore.odds_scraper - INFO - [ndkz6i3zvwgsxq3] Extracted 281 odds records from 'Total Goals'
2025-12-09 20:44:13,571 - src.scrapers.aiscore.odds_scraper - INFO - [ndkz6i3zvwgsxq3] Parsed 135/281 rows from 'Total Corners' (0 failed)
2025-12-09 20:44:13,578 - src.scrapers.aiscore.odds_scraper - INFO - [ndkz6i3zvwgsxq3] Extracted 135 odds records from 'Total Corners'
2025-12-09 20:44:14,217 - src.scrapers.aiscore.odds_scraper - INFO - [ndkz6i3zvwgsxq3] Parsed 135/135 rows from 'Default' (0 failed)
2025-12-09 20:44:14,219 - src.scrapers.aiscore.odds_scraper - INFO - [ndkz6i3zvwgsxq3] Extracted 135 odds from default view
2025-12-09 20:44:14,366 - src.scrapers.aiscore.odds_scraper - INFO - Match data saved to: data/aiscore/matches/20251010/match_ndkz6i3zvwgsxq3.json
2025-12-09 20:44:18,284 - src.scrapers.aiscore.odds_scraper - INFO - [xvkjoi85mndt879] Located 4 odds tabs: 1 X 2, Asian Handicap, Total Goals, Total Corners
2025-12-09 20:44:19,660 - src.scrapers.aiscore.odds_scraper - INFO - [xvkjoi85mndt879] Parsed 157/157 rows from '1 X 2' (0 failed)
2025-12-09 20:44:19,662 - src.scrapers.aiscore.odds_scraper - INFO - [xvkjoi85mndt879] Extracted 157 odds records from '1 X 2'
2025-12-09 20:44:21,043 - src.scrapers.aiscore.odds_scraper - INFO - [xvkjoi85mndt879] Parsed 133/146 rows from 'Asian Handicap' (13 failed)
2025-12-09 20:44:21,045 - src.scrapers.aiscore.odds_scraper - INFO - [xvkjoi85mndt879] Extracted 133 odds records from 'Asian Handicap'
2025-12-09 20:44:22,404 - src.scrapers.aiscore.odds_scraper - INFO - [xvkjoi85mndt879] Parsed 211/146 rows from 'Total Goals' (0 failed)
2025-12-09 20:44:22,407 - src.scrapers.aiscore.odds_scraper - INFO - [xvkjoi85mndt879] Extracted 211 odds records from 'Total Goals'
2025-12-09 20:44:23,765 - src.scrapers.aiscore.odds_scraper - INFO - [xvkjoi85mndt879] Parsed 0/211 rows from 'Total Corners' (0 failed)
2025-12-09 20:44:24,630 - src.scrapers.aiscore.odds_scraper - INFO - Match data saved to: data/aiscore/matches/20251010/match_xvkjoi85mndt879.json
2025-12-09 20:44:57,526 - src.scrapers.aiscore.odds_scraper - INFO - [ezk96i36e31b1kn] No tabs found, attempting page refresh
2025-12-09 20:45:12,295 - src.scrapers.aiscore.odds_scraper - INFO - Match data saved to: data/aiscore/matches/20251010/match_ezk96i36e31b1kn.json
2025-12-09 20:45:16,177 - src.scrapers.aiscore.odds_scraper - INFO - [j374oi0w52dsgqo] Located 4 odds tabs: 1 X 2, Asian Handicap, Total Goals, Total Corners
2025-12-09 20:45:17,546 - src.scrapers.aiscore.odds_scraper - INFO - [j374oi0w52dsgqo] Parsed 102/102 rows from '1 X 2' (0 failed)
2025-12-09 20:45:17,548 - src.scrapers.aiscore.odds_scraper - INFO - [j374oi0w52dsgqo] Extracted 102 odds records from '1 X 2'
2025-12-09 20:45:18,886 - src.scrapers.aiscore.odds_scraper - INFO - [j374oi0w52dsgqo] Parsed 128/128 rows from 'Asian Handicap' (0 failed)
2025-12-09 20:45:18,889 - src.scrapers.aiscore.odds_scraper - INFO - [j374oi0w52dsgqo] Extracted 128 odds records from 'Asian Handicap'
2025-12-09 20:45:20,265 - src.scrapers.aiscore.odds_scraper - INFO - [j374oi0w52dsgqo] Parsed 174/128 rows from 'Total Goals' (0 failed)
2025-12-09 20:45:20,267 - src.scrapers.aiscore.odds_scraper - INFO - [j374oi0w52dsgqo] Extracted 174 odds records from 'Total Goals'
2025-12-09 20:45:21,618 - src.scrapers.aiscore.odds_scraper - INFO - [j374oi0w52dsgqo] Parsed 0/174 rows from 'Total Corners' (0 failed)
2025-12-09 20:45:22,460 - src.scrapers.aiscore.odds_scraper - INFO - Match data saved to: data/aiscore/matches/20251010/match_j374oi0w52dsgqo.json
2025-12-09 20:45:22,546 - src.scrapers.aiscore.odds_scraper - INFO - Progress: 50/66 (76%) - Success: 41, Failed: 6, Total odds: 40165
2025-12-09 20:45:26,008 - src.scrapers.aiscore.odds_scraper - INFO - [527r3i46my2u47e] Located 4 odds tabs: 1 X 2, Asian Handicap, Total Goals, Total Corners
2025-12-09 20:45:27,452 - src.scrapers.aiscore.odds_scraper - INFO - [527r3i46my2u47e] Parsed 222/222 rows from '1 X 2' (0 failed)
2025-12-09 20:45:27,453 - src.scrapers.aiscore.odds_scraper - INFO - [527r3i46my2u47e] Extracted 222 odds records from '1 X 2'
2025-12-09 20:45:28,887 - src.scrapers.aiscore.odds_scraper - INFO - [527r3i46my2u47e] Parsed 192/220 rows from 'Asian Handicap' (28 failed)
2025-12-09 20:45:28,890 - src.scrapers.aiscore.odds_scraper - INFO - [527r3i46my2u47e] Extracted 192 odds records from 'Asian Handicap'
2025-12-09 20:45:30,325 - src.scrapers.aiscore.odds_scraper - INFO - [527r3i46my2u47e] Parsed 320/220 rows from 'Total Goals' (0 failed)
2025-12-09 20:45:30,330 - src.scrapers.aiscore.odds_scraper - INFO - [527r3i46my2u47e] Extracted 320 odds records from 'Total Goals'
2025-12-09 20:45:31,743 - src.scrapers.aiscore.odds_scraper - INFO - [527r3i46my2u47e] Parsed 174/320 rows from 'Total Corners' (0 failed)
2025-12-09 20:45:31,746 - src.scrapers.aiscore.odds_scraper - INFO - [527r3i46my2u47e] Extracted 174 odds records from 'Total Corners'
2025-12-09 20:45:32,340 - src.scrapers.aiscore.odds_scraper - INFO - [527r3i46my2u47e] Parsed 174/174 rows from 'Default' (0 failed)
2025-12-09 20:45:32,345 - src.scrapers.aiscore.odds_scraper - INFO - [527r3i46my2u47e] Extracted 174 odds from default view
2025-12-09 20:45:32,563 - src.scrapers.aiscore.odds_scraper - INFO - Match data saved to: data/aiscore/matches/20251010/match_527r3i46my2u47e.json
2025-12-09 20:45:36,347 - src.scrapers.aiscore.odds_scraper - INFO - [ezk96i36ep1u1kn] Located 4 odds tabs: 1 X 2, Asian Handicap, Total Goals, Total Corners
2025-12-09 20:45:37,725 - src.scrapers.aiscore.odds_scraper - INFO - [ezk96i36ep1u1kn] Parsed 183/183 rows from '1 X 2' (0 failed)
2025-12-09 20:45:37,728 - src.scrapers.aiscore.odds_scraper - INFO - [ezk96i36ep1u1kn] Extracted 183 odds records from '1 X 2'
2025-12-09 20:45:39,177 - src.scrapers.aiscore.odds_scraper - INFO - [ezk96i36ep1u1kn] Parsed 117/133 rows from 'Asian Handicap' (16 failed)
2025-12-09 20:45:39,179 - src.scrapers.aiscore.odds_scraper - INFO - [ezk96i36ep1u1kn] Extracted 117 odds records from 'Asian Handicap'
2025-12-09 20:45:40,560 - src.scrapers.aiscore.odds_scraper - INFO - [ezk96i36ep1u1kn] Parsed 243/243 rows from 'Total Goals' (0 failed)
2025-12-09 20:45:40,564 - src.scrapers.aiscore.odds_scraper - INFO - [ezk96i36ep1u1kn] Extracted 243 odds records from 'Total Goals'
2025-12-09 20:45:42,805 - src.scrapers.aiscore.odds_scraper - INFO - Match data saved to: data/aiscore/matches/20251010/match_ezk96i36ep1u1kn.json
2025-12-09 20:45:46,186 - src.scrapers.aiscore.odds_scraper - INFO - [j374oi0w5orugqo] Located 4 odds tabs: 1 X 2, Asian Handicap, Total Goals, Total Corners
2025-12-09 20:45:47,524 - src.scrapers.aiscore.odds_scraper - INFO - [j374oi0w5orugqo] Parsed 138/138 rows from '1 X 2' (0 failed)
2025-12-09 20:45:47,528 - src.scrapers.aiscore.odds_scraper - INFO - [j374oi0w5orugqo] Extracted 138 odds records from '1 X 2'
2025-12-09 20:45:48,884 - src.scrapers.aiscore.odds_scraper - INFO - [j374oi0w5orugqo] Parsed 209/138 rows from 'Asian Handicap' (11 failed)
2025-12-09 20:45:48,885 - src.scrapers.aiscore.odds_scraper - INFO - [j374oi0w5orugqo] Extracted 209 odds records from 'Asian Handicap'
2025-12-09 20:45:50,342 - src.scrapers.aiscore.odds_scraper - INFO - [j374oi0w5orugqo] Parsed 287/287 rows from 'Total Goals' (0 failed)
2025-12-09 20:45:50,344 - src.scrapers.aiscore.odds_scraper - INFO - [j374oi0w5orugqo] Extracted 287 odds records from 'Total Goals'
2025-12-09 20:45:51,723 - src.scrapers.aiscore.odds_scraper - INFO - [j374oi0w5orugqo] Parsed 0/287 rows from 'Total Corners' (0 failed)
2025-12-09 20:45:52,951 - src.scrapers.aiscore.odds_scraper - INFO - Match data saved to: data/aiscore/matches/20251010/match_j374oi0w5orugqo.json
2025-12-09 20:45:56,715 - src.scrapers.aiscore.odds_scraper - INFO - [l6kegi83ye3cv75] Located 4 odds tabs: 1 X 2, Asian Handicap, Total Goals, Total Corners
2025-12-09 20:45:58,183 - src.scrapers.aiscore.odds_scraper - INFO - [l6kegi83ye3cv75] Parsed 219/219 rows from '1 X 2' (0 failed)
2025-12-09 20:45:58,185 - src.scrapers.aiscore.odds_scraper - INFO - [l6kegi83ye3cv75] Extracted 219 odds records from '1 X 2'
2025-12-09 20:45:59,602 - src.scrapers.aiscore.odds_scraper - INFO - [l6kegi83ye3cv75] Parsed 192/219 rows from 'Asian Handicap' (32 failed)
2025-12-09 20:45:59,604 - src.scrapers.aiscore.odds_scraper - INFO - [l6kegi83ye3cv75] Extracted 192 odds records from 'Asian Handicap'
2025-12-09 20:46:01,175 - src.scrapers.aiscore.odds_scraper - INFO - [l6kegi83ye3cv75] Parsed 276/224 rows from 'Total Goals' (0 failed)
2025-12-09 20:46:01,177 - src.scrapers.aiscore.odds_scraper - INFO - [l6kegi83ye3cv75] Extracted 276 odds records from 'Total Goals'
2025-12-09 20:46:03,063 - src.scrapers.aiscore.odds_scraper - INFO - [l6kegi83ye3cv75] Parsed 97/97 rows from 'Total Corners' (0 failed)
2025-12-09 20:46:03,065 - src.scrapers.aiscore.odds_scraper - INFO - [l6kegi83ye3cv75] Extracted 97 odds records from 'Total Corners'
2025-12-09 20:46:03,689 - src.scrapers.aiscore.odds_scraper - INFO - [l6kegi83ye3cv75] Parsed 97/97 rows from 'Default' (0 failed)
2025-12-09 20:46:03,690 - src.scrapers.aiscore.odds_scraper - INFO - [l6kegi83ye3cv75] Extracted 97 odds from default view
2025-12-09 20:46:03,884 - src.scrapers.aiscore.odds_scraper - INFO - Match data saved to: data/aiscore/matches/20251010/match_l6kegi83ye3cv75.json
2025-12-09 20:46:07,293 - src.scrapers.aiscore.odds_scraper - INFO - [edq09iln803ueqx] Located 4 odds tabs: 1 X 2, Asian Handicap, Total Goals, Total Corners
2025-12-09 20:46:08,746 - src.scrapers.aiscore.odds_scraper - INFO - [edq09iln803ueqx] Parsed 148/149 rows from '1 X 2' (1 failed)
2025-12-09 20:46:08,752 - src.scrapers.aiscore.odds_scraper - INFO - [edq09iln803ueqx] Extracted 148 odds records from '1 X 2'
2025-12-09 20:46:10,103 - src.scrapers.aiscore.odds_scraper - INFO - [edq09iln803ueqx] Parsed 155/149 rows from 'Asian Handicap' (7 failed)
2025-12-09 20:46:10,105 - src.scrapers.aiscore.odds_scraper - INFO - [edq09iln803ueqx] Extracted 155 odds records from 'Asian Handicap'
2025-12-09 20:46:12,046 - src.scrapers.aiscore.odds_scraper - INFO - [edq09iln803ueqx] Parsed 253/254 rows from 'Total Goals' (1 failed)
2025-12-09 20:46:12,048 - src.scrapers.aiscore.odds_scraper - INFO - [edq09iln803ueqx] Extracted 253 odds records from 'Total Goals'
2025-12-09 20:46:13,433 - src.scrapers.aiscore.odds_scraper - INFO - [edq09iln803ueqx] Parsed 0/254 rows from 'Total Corners' (0 failed)
2025-12-09 20:46:14,230 - src.scrapers.aiscore.odds_scraper - INFO - Match data saved to: data/aiscore/matches/20251010/match_edq09iln803ueqx.json
2025-12-09 20:46:18,191 - src.scrapers.aiscore.odds_scraper - INFO - [j374oi0w59rcgqo] Located 4 odds tabs: 1 X 2, Asian Handicap, Total Goals, Total Corners
2025-12-09 20:46:19,547 - src.scrapers.aiscore.odds_scraper - INFO - [j374oi0w59rcgqo] Parsed 55/55 rows from '1 X 2' (0 failed)
2025-12-09 20:46:19,548 - src.scrapers.aiscore.odds_scraper - INFO - [j374oi0w59rcgqo] Extracted 55 odds records from '1 X 2'
2025-12-09 20:46:20,891 - src.scrapers.aiscore.odds_scraper - INFO - [j374oi0w59rcgqo] Parsed 47/55 rows from 'Asian Handicap' (14 failed)
2025-12-09 20:46:20,895 - src.scrapers.aiscore.odds_scraper - INFO - [j374oi0w59rcgqo] Extracted 47 odds records from 'Asian Handicap'
2025-12-09 20:46:22,281 - src.scrapers.aiscore.odds_scraper - INFO - [j374oi0w59rcgqo] Parsed 61/61 rows from 'Total Goals' (0 failed)
2025-12-09 20:46:22,282 - src.scrapers.aiscore.odds_scraper - INFO - [j374oi0w59rcgqo] Extracted 61 odds records from 'Total Goals'
2025-12-09 20:46:24,970 - src.scrapers.aiscore.odds_scraper - INFO - Match data saved to: data/aiscore/matches/20251010/match_j374oi0w59rcgqo.json
2025-12-09 20:46:29,082 - src.scrapers.aiscore.odds_scraper - INFO - [jr7owipmvl8agq0] Located 4 odds tabs: 1 X 2, Asian Handicap, Total Goals, Total Corners
2025-12-09 20:46:30,683 - src.scrapers.aiscore.odds_scraper - INFO - [jr7owipmvl8agq0] Parsed 159/159 rows from '1 X 2' (0 failed)
2025-12-09 20:46:30,685 - src.scrapers.aiscore.odds_scraper - INFO - [jr7owipmvl8agq0] Extracted 159 odds records from '1 X 2'
2025-12-09 20:46:32,598 - src.scrapers.aiscore.odds_scraper - INFO - [jr7owipmvl8agq0] Extracted 16 odds records from 'Asian Handicap'
2025-12-09 20:46:34,082 - src.scrapers.aiscore.odds_scraper - INFO - [jr7owipmvl8agq0] Parsed 184/184 rows from 'Total Goals' (0 failed)
2025-12-09 20:46:34,085 - src.scrapers.aiscore.odds_scraper - INFO - [jr7owipmvl8agq0] Extracted 184 odds records from 'Total Goals'
2025-12-09 20:46:36,684 - src.scrapers.aiscore.odds_scraper - INFO - Match data saved to: data/aiscore/matches/20251010/match_jr7owipmvl8agq0.json
2025-12-09 20:47:07,280 - __main__ - INFO - Odds scraping for 20251010 took 830.71s
2025-12-09 20:47:07,284 - urllib3.connectionpool - WARNING - Retrying (Retry(total=2, connect=None, read=None, redirect=None, status=None)) after connection broken by 'NewConnectionError("HTTPConnection(host='localhost', port=52825): Failed to establish a new connection: [Errno 111] Connection refused")': /session/0a0e637053ca9a5d19df17abdd377351
2025-12-09 20:47:07,287 - urllib3.connectionpool - WARNING - Retrying (Retry(total=1, connect=None, read=None, redirect=None, status=None)) after connection broken by 'NewConnectionError("HTTPConnection(host='localhost', port=52825): Failed to establish a new connection: [Errno 111] Connection refused")': /session/0a0e637053ca9a5d19df17abdd377351
2025-12-09 20:47:07,290 - urllib3.connectionpool - WARNING - Retrying (Retry(total=0, connect=None, read=None, redirect=None, status=None)) after connection broken by 'NewConnectionError("HTTPConnection(host='localhost', port=52825): Failed to establish a new connection: [Errno 111] Connection refused")': /session/0a0e637053ca9a5d19df17abdd377351
2025-12-09 20:47:07,294 - src.scrapers.aiscore.browser - INFO - Browser closed
2025-12-09 20:53:19,819 - root - INFO - ================================================================================
2025-12-09 20:53:19,820 - root - INFO - 📝 Logging initialized
2025-12-09 20:53:19,821 - root - INFO -    Log file: /app/logs/aiscore_scraper_odds_20251010.log
2025-12-09 20:53:19,824 - root - INFO -    Console level: INFO and above
2025-12-09 20:53:19,826 - root - INFO -    File level: INFO and above
2025-12-09 20:53:19,826 - root - INFO -    File handler: ✓ Active
2025-12-09 20:53:19,827 - root - INFO - ================================================================================
2025-12-09 20:53:19,862 - src.scrapers.aiscore.odds_scraper - INFO - Starting odds scrape for 20251010: 8 pending, 58 already processed
2025-12-09 20:53:19,864 - src.scrapers.aiscore.browser - INFO - Using Chrome binary: /usr/bin/chromium
2025-12-09 20:53:19,865 - src.scrapers.aiscore.browser - INFO - Using pre-installed ChromeDriver at: /usr/bin/chromedriver
2025-12-09 20:53:20,117 - src.scrapers.aiscore.browser - INFO - Browser created successfully
2025-12-09 20:53:43,932 - __main__ - INFO - Odds scraping for 20251010 took 24.08s
2025-12-09 20:53:43,939 - urllib3.connectionpool - WARNING - Retrying (Retry(total=2, connect=None, read=None, redirect=None, status=None)) after connection broken by 'NewConnectionError("HTTPConnection(host='localhost', port=34707): Failed to establish a new connection: [Errno 111] Connection refused")': /session/e9fcc7352a93155f42fbfa6ccd215396
2025-12-09 20:53:43,942 - urllib3.connectionpool - WARNING - Retrying (Retry(total=1, connect=None, read=None, redirect=None, status=None)) after connection broken by 'NewConnectionError("HTTPConnection(host='localhost', port=34707): Failed to establish a new connection: [Errno 111] Connection refused")': /session/e9fcc7352a93155f42fbfa6ccd215396
2025-12-09 20:53:43,950 - urllib3.connectionpool - WARNING - Retrying (Retry(total=0, connect=None, read=None, redirect=None, status=None)) after connection broken by 'NewConnectionError("HTTPConnection(host='localhost', port=34707): Failed to establish a new connection: [Errno 111] Connection refused")': /session/e9fcc7352a93155f42fbfa6ccd215396
2025-12-09 20:53:43,955 - src.scrapers.aiscore.browser - INFO - Browser closed
2025-12-09 20:54:14,456 - root - INFO - ================================================================================
2025-12-09 20:54:14,462 - root - INFO - 📝 Logging initialized
2025-12-09 20:54:14,465 - root - INFO -    Log file: /app/logs/aiscore_scraper_odds_20251010.log
2025-12-09 20:54:14,470 - root - INFO -    Console level: INFO and above
2025-12-09 20:54:14,471 - root - INFO -    File level: INFO and above
2025-12-09 20:54:14,473 - root - INFO -    File handler: ✓ Active
2025-12-09 20:54:14,476 - root - INFO - ================================================================================
2025-12-09 20:54:14,538 - src.scrapers.aiscore.odds_scraper - INFO - Starting odds scrape for 20251010: 8 to scrape (n/a + pending), 58 skipped (success/failed/forbidden)
2025-12-09 20:54:14,539 - src.scrapers.aiscore.browser - INFO - Using Chrome binary: /usr/bin/chromium
2025-12-09 20:54:14,540 - src.scrapers.aiscore.browser - INFO - Using pre-installed ChromeDriver at: /usr/bin/chromedriver
2025-12-09 20:54:14,803 - src.scrapers.aiscore.browser - INFO - Browser created successfully
2025-12-09 20:55:07,182 - src.scrapers.aiscore.odds_scraper - INFO - [m2q15iz4mzvue76] Scraped 0 tabs, 0 total odds (1X2: 0, AH: 0, O/U: 0)
2025-12-09 20:55:17,186 - src.scrapers.aiscore.odds_scraper - INFO - [g6763i530loso7r] Scraped 3 tabs, 766 total odds (1X2: 168, AH: 276, O/U: 322)
2025-12-09 20:55:26,659 - src.scrapers.aiscore.odds_scraper - INFO - [g6763i5305oho7r] Scraped 2 tabs, 55 total odds (1X2: 20, AH: 0, O/U: 35)
2025-12-09 20:55:26,731 - src.scrapers.aiscore.odds_scraper - INFO - Progress: 60/66 (91%) - Success: 50, Failed: 7, Total odds: 821
2025-12-09 20:55:36,140 - src.scrapers.aiscore.odds_scraper - INFO - [l6kegi83e4vsv75] Scraped 4 tabs, 208 total odds (1X2: 139, AH: 48, O/U: 21)
2025-12-09 20:55:45,920 - src.scrapers.aiscore.odds_scraper - INFO - [l6kegi81p8nbv75] Scraped 5 tabs, 1198 total odds (1X2: 272, AH: 228, O/U: 698)
2025-12-09 20:55:55,682 - src.scrapers.aiscore.odds_scraper - INFO - [o07dni5e63lcmkn] Scraped 5 tabs, 756 total odds (1X2: 93, AH: 182, O/U: 481)
2025-12-09 20:56:07,799 - src.scrapers.aiscore.odds_scraper - INFO - [8lk2dir5xv0bz73] Scraped 5 tabs, 980 total odds (1X2: 227, AH: 143, O/U: 610)
2025-12-09 20:56:17,568 - src.scrapers.aiscore.odds_scraper - INFO - [vmqy9ivzro2fgk9] Scraped 3 tabs, 495 total odds (1X2: 184, AH: 87, O/U: 224)
2025-12-09 20:56:18,161 - src.scrapers.aiscore.odds_scraper - INFO - Scraping complete for 20251010: 55/66 successful (83.3%), 4458 total odds extracted
2025-12-09 20:56:18,198 - __main__ - INFO - Odds scraping for 20251010 took 123.67s
2025-12-09 20:56:18,298 - src.scrapers.aiscore.browser - INFO - Browser closed
2025-12-09 20:56:21,272 - src.scrapers.aiscore.bronze_storage - INFO - Compressed 20251010: 62 files, 17.96 MB -> 0.59 MB (saved 97%)
2025-12-09 20:56:21,273 - __main__ - INFO - Compressed 62 files for 20251010: saved 17.38 MB (97% reduction)
