2025-12-09 19:45:44,983 - root - INFO - ================================================================================
2025-12-09 19:45:44,985 - root - INFO - 📝 Logging initialized
2025-12-09 19:45:44,986 - root - INFO -    Log file: /app/logs/aiscore_scraper_odds_20251007.log
2025-12-09 19:45:44,987 - root - INFO -    Console level: INFO and above
2025-12-09 19:45:44,987 - root - INFO -    File level: INFO and above
2025-12-09 19:45:44,988 - root - INFO -    File handler: ✓ Active
2025-12-09 19:45:44,990 - root - INFO - ================================================================================
2025-12-09 19:45:45,052 - src.scrapers.aiscore.odds_scraper - INFO - Starting odds scrape for 20251007: 37 pending, 11 already processed
2025-12-09 19:45:45,053 - src.scrapers.aiscore.browser - INFO - Using Chrome binary: /usr/bin/chromium
2025-12-09 19:45:45,053 - src.scrapers.aiscore.browser - INFO - Using pre-installed ChromeDriver at: /usr/bin/chromedriver
2025-12-09 19:45:45,295 - src.scrapers.aiscore.browser - INFO - Browser created successfully
2025-12-09 19:46:21,376 - src.scrapers.aiscore.odds_scraper - INFO - [oj7x9inpg4vc47g] No tabs found, attempting page refresh
2025-12-09 19:46:37,619 - src.scrapers.aiscore.odds_scraper - INFO - Match data saved to: data/aiscore/matches/20251007/match_oj7x9inpg4vc47g.json
2025-12-09 19:46:41,144 - src.scrapers.aiscore.odds_scraper - INFO - [jr7owipmzgzigq0] Located 4 odds tabs: 1 X 2, Asian Handicap, Total Goals, Total Corners
2025-12-09 19:46:42,491 - src.scrapers.aiscore.odds_scraper - INFO - [jr7owipmzgzigq0] Parsed 236/238 rows from '1 X 2' (2 failed)
2025-12-09 19:46:42,492 - src.scrapers.aiscore.odds_scraper - INFO - [jr7owipmzgzigq0] Extracted 236 odds records from '1 X 2'
2025-12-09 19:46:43,882 - src.scrapers.aiscore.odds_scraper - INFO - [jr7owipmzgzigq0] Parsed 139/259 rows from 'Asian Handicap' (120 failed)
2025-12-09 19:46:43,890 - src.scrapers.aiscore.odds_scraper - INFO - [jr7owipmzgzigq0] Extracted 139 odds records from 'Asian Handicap'
2025-12-09 19:46:45,333 - src.scrapers.aiscore.odds_scraper - INFO - [jr7owipmzgzigq0] Parsed 294/259 rows from 'Total Goals' (1 failed)
2025-12-09 19:46:45,336 - src.scrapers.aiscore.odds_scraper - INFO - [jr7owipmzgzigq0] Extracted 294 odds records from 'Total Goals'
2025-12-09 19:46:46,710 - src.scrapers.aiscore.odds_scraper - INFO - [jr7owipmzgzigq0] Parsed 112/295 rows from 'Total Corners' (0 failed)
2025-12-09 19:46:46,713 - src.scrapers.aiscore.odds_scraper - INFO - [jr7owipmzgzigq0] Extracted 112 odds records from 'Total Corners'
2025-12-09 19:46:47,275 - src.scrapers.aiscore.odds_scraper - INFO - [jr7owipmzgzigq0] Parsed 112/112 rows from 'Default' (0 failed)
2025-12-09 19:46:47,277 - src.scrapers.aiscore.odds_scraper - INFO - [jr7owipmzgzigq0] Extracted 112 odds from default view
2025-12-09 19:46:47,442 - src.scrapers.aiscore.odds_scraper - INFO - Match data saved to: data/aiscore/matches/20251007/match_jr7owipmzgzigq0.json
2025-12-09 19:46:51,116 - src.scrapers.aiscore.odds_scraper - INFO - [vrqwni4zemga4qn] Located 4 odds tabs: 1 X 2, Asian Handicap, Total Goals, Total Corners
2025-12-09 19:46:52,469 - src.scrapers.aiscore.odds_scraper - INFO - [vrqwni4zemga4qn] Parsed 220/221 rows from '1 X 2' (1 failed)
2025-12-09 19:46:52,470 - src.scrapers.aiscore.odds_scraper - INFO - [vrqwni4zemga4qn] Extracted 220 odds records from '1 X 2'
2025-12-09 19:46:53,804 - src.scrapers.aiscore.odds_scraper - INFO - [vrqwni4zemga4qn] Parsed 157/221 rows from 'Asian Handicap' (141 failed)
2025-12-09 19:46:53,806 - src.scrapers.aiscore.odds_scraper - INFO - [vrqwni4zemga4qn] Extracted 157 odds records from 'Asian Handicap'
2025-12-09 19:46:55,273 - src.scrapers.aiscore.odds_scraper - INFO - [vrqwni4zemga4qn] Parsed 354/298 rows from 'Total Goals' (1 failed)
2025-12-09 19:46:55,281 - src.scrapers.aiscore.odds_scraper - INFO - [vrqwni4zemga4qn] Extracted 354 odds records from 'Total Goals'
2025-12-09 19:46:56,639 - src.scrapers.aiscore.odds_scraper - INFO - [vrqwni4zemga4qn] Parsed 191/192 rows from 'Total Corners' (1 failed)
2025-12-09 19:46:56,640 - src.scrapers.aiscore.odds_scraper - INFO - [vrqwni4zemga4qn] Extracted 191 odds records from 'Total Corners'
2025-12-09 19:46:57,218 - src.scrapers.aiscore.odds_scraper - INFO - [vrqwni4zemga4qn] Parsed 191/192 rows from 'Default' (1 failed)
2025-12-09 19:46:57,219 - src.scrapers.aiscore.odds_scraper - INFO - [vrqwni4zemga4qn] Extracted 191 odds from default view
2025-12-09 19:46:57,349 - src.scrapers.aiscore.odds_scraper - INFO - Match data saved to: data/aiscore/matches/20251007/match_vrqwni4zemga4qn.json
2025-12-09 19:47:00,798 - src.scrapers.aiscore.odds_scraper - INFO - [g6763i6g4dzio7r] Located 4 odds tabs: 1 X 2, Asian Handicap, Total Goals, Total Corners
2025-12-09 19:47:02,312 - src.scrapers.aiscore.odds_scraper - INFO - [g6763i6g4dzio7r] Parsed 339/339 rows from '1 X 2' (0 failed)
2025-12-09 19:47:02,314 - src.scrapers.aiscore.odds_scraper - INFO - [g6763i6g4dzio7r] Extracted 339 odds records from '1 X 2'
2025-12-09 19:47:03,722 - src.scrapers.aiscore.odds_scraper - INFO - [g6763i6g4dzio7r] Parsed 193/332 rows from 'Asian Handicap' (139 failed)
2025-12-09 19:47:03,723 - src.scrapers.aiscore.odds_scraper - INFO - [g6763i6g4dzio7r] Extracted 193 odds records from 'Asian Handicap'
2025-12-09 19:47:05,143 - src.scrapers.aiscore.odds_scraper - INFO - [g6763i6g4dzio7r] Parsed 288/332 rows from 'Total Goals' (0 failed)
2025-12-09 19:47:05,146 - src.scrapers.aiscore.odds_scraper - INFO - [g6763i6g4dzio7r] Extracted 288 odds records from 'Total Goals'
2025-12-09 19:47:06,472 - src.scrapers.aiscore.odds_scraper - INFO - [g6763i6g4dzio7r] Parsed 161/288 rows from 'Total Corners' (0 failed)
2025-12-09 19:47:06,478 - src.scrapers.aiscore.odds_scraper - INFO - [g6763i6g4dzio7r] Extracted 161 odds records from 'Total Corners'
2025-12-09 19:47:07,054 - src.scrapers.aiscore.odds_scraper - INFO - [g6763i6g4dzio7r] Parsed 161/161 rows from 'Default' (0 failed)
2025-12-09 19:47:07,055 - src.scrapers.aiscore.odds_scraper - INFO - [g6763i6g4dzio7r] Extracted 161 odds from default view
2025-12-09 19:47:07,195 - src.scrapers.aiscore.odds_scraper - INFO - Match data saved to: data/aiscore/matches/20251007/match_g6763i6g4dzio7r.json
2025-12-09 19:47:10,614 - src.scrapers.aiscore.odds_scraper - INFO - [wv78xivenw9iokr] Located 4 odds tabs: 1 X 2, Asian Handicap, Total Goals, Total Corners
2025-12-09 19:47:11,877 - src.scrapers.aiscore.odds_scraper - INFO - [wv78xivenw9iokr] Extracted 5 odds records from '1 X 2'
2025-12-09 19:47:14,414 - src.scrapers.aiscore.odds_scraper - INFO - [wv78xivenw9iokr] Extracted 4 odds records from 'Total Goals'
2025-12-09 19:47:15,685 - src.scrapers.aiscore.odds_scraper - INFO - [wv78xivenw9iokr] Extracted 1 odds records from 'Total Corners'
2025-12-09 19:47:16,246 - src.scrapers.aiscore.odds_scraper - INFO - [wv78xivenw9iokr] Extracted 1 odds from default view
2025-12-09 19:47:16,372 - src.scrapers.aiscore.odds_scraper - INFO - Match data saved to: data/aiscore/matches/20251007/match_wv78xivenw9iokr.json
2025-12-09 19:47:20,215 - src.scrapers.aiscore.odds_scraper - INFO - [o17pjionev4uy7j] Located 4 odds tabs: 1 X 2, Asian Handicap, Total Goals, Total Corners
2025-12-09 19:47:21,519 - src.scrapers.aiscore.odds_scraper - INFO - [o17pjionev4uy7j] Parsed 101/102 rows from '1 X 2' (1 failed)
2025-12-09 19:47:21,520 - src.scrapers.aiscore.odds_scraper - INFO - [o17pjionev4uy7j] Extracted 101 odds records from '1 X 2'
2025-12-09 19:47:22,815 - src.scrapers.aiscore.odds_scraper - INFO - [o17pjionev4uy7j] Parsed 430/102 rows from 'Asian Handicap' (9 failed)
2025-12-09 19:47:22,816 - src.scrapers.aiscore.odds_scraper - INFO - [o17pjionev4uy7j] Extracted 430 odds records from 'Asian Handicap'
2025-12-09 19:47:24,787 - src.scrapers.aiscore.odds_scraper - INFO - [o17pjionev4uy7j] Parsed 435/436 rows from 'Total Goals' (1 failed)
2025-12-09 19:47:24,788 - src.scrapers.aiscore.odds_scraper - INFO - [o17pjionev4uy7j] Extracted 435 odds records from 'Total Goals'
2025-12-09 19:47:27,123 - src.scrapers.aiscore.odds_scraper - INFO - Match data saved to: data/aiscore/matches/20251007/match_o17pjionev4uy7j.json
2025-12-09 19:47:30,684 - src.scrapers.aiscore.odds_scraper - INFO - [g6763i545d8uo7r] Located 4 odds tabs: 1 X 2, Asian Handicap, Total Goals, Total Corners
2025-12-09 19:47:32,073 - src.scrapers.aiscore.odds_scraper - INFO - [g6763i545d8uo7r] Parsed 226/226 rows from '1 X 2' (0 failed)
2025-12-09 19:47:32,074 - src.scrapers.aiscore.odds_scraper - INFO - [g6763i545d8uo7r] Extracted 226 odds records from '1 X 2'
2025-12-09 19:47:33,426 - src.scrapers.aiscore.odds_scraper - INFO - [g6763i545d8uo7r] Parsed 173/226 rows from 'Asian Handicap' (25 failed)
2025-12-09 19:47:33,428 - src.scrapers.aiscore.odds_scraper - INFO - [g6763i545d8uo7r] Extracted 173 odds records from 'Asian Handicap'
2025-12-09 19:47:34,764 - src.scrapers.aiscore.odds_scraper - INFO - [g6763i545d8uo7r] Parsed 294/294 rows from 'Total Goals' (0 failed)
2025-12-09 19:47:34,765 - src.scrapers.aiscore.odds_scraper - INFO - [g6763i545d8uo7r] Extracted 294 odds records from 'Total Goals'
2025-12-09 19:47:36,068 - src.scrapers.aiscore.odds_scraper - INFO - [g6763i545d8uo7r] Parsed 141/294 rows from 'Total Corners' (0 failed)
2025-12-09 19:47:36,069 - src.scrapers.aiscore.odds_scraper - INFO - [g6763i545d8uo7r] Extracted 141 odds records from 'Total Corners'
2025-12-09 19:47:36,636 - src.scrapers.aiscore.odds_scraper - INFO - [g6763i545d8uo7r] Parsed 141/141 rows from 'Default' (0 failed)
2025-12-09 19:47:36,638 - src.scrapers.aiscore.odds_scraper - INFO - [g6763i545d8uo7r] Extracted 141 odds from default view
2025-12-09 19:47:36,835 - src.scrapers.aiscore.odds_scraper - INFO - Match data saved to: data/aiscore/matches/20251007/match_g6763i545d8uo7r.json
2025-12-09 19:47:36,913 - src.scrapers.aiscore.odds_scraper - INFO - Progress: 10/48 (21%) - Success: 6, Failed: 1, Total odds: 5100
2025-12-09 19:47:40,114 - src.scrapers.aiscore.odds_scraper - INFO - [jek33i8yvg2f9ko] Located 4 odds tabs: 1 X 2, Asian Handicap, Total Goals, Total Corners
2025-12-09 19:47:41,401 - src.scrapers.aiscore.odds_scraper - INFO - [jek33i8yvg2f9ko] Parsed 168/168 rows from '1 X 2' (0 failed)
2025-12-09 19:47:41,402 - src.scrapers.aiscore.odds_scraper - INFO - [jek33i8yvg2f9ko] Extracted 168 odds records from '1 X 2'
2025-12-09 19:47:42,721 - src.scrapers.aiscore.odds_scraper - INFO - [jek33i8yvg2f9ko] Parsed 162/168 rows from 'Asian Handicap' (35 failed)
2025-12-09 19:47:42,722 - src.scrapers.aiscore.odds_scraper - INFO - [jek33i8yvg2f9ko] Extracted 162 odds records from 'Asian Handicap'
2025-12-09 19:47:44,084 - src.scrapers.aiscore.odds_scraper - INFO - [jek33i8yvg2f9ko] Parsed 310/197 rows from 'Total Goals' (0 failed)
2025-12-09 19:47:44,086 - src.scrapers.aiscore.odds_scraper - INFO - [jek33i8yvg2f9ko] Extracted 310 odds records from 'Total Goals'
2025-12-09 19:47:45,437 - src.scrapers.aiscore.odds_scraper - INFO - [jek33i8yvg2f9ko] Parsed 155/310 rows from 'Total Corners' (0 failed)
2025-12-09 19:47:45,439 - src.scrapers.aiscore.odds_scraper - INFO - [jek33i8yvg2f9ko] Extracted 155 odds records from 'Total Corners'
2025-12-09 19:47:46,014 - src.scrapers.aiscore.odds_scraper - INFO - [jek33i8yvg2f9ko] Parsed 155/155 rows from 'Default' (0 failed)
2025-12-09 19:47:46,016 - src.scrapers.aiscore.odds_scraper - INFO - [jek33i8yvg2f9ko] Extracted 155 odds from default view
2025-12-09 19:47:46,181 - src.scrapers.aiscore.odds_scraper - INFO - Match data saved to: data/aiscore/matches/20251007/match_jek33i8yvg2f9ko.json
2025-12-09 19:47:49,467 - src.scrapers.aiscore.odds_scraper - INFO - [o07dni5ewvjsmkn] Located 4 odds tabs: 1 X 2, Asian Handicap, Total Goals, Total Corners
2025-12-09 19:47:50,859 - src.scrapers.aiscore.odds_scraper - INFO - [o07dni5ewvjsmkn] Parsed 225/225 rows from '1 X 2' (0 failed)
2025-12-09 19:47:50,861 - src.scrapers.aiscore.odds_scraper - INFO - [o07dni5ewvjsmkn] Extracted 225 odds records from '1 X 2'
2025-12-09 19:47:52,292 - src.scrapers.aiscore.odds_scraper - INFO - [o07dni5ewvjsmkn] Parsed 146/223 rows from 'Asian Handicap' (77 failed)
2025-12-09 19:47:52,293 - src.scrapers.aiscore.odds_scraper - INFO - [o07dni5ewvjsmkn] Extracted 146 odds records from 'Asian Handicap'
2025-12-09 19:47:53,621 - src.scrapers.aiscore.odds_scraper - INFO - [o07dni5ewvjsmkn] Parsed 275/223 rows from 'Total Goals' (0 failed)
2025-12-09 19:47:53,625 - src.scrapers.aiscore.odds_scraper - INFO - [o07dni5ewvjsmkn] Extracted 275 odds records from 'Total Goals'
2025-12-09 19:47:54,958 - src.scrapers.aiscore.odds_scraper - INFO - [o07dni5ewvjsmkn] Parsed 3/275 rows from 'Total Corners' (272 failed)
2025-12-09 19:47:54,962 - src.scrapers.aiscore.odds_scraper - INFO - [o07dni5ewvjsmkn] Extracted 3 odds records from 'Total Corners'
2025-12-09 19:47:55,541 - src.scrapers.aiscore.odds_scraper - INFO - [o07dni5ewvjsmkn] Parsed 141/141 rows from 'Default' (0 failed)
2025-12-09 19:47:55,543 - src.scrapers.aiscore.odds_scraper - INFO - [o07dni5ewvjsmkn] Extracted 141 odds from default view
2025-12-09 19:47:55,664 - src.scrapers.aiscore.odds_scraper - INFO - Match data saved to: data/aiscore/matches/20251007/match_o07dni5ewvjsmkn.json
2025-12-09 19:47:58,881 - src.scrapers.aiscore.odds_scraper - INFO - [o17pjioejyycy7j] Located 4 odds tabs: 1 X 2, Asian Handicap, Total Goals, Total Corners
2025-12-09 19:48:00,146 - src.scrapers.aiscore.odds_scraper - INFO - [o17pjioejyycy7j] Parsed 186/186 rows from '1 X 2' (0 failed)
2025-12-09 19:48:00,148 - src.scrapers.aiscore.odds_scraper - INFO - [o17pjioejyycy7j] Extracted 186 odds records from '1 X 2'
2025-12-09 19:48:01,477 - src.scrapers.aiscore.odds_scraper - INFO - [o17pjioejyycy7j] Parsed 181/291 rows from 'Asian Handicap' (110 failed)
2025-12-09 19:48:01,478 - src.scrapers.aiscore.odds_scraper - INFO - [o17pjioejyycy7j] Extracted 181 odds records from 'Asian Handicap'
2025-12-09 19:48:02,857 - src.scrapers.aiscore.odds_scraper - INFO - [o17pjioejyycy7j] Parsed 332/291 rows from 'Total Goals' (0 failed)
2025-12-09 19:48:02,858 - src.scrapers.aiscore.odds_scraper - INFO - [o17pjioejyycy7j] Extracted 332 odds records from 'Total Goals'
2025-12-09 19:48:04,183 - src.scrapers.aiscore.odds_scraper - INFO - [o17pjioejyycy7j] Parsed 172/172 rows from 'Total Corners' (0 failed)
2025-12-09 19:48:04,184 - src.scrapers.aiscore.odds_scraper - INFO - [o17pjioejyycy7j] Extracted 172 odds records from 'Total Corners'
2025-12-09 19:48:04,763 - src.scrapers.aiscore.odds_scraper - INFO - [o17pjioejyycy7j] Parsed 172/172 rows from 'Default' (0 failed)
2025-12-09 19:48:04,779 - src.scrapers.aiscore.odds_scraper - INFO - [o17pjioejyycy7j] Extracted 172 odds from default view
2025-12-09 19:48:05,203 - src.scrapers.aiscore.odds_scraper - INFO - Match data saved to: data/aiscore/matches/20251007/match_o17pjioejyycy7j.json
2025-12-09 19:48:08,253 - src.scrapers.aiscore.odds_scraper - INFO - [63kv9ig0xoyhx7e] Located 4 odds tabs: 1 X 2, Asian Handicap, Total Goals, Total Corners
2025-12-09 19:48:09,542 - src.scrapers.aiscore.odds_scraper - INFO - [63kv9ig0xoyhx7e] Parsed 198/198 rows from '1 X 2' (0 failed)
2025-12-09 19:48:09,545 - src.scrapers.aiscore.odds_scraper - INFO - [63kv9ig0xoyhx7e] Extracted 198 odds records from '1 X 2'
2025-12-09 19:48:10,871 - src.scrapers.aiscore.odds_scraper - INFO - [63kv9ig0xoyhx7e] Parsed 205/242 rows from 'Asian Handicap' (37 failed)
2025-12-09 19:48:10,872 - src.scrapers.aiscore.odds_scraper - INFO - [63kv9ig0xoyhx7e] Extracted 205 odds records from 'Asian Handicap'
2025-12-09 19:48:12,330 - src.scrapers.aiscore.odds_scraper - INFO - [63kv9ig0xoyhx7e] Parsed 288/288 rows from 'Total Goals' (0 failed)
2025-12-09 19:48:12,331 - src.scrapers.aiscore.odds_scraper - INFO - [63kv9ig0xoyhx7e] Extracted 288 odds records from 'Total Goals'
2025-12-09 19:48:13,695 - src.scrapers.aiscore.odds_scraper - INFO - [63kv9ig0xoyhx7e] Parsed 152/288 rows from 'Total Corners' (0 failed)
2025-12-09 19:48:13,705 - src.scrapers.aiscore.odds_scraper - INFO - [63kv9ig0xoyhx7e] Extracted 152 odds records from 'Total Corners'
2025-12-09 19:48:14,302 - src.scrapers.aiscore.odds_scraper - INFO - [63kv9ig0xoyhx7e] Parsed 152/152 rows from 'Default' (0 failed)
2025-12-09 19:48:14,309 - src.scrapers.aiscore.odds_scraper - INFO - [63kv9ig0xoyhx7e] Extracted 152 odds from default view
2025-12-09 19:48:14,637 - src.scrapers.aiscore.odds_scraper - INFO - Match data saved to: data/aiscore/matches/20251007/match_63kv9ig0xoyhx7e.json
2025-12-09 19:48:18,512 - src.scrapers.aiscore.odds_scraper - INFO - [zrkn6i4dvv0twql] Located 4 odds tabs: 1 X 2, Asian Handicap, Total Goals, Total Corners
2025-12-09 19:48:19,783 - src.scrapers.aiscore.odds_scraper - INFO - [zrkn6i4dvv0twql] Parsed 118/118 rows from '1 X 2' (0 failed)
2025-12-09 19:48:19,785 - src.scrapers.aiscore.odds_scraper - INFO - [zrkn6i4dvv0twql] Extracted 118 odds records from '1 X 2'
2025-12-09 19:48:21,106 - src.scrapers.aiscore.odds_scraper - INFO - [zrkn6i4dvv0twql] Parsed 190/248 rows from 'Asian Handicap' (58 failed)
2025-12-09 19:48:21,109 - src.scrapers.aiscore.odds_scraper - INFO - [zrkn6i4dvv0twql] Extracted 190 odds records from 'Asian Handicap'
2025-12-09 19:48:22,495 - src.scrapers.aiscore.odds_scraper - INFO - [zrkn6i4dvv0twql] Parsed 271/248 rows from 'Total Goals' (0 failed)
2025-12-09 19:48:22,496 - src.scrapers.aiscore.odds_scraper - INFO - [zrkn6i4dvv0twql] Extracted 271 odds records from 'Total Goals'
2025-12-09 19:48:23,820 - src.scrapers.aiscore.odds_scraper - INFO - [zrkn6i4dvv0twql] Parsed 147/147 rows from 'Total Corners' (0 failed)
2025-12-09 19:48:23,824 - src.scrapers.aiscore.odds_scraper - INFO - [zrkn6i4dvv0twql] Extracted 147 odds records from 'Total Corners'
2025-12-09 19:48:24,404 - src.scrapers.aiscore.odds_scraper - INFO - [zrkn6i4dvv0twql] Parsed 147/147 rows from 'Default' (0 failed)
2025-12-09 19:48:24,406 - src.scrapers.aiscore.odds_scraper - INFO - [zrkn6i4dvv0twql] Extracted 147 odds from default view
2025-12-09 19:48:24,529 - src.scrapers.aiscore.odds_scraper - INFO - Match data saved to: data/aiscore/matches/20251007/match_zrkn6i4dvv0twql.json
2025-12-09 19:48:27,872 - src.scrapers.aiscore.odds_scraper - INFO - [oj7x9ixynndc47g] Located 4 odds tabs: 1 X 2, Asian Handicap, Total Goals, Total Corners
2025-12-09 19:48:29,181 - src.scrapers.aiscore.odds_scraper - INFO - [oj7x9ixynndc47g] Parsed 235/235 rows from '1 X 2' (0 failed)
2025-12-09 19:48:29,191 - src.scrapers.aiscore.odds_scraper - INFO - [oj7x9ixynndc47g] Extracted 235 odds records from '1 X 2'
2025-12-09 19:48:30,523 - src.scrapers.aiscore.odds_scraper - INFO - [oj7x9ixynndc47g] Parsed 189/258 rows from 'Asian Handicap' (69 failed)
2025-12-09 19:48:30,525 - src.scrapers.aiscore.odds_scraper - INFO - [oj7x9ixynndc47g] Extracted 189 odds records from 'Asian Handicap'
2025-12-09 19:48:31,917 - src.scrapers.aiscore.odds_scraper - INFO - [oj7x9ixynndc47g] Parsed 303/258 rows from 'Total Goals' (0 failed)
2025-12-09 19:48:31,919 - src.scrapers.aiscore.odds_scraper - INFO - [oj7x9ixynndc47g] Extracted 303 odds records from 'Total Goals'
2025-12-09 19:48:33,228 - src.scrapers.aiscore.odds_scraper - INFO - [oj7x9ixynndc47g] Parsed 137/137 rows from 'Total Corners' (0 failed)
2025-12-09 19:48:33,230 - src.scrapers.aiscore.odds_scraper - INFO - [oj7x9ixynndc47g] Extracted 137 odds records from 'Total Corners'
2025-12-09 19:48:33,803 - src.scrapers.aiscore.odds_scraper - INFO - [oj7x9ixynndc47g] Parsed 137/137 rows from 'Default' (0 failed)
2025-12-09 19:48:33,806 - src.scrapers.aiscore.odds_scraper - INFO - [oj7x9ixynndc47g] Extracted 137 odds from default view
2025-12-09 19:48:33,971 - src.scrapers.aiscore.odds_scraper - INFO - Match data saved to: data/aiscore/matches/20251007/match_oj7x9ixynndc47g.json
2025-12-09 19:48:37,975 - src.scrapers.aiscore.odds_scraper - INFO - [ndkz6i3rll2cxq3] Located 4 odds tabs: 1 X 2, Asian Handicap, Total Goals, Total Corners
2025-12-09 19:48:39,395 - src.scrapers.aiscore.odds_scraper - INFO - [ndkz6i3rll2cxq3] Parsed 219/219 rows from '1 X 2' (0 failed)
2025-12-09 19:48:39,398 - src.scrapers.aiscore.odds_scraper - INFO - [ndkz6i3rll2cxq3] Extracted 219 odds records from '1 X 2'
2025-12-09 19:48:40,714 - src.scrapers.aiscore.odds_scraper - INFO - [ndkz6i3rll2cxq3] Parsed 145/219 rows from 'Asian Handicap' (60 failed)
2025-12-09 19:48:40,716 - src.scrapers.aiscore.odds_scraper - INFO - [ndkz6i3rll2cxq3] Extracted 145 odds records from 'Asian Handicap'
2025-12-09 19:48:42,047 - src.scrapers.aiscore.odds_scraper - INFO - [ndkz6i3rll2cxq3] Parsed 255/255 rows from 'Total Goals' (0 failed)
2025-12-09 19:48:42,050 - src.scrapers.aiscore.odds_scraper - INFO - [ndkz6i3rll2cxq3] Extracted 255 odds records from 'Total Goals'
2025-12-09 19:48:43,362 - src.scrapers.aiscore.odds_scraper - INFO - [ndkz6i3rll2cxq3] Parsed 135/255 rows from 'Total Corners' (0 failed)
2025-12-09 19:48:43,363 - src.scrapers.aiscore.odds_scraper - INFO - [ndkz6i3rll2cxq3] Extracted 135 odds records from 'Total Corners'
2025-12-09 19:48:43,948 - src.scrapers.aiscore.odds_scraper - INFO - [ndkz6i3rll2cxq3] Parsed 135/135 rows from 'Default' (0 failed)
2025-12-09 19:48:43,949 - src.scrapers.aiscore.odds_scraper - INFO - [ndkz6i3rll2cxq3] Extracted 135 odds from default view
2025-12-09 19:48:44,057 - src.scrapers.aiscore.odds_scraper - INFO - Match data saved to: data/aiscore/matches/20251007/match_ndkz6i3rll2cxq3.json
2025-12-09 19:48:47,792 - src.scrapers.aiscore.odds_scraper - INFO - [69759ig8ll9tgk2] Located 4 odds tabs: 1 X 2, Asian Handicap, Total Goals, Total Corners
2025-12-09 19:48:49,058 - src.scrapers.aiscore.odds_scraper - INFO - [69759ig8ll9tgk2] Parsed 237/237 rows from '1 X 2' (0 failed)
2025-12-09 19:48:49,060 - src.scrapers.aiscore.odds_scraper - INFO - [69759ig8ll9tgk2] Extracted 237 odds records from '1 X 2'
2025-12-09 19:48:50,430 - src.scrapers.aiscore.odds_scraper - INFO - [69759ig8ll9tgk2] Parsed 196/292 rows from 'Asian Handicap' (96 failed)
2025-12-09 19:48:50,431 - src.scrapers.aiscore.odds_scraper - INFO - [69759ig8ll9tgk2] Extracted 196 odds records from 'Asian Handicap'
2025-12-09 19:48:51,828 - src.scrapers.aiscore.odds_scraper - INFO - [69759ig8ll9tgk2] Parsed 394/292 rows from 'Total Goals' (0 failed)
2025-12-09 19:48:51,829 - src.scrapers.aiscore.odds_scraper - INFO - [69759ig8ll9tgk2] Extracted 394 odds records from 'Total Goals'
2025-12-09 19:48:53,189 - src.scrapers.aiscore.odds_scraper - INFO - [69759ig8ll9tgk2] Parsed 138/394 rows from 'Total Corners' (0 failed)
2025-12-09 19:48:53,190 - src.scrapers.aiscore.odds_scraper - INFO - [69759ig8ll9tgk2] Extracted 138 odds records from 'Total Corners'
2025-12-09 19:48:53,770 - src.scrapers.aiscore.odds_scraper - INFO - [69759ig8ll9tgk2] Parsed 138/138 rows from 'Default' (0 failed)
2025-12-09 19:48:53,771 - src.scrapers.aiscore.odds_scraper - INFO - [69759ig8ll9tgk2] Extracted 138 odds from default view
2025-12-09 19:48:53,993 - src.scrapers.aiscore.odds_scraper - INFO - Match data saved to: data/aiscore/matches/20251007/match_69759ig8ll9tgk2.json
2025-12-09 19:48:58,021 - src.scrapers.aiscore.odds_scraper - INFO - [ndqmliwd2wxarkv] Located 4 odds tabs: 1 X 2, Asian Handicap, Total Goals, Total Corners
2025-12-09 19:48:59,299 - src.scrapers.aiscore.odds_scraper - INFO - [ndqmliwd2wxarkv] Parsed 185/185 rows from '1 X 2' (0 failed)
2025-12-09 19:48:59,300 - src.scrapers.aiscore.odds_scraper - INFO - [ndqmliwd2wxarkv] Extracted 185 odds records from '1 X 2'
2025-12-09 19:49:00,605 - src.scrapers.aiscore.odds_scraper - INFO - [ndqmliwd2wxarkv] Parsed 161/185 rows from 'Asian Handicap' (41 failed)
2025-12-09 19:49:00,607 - src.scrapers.aiscore.odds_scraper - INFO - [ndqmliwd2wxarkv] Extracted 161 odds records from 'Asian Handicap'
2025-12-09 19:49:01,930 - src.scrapers.aiscore.odds_scraper - INFO - [ndqmliwd2wxarkv] Parsed 299/202 rows from 'Total Goals' (0 failed)
2025-12-09 19:49:01,932 - src.scrapers.aiscore.odds_scraper - INFO - [ndqmliwd2wxarkv] Extracted 299 odds records from 'Total Goals'
2025-12-09 19:49:03,265 - src.scrapers.aiscore.odds_scraper - INFO - [ndqmliwd2wxarkv] Parsed 104/299 rows from 'Total Corners' (0 failed)
2025-12-09 19:49:03,267 - src.scrapers.aiscore.odds_scraper - INFO - [ndqmliwd2wxarkv] Extracted 104 odds records from 'Total Corners'
2025-12-09 19:49:03,837 - src.scrapers.aiscore.odds_scraper - INFO - [ndqmliwd2wxarkv] Parsed 104/104 rows from 'Default' (0 failed)
2025-12-09 19:49:03,838 - src.scrapers.aiscore.odds_scraper - INFO - [ndqmliwd2wxarkv] Extracted 104 odds from default view
2025-12-09 19:49:03,950 - src.scrapers.aiscore.odds_scraper - INFO - Match data saved to: data/aiscore/matches/20251007/match_ndqmliwd2wxarkv.json
2025-12-09 19:49:07,647 - src.scrapers.aiscore.odds_scraper - INFO - [xvkjoi8d08du879] Located 4 odds tabs: 1 X 2, Asian Handicap, Total Goals, Total Corners
2025-12-09 19:49:09,030 - src.scrapers.aiscore.odds_scraper - INFO - [xvkjoi8d08du879] Parsed 216/216 rows from '1 X 2' (0 failed)
2025-12-09 19:49:09,031 - src.scrapers.aiscore.odds_scraper - INFO - [xvkjoi8d08du879] Extracted 216 odds records from '1 X 2'
2025-12-09 19:49:10,357 - src.scrapers.aiscore.odds_scraper - INFO - [xvkjoi8d08du879] Parsed 104/216 rows from 'Asian Handicap' (67 failed)
2025-12-09 19:49:10,358 - src.scrapers.aiscore.odds_scraper - INFO - [xvkjoi8d08du879] Extracted 104 odds records from 'Asian Handicap'
2025-12-09 19:49:11,672 - src.scrapers.aiscore.odds_scraper - INFO - [xvkjoi8d08du879] Parsed 248/171 rows from 'Total Goals' (0 failed)
2025-12-09 19:49:11,674 - src.scrapers.aiscore.odds_scraper - INFO - [xvkjoi8d08du879] Extracted 248 odds records from 'Total Goals'
2025-12-09 19:49:12,972 - src.scrapers.aiscore.odds_scraper - INFO - [xvkjoi8d08du879] Parsed 117/117 rows from 'Total Corners' (0 failed)
2025-12-09 19:49:12,994 - src.scrapers.aiscore.odds_scraper - INFO - [xvkjoi8d08du879] Extracted 117 odds records from 'Total Corners'
2025-12-09 19:49:13,586 - src.scrapers.aiscore.odds_scraper - INFO - [xvkjoi8d08du879] Parsed 117/117 rows from 'Default' (0 failed)
2025-12-09 19:49:13,587 - src.scrapers.aiscore.odds_scraper - INFO - [xvkjoi8d08du879] Extracted 117 odds from default view
2025-12-09 19:49:13,716 - src.scrapers.aiscore.odds_scraper - INFO - Match data saved to: data/aiscore/matches/20251007/match_xvkjoi8d08du879.json
2025-12-09 19:49:13,873 - src.scrapers.aiscore.odds_scraper - INFO - Progress: 20/48 (42%) - Success: 16, Failed: 1, Total odds: 14399
2025-12-09 19:49:17,517 - src.scrapers.aiscore.odds_scraper - INFO - [vmqy9ivrlvwigk9] Located 4 odds tabs: 1 X 2, Asian Handicap, Total Goals, Total Corners
2025-12-09 19:49:18,850 - src.scrapers.aiscore.odds_scraper - INFO - [vmqy9ivrlvwigk9] Parsed 268/268 rows from '1 X 2' (0 failed)
2025-12-09 19:49:18,852 - src.scrapers.aiscore.odds_scraper - INFO - [vmqy9ivrlvwigk9] Extracted 268 odds records from '1 X 2'
2025-12-09 19:49:20,221 - src.scrapers.aiscore.odds_scraper - INFO - [vmqy9ivrlvwigk9] Parsed 212/268 rows from 'Asian Handicap' (78 failed)
2025-12-09 19:49:20,223 - src.scrapers.aiscore.odds_scraper - INFO - [vmqy9ivrlvwigk9] Extracted 212 odds records from 'Asian Handicap'
2025-12-09 19:49:21,622 - src.scrapers.aiscore.odds_scraper - INFO - [vmqy9ivrlvwigk9] Parsed 371/290 rows from 'Total Goals' (0 failed)
2025-12-09 19:49:21,626 - src.scrapers.aiscore.odds_scraper - INFO - [vmqy9ivrlvwigk9] Extracted 371 odds records from 'Total Goals'
2025-12-09 19:49:22,999 - src.scrapers.aiscore.odds_scraper - INFO - [vmqy9ivrlvwigk9] Parsed 144/144 rows from 'Total Corners' (0 failed)
2025-12-09 19:49:23,005 - src.scrapers.aiscore.odds_scraper - INFO - [vmqy9ivrlvwigk9] Extracted 144 odds records from 'Total Corners'
2025-12-09 19:49:23,592 - src.scrapers.aiscore.odds_scraper - INFO - [vmqy9ivrlvwigk9] Parsed 144/144 rows from 'Default' (0 failed)
2025-12-09 19:49:23,596 - src.scrapers.aiscore.odds_scraper - INFO - [vmqy9ivrlvwigk9] Extracted 144 odds from default view
2025-12-09 19:49:24,048 - src.scrapers.aiscore.odds_scraper - INFO - Match data saved to: data/aiscore/matches/20251007/match_vmqy9ivrlvwigk9.json
2025-12-09 19:49:27,750 - src.scrapers.aiscore.odds_scraper - INFO - [527r3i4pn4rf47e] Located 4 odds tabs: 1 X 2, Asian Handicap, Total Goals, Total Corners
2025-12-09 19:49:29,055 - src.scrapers.aiscore.odds_scraper - INFO - [527r3i4pn4rf47e] Parsed 263/263 rows from '1 X 2' (0 failed)
2025-12-09 19:49:29,057 - src.scrapers.aiscore.odds_scraper - INFO - [527r3i4pn4rf47e] Extracted 263 odds records from '1 X 2'
2025-12-09 19:49:30,429 - src.scrapers.aiscore.odds_scraper - INFO - [527r3i4pn4rf47e] Parsed 223/321 rows from 'Asian Handicap' (98 failed)
2025-12-09 19:49:30,430 - src.scrapers.aiscore.odds_scraper - INFO - [527r3i4pn4rf47e] Extracted 223 odds records from 'Asian Handicap'
2025-12-09 19:49:31,831 - src.scrapers.aiscore.odds_scraper - INFO - [527r3i4pn4rf47e] Parsed 360/360 rows from 'Total Goals' (0 failed)
2025-12-09 19:49:31,833 - src.scrapers.aiscore.odds_scraper - INFO - [527r3i4pn4rf47e] Extracted 360 odds records from 'Total Goals'
2025-12-09 19:49:33,179 - src.scrapers.aiscore.odds_scraper - INFO - [527r3i4pn4rf47e] Parsed 5/360 rows from 'Total Corners' (355 failed)
2025-12-09 19:49:33,180 - src.scrapers.aiscore.odds_scraper - INFO - [527r3i4pn4rf47e] Extracted 5 odds records from 'Total Corners'
2025-12-09 19:49:34,171 - src.scrapers.aiscore.odds_scraper - INFO - [527r3i4pn4rf47e] Parsed 148/148 rows from 'Default' (0 failed)
2025-12-09 19:49:34,187 - src.scrapers.aiscore.odds_scraper - INFO - [527r3i4pn4rf47e] Extracted 148 odds from default view
2025-12-09 19:49:34,609 - src.scrapers.aiscore.odds_scraper - INFO - Match data saved to: data/aiscore/matches/20251007/match_527r3i4pn4rf47e.json
2025-12-09 19:49:38,566 - src.scrapers.aiscore.odds_scraper - INFO - [jek33i8yv82i9ko] Located 4 odds tabs: 1 X 2, Asian Handicap, Total Goals, Total Corners
2025-12-09 19:49:40,033 - src.scrapers.aiscore.odds_scraper - INFO - [jek33i8yv82i9ko] Parsed 308/308 rows from '1 X 2' (0 failed)
2025-12-09 19:49:40,035 - src.scrapers.aiscore.odds_scraper - INFO - [jek33i8yv82i9ko] Extracted 308 odds records from '1 X 2'
2025-12-09 19:49:41,408 - src.scrapers.aiscore.odds_scraper - INFO - [jek33i8yv82i9ko] Parsed 248/308 rows from 'Asian Handicap' (65 failed)
2025-12-09 19:49:41,419 - src.scrapers.aiscore.odds_scraper - INFO - [jek33i8yv82i9ko] Extracted 248 odds records from 'Asian Handicap'
2025-12-09 19:49:42,897 - src.scrapers.aiscore.odds_scraper - INFO - [jek33i8yv82i9ko] Parsed 386/386 rows from 'Total Goals' (0 failed)
2025-12-09 19:49:42,925 - src.scrapers.aiscore.odds_scraper - INFO - [jek33i8yv82i9ko] Extracted 386 odds records from 'Total Goals'
2025-12-09 19:49:44,271 - src.scrapers.aiscore.odds_scraper - INFO - [jek33i8yv82i9ko] Parsed 166/166 rows from 'Total Corners' (0 failed)
2025-12-09 19:49:44,273 - src.scrapers.aiscore.odds_scraper - INFO - [jek33i8yv82i9ko] Extracted 166 odds records from 'Total Corners'
2025-12-09 19:49:44,857 - src.scrapers.aiscore.odds_scraper - INFO - [jek33i8yv82i9ko] Parsed 166/166 rows from 'Default' (0 failed)
2025-12-09 19:49:44,863 - src.scrapers.aiscore.odds_scraper - INFO - [jek33i8yv82i9ko] Extracted 166 odds from default view
2025-12-09 19:49:45,171 - src.scrapers.aiscore.odds_scraper - INFO - Match data saved to: data/aiscore/matches/20251007/match_jek33i8yv82i9ko.json
2025-12-09 19:49:49,084 - src.scrapers.aiscore.odds_scraper - INFO - [ezk96i3oxjyi1kn] Located 4 odds tabs: 1 X 2, Asian Handicap, Total Goals, Total Corners
2025-12-09 19:49:50,451 - src.scrapers.aiscore.odds_scraper - INFO - [ezk96i3oxjyi1kn] Parsed 159/159 rows from '1 X 2' (0 failed)
2025-12-09 19:49:50,452 - src.scrapers.aiscore.odds_scraper - INFO - [ezk96i3oxjyi1kn] Extracted 159 odds records from '1 X 2'
2025-12-09 19:49:51,749 - src.scrapers.aiscore.odds_scraper - INFO - [ezk96i3oxjyi1kn] Parsed 246/159 rows from 'Asian Handicap' (28 failed)
2025-12-09 19:49:51,752 - src.scrapers.aiscore.odds_scraper - INFO - [ezk96i3oxjyi1kn] Extracted 246 odds records from 'Asian Handicap'
2025-12-09 19:49:53,123 - src.scrapers.aiscore.odds_scraper - INFO - [ezk96i3oxjyi1kn] Parsed 318/274 rows from 'Total Goals' (0 failed)
2025-12-09 19:49:53,126 - src.scrapers.aiscore.odds_scraper - INFO - [ezk96i3oxjyi1kn] Extracted 318 odds records from 'Total Goals'
2025-12-09 19:49:54,468 - src.scrapers.aiscore.odds_scraper - INFO - [ezk96i3oxjyi1kn] Parsed 134/318 rows from 'Total Corners' (0 failed)
2025-12-09 19:49:54,470 - src.scrapers.aiscore.odds_scraper - INFO - [ezk96i3oxjyi1kn] Extracted 134 odds records from 'Total Corners'
2025-12-09 19:49:55,037 - src.scrapers.aiscore.odds_scraper - INFO - [ezk96i3oxjyi1kn] Parsed 134/134 rows from 'Default' (0 failed)
2025-12-09 19:49:55,038 - src.scrapers.aiscore.odds_scraper - INFO - [ezk96i3oxjyi1kn] Extracted 134 odds from default view
2025-12-09 19:49:55,201 - src.scrapers.aiscore.odds_scraper - INFO - Match data saved to: data/aiscore/matches/20251007/match_ezk96i3oxjyi1kn.json
2025-12-09 19:49:58,938 - src.scrapers.aiscore.odds_scraper - INFO - [g6763i546pwco7r] Located 4 odds tabs: 1 X 2, Asian Handicap, Total Goals, Total Corners
2025-12-09 19:50:00,296 - src.scrapers.aiscore.odds_scraper - INFO - [g6763i546pwco7r] Parsed 212/212 rows from '1 X 2' (0 failed)
2025-12-09 19:50:00,297 - src.scrapers.aiscore.odds_scraper - INFO - [g6763i546pwco7r] Extracted 212 odds records from '1 X 2'
2025-12-09 19:50:01,629 - src.scrapers.aiscore.odds_scraper - INFO - [g6763i546pwco7r] Parsed 188/212 rows from 'Asian Handicap' (36 failed)
2025-12-09 19:50:01,631 - src.scrapers.aiscore.odds_scraper - INFO - [g6763i546pwco7r] Extracted 188 odds records from 'Asian Handicap'
2025-12-09 19:50:02,940 - src.scrapers.aiscore.odds_scraper - INFO - [g6763i546pwco7r] Parsed 292/292 rows from 'Total Goals' (0 failed)
2025-12-09 19:50:02,943 - src.scrapers.aiscore.odds_scraper - INFO - [g6763i546pwco7r] Extracted 292 odds records from 'Total Goals'
2025-12-09 19:50:04,275 - src.scrapers.aiscore.odds_scraper - INFO - [g6763i546pwco7r] Parsed 162/292 rows from 'Total Corners' (0 failed)
2025-12-09 19:50:04,292 - src.scrapers.aiscore.odds_scraper - INFO - [g6763i546pwco7r] Extracted 162 odds records from 'Total Corners'
2025-12-09 19:50:04,879 - src.scrapers.aiscore.odds_scraper - INFO - [g6763i546pwco7r] Parsed 162/162 rows from 'Default' (0 failed)
2025-12-09 19:50:04,880 - src.scrapers.aiscore.odds_scraper - INFO - [g6763i546pwco7r] Extracted 162 odds from default view
2025-12-09 19:50:05,058 - src.scrapers.aiscore.odds_scraper - INFO - Match data saved to: data/aiscore/matches/20251007/match_g6763i546pwco7r.json
2025-12-09 19:50:08,852 - src.scrapers.aiscore.odds_scraper - INFO - [oj7x9ixynmdt47g] Located 4 odds tabs: 1 X 2, Asian Handicap, Total Goals, Total Corners
2025-12-09 19:50:10,128 - src.scrapers.aiscore.odds_scraper - INFO - [oj7x9ixynmdt47g] Parsed 226/226 rows from '1 X 2' (0 failed)
2025-12-09 19:50:10,129 - src.scrapers.aiscore.odds_scraper - INFO - [oj7x9ixynmdt47g] Extracted 226 odds records from '1 X 2'
2025-12-09 19:50:11,445 - src.scrapers.aiscore.odds_scraper - INFO - [oj7x9ixynmdt47g] Parsed 205/226 rows from 'Asian Handicap' (67 failed)
2025-12-09 19:50:11,447 - src.scrapers.aiscore.odds_scraper - INFO - [oj7x9ixynmdt47g] Extracted 205 odds records from 'Asian Handicap'
2025-12-09 19:50:12,816 - src.scrapers.aiscore.odds_scraper - INFO - [oj7x9ixynmdt47g] Parsed 322/272 rows from 'Total Goals' (0 failed)
2025-12-09 19:50:12,818 - src.scrapers.aiscore.odds_scraper - INFO - [oj7x9ixynmdt47g] Extracted 322 odds records from 'Total Goals'
2025-12-09 19:50:14,158 - src.scrapers.aiscore.odds_scraper - INFO - [oj7x9ixynmdt47g] Parsed 151/151 rows from 'Total Corners' (0 failed)
2025-12-09 19:50:14,160 - src.scrapers.aiscore.odds_scraper - INFO - [oj7x9ixynmdt47g] Extracted 151 odds records from 'Total Corners'
2025-12-09 19:50:14,744 - src.scrapers.aiscore.odds_scraper - INFO - [oj7x9ixynmdt47g] Parsed 151/151 rows from 'Default' (0 failed)
2025-12-09 19:50:14,745 - src.scrapers.aiscore.odds_scraper - INFO - [oj7x9ixynmdt47g] Extracted 151 odds from default view
2025-12-09 19:50:14,843 - src.scrapers.aiscore.odds_scraper - INFO - Match data saved to: data/aiscore/matches/20251007/match_oj7x9ixynmdt47g.json
2025-12-09 19:50:19,401 - src.scrapers.aiscore.odds_scraper - INFO - [m2q15iz45v0ce76] Located 4 odds tabs: 1 X 2, Asian Handicap, Total Goals, Total Corners
2025-12-09 19:50:20,699 - src.scrapers.aiscore.odds_scraper - INFO - [m2q15iz45v0ce76] Parsed 91/93 rows from '1 X 2' (2 failed)
2025-12-09 19:50:20,702 - src.scrapers.aiscore.odds_scraper - INFO - [m2q15iz45v0ce76] Extracted 91 odds records from '1 X 2'
2025-12-09 19:50:21,991 - src.scrapers.aiscore.odds_scraper - INFO - [m2q15iz45v0ce76] Parsed 250/93 rows from 'Asian Handicap' (11 failed)
2025-12-09 19:50:21,993 - src.scrapers.aiscore.odds_scraper - INFO - [m2q15iz45v0ce76] Extracted 250 odds records from 'Asian Handicap'
2025-12-09 19:50:23,378 - src.scrapers.aiscore.odds_scraper - INFO - [m2q15iz45v0ce76] Parsed 265/267 rows from 'Total Goals' (2 failed)
2025-12-09 19:50:23,379 - src.scrapers.aiscore.odds_scraper - INFO - [m2q15iz45v0ce76] Extracted 265 odds records from 'Total Goals'
2025-12-09 19:50:24,685 - src.scrapers.aiscore.odds_scraper - INFO - [m2q15iz45v0ce76] Parsed 0/267 rows from 'Total Corners' (0 failed)
2025-12-09 19:50:25,666 - src.scrapers.aiscore.odds_scraper - INFO - Match data saved to: data/aiscore/matches/20251007/match_m2q15iz45v0ce76.json
2025-12-09 19:50:29,579 - src.scrapers.aiscore.odds_scraper - INFO - [vrqwni4zed5s4qn] Located 4 odds tabs: 1 X 2, Asian Handicap, Total Goals, Total Corners
2025-12-09 19:50:30,857 - src.scrapers.aiscore.odds_scraper - INFO - [vrqwni4zed5s4qn] Parsed 165/165 rows from '1 X 2' (0 failed)
2025-12-09 19:50:30,859 - src.scrapers.aiscore.odds_scraper - INFO - [vrqwni4zed5s4qn] Extracted 165 odds records from '1 X 2'
2025-12-09 19:50:32,163 - src.scrapers.aiscore.odds_scraper - INFO - [vrqwni4zed5s4qn] Parsed 189/165 rows from 'Asian Handicap' (6 failed)
2025-12-09 19:50:32,166 - src.scrapers.aiscore.odds_scraper - INFO - [vrqwni4zed5s4qn] Extracted 189 odds records from 'Asian Handicap'
2025-12-09 19:50:33,497 - src.scrapers.aiscore.odds_scraper - INFO - [vrqwni4zed5s4qn] Parsed 236/236 rows from 'Total Goals' (0 failed)
2025-12-09 19:50:33,501 - src.scrapers.aiscore.odds_scraper - INFO - [vrqwni4zed5s4qn] Extracted 236 odds records from 'Total Goals'
2025-12-09 19:50:34,828 - src.scrapers.aiscore.odds_scraper - INFO - [vrqwni4zed5s4qn] Parsed 0/236 rows from 'Total Corners' (0 failed)
2025-12-09 19:50:35,669 - src.scrapers.aiscore.odds_scraper - INFO - Match data saved to: data/aiscore/matches/20251007/match_vrqwni4zed5s4qn.json
2025-12-09 19:50:39,495 - src.scrapers.aiscore.odds_scraper - INFO - [ezk96i36oeeh1kn] Located 4 odds tabs: 1 X 2, Asian Handicap, Total Goals, Total Corners
2025-12-09 19:50:40,887 - src.scrapers.aiscore.odds_scraper - INFO - [ezk96i36oeeh1kn] Parsed 180/182 rows from '1 X 2' (2 failed)
2025-12-09 19:50:40,889 - src.scrapers.aiscore.odds_scraper - INFO - [ezk96i36oeeh1kn] Extracted 180 odds records from '1 X 2'
2025-12-09 19:50:42,185 - src.scrapers.aiscore.odds_scraper - INFO - [ezk96i36oeeh1kn] Parsed 120/128 rows from 'Asian Handicap' (8 failed)
2025-12-09 19:50:42,188 - src.scrapers.aiscore.odds_scraper - INFO - [ezk96i36oeeh1kn] Extracted 120 odds records from 'Asian Handicap'
2025-12-09 19:50:43,488 - src.scrapers.aiscore.odds_scraper - INFO - [ezk96i36oeeh1kn] Parsed 213/214 rows from 'Total Goals' (1 failed)
2025-12-09 19:50:43,490 - src.scrapers.aiscore.odds_scraper - INFO - [ezk96i36oeeh1kn] Extracted 213 odds records from 'Total Goals'
2025-12-09 19:50:44,796 - src.scrapers.aiscore.odds_scraper - INFO - [ezk96i36oeeh1kn] Parsed 0/214 rows from 'Total Corners' (0 failed)
2025-12-09 19:50:45,565 - src.scrapers.aiscore.odds_scraper - INFO - Match data saved to: data/aiscore/matches/20251007/match_ezk96i36oeeh1kn.json
2025-12-09 19:50:49,121 - src.scrapers.aiscore.odds_scraper - INFO - [xvkjoi8vddvc879] Located 4 odds tabs: 1 X 2, Asian Handicap, Total Goals, Total Corners
2025-12-09 19:50:50,514 - src.scrapers.aiscore.odds_scraper - INFO - [xvkjoi8vddvc879] Parsed 166/168 rows from '1 X 2' (2 failed)
2025-12-09 19:50:50,516 - src.scrapers.aiscore.odds_scraper - INFO - [xvkjoi8vddvc879] Extracted 166 odds records from '1 X 2'
2025-12-09 19:50:51,831 - src.scrapers.aiscore.odds_scraper - INFO - [xvkjoi8vddvc879] Parsed 158/168 rows from 'Asian Handicap' (10 failed)
2025-12-09 19:50:51,833 - src.scrapers.aiscore.odds_scraper - INFO - [xvkjoi8vddvc879] Extracted 158 odds records from 'Asian Handicap'
2025-12-09 19:50:53,164 - src.scrapers.aiscore.odds_scraper - INFO - [xvkjoi8vddvc879] Parsed 273/276 rows from 'Total Goals' (3 failed)
2025-12-09 19:50:53,166 - src.scrapers.aiscore.odds_scraper - INFO - [xvkjoi8vddvc879] Extracted 273 odds records from 'Total Goals'
2025-12-09 19:50:54,487 - src.scrapers.aiscore.odds_scraper - INFO - [xvkjoi8vddvc879] Parsed 0/276 rows from 'Total Corners' (0 failed)
2025-12-09 19:50:55,483 - src.scrapers.aiscore.odds_scraper - INFO - Match data saved to: data/aiscore/matches/20251007/match_xvkjoi8vddvc879.json
2025-12-09 19:50:59,196 - src.scrapers.aiscore.odds_scraper - INFO - [527r3i46p1zb47e] Located 4 odds tabs: 1 X 2, Asian Handicap, Total Goals, Total Corners
2025-12-09 19:51:00,480 - src.scrapers.aiscore.odds_scraper - INFO - [527r3i46p1zb47e] Parsed 173/173 rows from '1 X 2' (0 failed)
2025-12-09 19:51:00,481 - src.scrapers.aiscore.odds_scraper - INFO - [527r3i46p1zb47e] Extracted 173 odds records from '1 X 2'
2025-12-09 19:51:01,787 - src.scrapers.aiscore.odds_scraper - INFO - [527r3i46p1zb47e] Parsed 121/173 rows from 'Asian Handicap' (7 failed)
2025-12-09 19:51:01,806 - src.scrapers.aiscore.odds_scraper - INFO - [527r3i46p1zb47e] Extracted 121 odds records from 'Asian Handicap'
2025-12-09 19:51:03,131 - src.scrapers.aiscore.odds_scraper - INFO - [527r3i46p1zb47e] Parsed 230/128 rows from 'Total Goals' (0 failed)
2025-12-09 19:51:03,132 - src.scrapers.aiscore.odds_scraper - INFO - [527r3i46p1zb47e] Extracted 230 odds records from 'Total Goals'
2025-12-09 19:51:04,457 - src.scrapers.aiscore.odds_scraper - INFO - [527r3i46p1zb47e] Parsed 0/230 rows from 'Total Corners' (0 failed)
2025-12-09 19:51:05,312 - src.scrapers.aiscore.odds_scraper - INFO - Match data saved to: data/aiscore/matches/20251007/match_527r3i46p1zb47e.json
2025-12-09 19:51:08,862 - src.scrapers.aiscore.odds_scraper - INFO - [ndkz6i36r6eaxq3] Located 4 odds tabs: 1 X 2, Asian Handicap, Total Goals, Total Corners
2025-12-09 19:51:10,185 - src.scrapers.aiscore.odds_scraper - INFO - [ndkz6i36r6eaxq3] Parsed 159/159 rows from '1 X 2' (0 failed)
2025-12-09 19:51:10,186 - src.scrapers.aiscore.odds_scraper - INFO - [ndkz6i36r6eaxq3] Extracted 159 odds records from '1 X 2'
2025-12-09 19:51:11,502 - src.scrapers.aiscore.odds_scraper - INFO - [ndkz6i36r6eaxq3] Parsed 120/159 rows from 'Asian Handicap' (1 failed)
2025-12-09 19:51:11,503 - src.scrapers.aiscore.odds_scraper - INFO - [ndkz6i36r6eaxq3] Extracted 120 odds records from 'Asian Handicap'
2025-12-09 19:51:12,798 - src.scrapers.aiscore.odds_scraper - INFO - [ndkz6i36r6eaxq3] Parsed 239/121 rows from 'Total Goals' (0 failed)
2025-12-09 19:51:12,799 - src.scrapers.aiscore.odds_scraper - INFO - [ndkz6i36r6eaxq3] Extracted 239 odds records from 'Total Goals'
2025-12-09 19:51:14,111 - src.scrapers.aiscore.odds_scraper - INFO - [ndkz6i36r6eaxq3] Parsed 144/144 rows from 'Total Corners' (0 failed)
2025-12-09 19:51:14,113 - src.scrapers.aiscore.odds_scraper - INFO - [ndkz6i36r6eaxq3] Extracted 144 odds records from 'Total Corners'
2025-12-09 19:51:14,695 - src.scrapers.aiscore.odds_scraper - INFO - [ndkz6i36r6eaxq3] Parsed 144/144 rows from 'Default' (0 failed)
2025-12-09 19:51:14,696 - src.scrapers.aiscore.odds_scraper - INFO - [ndkz6i36r6eaxq3] Extracted 144 odds from default view
2025-12-09 19:51:14,830 - src.scrapers.aiscore.odds_scraper - INFO - Match data saved to: data/aiscore/matches/20251007/match_ndkz6i36r6eaxq3.json
2025-12-09 19:51:18,787 - src.scrapers.aiscore.odds_scraper - INFO - [l6kegi83g45uv75] Located 4 odds tabs: 1 X 2, Asian Handicap, Total Goals, Total Corners
2025-12-09 19:51:20,076 - src.scrapers.aiscore.odds_scraper - INFO - [l6kegi83g45uv75] Parsed 163/164 rows from '1 X 2' (1 failed)
2025-12-09 19:51:20,078 - src.scrapers.aiscore.odds_scraper - INFO - [l6kegi83g45uv75] Extracted 163 odds records from '1 X 2'
2025-12-09 19:51:21,385 - src.scrapers.aiscore.odds_scraper - INFO - [l6kegi83g45uv75] Parsed 135/164 rows from 'Asian Handicap' (24 failed)
2025-12-09 19:51:21,387 - src.scrapers.aiscore.odds_scraper - INFO - [l6kegi83g45uv75] Extracted 135 odds records from 'Asian Handicap'
2025-12-09 19:51:22,708 - src.scrapers.aiscore.odds_scraper - INFO - [l6kegi83g45uv75] Parsed 216/159 rows from 'Total Goals' (2 failed)
2025-12-09 19:51:22,710 - src.scrapers.aiscore.odds_scraper - INFO - [l6kegi83g45uv75] Extracted 216 odds records from 'Total Goals'
2025-12-09 19:51:24,929 - src.scrapers.aiscore.odds_scraper - INFO - Match data saved to: data/aiscore/matches/20251007/match_l6kegi83g45uv75.json
2025-12-09 19:51:28,682 - src.scrapers.aiscore.odds_scraper - INFO - [ndqmliw5o21hrkv] Located 4 odds tabs: 1 X 2, Asian Handicap, Total Goals, Total Corners
2025-12-09 19:51:29,999 - src.scrapers.aiscore.odds_scraper - INFO - [ndqmliw5o21hrkv] Parsed 273/274 rows from '1 X 2' (1 failed)
2025-12-09 19:51:30,000 - src.scrapers.aiscore.odds_scraper - INFO - [ndqmliw5o21hrkv] Extracted 273 odds records from '1 X 2'
2025-12-09 19:51:31,362 - src.scrapers.aiscore.odds_scraper - INFO - [ndqmliw5o21hrkv] Parsed 237/247 rows from 'Asian Handicap' (10 failed)
2025-12-09 19:51:31,363 - src.scrapers.aiscore.odds_scraper - INFO - [ndqmliw5o21hrkv] Extracted 237 odds records from 'Asian Handicap'
2025-12-09 19:51:32,716 - src.scrapers.aiscore.odds_scraper - INFO - [ndqmliw5o21hrkv] Parsed 342/247 rows from 'Total Goals' (1 failed)
2025-12-09 19:51:32,736 - src.scrapers.aiscore.odds_scraper - INFO - [ndqmliw5o21hrkv] Extracted 342 odds records from 'Total Goals'
2025-12-09 19:51:34,110 - src.scrapers.aiscore.odds_scraper - INFO - [ndqmliw5o21hrkv] Parsed 128/343 rows from 'Total Corners' (1 failed)
2025-12-09 19:51:34,111 - src.scrapers.aiscore.odds_scraper - INFO - [ndqmliw5o21hrkv] Extracted 128 odds records from 'Total Corners'
2025-12-09 19:51:34,683 - src.scrapers.aiscore.odds_scraper - INFO - [ndqmliw5o21hrkv] Parsed 128/129 rows from 'Default' (1 failed)
2025-12-09 19:51:34,686 - src.scrapers.aiscore.odds_scraper - INFO - [ndqmliw5o21hrkv] Extracted 128 odds from default view
2025-12-09 19:51:35,047 - src.scrapers.aiscore.odds_scraper - INFO - Match data saved to: data/aiscore/matches/20251007/match_ndqmliw5o21hrkv.json
2025-12-09 19:51:35,153 - src.scrapers.aiscore.odds_scraper - INFO - Progress: 40/48 (83%) - Success: 30, Failed: 1, Total odds: 26131
2025-12-09 19:51:38,917 - src.scrapers.aiscore.odds_scraper - INFO - [g6763i5ypz1ao7r] Located 4 odds tabs: 1 X 2, Asian Handicap, Total Goals, Total Corners
2025-12-09 19:51:42,048 - src.scrapers.aiscore.odds_scraper - INFO - [g6763i5ypz1ao7r] Parsed 102/102 rows from 'Asian Handicap' (0 failed)
2025-12-09 19:51:42,050 - src.scrapers.aiscore.odds_scraper - INFO - [g6763i5ypz1ao7r] Extracted 102 odds records from 'Asian Handicap'
2025-12-09 19:51:43,364 - src.scrapers.aiscore.odds_scraper - INFO - [g6763i5ypz1ao7r] Parsed 66/67 rows from 'Total Goals' (1 failed)
2025-12-09 19:51:43,395 - src.scrapers.aiscore.odds_scraper - INFO - [g6763i5ypz1ao7r] Extracted 66 odds records from 'Total Goals'
2025-12-09 19:51:44,693 - src.scrapers.aiscore.odds_scraper - INFO - [g6763i5ypz1ao7r] Parsed 0/67 rows from 'Total Corners' (0 failed)
2025-12-09 19:51:45,480 - src.scrapers.aiscore.odds_scraper - INFO - Match data saved to: data/aiscore/matches/20251007/match_g6763i5ypz1ao7r.json
2025-12-09 19:51:49,550 - src.scrapers.aiscore.odds_scraper - INFO - [zrkn6i4npd1twql] Located 4 odds tabs: 1 X 2, Asian Handicap, Total Goals, Total Corners
2025-12-09 19:51:50,931 - src.scrapers.aiscore.odds_scraper - INFO - [zrkn6i4npd1twql] Parsed 205/205 rows from '1 X 2' (0 failed)
2025-12-09 19:51:50,933 - src.scrapers.aiscore.odds_scraper - INFO - [zrkn6i4npd1twql] Extracted 205 odds records from '1 X 2'
2025-12-09 19:51:52,249 - src.scrapers.aiscore.odds_scraper - INFO - [zrkn6i4npd1twql] Parsed 170/205 rows from 'Asian Handicap' (55 failed)
2025-12-09 19:51:52,251 - src.scrapers.aiscore.odds_scraper - INFO - [zrkn6i4npd1twql] Extracted 170 odds records from 'Asian Handicap'
2025-12-09 19:51:53,575 - src.scrapers.aiscore.odds_scraper - INFO - [zrkn6i4npd1twql] Parsed 304/225 rows from 'Total Goals' (0 failed)
2025-12-09 19:51:53,576 - src.scrapers.aiscore.odds_scraper - INFO - [zrkn6i4npd1twql] Extracted 304 odds records from 'Total Goals'
2025-12-09 19:51:54,902 - src.scrapers.aiscore.odds_scraper - INFO - [zrkn6i4npd1twql] Parsed 159/304 rows from 'Total Corners' (0 failed)
2025-12-09 19:51:54,903 - src.scrapers.aiscore.odds_scraper - INFO - [zrkn6i4npd1twql] Extracted 159 odds records from 'Total Corners'
2025-12-09 19:51:55,481 - src.scrapers.aiscore.odds_scraper - INFO - [zrkn6i4npd1twql] Parsed 159/159 rows from 'Default' (0 failed)
2025-12-09 19:51:55,482 - src.scrapers.aiscore.odds_scraper - INFO - [zrkn6i4npd1twql] Extracted 159 odds from default view
2025-12-09 19:51:55,590 - src.scrapers.aiscore.odds_scraper - INFO - Match data saved to: data/aiscore/matches/20251007/match_zrkn6i4npd1twql.json
2025-12-09 19:51:59,214 - src.scrapers.aiscore.odds_scraper - INFO - [oj7x9ix3vyvb47g] Located 4 odds tabs: 1 X 2, Asian Handicap, Total Goals, Total Corners
2025-12-09 19:52:00,601 - src.scrapers.aiscore.odds_scraper - INFO - [oj7x9ix3vyvb47g] Parsed 147/147 rows from '1 X 2' (0 failed)
2025-12-09 19:52:00,603 - src.scrapers.aiscore.odds_scraper - INFO - [oj7x9ix3vyvb47g] Extracted 147 odds records from '1 X 2'
2025-12-09 19:52:01,921 - src.scrapers.aiscore.odds_scraper - INFO - [oj7x9ix3vyvb47g] Parsed 197/147 rows from 'Asian Handicap' (67 failed)
2025-12-09 19:52:01,923 - src.scrapers.aiscore.odds_scraper - INFO - [oj7x9ix3vyvb47g] Extracted 197 odds records from 'Asian Handicap'
2025-12-09 19:52:03,307 - src.scrapers.aiscore.odds_scraper - INFO - [oj7x9ix3vyvb47g] Parsed 308/264 rows from 'Total Goals' (0 failed)
2025-12-09 19:52:03,309 - src.scrapers.aiscore.odds_scraper - INFO - [oj7x9ix3vyvb47g] Extracted 308 odds records from 'Total Goals'
2025-12-09 19:52:04,655 - src.scrapers.aiscore.odds_scraper - INFO - [oj7x9ix3vyvb47g] Parsed 117/308 rows from 'Total Corners' (0 failed)
2025-12-09 19:52:04,685 - src.scrapers.aiscore.odds_scraper - INFO - [oj7x9ix3vyvb47g] Extracted 117 odds records from 'Total Corners'
2025-12-09 19:52:05,270 - src.scrapers.aiscore.odds_scraper - INFO - [oj7x9ix3vyvb47g] Parsed 117/117 rows from 'Default' (0 failed)
2025-12-09 19:52:05,271 - src.scrapers.aiscore.odds_scraper - INFO - [oj7x9ix3vyvb47g] Extracted 117 odds from default view
2025-12-09 19:52:05,471 - src.scrapers.aiscore.odds_scraper - INFO - Match data saved to: data/aiscore/matches/20251007/match_oj7x9ix3vyvb47g.json
2025-12-09 19:52:08,776 - src.scrapers.aiscore.odds_scraper - INFO - [vmqy9iv8xroagk9] Located 4 odds tabs: 1 X 2, Asian Handicap, Total Goals, Total Corners
2025-12-09 19:52:10,121 - src.scrapers.aiscore.odds_scraper - INFO - [vmqy9iv8xroagk9] Parsed 178/178 rows from '1 X 2' (0 failed)
2025-12-09 19:52:10,122 - src.scrapers.aiscore.odds_scraper - INFO - [vmqy9iv8xroagk9] Extracted 178 odds records from '1 X 2'
2025-12-09 19:52:11,439 - src.scrapers.aiscore.odds_scraper - INFO - [vmqy9iv8xroagk9] Parsed 131/176 rows from 'Asian Handicap' (45 failed)
2025-12-09 19:52:11,441 - src.scrapers.aiscore.odds_scraper - INFO - [vmqy9iv8xroagk9] Extracted 131 odds records from 'Asian Handicap'
2025-12-09 19:52:12,734 - src.scrapers.aiscore.odds_scraper - INFO - [vmqy9iv8xroagk9] Parsed 305/176 rows from 'Total Goals' (0 failed)
2025-12-09 19:52:12,735 - src.scrapers.aiscore.odds_scraper - INFO - [vmqy9iv8xroagk9] Extracted 305 odds records from 'Total Goals'
2025-12-09 19:52:14,081 - src.scrapers.aiscore.odds_scraper - INFO - [vmqy9iv8xroagk9] Parsed 147/305 rows from 'Total Corners' (0 failed)
2025-12-09 19:52:14,083 - src.scrapers.aiscore.odds_scraper - INFO - [vmqy9iv8xroagk9] Extracted 147 odds records from 'Total Corners'
2025-12-09 19:52:14,677 - src.scrapers.aiscore.odds_scraper - INFO - [vmqy9iv8xroagk9] Parsed 147/147 rows from 'Default' (0 failed)
2025-12-09 19:52:14,678 - src.scrapers.aiscore.odds_scraper - INFO - [vmqy9iv8xroagk9] Extracted 147 odds from default view
2025-12-09 19:52:14,786 - src.scrapers.aiscore.odds_scraper - INFO - Match data saved to: data/aiscore/matches/20251007/match_vmqy9iv8xroagk9.json
2025-12-09 19:52:18,103 - src.scrapers.aiscore.odds_scraper - INFO - [o17pjioplemiy7j] Located 4 odds tabs: 1 X 2, Asian Handicap, Total Goals, Total Corners
2025-12-09 19:52:19,369 - src.scrapers.aiscore.odds_scraper - INFO - [o17pjioplemiy7j] Parsed 193/193 rows from '1 X 2' (0 failed)
2025-12-09 19:52:19,370 - src.scrapers.aiscore.odds_scraper - INFO - [o17pjioplemiy7j] Extracted 193 odds records from '1 X 2'
2025-12-09 19:52:20,667 - src.scrapers.aiscore.odds_scraper - INFO - [o17pjioplemiy7j] Parsed 174/193 rows from 'Asian Handicap' (47 failed)
2025-12-09 19:52:20,669 - src.scrapers.aiscore.odds_scraper - INFO - [o17pjioplemiy7j] Extracted 174 odds records from 'Asian Handicap'
2025-12-09 19:52:21,997 - src.scrapers.aiscore.odds_scraper - INFO - [o17pjioplemiy7j] Parsed 258/221 rows from 'Total Goals' (0 failed)
2025-12-09 19:52:21,999 - src.scrapers.aiscore.odds_scraper - INFO - [o17pjioplemiy7j] Extracted 258 odds records from 'Total Goals'
2025-12-09 19:52:24,233 - src.scrapers.aiscore.odds_scraper - INFO - Match data saved to: data/aiscore/matches/20251007/match_o17pjioplemiy7j.json
2025-12-09 19:52:27,789 - src.scrapers.aiscore.odds_scraper - INFO - [jr7owipdo24tgq0] Located 4 odds tabs: 1 X 2, Asian Handicap, Total Goals, Total Corners
2025-12-09 19:52:29,065 - src.scrapers.aiscore.odds_scraper - INFO - [jr7owipdo24tgq0] Parsed 188/188 rows from '1 X 2' (0 failed)
2025-12-09 19:52:29,066 - src.scrapers.aiscore.odds_scraper - INFO - [jr7owipdo24tgq0] Extracted 188 odds records from '1 X 2'
2025-12-09 19:52:30,389 - src.scrapers.aiscore.odds_scraper - INFO - [jr7owipdo24tgq0] Parsed 170/223 rows from 'Asian Handicap' (53 failed)
2025-12-09 19:52:30,390 - src.scrapers.aiscore.odds_scraper - INFO - [jr7owipdo24tgq0] Extracted 170 odds records from 'Asian Handicap'
2025-12-09 19:52:31,706 - src.scrapers.aiscore.odds_scraper - INFO - [jr7owipdo24tgq0] Parsed 264/223 rows from 'Total Goals' (0 failed)
2025-12-09 19:52:31,707 - src.scrapers.aiscore.odds_scraper - INFO - [jr7owipdo24tgq0] Extracted 264 odds records from 'Total Goals'
2025-12-09 19:52:33,016 - src.scrapers.aiscore.odds_scraper - INFO - [jr7owipdo24tgq0] Parsed 124/264 rows from 'Total Corners' (0 failed)
2025-12-09 19:52:33,020 - src.scrapers.aiscore.odds_scraper - INFO - [jr7owipdo24tgq0] Extracted 124 odds records from 'Total Corners'
2025-12-09 19:52:33,609 - src.scrapers.aiscore.odds_scraper - INFO - [jr7owipdo24tgq0] Parsed 124/124 rows from 'Default' (0 failed)
2025-12-09 19:52:33,617 - src.scrapers.aiscore.odds_scraper - INFO - [jr7owipdo24tgq0] Extracted 124 odds from default view
2025-12-09 19:52:33,776 - src.scrapers.aiscore.odds_scraper - INFO - Match data saved to: data/aiscore/matches/20251007/match_jr7owipdo24tgq0.json
2025-12-09 19:52:33,908 - src.scrapers.aiscore.odds_scraper - INFO - Progress: 48/48 (100%) - Success: 36, Failed: 1, Total odds: 30585
2025-12-09 19:52:34,411 - src.scrapers.aiscore.odds_scraper - INFO - Scraping complete for 20251007: 36/48 successful (75.0%), 30585 total odds extracted
2025-12-09 19:52:34,418 - __main__ - INFO - Odds scraping for 20251007 took 409.37s
2025-12-09 19:52:34,492 - src.scrapers.aiscore.browser - INFO - Browser closed
2025-12-09 19:52:36,815 - src.scrapers.aiscore.bronze_storage - INFO - Compressed 20251007: 37 files, 11.21 MB -> 0.36 MB (saved 97%)
2025-12-09 19:52:36,816 - __main__ - INFO - Compressed 37 files for 20251007: saved 10.85 MB (97% reduction)
2025-12-09 20:52:21,835 - root - INFO - ================================================================================
2025-12-09 20:52:21,836 - root - INFO - 📝 Logging initialized
2025-12-09 20:52:21,837 - root - INFO -    Log file: /app/logs/aiscore_scraper_odds_20251007.log
2025-12-09 20:52:21,838 - root - INFO -    Console level: INFO and above
2025-12-09 20:52:21,839 - root - INFO -    File level: INFO and above
2025-12-09 20:52:21,840 - root - INFO -    File handler: ✓ Active
2025-12-09 20:52:21,841 - root - INFO - ================================================================================
2025-12-09 20:52:21,871 - src.scrapers.aiscore.odds_scraper - INFO - Starting odds scrape for 20251007: 1 pending, 47 already processed
2025-12-09 20:52:21,872 - src.scrapers.aiscore.browser - INFO - Using Chrome binary: /usr/bin/chromium
2025-12-09 20:52:21,873 - src.scrapers.aiscore.browser - INFO - Using pre-installed ChromeDriver at: /usr/bin/chromedriver
2025-12-09 20:52:22,113 - src.scrapers.aiscore.browser - INFO - Browser created successfully
2025-12-09 20:53:12,988 - src.scrapers.aiscore.odds_scraper - INFO - [oj7x9inpg4vc47g] Scraped 0 tabs, 0 total odds (1X2: 0, AH: 0, O/U: 0)
2025-12-09 20:53:13,579 - src.scrapers.aiscore.odds_scraper - INFO - Scraping complete for 20251007: 36/48 successful (75.0%), 0 total odds extracted
2025-12-09 20:53:13,581 - __main__ - INFO - Odds scraping for 20251007 took 51.72s
2025-12-09 20:53:13,644 - src.scrapers.aiscore.browser - INFO - Browser closed
2025-12-09 20:54:07,371 - root - INFO - ================================================================================
2025-12-09 20:54:07,372 - root - INFO - 📝 Logging initialized
2025-12-09 20:54:07,373 - root - INFO -    Log file: /app/logs/aiscore_scraper_odds_20251007.log
2025-12-09 20:54:07,373 - root - INFO -    Console level: INFO and above
2025-12-09 20:54:07,374 - root - INFO -    File level: INFO and above
2025-12-09 20:54:07,375 - root - INFO -    File handler: ✓ Active
2025-12-09 20:54:07,375 - root - INFO - ================================================================================
2025-12-09 20:54:07,401 - src.scrapers.aiscore.odds_scraper - INFO - Starting odds scrape for 20251007: 0 to scrape (n/a + pending), 48 skipped (success/failed/forbidden)
2025-12-09 20:54:07,402 - src.scrapers.aiscore.browser - INFO - Using Chrome binary: /usr/bin/chromium
2025-12-09 20:54:07,403 - src.scrapers.aiscore.browser - INFO - Using pre-installed ChromeDriver at: /usr/bin/chromedriver
2025-12-09 20:54:07,636 - src.scrapers.aiscore.browser - INFO - Browser created successfully
2025-12-09 20:54:07,637 - src.scrapers.aiscore.odds_scraper - INFO - Scraping complete for 20251007: 36/48 successful (75.0%), 0 total odds extracted
2025-12-09 20:54:07,638 - __main__ - INFO - Odds scraping for 20251007 took 0.24s
2025-12-09 20:54:07,696 - src.scrapers.aiscore.browser - INFO - Browser closed
