2025-12-06 11:43:47,984 - root - INFO - ================================================================================
2025-12-06 11:43:47,984 - root - INFO - 📝 Logging initialized
2025-12-06 11:43:47,985 - root - INFO -    Log file: /app/logs/aiscore_scraper_links_20251008.log
2025-12-06 11:43:47,986 - root - INFO -    Console level: INFO and above
2025-12-06 11:43:47,986 - root - INFO -    File level: INFO and above
2025-12-06 11:43:47,987 - root - INFO -    File handler: ✓ Active
2025-12-06 11:43:47,989 - root - INFO - ================================================================================
2025-12-06 11:43:47,989 - root - INFO - Loading page: https://www.aiscore.com/20251008
2025-12-06 11:43:47,990 - root - WARNING - Browser unresponsive, restarting...
2025-12-06 11:43:47,990 - src.scrapers.aiscore.browser - INFO - Restarting browser...
2025-12-06 11:43:49,992 - src.scrapers.aiscore.browser - INFO - Using Chrome binary: /usr/bin/chromium
2025-12-06 11:43:50,037 - src.scrapers.aiscore.browser - INFO - Detected Chrome version: 142.0.7444.175 (major: 142)
2025-12-06 11:43:50,055 - WDM - INFO - ====== WebDriver manager ======
2025-12-09 19:52:38,566 - root - INFO - ================================================================================
2025-12-09 19:52:38,567 - root - INFO - 📝 Logging initialized
2025-12-09 19:52:38,569 - root - INFO -    Log file: /app/logs/aiscore_scraper_links_20251008.log
2025-12-09 19:52:38,570 - root - INFO -    Console level: INFO and above
2025-12-09 19:52:38,571 - root - INFO -    File level: INFO and above
2025-12-09 19:52:38,571 - root - INFO -    File handler: ✓ Active
2025-12-09 19:52:38,572 - root - INFO - ================================================================================
2025-12-09 19:52:38,573 - root - INFO - Loading page: https://www.aiscore.com/20251008
2025-12-09 19:52:38,573 - root - WARNING - Browser unresponsive, restarting...
2025-12-09 19:52:38,574 - src.scrapers.aiscore.browser - INFO - Restarting browser...
2025-12-09 19:52:40,576 - src.scrapers.aiscore.browser - INFO - Using Chrome binary: /usr/bin/chromium
2025-12-09 19:52:40,580 - src.scrapers.aiscore.browser - INFO - Using pre-installed ChromeDriver at: /usr/bin/chromedriver
2025-12-09 19:52:40,842 - src.scrapers.aiscore.browser - INFO - Browser created successfully
2025-12-09 19:52:40,844 - src.scrapers.aiscore.browser - INFO - Browser restarted successfully
2025-12-09 19:52:56,577 - root - INFO - Cloudflare challenge detected. Waiting for it to complete...
2025-12-09 19:53:06,650 - root - INFO - Still waiting for Cloudflare... (10s / 30s)
2025-12-09 19:53:39,786 - root - WARNING - Cloudflare challenge did not complete within 30 seconds
2025-12-09 19:53:39,788 - root - WARNING - Cloudflare challenge may not have completed. Continuing anyway...
2025-12-09 19:54:10,878 - root - WARNING - Timeout waiting for page to load
2025-12-09 19:54:12,062 - root - INFO - Starting scroll to load all matches...
2025-12-09 19:54:12,101 - root - INFO - Scroll 1 in progress...
2025-12-09 19:54:32,659 - root - INFO - Included 4 countries with 19 matches: {'Asian': 2, 'Africa': 12, 'Brazil': 1, 'International': 4}
2025-12-09 19:54:32,663 - root - INFO - Scroll 1: 9 leagues, 19 matches
2025-12-09 19:54:32,707 - root - INFO - Scroll 2 in progress...
2025-12-09 19:55:03,301 - root - INFO - Included 3 countries with 16 matches: {'Africa': 11, 'Brazil': 1, 'International': 4}
2025-12-09 19:55:03,302 - root - INFO - Scroll 2: 6 leagues, 16 matches
2025-12-09 19:55:03,345 - root - INFO - Scroll 3 in progress...
2025-12-09 19:55:34,000 - root - INFO - Included 3 countries with 8 matches: {'Africa': 3, 'Brazil': 1, 'International': 4}
2025-12-09 19:55:34,007 - root - INFO - Scroll 3: 3 leagues, 8 matches
2025-12-09 19:55:34,027 - root - INFO - Scroll 4 in progress...
2025-12-09 19:55:57,662 - root - INFO - Scroll 5 in progress...
2025-12-09 19:56:21,205 - root - INFO - Included 2 countries with 6 matches: {'Africa': 2, 'Brazil': 4}
2025-12-09 19:56:21,206 - root - INFO - Scroll 5: 2 leagues, 6 matches
2025-12-09 19:56:21,237 - root - INFO - Scroll 6 in progress...
2025-12-09 19:56:34,871 - root - INFO - Included 2 countries with 6 matches: {'Africa': 2, 'Brazil': 4}
2025-12-09 19:56:34,872 - root - INFO - Scroll 6: 2 leagues, 6 matches
2025-12-09 19:56:34,909 - root - INFO - Scroll 7 in progress...
2025-12-09 19:56:38,344 - root - INFO - Included 2 countries with 9 matches: {'Africa': 2, 'Brazil': 7}
2025-12-09 19:56:38,348 - root - INFO - Scroll 7: 3 leagues, 9 matches
2025-12-09 19:56:38,388 - root - INFO - Scroll 8 in progress...
2025-12-09 19:56:38,958 - root - INFO - Included 1 countries with 7 matches: {'Brazil': 7}
2025-12-09 19:56:38,959 - root - INFO - Scroll 8: 2 leagues, 7 matches
2025-12-09 19:56:38,989 - root - INFO - Scroll 9 in progress...
2025-12-09 19:56:42,388 - root - INFO - Included 1 countries with 3 matches: {'Brazil': 3}
2025-12-09 19:56:42,388 - root - INFO - Scroll 9: 1 leagues, 3 matches
2025-12-09 19:56:42,418 - root - INFO - Scroll 10 in progress...
2025-12-09 19:56:43,030 - root - INFO - Included 1 countries with 3 matches: {'Brazil': 3}
2025-12-09 19:56:43,039 - root - INFO - Scroll 10: 1 leagues, 3 matches
2025-12-09 19:56:43,148 - root - INFO - Incremental save: Added 28 new matches. Total: 28 to /app/data/aiscore/daily_listings/20251008/matches.json
2025-12-09 19:56:43,153 - root - INFO - Saved 28 matches to file (after 10 scrolls)
2025-12-09 19:56:53,767 - root - INFO - Included 1 countries with 2 matches: {'England': 2}
2025-12-09 19:56:53,768 - root - INFO - Scroll 13: 1 leagues, 2 matches
2025-12-09 19:56:53,769 - root - INFO - Progress: 30 matches found | Scroll 13
2025-12-09 19:56:54,369 - root - INFO - Included 1 countries with 2 matches: {'England': 2}
2025-12-09 19:56:54,370 - root - INFO - Scroll 14: 1 leagues, 2 matches
2025-12-09 19:56:54,396 - root - INFO - Scroll 15 in progress...
2025-12-09 19:56:57,870 - root - INFO - Included 2 countries with 6 matches: {'England': 2, 'Europe': 4}
2025-12-09 19:56:57,871 - root - INFO - Scroll 15: 3 leagues, 6 matches
2025-12-09 19:57:01,417 - root - INFO - Included 1 countries with 10 matches: {'Europe': 10}
2025-12-09 19:57:01,418 - root - INFO - Scroll 16: 5 leagues, 10 matches
2025-12-09 19:57:04,882 - root - INFO - Included 1 countries with 17 matches: {'Europe': 17}
2025-12-09 19:57:04,883 - root - INFO - Scroll 17: 9 leagues, 17 matches
2025-12-09 19:57:05,510 - root - INFO - Included 2 countries with 27 matches: {'Fiji': 5, 'Europe': 22}
2025-12-09 19:57:05,512 - root - INFO - Scroll 18: 11 leagues, 27 matches
2025-12-09 19:57:06,186 - root - INFO - Included 3 countries with 18 matches: {'Ghana': 1, 'Europe': 12, 'Fiji': 5}
2025-12-09 19:57:06,187 - root - INFO - Scroll 19: 7 leagues, 18 matches
2025-12-09 19:57:06,217 - root - INFO - Scroll 20 in progress...
2025-12-09 19:57:06,847 - root - INFO - Included 3 countries with 13 matches: {'Europe': 7, 'Fiji': 5, 'Ghana': 1}
2025-12-09 19:57:06,848 - root - INFO - Scroll 20: 4 leagues, 13 matches
2025-12-09 19:57:06,906 - root - INFO - Incremental save: Added 30 new matches. Total: 58 to /app/data/aiscore/daily_listings/20251008/matches.json
2025-12-09 19:57:06,907 - root - INFO - Saved 30 matches to file (after 20 scrolls)
2025-12-09 19:57:10,713 - root - INFO - Included 2 countries with 6 matches: {'Fiji': 5, 'Ghana': 1}
2025-12-09 19:57:10,718 - root - INFO - Scroll 21: 2 leagues, 6 matches
2025-12-09 19:57:14,962 - root - INFO - Included 1 countries with 10 matches: {'International': 10}
2025-12-09 19:57:14,963 - root - INFO - Scroll 23: 1 leagues, 10 matches
2025-12-09 19:57:14,964 - root - INFO - Progress: 68 matches found | Scroll 23
2025-12-09 19:57:15,696 - root - INFO - Included 1 countries with 13 matches: {'International': 13}
2025-12-09 19:57:15,697 - root - INFO - Scroll 24: 2 leagues, 13 matches
2025-12-09 19:57:15,712 - root - INFO - Scroll 25 in progress...
2025-12-09 19:57:19,266 - root - INFO - Included 1 countries with 13 matches: {'International': 13}
2025-12-09 19:57:19,267 - root - INFO - Scroll 25: 2 leagues, 13 matches
2025-12-09 19:57:20,155 - root - INFO - Included 1 countries with 13 matches: {'International': 13}
2025-12-09 19:57:20,156 - root - INFO - Scroll 26: 2 leagues, 13 matches
2025-12-09 19:57:23,823 - root - INFO - Included 1 countries with 3 matches: {'International': 3}
2025-12-09 19:57:23,824 - root - INFO - Scroll 27: 1 leagues, 3 matches
2025-12-09 19:57:27,631 - root - INFO - Included 1 countries with 3 matches: {'International': 3}
2025-12-09 19:57:27,632 - root - INFO - Scroll 28: 1 leagues, 3 matches
2025-12-09 19:57:31,502 - root - INFO - Scroll 30 in progress...
2025-12-09 19:57:35,202 - root - INFO - Incremental save: Added 13 new matches. Total: 71 to /app/data/aiscore/daily_listings/20251008/matches.json
2025-12-09 19:57:35,206 - root - INFO - Saved 13 matches to file (after 30 scrolls)
2025-12-09 19:57:38,856 - root - INFO - Included 1 countries with 2 matches: {'Nigeria': 2}
2025-12-09 19:57:38,858 - root - INFO - Scroll 31: 2 leagues, 2 matches
2025-12-09 19:57:42,539 - root - INFO - Included 1 countries with 2 matches: {'Nigeria': 2}
2025-12-09 19:57:42,540 - root - INFO - Scroll 32: 2 leagues, 2 matches
2025-12-09 19:57:46,105 - root - INFO - Included 3 countries with 7 matches: {'Nigeria': 2, 'Portugal': 1, 'Slovakia': 4}
2025-12-09 19:57:46,106 - root - INFO - Scroll 33: 4 leagues, 7 matches
2025-12-09 19:57:46,107 - root - INFO - Progress: 78 matches found | Scroll 33
2025-12-09 19:57:46,799 - root - INFO - Included 3 countries with 6 matches: {'Nigeria': 1, 'Portugal': 1, 'Slovakia': 4}
2025-12-09 19:57:46,800 - root - INFO - Scroll 34: 3 leagues, 6 matches
2025-12-09 19:57:46,825 - root - INFO - Scroll 35 in progress...
2025-12-09 19:57:47,478 - root - INFO - Included 2 countries with 5 matches: {'Portugal': 1, 'Slovakia': 4}
2025-12-09 19:57:47,479 - root - INFO - Scroll 35: 2 leagues, 5 matches
2025-12-09 19:57:52,539 - root - INFO - Included 1 countries with 1 matches: {'Turkey': 1}
2025-12-09 19:57:52,540 - root - INFO - Scroll 38: 1 leagues, 1 matches
2025-12-09 19:57:53,330 - root - INFO - Included 1 countries with 1 matches: {'Turkey': 1}
2025-12-09 19:57:53,331 - root - INFO - Scroll 39: 1 leagues, 1 matches
2025-12-09 19:57:53,358 - root - INFO - Scroll 40 in progress...
2025-12-09 19:57:57,119 - root - INFO - Included 2 countries with 2 matches: {'Turkey': 1, 'Venezuela': 1}
2025-12-09 19:57:57,120 - root - INFO - Scroll 40: 2 leagues, 2 matches
2025-12-09 19:57:57,207 - root - INFO - Incremental save: Added 9 new matches. Total: 80 to /app/data/aiscore/daily_listings/20251008/matches.json
2025-12-09 19:57:57,208 - root - INFO - Saved 9 matches to file (after 40 scrolls)
2025-12-09 19:58:00,903 - root - INFO - Included 1 countries with 1 matches: {'Venezuela': 1}
2025-12-09 19:58:00,904 - root - INFO - Scroll 41: 1 leagues, 1 matches
2025-12-09 19:58:04,576 - root - INFO - Included 1 countries with 1 matches: {'Venezuela': 1}
2025-12-09 19:58:04,577 - root - INFO - Scroll 42: 1 leagues, 1 matches
2025-12-09 19:58:08,202 - root - INFO - Included 1 countries with 1 matches: {'Venezuela': 1}
2025-12-09 19:58:08,205 - root - INFO - Scroll 43: 1 leagues, 1 matches
2025-12-09 19:58:08,207 - root - INFO - Scraping complete: 80 matches found after 43 scrolls
2025-12-09 19:58:08,208 - root - INFO - Scraping complete. Total unique links found: 80
2025-12-09 19:58:08,213 - root - INFO - File verification: 80 matches in data/aiscore/daily_listings/20251008/matches.json
2025-12-09 19:58:08,285 - src.scrapers.aiscore.browser - INFO - Browser closed
