2025-12-09 20:56:23,174 - root - INFO - ================================================================================
2025-12-09 20:56:23,175 - root - INFO - 📝 Logging initialized
2025-12-09 20:56:23,176 - root - INFO -    Log file: /app/logs/aiscore_scraper_links_20251011.log
2025-12-09 20:56:23,177 - root - INFO -    Console level: INFO and above
2025-12-09 20:56:23,178 - root - INFO -    File level: INFO and above
2025-12-09 20:56:23,178 - root - INFO -    File handler: ✓ Active
2025-12-09 20:56:23,180 - root - INFO - ================================================================================
2025-12-09 20:56:23,181 - root - INFO - Loading page: https://www.aiscore.com/20251011
2025-12-09 20:56:23,182 - root - WARNING - Browser unresponsive, restarting...
2025-12-09 20:56:23,183 - src.scrapers.aiscore.browser - INFO - Restarting browser...
2025-12-09 20:56:25,185 - src.scrapers.aiscore.browser - INFO - Using Chrome binary: /usr/bin/chromium
2025-12-09 20:56:25,190 - src.scrapers.aiscore.browser - INFO - Using pre-installed ChromeDriver at: /usr/bin/chromedriver
2025-12-09 20:56:25,442 - src.scrapers.aiscore.browser - INFO - Browser created successfully
2025-12-09 20:56:25,443 - src.scrapers.aiscore.browser - INFO - Browser restarted successfully
2025-12-09 20:56:41,477 - root - INFO - Cloudflare challenge detected. Waiting for it to complete...
2025-12-09 20:56:51,551 - root - INFO - Still waiting for Cloudflare... (10s / 30s)
2025-12-09 20:57:24,708 - root - WARNING - Cloudflare challenge did not complete within 30 seconds
2025-12-09 20:57:24,709 - root - WARNING - Cloudflare challenge may not have completed. Continuing anyway...
2025-12-09 20:57:55,828 - root - WARNING - Timeout waiting for page to load
2025-12-09 20:57:57,048 - root - INFO - Starting scroll to load all matches...
2025-12-09 20:57:57,088 - root - INFO - Scroll 1 in progress...
2025-12-09 20:58:17,692 - root - INFO - Included 5 countries with 15 matches: {'Asian': 2, 'Argentina': 2, 'Brazil': 1, 'Europe': 8, 'International': 2}
2025-12-09 20:58:17,694 - root - INFO - Scroll 1: 10 leagues, 15 matches
2025-12-09 20:58:17,747 - root - INFO - Scroll 2 in progress...
2025-12-09 20:58:38,466 - root - INFO - Included 4 countries with 15 matches: {'Argentina': 4, 'Brazil': 1, 'Europe': 8, 'International': 2}
2025-12-09 20:58:38,468 - root - INFO - Scroll 2: 9 leagues, 15 matches
2025-12-09 20:58:38,515 - root - INFO - Scroll 3 in progress...
2025-12-09 20:58:59,224 - root - INFO - Included 3 countries with 9 matches: {'Europe': 4, 'International': 2, 'Argentina': 3}
2025-12-09 20:58:59,225 - root - INFO - Scroll 3: 5 leagues, 9 matches
2025-12-09 20:58:59,264 - root - INFO - Scroll 4 in progress...
2025-12-09 20:59:09,970 - root - INFO - Included 1 countries with 3 matches: {'Argentina': 3}
2025-12-09 20:59:09,971 - root - INFO - Scroll 4: 2 leagues, 3 matches
2025-12-09 20:59:09,993 - root - INFO - Scroll 5 in progress...
2025-12-09 20:59:23,728 - root - INFO - Scroll 6 in progress...
2025-12-09 20:59:37,290 - root - INFO - Scroll 7 in progress...
2025-12-09 20:59:40,907 - root - INFO - Included 1 countries with 2 matches: {'Africa': 2}
2025-12-09 20:59:40,909 - root - INFO - Scroll 7: 1 leagues, 2 matches
2025-12-09 20:59:40,957 - root - INFO - Scroll 8 in progress...
2025-12-09 20:59:41,614 - root - INFO - Included 2 countries with 3 matches: {'Brazil': 1, 'Africa': 2}
2025-12-09 20:59:41,615 - root - INFO - Scroll 8: 2 leagues, 3 matches
2025-12-09 20:59:41,644 - root - INFO - Scroll 9 in progress...
2025-12-09 20:59:42,307 - root - INFO - Included 2 countries with 3 matches: {'Africa': 2, 'Brazil': 1}
2025-12-09 20:59:42,310 - root - INFO - Scroll 9: 2 leagues, 3 matches
2025-12-09 20:59:42,342 - root - INFO - Scroll 10 in progress...
2025-12-09 20:59:43,006 - root - INFO - Included 2 countries with 5 matches: {'Belgium': 4, 'Brazil': 1}
2025-12-09 20:59:43,007 - root - INFO - Scroll 10: 2 leagues, 5 matches
2025-12-09 20:59:43,007 - root - INFO - Progress: 25 matches found | Scroll 10
2025-12-09 20:59:43,050 - root - INFO - Incremental save: Added 25 new matches. Total: 25 to /app/data/aiscore/daily_listings/20251011/matches.json
2025-12-09 20:59:43,051 - root - INFO - Saved 25 matches to file (after 10 scrolls)
2025-12-09 20:59:43,832 - root - INFO - Included 1 countries with 4 matches: {'Belgium': 4}
2025-12-09 20:59:43,834 - root - INFO - Scroll 11: 1 leagues, 4 matches
2025-12-09 20:59:44,714 - root - INFO - Included 1 countries with 10 matches: {'Belgium': 10}
2025-12-09 20:59:44,717 - root - INFO - Scroll 12: 2 leagues, 10 matches
2025-12-09 20:59:45,559 - root - INFO - Included 1 countries with 10 matches: {'Belgium': 10}
2025-12-09 20:59:45,563 - root - INFO - Scroll 13: 2 leagues, 10 matches
2025-12-09 20:59:49,393 - root - INFO - Included 1 countries with 7 matches: {'Belgium': 7}
2025-12-09 20:59:49,397 - root - INFO - Scroll 14: 2 leagues, 7 matches
2025-12-09 20:59:49,430 - root - INFO - Scroll 15 in progress...
2025-12-09 20:59:50,123 - root - INFO - Included 1 countries with 7 matches: {'Belgium': 7}
2025-12-09 20:59:50,125 - root - INFO - Scroll 15: 2 leagues, 7 matches
2025-12-09 20:59:53,891 - root - INFO - Included 1 countries with 1 matches: {'Belgium': 1}
2025-12-09 20:59:53,891 - root - INFO - Scroll 16: 1 leagues, 1 matches
2025-12-09 20:59:57,642 - root - INFO - Included 2 countries with 5 matches: {'Belgium': 1, 'Brazil': 4}
2025-12-09 20:59:57,643 - root - INFO - Scroll 17: 2 leagues, 5 matches
2025-12-09 20:59:58,330 - root - INFO - Included 1 countries with 4 matches: {'Brazil': 4}
2025-12-09 20:59:58,331 - root - INFO - Scroll 18: 1 leagues, 4 matches
2025-12-09 21:00:02,109 - root - INFO - Included 1 countries with 5 matches: {'Brazil': 5}
2025-12-09 21:00:02,113 - root - INFO - Scroll 19: 2 leagues, 5 matches
2025-12-09 21:00:02,142 - root - INFO - Scroll 20 in progress...
2025-12-09 21:00:02,816 - root - INFO - Included 1 countries with 5 matches: {'Brazil': 5}
2025-12-09 21:00:02,817 - root - INFO - Scroll 20: 2 leagues, 5 matches
2025-12-09 21:00:02,902 - root - INFO - Incremental save: Added 12 new matches. Total: 37 to /app/data/aiscore/daily_listings/20251011/matches.json
2025-12-09 21:00:02,903 - root - INFO - Saved 12 matches to file (after 20 scrolls)
2025-12-09 21:00:06,831 - root - INFO - Included 2 countries with 3 matches: {'Brazil': 1, 'Canada': 2}
2025-12-09 21:00:06,832 - root - INFO - Scroll 21: 2 leagues, 3 matches
2025-12-09 21:00:06,833 - root - INFO - Progress: 39 matches found | Scroll 21
2025-12-09 21:00:07,774 - root - INFO - Included 1 countries with 2 matches: {'Canada': 2}
2025-12-09 21:00:07,776 - root - INFO - Scroll 22: 1 leagues, 2 matches
2025-12-09 21:00:08,542 - root - INFO - Included 1 countries with 2 matches: {'Canada': 2}
2025-12-09 21:00:08,544 - root - INFO - Scroll 23: 1 leagues, 2 matches
2025-12-09 21:00:09,385 - root - INFO - Scroll 25 in progress...
2025-12-09 21:00:25,960 - root - INFO - Included 1 countries with 1 matches: {'Congo': 1}
2025-12-09 21:00:25,966 - root - INFO - Scroll 28: 1 leagues, 1 matches
2025-12-09 21:00:30,117 - root - INFO - Included 1 countries with 1 matches: {'Congo': 1}
2025-12-09 21:00:30,121 - root - INFO - Scroll 29: 1 leagues, 1 matches
2025-12-09 21:00:30,177 - root - INFO - Scroll 30 in progress...
2025-12-09 21:00:31,271 - root - INFO - Included 1 countries with 1 matches: {'Congo': 1}
2025-12-09 21:00:31,272 - root - INFO - Scroll 30: 1 leagues, 1 matches
2025-12-09 21:00:31,375 - root - INFO - Incremental save: Added 3 new matches. Total: 40 to /app/data/aiscore/daily_listings/20251011/matches.json
2025-12-09 21:00:31,378 - root - INFO - Saved 3 matches to file (after 30 scrolls)
2025-12-09 21:00:33,846 - root - INFO - Included 1 countries with 6 matches: {'Denmark': 6}
2025-12-09 21:00:33,850 - root - INFO - Scroll 32: 2 leagues, 6 matches
2025-12-09 21:00:33,852 - root - INFO - Progress: 46 matches found | Scroll 32
2025-12-09 21:00:35,015 - root - INFO - Included 1 countries with 6 matches: {'Denmark': 6}
2025-12-09 21:00:35,018 - root - INFO - Scroll 33: 2 leagues, 6 matches
2025-12-09 21:00:36,404 - root - INFO - Included 1 countries with 6 matches: {'Denmark': 6}
2025-12-09 21:00:36,405 - root - INFO - Scroll 34: 2 leagues, 6 matches
2025-12-09 21:00:36,541 - root - INFO - Scroll 35 in progress...
2025-12-09 21:00:38,038 - root - INFO - Included 2 countries with 34 matches: {'England': 31, 'Denmark': 3}
2025-12-09 21:00:38,041 - root - INFO - Scroll 35: 2 leagues, 34 matches
2025-12-09 21:00:38,044 - root - INFO - Progress: 77 matches found | Scroll 35
2025-12-09 21:00:42,659 - root - INFO - Included 1 countries with 31 matches: {'England': 31}
2025-12-09 21:00:42,662 - root - INFO - Scroll 36: 1 leagues, 31 matches
2025-12-09 21:00:47,152 - root - INFO - Included 1 countries with 31 matches: {'England': 31}
2025-12-09 21:00:47,153 - root - INFO - Scroll 37: 1 leagues, 31 matches
2025-12-09 21:00:51,861 - root - INFO - Included 1 countries with 31 matches: {'England': 31}
2025-12-09 21:00:51,862 - root - INFO - Scroll 38: 1 leagues, 31 matches
2025-12-09 21:00:56,482 - root - INFO - Included 1 countries with 31 matches: {'England': 31}
2025-12-09 21:00:56,484 - root - INFO - Scroll 39: 1 leagues, 31 matches
2025-12-09 21:00:56,563 - root - INFO - Scroll 40 in progress...
2025-12-09 21:00:58,247 - root - INFO - Included 1 countries with 31 matches: {'England': 31}
2025-12-09 21:00:58,251 - root - INFO - Scroll 40: 1 leagues, 31 matches
2025-12-09 21:00:58,427 - root - INFO - Incremental save: Added 37 new matches. Total: 77 to /app/data/aiscore/daily_listings/20251011/matches.json
2025-12-09 21:00:58,430 - root - INFO - Saved 37 matches to file (after 40 scrolls)
2025-12-09 21:01:10,259 - root - INFO - Scroll 45 in progress...
2025-12-09 21:01:16,030 - root - INFO - Included 1 countries with 2 matches: {'Europe': 2}
2025-12-09 21:01:16,033 - root - INFO - Scroll 46: 1 leagues, 2 matches
2025-12-09 21:01:16,035 - root - INFO - Progress: 79 matches found | Scroll 46
2025-12-09 21:01:20,265 - root - INFO - Included 1 countries with 10 matches: {'Europe': 10}
2025-12-09 21:01:20,268 - root - INFO - Scroll 47: 5 leagues, 10 matches
2025-12-09 21:01:24,315 - root - INFO - Included 1 countries with 17 matches: {'Europe': 17}
2025-12-09 21:01:24,317 - root - INFO - Scroll 48: 9 leagues, 17 matches
2025-12-09 21:01:25,590 - root - INFO - Included 2 countries with 25 matches: {'France': 8, 'Europe': 17}
2025-12-09 21:01:25,592 - root - INFO - Scroll 49: 10 leagues, 25 matches
2025-12-09 21:01:25,652 - root - INFO - Scroll 50 in progress...
2025-12-09 21:01:26,738 - root - INFO - Included 3 countries with 21 matches: {'Fiji': 2, 'Europe': 11, 'France': 8}
2025-12-09 21:01:26,741 - root - INFO - Scroll 50: 8 leagues, 21 matches
2025-12-09 21:01:26,822 - root - INFO - Incremental save: Added 27 new matches. Total: 104 to /app/data/aiscore/daily_listings/20251011/matches.json
2025-12-09 21:01:26,824 - root - INFO - Saved 27 matches to file (after 50 scrolls)
2025-12-09 21:01:27,987 - root - INFO - Included 3 countries with 14 matches: {'Europe': 4, 'France': 8, 'Fiji': 2}
2025-12-09 21:01:28,000 - root - INFO - Scroll 51: 4 leagues, 14 matches
2025-12-09 21:01:29,174 - root - INFO - Included 2 countries with 10 matches: {'France': 8, 'Fiji': 2}
2025-12-09 21:01:29,215 - root - INFO - Scroll 52: 2 leagues, 10 matches
2025-12-09 21:01:30,486 - root - INFO - Included 1 countries with 2 matches: {'Fiji': 2}
2025-12-09 21:01:30,506 - root - INFO - Scroll 53: 1 leagues, 2 matches
2025-12-09 21:01:34,338 - root - INFO - Included 1 countries with 2 matches: {'Ghana': 2}
2025-12-09 21:01:34,339 - root - INFO - Scroll 54: 1 leagues, 2 matches
2025-12-09 21:01:34,378 - root - INFO - Scroll 55 in progress...
2025-12-09 21:01:35,074 - root - INFO - Included 2 countries with 4 matches: {'Germany': 2, 'Ghana': 2}
2025-12-09 21:01:35,076 - root - INFO - Scroll 55: 2 leagues, 4 matches
2025-12-09 21:01:35,795 - root - INFO - Included 2 countries with 5 matches: {'Germany': 3, 'Ghana': 2}
2025-12-09 21:01:35,796 - root - INFO - Scroll 56: 3 leagues, 5 matches
2025-12-09 21:01:35,797 - root - INFO - Progress: 109 matches found | Scroll 56
2025-12-09 21:01:36,558 - root - INFO - Included 2 countries with 5 matches: {'Ghana': 2, 'Germany': 3}
2025-12-09 21:01:36,559 - root - INFO - Scroll 57: 3 leagues, 5 matches
2025-12-09 21:01:37,263 - root - INFO - Included 1 countries with 1 matches: {'Germany': 1}
2025-12-09 21:01:37,272 - root - INFO - Scroll 58: 1 leagues, 1 matches
2025-12-09 21:01:38,245 - root - INFO - Scroll 60 in progress...
2025-12-09 21:01:42,133 - root - INFO - Incremental save: Added 5 new matches. Total: 109 to /app/data/aiscore/daily_listings/20251011/matches.json
2025-12-09 21:01:42,134 - root - INFO - Saved 5 matches to file (after 60 scrolls)
2025-12-09 21:01:57,405 - root - INFO - Scroll 65 in progress...
2025-12-09 21:01:58,295 - root - INFO - Included 1 countries with 3 matches: {'Italy': 3}
2025-12-09 21:01:58,297 - root - INFO - Scroll 65: 1 leagues, 3 matches
2025-12-09 21:01:59,196 - root - INFO - Included 1 countries with 3 matches: {'Italy': 3}
2025-12-09 21:01:59,197 - root - INFO - Scroll 66: 1 leagues, 3 matches
2025-12-09 21:02:02,842 - root - INFO - Included 1 countries with 3 matches: {'Italy': 3}
2025-12-09 21:02:02,846 - root - INFO - Scroll 67: 1 leagues, 3 matches
2025-12-09 21:02:07,176 - root - INFO - Included 1 countries with 17 matches: {'International': 17}
2025-12-09 21:02:07,177 - root - INFO - Scroll 69: 1 leagues, 17 matches
2025-12-09 21:02:07,179 - root - INFO - Progress: 129 matches found | Scroll 69
2025-12-09 21:02:07,202 - root - INFO - Scroll 70 in progress...
2025-12-09 21:02:10,805 - root - INFO - Included 1 countries with 20 matches: {'International': 20}
2025-12-09 21:02:10,806 - root - INFO - Scroll 70: 2 leagues, 20 matches
2025-12-09 21:02:10,854 - root - INFO - Incremental save: Added 23 new matches. Total: 132 to /app/data/aiscore/daily_listings/20251011/matches.json
2025-12-09 21:02:10,855 - root - INFO - Saved 23 matches to file (after 70 scrolls)
2025-12-09 21:02:11,747 - root - INFO - Included 1 countries with 20 matches: {'International': 20}
2025-12-09 21:02:11,759 - root - INFO - Scroll 71: 2 leagues, 20 matches
2025-12-09 21:02:15,467 - root - INFO - Included 1 countries with 20 matches: {'International': 20}
2025-12-09 21:02:15,494 - root - INFO - Scroll 72: 2 leagues, 20 matches
2025-12-09 21:02:19,208 - root - INFO - Included 1 countries with 3 matches: {'International': 3}
2025-12-09 21:02:19,210 - root - INFO - Scroll 73: 1 leagues, 3 matches
2025-12-09 21:02:19,962 - root - INFO - Included 1 countries with 3 matches: {'International': 3}
2025-12-09 21:02:19,963 - root - INFO - Scroll 74: 1 leagues, 3 matches
2025-12-09 21:02:19,996 - root - INFO - Scroll 75 in progress...
2025-12-09 21:02:20,782 - root - INFO - Included 1 countries with 3 matches: {'International': 3}
2025-12-09 21:02:20,782 - root - INFO - Scroll 75: 1 leagues, 3 matches
2025-12-09 21:02:28,322 - root - INFO - Included 1 countries with 4 matches: {'Japan': 4}
2025-12-09 21:02:28,324 - root - INFO - Scroll 77: 2 leagues, 4 matches
2025-12-09 21:02:32,237 - root - INFO - Included 1 countries with 6 matches: {'Japan': 6}
2025-12-09 21:02:32,238 - root - INFO - Scroll 78: 3 leagues, 6 matches
2025-12-09 21:02:35,871 - root - INFO - Included 1 countries with 6 matches: {'Japan': 6}
2025-12-09 21:02:35,872 - root - INFO - Scroll 79: 3 leagues, 6 matches
2025-12-09 21:02:35,903 - root - INFO - Scroll 80 in progress...
2025-12-09 21:02:36,630 - root - INFO - Included 1 countries with 2 matches: {'Japan': 2}
2025-12-09 21:02:36,641 - root - INFO - Scroll 80: 1 leagues, 2 matches
2025-12-09 21:02:36,758 - root - INFO - Incremental save: Added 6 new matches. Total: 138 to /app/data/aiscore/daily_listings/20251011/matches.json
2025-12-09 21:02:36,760 - root - INFO - Saved 6 matches to file (after 80 scrolls)
2025-12-09 21:02:40,239 - root - INFO - Included 2 countries with 4 matches: {'Mongolia': 3, 'Malawi': 1}
2025-12-09 21:02:40,241 - root - INFO - Scroll 81: 2 leagues, 4 matches
2025-12-09 21:02:40,242 - root - INFO - Progress: 142 matches found | Scroll 81
2025-12-09 21:02:40,889 - root - INFO - Included 2 countries with 4 matches: {'Mongolia': 3, 'Malawi': 1}
2025-12-09 21:02:40,890 - root - INFO - Scroll 82: 2 leagues, 4 matches
2025-12-09 21:02:41,731 - root - INFO - Included 2 countries with 4 matches: {'Mongolia': 3, 'Malawi': 1}
2025-12-09 21:02:41,732 - root - INFO - Scroll 83: 2 leagues, 4 matches
2025-12-09 21:02:45,377 - root - INFO - Scroll 85 in progress...
2025-12-09 21:02:49,743 - root - INFO - Included 1 countries with 2 matches: {'Netherlands': 2}
2025-12-09 21:02:49,745 - root - INFO - Scroll 86: 1 leagues, 2 matches
2025-12-09 21:02:50,538 - root - INFO - Included 2 countries with 6 matches: {'Northern Ireland': 4, 'Netherlands': 2}
2025-12-09 21:02:50,539 - root - INFO - Scroll 87: 2 leagues, 6 matches
2025-12-09 21:02:51,269 - root - INFO - Included 2 countries with 6 matches: {'Netherlands': 2, 'Northern Ireland': 4}
2025-12-09 21:02:51,270 - root - INFO - Scroll 88: 2 leagues, 6 matches
2025-12-09 21:02:52,076 - root - INFO - Included 2 countries with 6 matches: {'Netherlands': 2, 'Northern Ireland': 4}
2025-12-09 21:02:52,079 - root - INFO - Scroll 89: 2 leagues, 6 matches
2025-12-09 21:02:52,114 - root - INFO - Scroll 90 in progress...
2025-12-09 21:02:52,846 - root - INFO - Included 1 countries with 4 matches: {'Northern Ireland': 4}
2025-12-09 21:02:52,848 - root - INFO - Scroll 90: 1 leagues, 4 matches
2025-12-09 21:02:52,911 - root - INFO - Incremental save: Added 10 new matches. Total: 148 to /app/data/aiscore/daily_listings/20251011/matches.json
2025-12-09 21:02:52,911 - root - INFO - Saved 10 matches to file (after 90 scrolls)
2025-12-09 21:03:05,069 - root - INFO - Scroll 95 in progress...
2025-12-09 21:03:21,252 - root - INFO - Scroll 100 in progress...
2025-12-09 21:03:37,326 - root - INFO - Scroll 105 in progress...
2025-12-09 21:03:40,833 - root - INFO - Included 1 countries with 5 matches: {'Portugal': 5}
2025-12-09 21:03:40,837 - root - INFO - Scroll 105: 3 leagues, 5 matches
2025-12-09 21:03:40,838 - root - INFO - Progress: 153 matches found | Scroll 105
2025-12-09 21:03:40,899 - root - INFO - Incremental save: Added 5 new matches. Total: 153 to /app/data/aiscore/daily_listings/20251011/matches.json
2025-12-09 21:03:40,900 - root - INFO - Saved 5 matches to file (after 105 scrolls)
2025-12-09 21:03:41,584 - root - INFO - Included 1 countries with 5 matches: {'Portugal': 5}
2025-12-09 21:03:41,585 - root - INFO - Scroll 106: 3 leagues, 5 matches
2025-12-09 21:03:42,425 - root - INFO - Included 1 countries with 5 matches: {'Portugal': 5}
2025-12-09 21:03:42,439 - root - INFO - Scroll 107: 3 leagues, 5 matches
2025-12-09 21:03:45,985 - root - INFO - Included 1 countries with 1 matches: {'Portugal': 1}
2025-12-09 21:03:45,986 - root - INFO - Scroll 108: 1 leagues, 1 matches
2025-12-09 21:03:46,705 - root - INFO - Scroll 110 in progress...
2025-12-09 21:03:51,113 - root - INFO - Included 1 countries with 3 matches: {'Spain': 3}
2025-12-09 21:03:51,114 - root - INFO - Scroll 111: 1 leagues, 3 matches
2025-12-09 21:03:54,677 - root - INFO - Included 2 countries with 7 matches: {'Spain': 3, 'Scotland': 4}
2025-12-09 21:03:54,678 - root - INFO - Scroll 112: 2 leagues, 7 matches
2025-12-09 21:03:58,254 - root - INFO - Included 2 countries with 7 matches: {'Spain': 3, 'Scotland': 4}
2025-12-09 21:03:58,254 - root - INFO - Scroll 113: 2 leagues, 7 matches
2025-12-09 21:03:58,937 - root - INFO - Included 3 countries with 13 matches: {'Sweden': 6, 'Spain': 3, 'Scotland': 4}
2025-12-09 21:03:58,938 - root - INFO - Scroll 114: 3 leagues, 13 matches
2025-12-09 21:03:58,970 - root - INFO - Scroll 115 in progress...
2025-12-09 21:03:59,691 - root - INFO - Included 1 countries with 6 matches: {'Sweden': 6}
2025-12-09 21:03:59,692 - root - INFO - Scroll 115: 1 leagues, 6 matches
2025-12-09 21:03:59,746 - root - INFO - Incremental save: Added 13 new matches. Total: 166 to /app/data/aiscore/daily_listings/20251011/matches.json
2025-12-09 21:03:59,747 - root - INFO - Saved 13 matches to file (after 115 scrolls)
2025-12-09 21:04:03,329 - root - INFO - Included 1 countries with 6 matches: {'Sweden': 6}
2025-12-09 21:04:03,331 - root - INFO - Scroll 116: 1 leagues, 6 matches
2025-12-09 21:04:04,057 - root - INFO - Included 1 countries with 6 matches: {'Sweden': 6}
2025-12-09 21:04:04,058 - root - INFO - Scroll 117: 1 leagues, 6 matches
2025-12-09 21:04:05,553 - root - INFO - Included 1 countries with 3 matches: {'Spain': 3}
2025-12-09 21:04:05,569 - root - INFO - Scroll 119: 1 leagues, 3 matches
2025-12-09 21:04:05,578 - root - INFO - Progress: 169 matches found | Scroll 119
2025-12-09 21:04:05,620 - root - INFO - Scroll 120 in progress...
2025-12-09 21:04:05,790 - urllib3.connectionpool - WARNING - Retrying (Retry(total=2, connect=None, read=None, redirect=None, status=None)) after connection broken by 'NewConnectionError("HTTPConnection(host='localhost', port=32899): Failed to establish a new connection: [Errno 111] Connection refused")': /session/3b67fa3189a0c4c48daab3ad10180923/element/f.AAA6F89896CD921E6E9B0987154E168B.d.F55D9FE0CFDF24F67CE46CF9E14E91BC.e.109/elements
2025-12-09 21:04:05,792 - urllib3.connectionpool - WARNING - Retrying (Retry(total=1, connect=None, read=None, redirect=None, status=None)) after connection broken by 'NewConnectionError("HTTPConnection(host='localhost', port=32899): Failed to establish a new connection: [Errno 111] Connection refused")': /session/3b67fa3189a0c4c48daab3ad10180923/element/f.AAA6F89896CD921E6E9B0987154E168B.d.F55D9FE0CFDF24F67CE46CF9E14E91BC.e.109/elements
2025-12-09 21:04:05,794 - urllib3.connectionpool - WARNING - Retrying (Retry(total=0, connect=None, read=None, redirect=None, status=None)) after connection broken by 'NewConnectionError("HTTPConnection(host='localhost', port=32899): Failed to establish a new connection: [Errno 111] Connection refused")': /session/3b67fa3189a0c4c48daab3ad10180923/element/f.AAA6F89896CD921E6E9B0987154E168B.d.F55D9FE0CFDF24F67CE46CF9E14E91BC.e.109/elements
2025-12-09 21:04:05,795 - urllib3.connectionpool - WARNING - Retrying (Retry(total=2, connect=None, read=None, redirect=None, status=None)) after connection broken by 'NewConnectionError("HTTPConnection(host='localhost', port=32899): Failed to establish a new connection: [Errno 111] Connection refused")': /session/3b67fa3189a0c4c48daab3ad10180923/element/f.AAA6F89896CD921E6E9B0987154E168B.d.F55D9FE0CFDF24F67CE46CF9E14E91BC.e.103/element
2025-12-09 21:04:05,797 - urllib3.connectionpool - WARNING - Retrying (Retry(total=1, connect=None, read=None, redirect=None, status=None)) after connection broken by 'NewConnectionError("HTTPConnection(host='localhost', port=32899): Failed to establish a new connection: [Errno 111] Connection refused")': /session/3b67fa3189a0c4c48daab3ad10180923/element/f.AAA6F89896CD921E6E9B0987154E168B.d.F55D9FE0CFDF24F67CE46CF9E14E91BC.e.103/element
2025-12-09 21:04:05,800 - urllib3.connectionpool - WARNING - Retrying (Retry(total=0, connect=None, read=None, redirect=None, status=None)) after connection broken by 'NewConnectionError("HTTPConnection(host='localhost', port=32899): Failed to establish a new connection: [Errno 111] Connection refused")': /session/3b67fa3189a0c4c48daab3ad10180923/element/f.AAA6F89896CD921E6E9B0987154E168B.d.F55D9FE0CFDF24F67CE46CF9E14E91BC.e.103/element
2025-12-09 21:04:05,804 - urllib3.connectionpool - WARNING - Retrying (Retry(total=2, connect=None, read=None, redirect=None, status=None)) after connection broken by 'NewConnectionError("HTTPConnection(host='localhost', port=32899): Failed to establish a new connection: [Errno 111] Connection refused")': /session/3b67fa3189a0c4c48daab3ad10180923/element/f.AAA6F89896CD921E6E9B0987154E168B.d.F55D9FE0CFDF24F67CE46CF9E14E91BC.e.103/element
2025-12-09 21:04:05,808 - urllib3.connectionpool - WARNING - Retrying (Retry(total=1, connect=None, read=None, redirect=None, status=None)) after connection broken by 'NewConnectionError("HTTPConnection(host='localhost', port=32899): Failed to establish a new connection: [Errno 111] Connection refused")': /session/3b67fa3189a0c4c48daab3ad10180923/element/f.AAA6F89896CD921E6E9B0987154E168B.d.F55D9FE0CFDF24F67CE46CF9E14E91BC.e.103/element
2025-12-09 21:04:05,811 - urllib3.connectionpool - WARNING - Retrying (Retry(total=0, connect=None, read=None, redirect=None, status=None)) after connection broken by 'NewConnectionError("HTTPConnection(host='localhost', port=32899): Failed to establish a new connection: [Errno 111] Connection refused")': /session/3b67fa3189a0c4c48daab3ad10180923/element/f.AAA6F89896CD921E6E9B0987154E168B.d.F55D9FE0CFDF24F67CE46CF9E14E91BC.e.103/element
2025-12-09 21:04:05,814 - urllib3.connectionpool - WARNING - Retrying (Retry(total=2, connect=None, read=None, redirect=None, status=None)) after connection broken by 'NewConnectionError("HTTPConnection(host='localhost', port=32899): Failed to establish a new connection: [Errno 111] Connection refused")': /session/3b67fa3189a0c4c48daab3ad10180923/element/f.AAA6F89896CD921E6E9B0987154E168B.d.F55D9FE0CFDF24F67CE46CF9E14E91BC.e.103/elements
2025-12-09 21:04:05,816 - urllib3.connectionpool - WARNING - Retrying (Retry(total=1, connect=None, read=None, redirect=None, status=None)) after connection broken by 'NewConnectionError("HTTPConnection(host='localhost', port=32899): Failed to establish a new connection: [Errno 111] Connection refused")': /session/3b67fa3189a0c4c48daab3ad10180923/element/f.AAA6F89896CD921E6E9B0987154E168B.d.F55D9FE0CFDF24F67CE46CF9E14E91BC.e.103/elements
2025-12-09 21:04:05,818 - urllib3.connectionpool - WARNING - Retrying (Retry(total=0, connect=None, read=None, redirect=None, status=None)) after connection broken by 'NewConnectionError("HTTPConnection(host='localhost', port=32899): Failed to establish a new connection: [Errno 111] Connection refused")': /session/3b67fa3189a0c4c48daab3ad10180923/element/f.AAA6F89896CD921E6E9B0987154E168B.d.F55D9FE0CFDF24F67CE46CF9E14E91BC.e.103/elements
2025-12-09 21:04:05,820 - urllib3.connectionpool - WARNING - Retrying (Retry(total=2, connect=None, read=None, redirect=None, status=None)) after connection broken by 'NewConnectionError("HTTPConnection(host='localhost', port=32899): Failed to establish a new connection: [Errno 111] Connection refused")': /session/3b67fa3189a0c4c48daab3ad10180923/element/f.AAA6F89896CD921E6E9B0987154E168B.d.F55D9FE0CFDF24F67CE46CF9E14E91BC.e.100/element
2025-12-09 21:04:05,822 - urllib3.connectionpool - WARNING - Retrying (Retry(total=1, connect=None, read=None, redirect=None, status=None)) after connection broken by 'NewConnectionError("HTTPConnection(host='localhost', port=32899): Failed to establish a new connection: [Errno 111] Connection refused")': /session/3b67fa3189a0c4c48daab3ad10180923/element/f.AAA6F89896CD921E6E9B0987154E168B.d.F55D9FE0CFDF24F67CE46CF9E14E91BC.e.100/element
2025-12-09 21:04:05,824 - urllib3.connectionpool - WARNING - Retrying (Retry(total=0, connect=None, read=None, redirect=None, status=None)) after connection broken by 'NewConnectionError("HTTPConnection(host='localhost', port=32899): Failed to establish a new connection: [Errno 111] Connection refused")': /session/3b67fa3189a0c4c48daab3ad10180923/element/f.AAA6F89896CD921E6E9B0987154E168B.d.F55D9FE0CFDF24F67CE46CF9E14E91BC.e.100/element
2025-12-09 21:04:05,828 - urllib3.connectionpool - WARNING - Retrying (Retry(total=2, connect=None, read=None, redirect=None, status=None)) after connection broken by 'NewConnectionError("HTTPConnection(host='localhost', port=32899): Failed to establish a new connection: [Errno 111] Connection refused")': /session/3b67fa3189a0c4c48daab3ad10180923/element/f.AAA6F89896CD921E6E9B0987154E168B.d.F55D9FE0CFDF24F67CE46CF9E14E91BC.e.100/element
2025-12-09 21:04:05,830 - urllib3.connectionpool - WARNING - Retrying (Retry(total=1, connect=None, read=None, redirect=None, status=None)) after connection broken by 'NewConnectionError("HTTPConnection(host='localhost', port=32899): Failed to establish a new connection: [Errno 111] Connection refused")': /session/3b67fa3189a0c4c48daab3ad10180923/element/f.AAA6F89896CD921E6E9B0987154E168B.d.F55D9FE0CFDF24F67CE46CF9E14E91BC.e.100/element
2025-12-09 21:04:05,831 - urllib3.connectionpool - WARNING - Retrying (Retry(total=0, connect=None, read=None, redirect=None, status=None)) after connection broken by 'NewConnectionError("HTTPConnection(host='localhost', port=32899): Failed to establish a new connection: [Errno 111] Connection refused")': /session/3b67fa3189a0c4c48daab3ad10180923/element/f.AAA6F89896CD921E6E9B0987154E168B.d.F55D9FE0CFDF24F67CE46CF9E14E91BC.e.100/element
2025-12-09 21:04:05,838 - urllib3.connectionpool - WARNING - Retrying (Retry(total=2, connect=None, read=None, redirect=None, status=None)) after connection broken by 'NewConnectionError("HTTPConnection(host='localhost', port=32899): Failed to establish a new connection: [Errno 111] Connection refused")': /session/3b67fa3189a0c4c48daab3ad10180923/element/f.AAA6F89896CD921E6E9B0987154E168B.d.F55D9FE0CFDF24F67CE46CF9E14E91BC.e.100/elements
2025-12-09 21:04:05,840 - urllib3.connectionpool - WARNING - Retrying (Retry(total=1, connect=None, read=None, redirect=None, status=None)) after connection broken by 'NewConnectionError("HTTPConnection(host='localhost', port=32899): Failed to establish a new connection: [Errno 111] Connection refused")': /session/3b67fa3189a0c4c48daab3ad10180923/element/f.AAA6F89896CD921E6E9B0987154E168B.d.F55D9FE0CFDF24F67CE46CF9E14E91BC.e.100/elements
2025-12-09 21:04:05,842 - urllib3.connectionpool - WARNING - Retrying (Retry(total=0, connect=None, read=None, redirect=None, status=None)) after connection broken by 'NewConnectionError("HTTPConnection(host='localhost', port=32899): Failed to establish a new connection: [Errno 111] Connection refused")': /session/3b67fa3189a0c4c48daab3ad10180923/element/f.AAA6F89896CD921E6E9B0987154E168B.d.F55D9FE0CFDF24F67CE46CF9E14E91BC.e.100/elements
2025-12-09 21:04:05,844 - urllib3.connectionpool - WARNING - Retrying (Retry(total=2, connect=None, read=None, redirect=None, status=None)) after connection broken by 'NewConnectionError("HTTPConnection(host='localhost', port=32899): Failed to establish a new connection: [Errno 111] Connection refused")': /session/3b67fa3189a0c4c48daab3ad10180923/element/f.AAA6F89896CD921E6E9B0987154E168B.d.F55D9FE0CFDF24F67CE46CF9E14E91BC.e.545/element
2025-12-09 21:04:05,846 - urllib3.connectionpool - WARNING - Retrying (Retry(total=1, connect=None, read=None, redirect=None, status=None)) after connection broken by 'NewConnectionError("HTTPConnection(host='localhost', port=32899): Failed to establish a new connection: [Errno 111] Connection refused")': /session/3b67fa3189a0c4c48daab3ad10180923/element/f.AAA6F89896CD921E6E9B0987154E168B.d.F55D9FE0CFDF24F67CE46CF9E14E91BC.e.545/element
2025-12-09 21:04:05,847 - urllib3.connectionpool - WARNING - Retrying (Retry(total=0, connect=None, read=None, redirect=None, status=None)) after connection broken by 'NewConnectionError("HTTPConnection(host='localhost', port=32899): Failed to establish a new connection: [Errno 111] Connection refused")': /session/3b67fa3189a0c4c48daab3ad10180923/element/f.AAA6F89896CD921E6E9B0987154E168B.d.F55D9FE0CFDF24F67CE46CF9E14E91BC.e.545/element
2025-12-09 21:04:05,849 - urllib3.connectionpool - WARNING - Retrying (Retry(total=2, connect=None, read=None, redirect=None, status=None)) after connection broken by 'NewConnectionError("HTTPConnection(host='localhost', port=32899): Failed to establish a new connection: [Errno 111] Connection refused")': /session/3b67fa3189a0c4c48daab3ad10180923/element/f.AAA6F89896CD921E6E9B0987154E168B.d.F55D9FE0CFDF24F67CE46CF9E14E91BC.e.545/element
2025-12-09 21:04:05,851 - urllib3.connectionpool - WARNING - Retrying (Retry(total=1, connect=None, read=None, redirect=None, status=None)) after connection broken by 'NewConnectionError("HTTPConnection(host='localhost', port=32899): Failed to establish a new connection: [Errno 111] Connection refused")': /session/3b67fa3189a0c4c48daab3ad10180923/element/f.AAA6F89896CD921E6E9B0987154E168B.d.F55D9FE0CFDF24F67CE46CF9E14E91BC.e.545/element
2025-12-09 21:04:05,852 - urllib3.connectionpool - WARNING - Retrying (Retry(total=0, connect=None, read=None, redirect=None, status=None)) after connection broken by 'NewConnectionError("HTTPConnection(host='localhost', port=32899): Failed to establish a new connection: [Errno 111] Connection refused")': /session/3b67fa3189a0c4c48daab3ad10180923/element/f.AAA6F89896CD921E6E9B0987154E168B.d.F55D9FE0CFDF24F67CE46CF9E14E91BC.e.545/element
2025-12-09 21:04:05,855 - urllib3.connectionpool - WARNING - Retrying (Retry(total=2, connect=None, read=None, redirect=None, status=None)) after connection broken by 'NewConnectionError("HTTPConnection(host='localhost', port=32899): Failed to establish a new connection: [Errno 111] Connection refused")': /session/3b67fa3189a0c4c48daab3ad10180923/element/f.AAA6F89896CD921E6E9B0987154E168B.d.F55D9FE0CFDF24F67CE46CF9E14E91BC.e.545/elements
2025-12-09 21:04:05,857 - urllib3.connectionpool - WARNING - Retrying (Retry(total=1, connect=None, read=None, redirect=None, status=None)) after connection broken by 'NewConnectionError("HTTPConnection(host='localhost', port=32899): Failed to establish a new connection: [Errno 111] Connection refused")': /session/3b67fa3189a0c4c48daab3ad10180923/element/f.AAA6F89896CD921E6E9B0987154E168B.d.F55D9FE0CFDF24F67CE46CF9E14E91BC.e.545/elements
2025-12-09 21:04:05,859 - urllib3.connectionpool - WARNING - Retrying (Retry(total=0, connect=None, read=None, redirect=None, status=None)) after connection broken by 'NewConnectionError("HTTPConnection(host='localhost', port=32899): Failed to establish a new connection: [Errno 111] Connection refused")': /session/3b67fa3189a0c4c48daab3ad10180923/element/f.AAA6F89896CD921E6E9B0987154E168B.d.F55D9FE0CFDF24F67CE46CF9E14E91BC.e.545/elements
2025-12-09 21:04:05,860 - urllib3.connectionpool - WARNING - Retrying (Retry(total=2, connect=None, read=None, redirect=None, status=None)) after connection broken by 'NewConnectionError("HTTPConnection(host='localhost', port=32899): Failed to establish a new connection: [Errno 111] Connection refused")': /session/3b67fa3189a0c4c48daab3ad10180923/element/f.AAA6F89896CD921E6E9B0987154E168B.d.F55D9FE0CFDF24F67CE46CF9E14E91BC.e.110/element
2025-12-09 21:04:05,862 - urllib3.connectionpool - WARNING - Retrying (Retry(total=1, connect=None, read=None, redirect=None, status=None)) after connection broken by 'NewConnectionError("HTTPConnection(host='localhost', port=32899): Failed to establish a new connection: [Errno 111] Connection refused")': /session/3b67fa3189a0c4c48daab3ad10180923/element/f.AAA6F89896CD921E6E9B0987154E168B.d.F55D9FE0CFDF24F67CE46CF9E14E91BC.e.110/element
2025-12-09 21:04:05,865 - urllib3.connectionpool - WARNING - Retrying (Retry(total=0, connect=None, read=None, redirect=None, status=None)) after connection broken by 'NewConnectionError("HTTPConnection(host='localhost', port=32899): Failed to establish a new connection: [Errno 111] Connection refused")': /session/3b67fa3189a0c4c48daab3ad10180923/element/f.AAA6F89896CD921E6E9B0987154E168B.d.F55D9FE0CFDF24F67CE46CF9E14E91BC.e.110/element
2025-12-09 21:04:05,867 - urllib3.connectionpool - WARNING - Retrying (Retry(total=2, connect=None, read=None, redirect=None, status=None)) after connection broken by 'NewConnectionError("HTTPConnection(host='localhost', port=32899): Failed to establish a new connection: [Errno 111] Connection refused")': /session/3b67fa3189a0c4c48daab3ad10180923/element/f.AAA6F89896CD921E6E9B0987154E168B.d.F55D9FE0CFDF24F67CE46CF9E14E91BC.e.110/element
2025-12-09 21:04:05,868 - urllib3.connectionpool - WARNING - Retrying (Retry(total=1, connect=None, read=None, redirect=None, status=None)) after connection broken by 'NewConnectionError("HTTPConnection(host='localhost', port=32899): Failed to establish a new connection: [Errno 111] Connection refused")': /session/3b67fa3189a0c4c48daab3ad10180923/element/f.AAA6F89896CD921E6E9B0987154E168B.d.F55D9FE0CFDF24F67CE46CF9E14E91BC.e.110/element
2025-12-09 21:04:05,870 - urllib3.connectionpool - WARNING - Retrying (Retry(total=0, connect=None, read=None, redirect=None, status=None)) after connection broken by 'NewConnectionError("HTTPConnection(host='localhost', port=32899): Failed to establish a new connection: [Errno 111] Connection refused")': /session/3b67fa3189a0c4c48daab3ad10180923/element/f.AAA6F89896CD921E6E9B0987154E168B.d.F55D9FE0CFDF24F67CE46CF9E14E91BC.e.110/element
2025-12-09 21:04:05,872 - urllib3.connectionpool - WARNING - Retrying (Retry(total=2, connect=None, read=None, redirect=None, status=None)) after connection broken by 'NewConnectionError("HTTPConnection(host='localhost', port=32899): Failed to establish a new connection: [Errno 111] Connection refused")': /session/3b67fa3189a0c4c48daab3ad10180923/element/f.AAA6F89896CD921E6E9B0987154E168B.d.F55D9FE0CFDF24F67CE46CF9E14E91BC.e.110/elements
2025-12-09 21:04:05,874 - urllib3.connectionpool - WARNING - Retrying (Retry(total=1, connect=None, read=None, redirect=None, status=None)) after connection broken by 'NewConnectionError("HTTPConnection(host='localhost', port=32899): Failed to establish a new connection: [Errno 111] Connection refused")': /session/3b67fa3189a0c4c48daab3ad10180923/element/f.AAA6F89896CD921E6E9B0987154E168B.d.F55D9FE0CFDF24F67CE46CF9E14E91BC.e.110/elements
2025-12-09 21:04:05,875 - urllib3.connectionpool - WARNING - Retrying (Retry(total=0, connect=None, read=None, redirect=None, status=None)) after connection broken by 'NewConnectionError("HTTPConnection(host='localhost', port=32899): Failed to establish a new connection: [Errno 111] Connection refused")': /session/3b67fa3189a0c4c48daab3ad10180923/element/f.AAA6F89896CD921E6E9B0987154E168B.d.F55D9FE0CFDF24F67CE46CF9E14E91BC.e.110/elements
2025-12-09 21:04:05,877 - urllib3.connectionpool - WARNING - Retrying (Retry(total=2, connect=None, read=None, redirect=None, status=None)) after connection broken by 'NewConnectionError("HTTPConnection(host='localhost', port=32899): Failed to establish a new connection: [Errno 111] Connection refused")': /session/3b67fa3189a0c4c48daab3ad10180923/element/f.AAA6F89896CD921E6E9B0987154E168B.d.F55D9FE0CFDF24F67CE46CF9E14E91BC.e.99/element
2025-12-09 21:04:05,879 - urllib3.connectionpool - WARNING - Retrying (Retry(total=1, connect=None, read=None, redirect=None, status=None)) after connection broken by 'NewConnectionError("HTTPConnection(host='localhost', port=32899): Failed to establish a new connection: [Errno 111] Connection refused")': /session/3b67fa3189a0c4c48daab3ad10180923/element/f.AAA6F89896CD921E6E9B0987154E168B.d.F55D9FE0CFDF24F67CE46CF9E14E91BC.e.99/element
