2025-11-28 17:33:01,285 - root - INFO - ================================================================================
2025-11-28 17:33:01,286 - root - INFO - 📝 Logging initialized for links scraping
2025-11-28 17:33:01,287 - root - INFO -    Log file: /app/logs/aiscore_scraper_links_20251004.log
2025-11-28 17:33:01,288 - root - INFO -    Console level: INFO and above
2025-11-28 17:33:01,289 - root - INFO -    File level: INFO and above (matches console)
2025-11-28 17:33:01,290 - root - INFO -    File handler: ✓ Active
2025-11-28 17:33:01,291 - root - INFO - ================================================================================
Log file test write at 2025-11-28T17:33:01.292190
2025-11-28 17:33:01,312 - root - INFO - Loading page: https://www.aiscore.com/20251004
2025-11-28 17:33:01,316 - root - WARNING - Browser unresponsive, restarting...
2025-11-28 17:33:01,317 - src.scrapers.aiscore.browser - INFO - Restarting browser...
2025-11-28 17:33:03,319 - src.scrapers.aiscore.browser - INFO - Using Chrome binary: /usr/bin/chromium
2025-11-28 17:33:03,383 - src.scrapers.aiscore.browser - INFO - Detected Chrome version: 142.0.7444.175 (major: 142)
2025-11-28 17:33:03,384 - WDM - INFO - ====== WebDriver manager ======
2025-11-28 17:33:05,047 - WDM - INFO - WebDriver version 142.0.7444.175 selected
2025-11-28 17:33:05,053 - WDM - INFO - Modern chrome version https://storage.googleapis.com/chrome-for-testing-public/142.0.7444.175/linux64/chromedriver-linux64.zip
2025-11-28 17:33:05,054 - WDM - INFO - About to download new driver from https://storage.googleapis.com/chrome-for-testing-public/142.0.7444.175/linux64/chromedriver-linux64.zip
2025-11-28 17:33:06,020 - WDM - INFO - Driver downloading response is 200
2025-11-28 17:33:22,360 - WDM - INFO - Driver has been saved in cache [/app/.wdm/drivers/chromedriver/linux64/142.0.7444.175]
2025-11-28 17:33:22,607 - src.scrapers.aiscore.browser - INFO - Browser created successfully
2025-11-28 17:33:22,609 - src.scrapers.aiscore.browser - INFO - Browser restarted successfully
2025-11-28 17:33:33,964 - root - INFO - Cloudflare challenge detected. Waiting for it to complete...
2025-11-28 17:33:43,975 - root - INFO - Still waiting for Cloudflare... (10s / 30s)
2025-11-28 17:34:17,069 - root - WARNING - Cloudflare challenge did not complete within 30 seconds
2025-11-28 17:34:17,099 - root - WARNING - Cloudflare challenge may not have completed. Continuing anyway...
2025-11-28 17:34:48,219 - root - WARNING - Timeout waiting for page to load
2025-11-28 17:34:58,815 - src.scrapers.aiscore.bronze_storage - INFO - Bronze storage initialized: data/aiscore
2025-11-28 17:34:58,821 - root - INFO - ================================================================================
2025-11-28 17:34:58,822 - root - INFO - Starting match links scraping...
2025-11-28 17:34:58,822 - root - INFO - ================================================================================
2025-11-28 17:34:58,823 - root - INFO - 🔍 Filtering: LEAGUE-BASED (✓ 118 leagues configured)
2025-11-28 17:34:58,824 - root - INFO -    Sample leagues: Premier League, English Football League Championship, FA Cup, English Football League Cup, English Football League Trophy... (+113 more)
2025-11-28 17:34:58,825 - root - INFO - Starting scroll to load all matches...
2025-11-28 17:34:58,837 - root - INFO - Scroll 1 in progress...
2025-11-28 17:35:18,962 - root - INFO - Scroll 2 in progress...
2025-11-28 17:35:38,993 - root - INFO - Scroll 3 in progress...
2025-11-28 17:35:59,083 - root - INFO - Scroll 4 in progress...
2025-11-28 17:36:19,155 - root - INFO - Scroll 5 in progress...
2025-11-28 17:36:39,208 - root - INFO - Scroll 6 in progress...
2025-11-28 17:36:59,275 - root - INFO - Scroll 7 in progress...
2025-11-28 17:37:19,344 - root - INFO - Scroll 8 in progress...
2025-11-28 17:37:39,455 - root - INFO - Scroll 9 in progress...
2025-11-28 17:37:59,521 - root - INFO - Scroll 10 in progress...
2025-11-28 17:39:39,948 - root - INFO - Scroll 15 in progress...
2025-11-28 17:41:20,301 - root - INFO - Scroll 20 in progress...
2025-11-28 17:41:40,421 - root - WARNING - Only 0 matches found but stopping conditions met. Continuing for a bit longer (scroll 20/50)...
2025-11-28 17:42:00,497 - root - WARNING - Only 0 matches found but stopping conditions met. Continuing for a bit longer (scroll 21/50)...
2025-11-28 17:42:20,551 - root - WARNING - Only 0 matches found but stopping conditions met. Continuing for a bit longer (scroll 22/50)...
2025-11-28 17:42:40,626 - root - WARNING - Only 0 matches found but stopping conditions met. Continuing for a bit longer (scroll 23/50)...
2025-11-28 17:43:00,739 - root - WARNING - Only 0 matches found but stopping conditions met. Continuing for a bit longer (scroll 24/50)...
2025-11-28 17:43:00,749 - root - INFO - Scroll 25 in progress...
2025-11-28 17:43:20,793 - root - WARNING - Only 0 matches found but stopping conditions met. Continuing for a bit longer (scroll 25/50)...
2025-11-28 17:43:40,855 - root - WARNING - Only 0 matches found but stopping conditions met. Continuing for a bit longer (scroll 26/50)...
2025-11-28 17:44:00,952 - root - WARNING - Only 0 matches found but stopping conditions met. Continuing for a bit longer (scroll 27/50)...
2025-11-28 17:44:21,019 - root - WARNING - Only 0 matches found but stopping conditions met. Continuing for a bit longer (scroll 28/50)...
2025-11-28 17:44:41,067 - root - WARNING - Only 0 matches found but stopping conditions met. Continuing for a bit longer (scroll 29/50)...
2025-11-28 17:44:41,078 - root - INFO - Scroll 30 in progress...
2025-11-28 17:45:01,132 - root - WARNING - Only 0 matches found but stopping conditions met. Continuing for a bit longer (scroll 30/50)...
2025-11-28 17:45:21,245 - root - WARNING - Only 0 matches found but stopping conditions met. Continuing for a bit longer (scroll 31/50)...
2025-11-28 17:45:41,326 - root - WARNING - Only 0 matches found but stopping conditions met. Continuing for a bit longer (scroll 32/50)...
2025-11-28 17:46:01,394 - root - WARNING - Only 0 matches found but stopping conditions met. Continuing for a bit longer (scroll 33/50)...
2025-11-28 17:46:21,468 - root - WARNING - Only 0 matches found but stopping conditions met. Continuing for a bit longer (scroll 34/50)...
2025-11-28 17:46:21,478 - root - INFO - Scroll 35 in progress...
2025-11-28 17:46:41,553 - root - WARNING - Only 0 matches found but stopping conditions met. Continuing for a bit longer (scroll 35/50)...
2025-11-28 17:47:01,592 - root - WARNING - Only 0 matches found but stopping conditions met. Continuing for a bit longer (scroll 36/50)...
2025-11-28 17:47:21,686 - root - WARNING - Only 0 matches found but stopping conditions met. Continuing for a bit longer (scroll 37/50)...
2025-11-28 17:47:41,746 - root - WARNING - Only 0 matches found but stopping conditions met. Continuing for a bit longer (scroll 38/50)...
2025-11-28 17:48:01,814 - root - WARNING - Only 0 matches found but stopping conditions met. Continuing for a bit longer (scroll 39/50)...
2025-11-28 17:48:01,823 - root - INFO - Scroll 40 in progress...
2025-11-28 17:48:21,903 - root - WARNING - Only 0 matches found but stopping conditions met. Continuing for a bit longer (scroll 40/50)...
2025-11-28 17:48:41,968 - root - WARNING - Only 0 matches found but stopping conditions met. Continuing for a bit longer (scroll 41/50)...
2025-11-28 17:49:02,011 - root - WARNING - Only 0 matches found but stopping conditions met. Continuing for a bit longer (scroll 42/50)...
2025-11-28 17:49:22,139 - root - WARNING - Only 0 matches found but stopping conditions met. Continuing for a bit longer (scroll 43/50)...
2025-11-28 17:49:42,200 - root - WARNING - Only 0 matches found but stopping conditions met. Continuing for a bit longer (scroll 44/50)...
2025-11-28 17:49:42,209 - root - INFO - Scroll 45 in progress...
2025-11-28 17:50:02,263 - root - WARNING - Only 0 matches found but stopping conditions met. Continuing for a bit longer (scroll 45/50)...
2025-11-28 17:50:22,352 - root - WARNING - Only 0 matches found but stopping conditions met. Continuing for a bit longer (scroll 46/50)...
2025-11-28 17:50:42,415 - root - WARNING - Only 0 matches found but stopping conditions met. Continuing for a bit longer (scroll 47/50)...
2025-11-28 17:51:02,481 - root - WARNING - Only 0 matches found but stopping conditions met. Continuing for a bit longer (scroll 48/50)...
2025-11-28 17:51:22,542 - root - WARNING - Only 0 matches found but stopping conditions met. Continuing for a bit longer (scroll 49/50)...
2025-11-28 17:51:22,558 - root - INFO - Scroll 50 in progress...
2025-11-28 17:51:42,620 - root - INFO - ================================================================================
2025-11-28 17:51:42,623 - root - INFO - ✅ Scraping complete!
2025-11-28 17:51:42,624 - root - INFO - ================================================================================
2025-11-28 17:51:42,625 - root - INFO - 📊 Total matches found: 0
2025-11-28 17:51:42,626 - root - INFO - 🔄 Total scrolls: 50
2025-11-28 17:51:42,628 - root - INFO - ⏱️  Total time: 1003.8s (16.7 min)
2025-11-28 17:51:42,630 - root - INFO - ⚡ Average rate: 0.0 matches/min
2025-11-28 17:51:42,633 - root - INFO - 
2025-11-28 17:51:42,635 - root - INFO - Stop conditions: reached_bottom=True, page_not_growing=True, too_many_empty_scrolls=True
2025-11-28 17:51:42,638 - root - INFO - 
2025-11-28 17:51:42,639 - root - INFO - 🔍 Filtering Summary (LEAGUE-BASED):
2025-11-28 17:51:42,641 - root - INFO -    Configured leagues: 118
2025-11-28 17:51:42,642 - root - INFO -    Leagues found: 0
2025-11-28 17:51:42,643 - root - INFO -    Matches captured: 0
2025-11-28 17:51:42,644 - root - INFO -    ⚠️  117 configured leagues had no matches today
2025-11-28 17:51:42,645 - root - INFO - 
2025-11-28 17:51:42,645 - root - WARNING - ================================================================================
2025-11-28 17:51:42,647 - root - WARNING - ⚠️  WARNING: Only 0 matches found! This seems low.
2025-11-28 17:51:42,647 - root - WARNING - ================================================================================
2025-11-28 17:51:42,648 - root - WARNING - Possible issues:
2025-11-28 17:51:42,650 - root - WARNING -   1. Page is not loading all matches
2025-11-28 17:51:42,651 - root - WARNING -   2. Filtering is too restrictive (check allowed leagues/countries)
2025-11-28 17:51:42,651 - root - WARNING -   3. Match extraction is failing
2025-11-28 17:51:42,653 - root - WARNING -   4. Scrolling stopped too early
2025-11-28 17:51:42,654 - root - WARNING -   5. Not many matches scheduled for this date
2025-11-28 17:51:42,655 - root - WARNING - 
2025-11-28 17:51:42,656 - root - INFO - ================================================================================
2025-11-28 17:51:42,657 - root - INFO - 📁 File Verification
2025-11-28 17:51:42,658 - root - INFO - ================================================================================
2025-11-28 17:51:42,662 - root - ERROR - ❌ ERROR: File data/aiscore/daily_listings/20251004/matches.json was not created!
2025-11-28 17:51:42,664 - root - INFO - ================================================================================
2025-11-28 17:51:42,742 - src.scrapers.aiscore.browser - INFO - Browser closed
2025-12-03 07:33:42,763 - root - INFO - ================================================================================
2025-12-03 07:33:42,763 - root - INFO - 📝 Logging initialized
2025-12-03 07:33:42,764 - root - INFO -    Log file: /app/logs/aiscore_scraper_links_20251004.log
2025-12-03 07:33:42,765 - root - INFO -    Console level: INFO and above
2025-12-03 07:33:42,766 - root - INFO -    File level: INFO and above
2025-12-03 07:33:42,766 - root - INFO -    File handler: ✓ Active
2025-12-03 07:33:42,768 - root - INFO - ================================================================================
2025-12-03 07:33:42,768 - root - INFO - Loading page: https://www.aiscore.com/20251004
2025-12-03 07:33:42,770 - root - WARNING - Browser unresponsive, restarting...
2025-12-03 07:33:42,770 - src.scrapers.aiscore.browser - INFO - Restarting browser...
2025-12-03 07:33:44,772 - src.scrapers.aiscore.browser - INFO - Using Chrome binary: /usr/bin/chromium
2025-12-03 07:33:44,819 - src.scrapers.aiscore.browser - INFO - Detected Chrome version: 142.0.7444.175 (major: 142)
2025-12-03 07:33:44,820 - WDM - INFO - ====== WebDriver manager ======
2025-12-03 07:33:47,014 - WDM - INFO - WebDriver version 142.0.7444.175 selected
2025-12-03 07:33:47,019 - WDM - INFO - Modern chrome version https://storage.googleapis.com/chrome-for-testing-public/142.0.7444.175/linux64/chromedriver-linux64.zip
2025-12-03 07:33:47,020 - WDM - INFO - About to download new driver from https://storage.googleapis.com/chrome-for-testing-public/142.0.7444.175/linux64/chromedriver-linux64.zip
2025-12-03 07:33:48,536 - WDM - INFO - Driver downloading response is 200
2025-12-03 07:34:00,569 - WDM - INFO - Driver has been saved in cache [/app/.wdm/drivers/chromedriver/linux64/142.0.7444.175]
2025-12-03 07:34:00,796 - src.scrapers.aiscore.browser - INFO - Browser created successfully
2025-12-03 07:34:00,797 - src.scrapers.aiscore.browser - INFO - Browser restarted successfully
2025-12-03 07:34:18,198 - root - INFO - Cloudflare challenge detected. Waiting for it to complete...
2025-12-03 07:34:28,253 - root - INFO - Still waiting for Cloudflare... (10s / 30s)
2025-12-03 07:35:01,426 - root - WARNING - Cloudflare challenge did not complete within 30 seconds
2025-12-03 07:35:01,428 - root - WARNING - Cloudflare challenge may not have completed. Continuing anyway...
2025-12-03 07:35:32,553 - root - WARNING - Timeout waiting for page to load
2025-12-03 07:35:33,794 - src.scrapers.aiscore.bronze_storage - INFO - Bronze storage initialized: data/aiscore
2025-12-03 07:35:33,803 - root - INFO - ================================================================================
2025-12-03 07:35:33,804 - root - INFO - Starting match links scraping...
2025-12-03 07:35:33,805 - root - INFO - ================================================================================
2025-12-03 07:35:33,806 - root - INFO - 🔍 Filtering: LEAGUE-BASED (✓ 118 leagues configured)
2025-12-03 07:35:33,807 - root - INFO -    Sample leagues: Premier League, English Football League Championship, FA Cup, English Football League Cup, English Football League Trophy... (+113 more)
2025-12-03 07:35:33,807 - root - INFO - Starting scroll to load all matches...
2025-12-03 07:35:33,877 - root - INFO - Scroll 1 in progress...
2025-12-03 07:35:34,319 - root - INFO - Included 6 countries with 25 matches: {'Argentina': 6, 'Brazil': 3, 'England': 4, 'France': 3, 'Germany': 5, 'Italy': 4}
2025-12-03 07:35:34,320 - root - INFO - 📊 Scroll 1: 7 leagues, 25 matches in this scroll
2025-12-03 07:35:34,321 - root - INFO - ⚡ Progress: 25 unique matches | Scroll 1 | 2893.8 matches/min
2025-12-03 07:35:34,322 - root - INFO -    🏆 Top leagues: Argentine Division 1 (6), Bundesliga (5), Premier League (4)
2025-12-03 07:35:34,323 - root - INFO -    🌍 Top countries: Argentina (6), Germany (5), England (4)
2025-12-03 07:35:34,361 - root - INFO - Scroll 2 in progress...
2025-12-03 07:35:34,875 - root - INFO - Included 8 countries with 30 matches: {'International': 4, 'Argentina': 3, 'Brazil': 3, 'England': 4, 'France': 3, 'Germany': 5, 'Italy': 4, 'Netherlands': 4}
2025-12-03 07:35:34,876 - root - INFO - 📊 Scroll 2: 9 leagues, 30 matches in this scroll
2025-12-03 07:35:34,911 - root - INFO - Scroll 3 in progress...
2025-12-03 07:35:35,439 - root - INFO - Included 7 countries with 28 matches: {'Spain': 4, 'Portugal': 4, 'France': 3, 'Germany': 5, 'Italy': 4, 'International': 4, 'Netherlands': 4}
2025-12-03 07:35:35,440 - root - INFO - 📊 Scroll 3: 8 leagues, 28 matches in this scroll
2025-12-03 07:35:35,489 - root - INFO - Scroll 4 in progress...
2025-12-03 07:36:06,424 - root - INFO - Included 7 countries with 28 matches: {'Germany': 5, 'Italy': 4, 'International': 4, 'Netherlands': 4, 'Portugal': 4, 'Spain': 4, 'Austria': 3}
2025-12-03 07:36:06,426 - root - INFO - 📊 Scroll 4: 8 leagues, 28 matches in this scroll
2025-12-03 07:36:06,550 - root - INFO - Scroll 5 in progress...
2025-12-03 07:36:40,320 - root - INFO - Included 7 countries with 28 matches: {'International': 2, 'Netherlands': 4, 'Portugal': 4, 'Spain': 4, 'Austria': 3, 'Africa': 3, 'Argentina': 8}
2025-12-03 07:36:40,321 - root - INFO - 📊 Scroll 5: 8 leagues, 28 matches in this scroll
2025-12-03 07:36:40,383 - root - INFO - Scroll 6 in progress...
2025-12-03 07:37:11,391 - root - INFO - Included 4 countries with 18 matches: {'Spain': 4, 'Austria': 3, 'Africa': 3, 'Argentina': 8}
2025-12-03 07:37:11,393 - root - INFO - 📊 Scroll 6: 5 leagues, 18 matches in this scroll
2025-12-03 07:37:11,439 - root - INFO - Scroll 7 in progress...
2025-12-03 07:37:22,231 - root - INFO - Included 4 countries with 16 matches: {'Azerbaijan': 2, 'Austria': 3, 'Africa': 3, 'Argentina': 8}
2025-12-03 07:37:22,232 - root - INFO - 📊 Scroll 7: 5 leagues, 16 matches in this scroll
2025-12-03 07:37:22,269 - root - INFO - Scroll 8 in progress...
2025-12-03 07:37:25,925 - root - INFO - Included 4 countries with 14 matches: {'Africa': 2, 'Argentina': 8, 'Azerbaijan': 2, 'Armenia': 2}
2025-12-03 07:37:25,928 - root - INFO - 📊 Scroll 8: 4 leagues, 14 matches in this scroll
2025-12-03 07:37:25,977 - root - INFO - Scroll 9 in progress...
2025-12-03 07:37:29,579 - root - INFO - Included 2 countries with 4 matches: {'Azerbaijan': 2, 'Armenia': 2}
2025-12-03 07:37:29,580 - root - INFO - 📊 Scroll 9: 2 leagues, 4 matches in this scroll
2025-12-03 07:37:29,608 - root - INFO - Scroll 10 in progress...
2025-12-03 07:37:33,244 - root - INFO - Included 2 countries with 4 matches: {'Azerbaijan': 2, 'Armenia': 2}
2025-12-03 07:37:33,245 - root - INFO - 📊 Scroll 10: 2 leagues, 4 matches in this scroll
2025-12-03 07:37:33,323 - root - INFO - Incremental save: Added 59 new matches. Total: 59 to /app/data/aiscore/daily_listings/20251004/matches.json
2025-12-03 07:37:33,329 - root - INFO - 💾 Saved batch: 59 matches to file (scroll 10) | File size: 0.03 MB
2025-12-03 07:37:33,948 - root - INFO - Included 1 countries with 2 matches: {'Armenia': 2}
2025-12-03 07:37:33,949 - root - INFO - 📊 Scroll 11: 1 leagues, 2 matches in this scroll
2025-12-03 07:37:35,229 - root - INFO - Included 1 countries with 9 matches: {'Argentina': 9}
2025-12-03 07:37:35,245 - root - INFO - 📊 Scroll 13: 1 leagues, 9 matches in this scroll
2025-12-03 07:37:35,251 - root - INFO - ⚡ Progress: 68 unique matches | Scroll 13 | 33.6 matches/min
2025-12-03 07:37:35,255 - root - INFO -    🏆 Top leagues: ARG Primera Nacional (32), Premier League (24), Bundesliga (20)
2025-12-03 07:37:35,257 - root - INFO -    🌍 Top countries: Argentina (50), Germany (20), Italy (16)
2025-12-03 07:37:35,883 - root - INFO - Included 1 countries with 9 matches: {'Argentina': 9}
2025-12-03 07:37:35,884 - root - INFO - 📊 Scroll 14: 1 leagues, 9 matches in this scroll
2025-12-03 07:37:35,916 - root - INFO - Scroll 15 in progress...
2025-12-03 07:37:39,657 - root - INFO - Included 2 countries with 12 matches: {'Argentina': 9, 'Belgium': 3}
2025-12-03 07:37:39,658 - root - INFO - 📊 Scroll 15: 2 leagues, 12 matches in this scroll
2025-12-03 07:37:43,390 - root - INFO - Included 3 countries with 17 matches: {'Argentina': 9, 'Belgium': 3, 'Brazil': 5}
2025-12-03 07:37:43,392 - root - INFO - 📊 Scroll 16: 3 leagues, 17 matches in this scroll
2025-12-03 07:37:47,168 - root - INFO - Included 2 countries with 8 matches: {'Belgium': 3, 'Brazil': 5}
2025-12-03 07:37:47,169 - root - INFO - 📊 Scroll 17: 2 leagues, 8 matches in this scroll
2025-12-03 07:37:47,827 - root - INFO - Included 2 countries with 12 matches: {'Belgium': 7, 'Brazil': 5}
2025-12-03 07:37:47,828 - root - INFO - 📊 Scroll 18: 3 leagues, 12 matches in this scroll
2025-12-03 07:37:51,360 - root - INFO - Included 2 countries with 9 matches: {'Brazil': 5, 'Belgium': 4}
2025-12-03 07:37:51,361 - root - INFO - 📊 Scroll 19: 2 leagues, 9 matches in this scroll
2025-12-03 07:37:51,391 - root - INFO - Scroll 20 in progress...
2025-12-03 07:37:55,116 - root - INFO - Included 2 countries with 6 matches: {'Belgium': 4, 'Bahrain': 2}
2025-12-03 07:37:55,144 - root - INFO - 📊 Scroll 20: 2 leagues, 6 matches in this scroll
2025-12-03 07:37:55,246 - root - INFO - Incremental save: Added 23 new matches. Total: 82 to /app/data/aiscore/daily_listings/20251004/matches.json
2025-12-03 07:37:55,252 - root - INFO - 💾 Saved batch: 23 matches to file (scroll 20) | File size: 0.04 MB
2025-12-03 07:37:55,901 - root - INFO - Included 2 countries with 4 matches: {'Belgium': 2, 'Bahrain': 2}
2025-12-03 07:37:55,902 - root - INFO - 📊 Scroll 21: 2 leagues, 4 matches in this scroll
2025-12-03 07:37:56,535 - root - INFO - Included 2 countries with 10 matches: {'Belgium': 8, 'Bahrain': 2}
2025-12-03 07:37:56,536 - root - INFO - 📊 Scroll 22: 3 leagues, 10 matches in this scroll
2025-12-03 07:38:00,266 - root - INFO - Included 3 countries with 11 matches: {'Bahrain': 2, 'Belgium': 8, 'Burundi': 1}
2025-12-03 07:38:00,270 - root - INFO - 📊 Scroll 23: 4 leagues, 11 matches in this scroll
2025-12-03 07:38:00,272 - root - INFO - ⚡ Progress: 91 unique matches | Scroll 23 | 37.3 matches/min
2025-12-03 07:38:00,273 - root - INFO -    🏆 Top leagues: Argentine Youth League (36), Premier League (33), ARG Primera Nacional (32)
2025-12-03 07:38:00,275 - root - INFO -    🌍 Top countries: Argentina (77), Belgium (42), Brazil (26)
2025-12-03 07:38:03,947 - root - INFO - Included 3 countries with 9 matches: {'Belgium': 6, 'Burundi': 1, 'Bermuda': 2}
2025-12-03 07:38:03,949 - root - INFO - 📊 Scroll 24: 3 leagues, 9 matches in this scroll
2025-12-03 07:38:03,979 - root - INFO - Scroll 25 in progress...
2025-12-03 07:38:04,541 - root - INFO - Included 3 countries with 9 matches: {'Belgium': 6, 'Burundi': 1, 'Bermuda': 2}
2025-12-03 07:38:04,542 - root - INFO - 📊 Scroll 25: 3 leagues, 9 matches in this scroll
2025-12-03 07:38:08,015 - root - INFO - Included 1 countries with 2 matches: {'Bermuda': 2}
2025-12-03 07:38:08,016 - root - INFO - 📊 Scroll 26: 1 leagues, 2 matches in this scroll
2025-12-03 07:38:08,649 - root - INFO - Included 1 countries with 3 matches: {'Brazil': 3}
2025-12-03 07:38:08,650 - root - INFO - 📊 Scroll 27: 1 leagues, 3 matches in this scroll
2025-12-03 07:38:12,100 - root - INFO - Included 1 countries with 3 matches: {'Brazil': 3}
2025-12-03 07:38:12,102 - root - INFO - 📊 Scroll 28: 1 leagues, 3 matches in this scroll
2025-12-03 07:38:15,589 - root - INFO - Included 1 countries with 5 matches: {'Brazil': 5}
2025-12-03 07:38:15,590 - root - INFO - 📊 Scroll 29: 3 leagues, 5 matches in this scroll
2025-12-03 07:38:15,619 - root - INFO - Scroll 30 in progress...
2025-12-03 07:38:16,283 - root - INFO - Included 1 countries with 5 matches: {'Brazil': 5}
2025-12-03 07:38:16,285 - root - INFO - 📊 Scroll 30: 3 leagues, 5 matches in this scroll
2025-12-03 07:38:16,348 - root - INFO - Incremental save: Added 16 new matches. Total: 98 to /app/data/aiscore/daily_listings/20251004/matches.json
2025-12-03 07:38:16,352 - root - INFO - 💾 Saved batch: 16 matches to file (scroll 30) | File size: 0.05 MB
2025-12-03 07:38:20,013 - root - INFO - Included 1 countries with 2 matches: {'Brazil': 2}
2025-12-03 07:38:20,014 - root - INFO - 📊 Scroll 31: 2 leagues, 2 matches in this scroll
2025-12-03 07:38:28,194 - root - INFO - Included 1 countries with 2 matches: {'Canada': 2}
2025-12-03 07:38:28,197 - root - INFO - 📊 Scroll 34: 1 leagues, 2 matches in this scroll
2025-12-03 07:38:28,198 - root - INFO - ⚡ Progress: 100 unique matches | Scroll 34 | 34.4 matches/min
2025-12-03 07:38:28,199 - root - INFO -    🏆 Top leagues: Premier League (41), Argentine Youth League (36), ARG Primera Nacional (32)
2025-12-03 07:38:28,201 - root - INFO -    🌍 Top countries: Argentina (77), Belgium (54), Brazil (44)
2025-12-03 07:38:28,231 - root - INFO - Scroll 35 in progress...
2025-12-03 07:38:28,922 - root - INFO - Included 1 countries with 2 matches: {'Canada': 2}
2025-12-03 07:38:28,923 - root - INFO - 📊 Scroll 35: 1 leagues, 2 matches in this scroll
2025-12-03 07:38:29,724 - root - INFO - Included 1 countries with 2 matches: {'Canada': 2}
2025-12-03 07:38:29,727 - root - INFO - 📊 Scroll 36: 1 leagues, 2 matches in this scroll
2025-12-03 07:38:33,014 - root - INFO - Scroll 40 in progress...
2025-12-03 07:38:34,124 - root - INFO - Incremental save: Added 2 new matches. Total: 100 to /app/data/aiscore/daily_listings/20251004/matches.json
2025-12-03 07:38:34,140 - root - INFO - 💾 Saved batch: 2 matches to file (scroll 40) | File size: 0.05 MB
2025-12-03 07:38:38,167 - root - INFO - Included 1 countries with 3 matches: {'Congo': 3}
2025-12-03 07:38:38,169 - root - INFO - 📊 Scroll 41: 1 leagues, 3 matches in this scroll
2025-12-03 07:38:42,146 - root - INFO - Included 1 countries with 3 matches: {'Congo': 3}
2025-12-03 07:38:42,147 - root - INFO - 📊 Scroll 42: 1 leagues, 3 matches in this scroll
2025-12-03 07:38:45,947 - root - INFO - Included 1 countries with 3 matches: {'Congo': 3}
2025-12-03 07:38:45,965 - root - INFO - 📊 Scroll 43: 1 leagues, 3 matches in this scroll
2025-12-03 07:38:47,042 - root - INFO - Included 1 countries with 3 matches: {'Congo': 3}
2025-12-03 07:38:47,043 - root - INFO - 📊 Scroll 44: 1 leagues, 3 matches in this scroll
2025-12-03 07:38:47,083 - root - INFO - Scroll 45 in progress...
2025-12-03 07:38:51,743 - root - INFO - Included 1 countries with 5 matches: {'Denmark': 5}
2025-12-03 07:38:51,744 - root - INFO - 📊 Scroll 46: 2 leagues, 5 matches in this scroll
2025-12-03 07:38:51,746 - root - INFO - ⚡ Progress: 108 unique matches | Scroll 46 | 32.7 matches/min
2025-12-03 07:38:51,747 - root - INFO -    🏆 Top leagues: Premier League (53), Argentine Youth League (36), ARG Primera Nacional (32)
2025-12-03 07:38:51,748 - root - INFO -    🌍 Top countries: Argentina (77), Belgium (54), Brazil (44)
2025-12-03 07:38:55,666 - root - INFO - Included 1 countries with 7 matches: {'Denmark': 7}
2025-12-03 07:38:55,668 - root - INFO - 📊 Scroll 47: 3 leagues, 7 matches in this scroll
2025-12-03 07:38:56,741 - root - INFO - Included 1 countries with 7 matches: {'Denmark': 7}
2025-12-03 07:38:56,742 - root - INFO - 📊 Scroll 48: 3 leagues, 7 matches in this scroll
2025-12-03 07:39:00,636 - root - INFO - Included 1 countries with 2 matches: {'Denmark': 2}
2025-12-03 07:39:00,637 - root - INFO - 📊 Scroll 49: 1 leagues, 2 matches in this scroll
2025-12-03 07:39:00,685 - root - INFO - Scroll 50 in progress...
2025-12-03 07:39:01,715 - root - INFO - Included 1 countries with 4 matches: {'Denmark': 4}
2025-12-03 07:39:01,742 - root - INFO - 📊 Scroll 50: 1 leagues, 4 matches in this scroll
2025-12-03 07:39:01,943 - root - INFO - Incremental save: Added 14 new matches. Total: 114 to /app/data/aiscore/daily_listings/20251004/matches.json
2025-12-03 07:39:01,950 - root - INFO - 💾 Saved batch: 14 matches to file (scroll 50) | File size: 0.06 MB
2025-12-03 07:39:03,099 - root - INFO - Included 2 countries with 14 matches: {'England': 10, 'Denmark': 4}
2025-12-03 07:39:03,105 - root - INFO - 📊 Scroll 51: 2 leagues, 14 matches in this scroll
2025-12-03 07:39:07,157 - root - INFO - Included 3 countries with 18 matches: {'Denmark': 4, 'England': 10, 'Egypt': 4}
2025-12-03 07:39:07,176 - root - INFO - 📊 Scroll 52: 3 leagues, 18 matches in this scroll
2025-12-03 07:39:11,113 - root - INFO - Included 3 countries with 18 matches: {'Denmark': 4, 'England': 10, 'Egypt': 4}
2025-12-03 07:39:11,115 - root - INFO - 📊 Scroll 53: 3 leagues, 18 matches in this scroll
2025-12-03 07:39:12,603 - root - INFO - Included 2 countries with 14 matches: {'England': 10, 'Egypt': 4}
2025-12-03 07:39:12,604 - root - INFO - 📊 Scroll 54: 2 leagues, 14 matches in this scroll
2025-12-03 07:39:12,636 - root - INFO - Scroll 55 in progress...
2025-12-03 07:39:16,918 - root - INFO - Included 1 countries with 4 matches: {'Egypt': 4}
2025-12-03 07:39:16,919 - root - INFO - 📊 Scroll 55: 1 leagues, 4 matches in this scroll
2025-12-03 07:39:34,605 - root - INFO - Scroll 60 in progress...
2025-12-03 07:39:38,937 - root - INFO - Included 2 countries with 2 matches: {'England': 1, 'El Salvador': 1}
2025-12-03 07:39:38,943 - root - INFO - 📊 Scroll 60: 2 leagues, 2 matches in this scroll
2025-12-03 07:39:38,947 - root - INFO - ⚡ Progress: 130 unique matches | Scroll 60 | 31.8 matches/min
2025-12-03 07:39:38,949 - root - INFO -    🏆 Top leagues: Premier League (69), English Football League Championship (40), Argentine Youth League (36)
2025-12-03 07:39:38,950 - root - INFO -    🌍 Top countries: Argentina (77), Belgium (54), England (49)
2025-12-03 07:39:39,044 - root - INFO - Incremental save: Added 16 new matches. Total: 130 to /app/data/aiscore/daily_listings/20251004/matches.json
2025-12-03 07:39:39,061 - root - INFO - 💾 Saved batch: 16 matches to file (scroll 60) | File size: 0.06 MB
2025-12-03 07:39:40,532 - root - INFO - Included 2 countries with 2 matches: {'England': 1, 'El Salvador': 1}
2025-12-03 07:39:40,536 - root - INFO - 📊 Scroll 61: 2 leagues, 2 matches in this scroll
2025-12-03 07:39:42,025 - root - INFO - Included 2 countries with 2 matches: {'England': 1, 'El Salvador': 1}
2025-12-03 07:39:42,058 - root - INFO - 📊 Scroll 62: 2 leagues, 2 matches in this scroll
2025-12-03 07:39:47,943 - root - INFO - Scroll 65 in progress...
2025-12-03 07:39:53,719 - root - INFO - Included 1 countries with 3 matches: {'England': 3}
2025-12-03 07:39:53,721 - root - INFO - 📊 Scroll 66: 1 leagues, 3 matches in this scroll
2025-12-03 07:39:58,198 - root - INFO - Included 3 countries with 8 matches: {'England': 3, 'Europe': 2, 'France': 3}
2025-12-03 07:39:58,232 - root - INFO - 📊 Scroll 67: 3 leagues, 8 matches in this scroll
2025-12-03 07:40:02,137 - root - INFO - Included 3 countries with 12 matches: {'England': 3, 'Europe': 2, 'France': 7}
2025-12-03 07:40:02,140 - root - INFO - 📊 Scroll 68: 4 leagues, 12 matches in this scroll
2025-12-03 07:40:05,997 - root - INFO - Included 3 countries with 12 matches: {'England': 3, 'Europe': 2, 'France': 7}
2025-12-03 07:40:06,001 - root - INFO - 📊 Scroll 69: 4 leagues, 12 matches in this scroll
2025-12-03 07:40:06,044 - root - INFO - Scroll 70 in progress...
2025-12-03 07:40:06,990 - root - INFO - Included 1 countries with 7 matches: {'France': 7}
2025-12-03 07:40:06,992 - root - INFO - 📊 Scroll 70: 2 leagues, 7 matches in this scroll
2025-12-03 07:40:07,074 - root - INFO - Incremental save: Added 12 new matches. Total: 142 to /app/data/aiscore/daily_listings/20251004/matches.json
2025-12-03 07:40:07,078 - root - INFO - 💾 Saved batch: 12 matches to file (scroll 70) | File size: 0.07 MB
2025-12-03 07:40:08,230 - root - INFO - Included 1 countries with 4 matches: {'France': 4}
2025-12-03 07:40:08,255 - root - INFO - 📊 Scroll 71: 1 leagues, 4 matches in this scroll
2025-12-03 07:40:17,396 - root - INFO - Scroll 75 in progress...
2025-12-03 07:40:22,356 - root - INFO - Included 1 countries with 4 matches: {'Germany': 4}
2025-12-03 07:40:22,358 - root - INFO - 📊 Scroll 76: 1 leagues, 4 matches in this scroll
2025-12-03 07:40:22,360 - root - INFO - ⚡ Progress: 146 unique matches | Scroll 76 | 30.4 matches/min
2025-12-03 07:40:22,361 - root - INFO -    🏆 Top leagues: Premier League (69), English Football League Championship (40), Argentine Youth League (36)
2025-12-03 07:40:22,362 - root - INFO -    🌍 Top countries: Argentina (77), England (63), Belgium (54)
2025-12-03 07:40:26,191 - root - INFO - Included 2 countries with 7 matches: {'Germany': 6, 'Ghana': 1}
2025-12-03 07:40:26,192 - root - INFO - 📊 Scroll 77: 3 leagues, 7 matches in this scroll
2025-12-03 07:40:27,162 - root - INFO - Included 2 countries with 7 matches: {'Germany': 6, 'Ghana': 1}
2025-12-03 07:40:27,164 - root - INFO - 📊 Scroll 78: 3 leagues, 7 matches in this scroll
2025-12-03 07:40:28,285 - root - INFO - Included 2 countries with 8 matches: {'Germany': 7, 'Ghana': 1}
2025-12-03 07:40:28,300 - root - INFO - 📊 Scroll 79: 4 leagues, 8 matches in this scroll
2025-12-03 07:40:28,355 - root - INFO - Scroll 80 in progress...
2025-12-03 07:40:29,316 - root - INFO - Included 1 countries with 1 matches: {'Germany': 1}
2025-12-03 07:40:29,317 - root - INFO - 📊 Scroll 80: 1 leagues, 1 matches in this scroll
2025-12-03 07:40:29,393 - root - INFO - Incremental save: Added 8 new matches. Total: 150 to /app/data/aiscore/daily_listings/20251004/matches.json
2025-12-03 07:40:29,398 - root - INFO - 💾 Saved batch: 8 matches to file (scroll 80) | File size: 0.07 MB
2025-12-03 07:40:30,393 - root - INFO - Included 1 countries with 1 matches: {'Germany': 1}
2025-12-03 07:40:30,405 - root - INFO - 📊 Scroll 81: 1 leagues, 1 matches in this scroll
2025-12-03 07:40:40,215 - root - INFO - Scroll 85 in progress...
2025-12-03 07:40:57,843 - root - INFO - Included 1 countries with 5 matches: {'Israel': 5}
2025-12-03 07:40:57,863 - root - INFO - 📊 Scroll 89: 1 leagues, 5 matches in this scroll
2025-12-03 07:40:57,865 - root - INFO - ⚡ Progress: 155 unique matches | Scroll 89 | 28.7 matches/min
2025-12-03 07:40:57,874 - root - INFO -    🏆 Top leagues: Premier League (77), English Football League Championship (40), Argentine Youth League (36)
2025-12-03 07:40:57,876 - root - INFO -    🌍 Top countries: Argentina (77), England (63), Belgium (54)
2025-12-03 07:40:57,919 - root - INFO - Scroll 90 in progress...
2025-12-03 07:40:58,835 - root - INFO - Included 3 countries with 13 matches: {'Italy': 6, 'Iran': 2, 'Israel': 5}
2025-12-03 07:40:58,836 - root - INFO - 📊 Scroll 90: 3 leagues, 13 matches in this scroll
2025-12-03 07:40:58,931 - root - INFO - Incremental save: Added 13 new matches. Total: 163 to /app/data/aiscore/daily_listings/20251004/matches.json
2025-12-03 07:40:58,949 - root - INFO - 💾 Saved batch: 13 matches to file (scroll 90) | File size: 0.08 MB
2025-12-03 07:41:02,786 - root - INFO - Included 3 countries with 13 matches: {'Israel': 5, 'Iran': 2, 'Italy': 6}
2025-12-03 07:41:02,787 - root - INFO - 📊 Scroll 91: 3 leagues, 13 matches in this scroll
2025-12-03 07:41:03,746 - root - INFO - Included 3 countries with 17 matches: {'Italy': 10, 'Israel': 5, 'Iran': 2}
2025-12-03 07:41:03,755 - root - INFO - 📊 Scroll 92: 4 leagues, 17 matches in this scroll
2025-12-03 07:41:07,749 - root - INFO - Included 2 countries with 12 matches: {'Iran': 2, 'Italy': 10}
2025-12-03 07:41:07,750 - root - INFO - 📊 Scroll 93: 3 leagues, 12 matches in this scroll
2025-12-03 07:41:08,932 - root - INFO - Included 1 countries with 4 matches: {'Italy': 4}
2025-12-03 07:41:08,933 - root - INFO - 📊 Scroll 94: 1 leagues, 4 matches in this scroll
2025-12-03 07:41:08,967 - root - INFO - Scroll 95 in progress...
2025-12-03 07:41:18,800 - root - INFO - Scroll 100 in progress...
2025-12-03 07:41:19,741 - root - INFO - Incremental save: Added 4 new matches. Total: 167 to /app/data/aiscore/daily_listings/20251004/matches.json
2025-12-03 07:41:19,746 - root - INFO - 💾 Saved batch: 4 matches to file (scroll 100) | File size: 0.08 MB
2025-12-03 07:41:21,355 - root - INFO - Included 1 countries with 8 matches: {'Japan': 8}
2025-12-03 07:41:21,359 - root - INFO - 📊 Scroll 102: 1 leagues, 8 matches in this scroll
2025-12-03 07:41:21,362 - root - INFO - ⚡ Progress: 175 unique matches | Scroll 102 | 30.2 matches/min
2025-12-03 07:41:21,363 - root - INFO -    🏆 Top leagues: Premier League (92), English Football League Championship (40), Argentine Youth League (36)
2025-12-03 07:41:21,365 - root - INFO -    🌍 Top countries: Argentina (77), England (63), Belgium (54)
2025-12-03 07:41:25,347 - root - INFO - Included 1 countries with 8 matches: {'Japan': 8}
2025-12-03 07:41:25,348 - root - INFO - 📊 Scroll 103: 1 leagues, 8 matches in this scroll
2025-12-03 07:41:29,280 - root - INFO - Included 1 countries with 12 matches: {'Japan': 12}
2025-12-03 07:41:29,281 - root - INFO - 📊 Scroll 104: 3 leagues, 12 matches in this scroll
2025-12-03 07:41:29,318 - root - INFO - Scroll 105 in progress...
2025-12-03 07:41:33,237 - root - INFO - Included 2 countries with 15 matches: {'Japan': 14, 'Kazakhstan': 1}
2025-12-03 07:41:33,238 - root - INFO - 📊 Scroll 105: 5 leagues, 15 matches in this scroll
2025-12-03 07:41:37,031 - root - INFO - Included 2 countries with 7 matches: {'Japan': 6, 'Kazakhstan': 1}
2025-12-03 07:41:37,032 - root - INFO - 📊 Scroll 106: 4 leagues, 7 matches in this scroll
2025-12-03 07:41:40,859 - root - INFO - Included 3 countries with 5 matches: {'Japan': 2, 'Kazakhstan': 1, 'Lebanon': 2}
2025-12-03 07:41:40,862 - root - INFO - 📊 Scroll 107: 3 leagues, 5 matches in this scroll
2025-12-03 07:41:41,847 - root - INFO - Included 1 countries with 2 matches: {'Lebanon': 2}
2025-12-03 07:41:41,848 - root - INFO - 📊 Scroll 108: 1 leagues, 2 matches in this scroll
2025-12-03 07:41:42,889 - root - INFO - Included 1 countries with 2 matches: {'Lebanon': 2}
2025-12-03 07:41:42,890 - root - INFO - 📊 Scroll 109: 1 leagues, 2 matches in this scroll
2025-12-03 07:41:42,949 - root - INFO - Scroll 110 in progress...
2025-12-03 07:41:43,900 - root - INFO - Included 1 countries with 2 matches: {'Lebanon': 2}
2025-12-03 07:41:43,902 - root - INFO - 📊 Scroll 110: 1 leagues, 2 matches in this scroll
2025-12-03 07:41:43,998 - root - INFO - Incremental save: Added 17 new matches. Total: 184 to /app/data/aiscore/daily_listings/20251004/matches.json
2025-12-03 07:41:44,006 - root - INFO - 💾 Saved batch: 17 matches to file (scroll 110) | File size: 0.09 MB
2025-12-03 07:41:51,892 - root - INFO - Included 1 countries with 3 matches: {'Mongolia': 3}
2025-12-03 07:41:51,900 - root - INFO - 📊 Scroll 112: 1 leagues, 3 matches in this scroll
2025-12-03 07:41:51,903 - root - INFO - ⚡ Progress: 187 unique matches | Scroll 112 | 29.7 matches/min
2025-12-03 07:41:51,908 - root - INFO -    🏆 Top leagues: Premier League (103), English Football League Championship (40), Argentine Youth League (36)
2025-12-03 07:41:51,911 - root - INFO -    🌍 Top countries: Argentina (77), England (63), Belgium (54)
2025-12-03 07:41:53,064 - root - INFO - Included 2 countries with 6 matches: {'Malawi': 3, 'Mongolia': 3}
2025-12-03 07:41:53,070 - root - INFO - 📊 Scroll 113: 2 leagues, 6 matches in this scroll
2025-12-03 07:41:57,027 - root - INFO - Included 2 countries with 6 matches: {'Mongolia': 3, 'Malawi': 3}
2025-12-03 07:41:57,031 - root - INFO - 📊 Scroll 114: 2 leagues, 6 matches in this scroll
2025-12-03 07:41:57,081 - root - INFO - Scroll 115 in progress...
2025-12-03 07:41:58,266 - root - INFO - Included 1 countries with 3 matches: {'Malawi': 3}
2025-12-03 07:41:58,269 - root - INFO - 📊 Scroll 115: 1 leagues, 3 matches in this scroll
2025-12-03 07:42:07,652 - root - INFO - Included 1 countries with 4 matches: {'Northern Ireland': 4}
2025-12-03 07:42:07,654 - root - INFO - 📊 Scroll 118: 1 leagues, 4 matches in this scroll
2025-12-03 07:42:11,320 - root - INFO - Included 2 countries with 6 matches: {'Northern Ireland': 4, 'Nigeria': 2}
2025-12-03 07:42:11,321 - root - INFO - 📊 Scroll 119: 2 leagues, 6 matches in this scroll
2025-12-03 07:42:11,355 - root - INFO - Scroll 120 in progress...
2025-12-03 07:42:12,094 - root - INFO - Included 2 countries with 6 matches: {'Northern Ireland': 4, 'Nigeria': 2}
2025-12-03 07:42:12,096 - root - INFO - 📊 Scroll 120: 2 leagues, 6 matches in this scroll
2025-12-03 07:42:12,170 - root - INFO - Incremental save: Added 12 new matches. Total: 196 to /app/data/aiscore/daily_listings/20251004/matches.json
2025-12-03 07:42:12,178 - root - INFO - 💾 Saved batch: 12 matches to file (scroll 120) | File size: 0.10 MB
2025-12-03 07:42:13,038 - root - INFO - Included 3 countries with 8 matches: {'Netherlands': 2, 'Northern Ireland': 4, 'Nigeria': 2}
2025-12-03 07:42:13,039 - root - INFO - 📊 Scroll 121: 3 leagues, 8 matches in this scroll
2025-12-03 07:42:13,903 - root - INFO - Included 2 countries with 4 matches: {'Nigeria': 2, 'Netherlands': 2}
2025-12-03 07:42:13,904 - root - INFO - 📊 Scroll 122: 2 leagues, 4 matches in this scroll
2025-12-03 07:42:17,638 - root - INFO - Included 1 countries with 2 matches: {'Netherlands': 2}
2025-12-03 07:42:17,639 - root - INFO - 📊 Scroll 123: 1 leagues, 2 matches in this scroll
2025-12-03 07:42:18,393 - root - INFO - Scroll 125 in progress...
2025-12-03 07:42:34,498 - root - INFO - Scroll 130 in progress...
2025-12-03 07:42:38,191 - root - INFO - Included 1 countries with 2 matches: {'Portugal': 2}
2025-12-03 07:42:38,192 - root - INFO - 📊 Scroll 130: 1 leagues, 2 matches in this scroll
2025-12-03 07:42:38,193 - root - INFO - ⚡ Progress: 200 unique matches | Scroll 130 | 28.3 matches/min
2025-12-03 07:42:38,193 - root - INFO -    🏆 Top leagues: Premier League (142), English Football League Championship (40), Argentine Youth League (36)
2025-12-03 07:42:38,194 - root - INFO -    🌍 Top countries: Argentina (77), England (63), Belgium (54)
2025-12-03 07:42:38,250 - root - INFO - Incremental save: Added 4 new matches. Total: 200 to /app/data/aiscore/daily_listings/20251004/matches.json
2025-12-03 07:42:38,253 - root - INFO - 💾 Saved batch: 4 matches to file (scroll 130) | File size: 0.10 MB
2025-12-03 07:42:38,880 - root - INFO - Included 1 countries with 2 matches: {'Portugal': 2}
2025-12-03 07:42:38,882 - root - INFO - 📊 Scroll 131: 1 leagues, 2 matches in this scroll
2025-12-03 07:42:39,771 - root - INFO - Included 1 countries with 2 matches: {'Portugal': 2}
2025-12-03 07:42:39,772 - root - INFO - 📊 Scroll 132: 1 leagues, 2 matches in this scroll
2025-12-03 07:42:43,462 - root - INFO - Included 1 countries with 2 matches: {'Portugal': 2}
2025-12-03 07:42:43,463 - root - INFO - 📊 Scroll 133: 1 leagues, 2 matches in this scroll
2025-12-03 07:42:47,132 - root - INFO - Scroll 135 in progress...
2025-12-03 07:42:57,035 - root - INFO - Scroll 140 in progress...
2025-12-03 07:42:57,796 - root - INFO - Included 1 countries with 2 matches: {'Portugal': 2}
2025-12-03 07:42:57,799 - root - INFO - 📊 Scroll 140: 1 leagues, 2 matches in this scroll
2025-12-03 07:42:57,801 - root - INFO - ⚡ Progress: 202 unique matches | Scroll 140 | 27.3 matches/min
2025-12-03 07:42:57,802 - root - INFO -    🏆 Top leagues: Premier League (142), English Football League Championship (40), Argentine Youth League (36)
2025-12-03 07:42:57,803 - root - INFO -    🌍 Top countries: Argentina (77), England (63), Belgium (54)
2025-12-03 07:42:57,891 - root - INFO - Incremental save: Added 2 new matches. Total: 202 to /app/data/aiscore/daily_listings/20251004/matches.json
2025-12-03 07:42:57,897 - root - INFO - 💾 Saved batch: 2 matches to file (scroll 140) | File size: 0.10 MB
2025-12-03 07:43:01,990 - root - INFO - Included 1 countries with 5 matches: {'Portugal': 5}
2025-12-03 07:43:01,991 - root - INFO - 📊 Scroll 141: 2 leagues, 5 matches in this scroll
2025-12-03 07:43:03,143 - root - INFO - Included 2 countries with 9 matches: {'Russia': 4, 'Portugal': 5}
2025-12-03 07:43:03,147 - root - INFO - 📊 Scroll 142: 3 leagues, 9 matches in this scroll
2025-12-03 07:43:04,311 - root - INFO - Included 2 countries with 9 matches: {'Portugal': 5, 'Russia': 4}
2025-12-03 07:43:04,312 - root - INFO - 📊 Scroll 143: 3 leagues, 9 matches in this scroll
2025-12-03 07:43:05,441 - root - INFO - Included 1 countries with 4 matches: {'Russia': 4}
2025-12-03 07:43:05,446 - root - INFO - 📊 Scroll 144: 1 leagues, 4 matches in this scroll
2025-12-03 07:43:05,486 - root - INFO - Scroll 145 in progress...
2025-12-03 07:43:20,112 - root - INFO - Included 1 countries with 10 matches: {'Spain': 10}
2025-12-03 07:43:20,114 - root - INFO - 📊 Scroll 149: 1 leagues, 10 matches in this scroll
2025-12-03 07:43:20,157 - root - INFO - Scroll 150 in progress...
2025-12-03 07:43:21,223 - root - INFO - Included 2 countries with 14 matches: {'Sweden': 4, 'Spain': 10}
2025-12-03 07:43:21,227 - root - INFO - 📊 Scroll 150: 2 leagues, 14 matches in this scroll
2025-12-03 07:43:21,229 - root - INFO - ⚡ Progress: 223 unique matches | Scroll 150 | 28.6 matches/min
2025-12-03 07:43:21,230 - root - INFO -    🏆 Top leagues: Premier League (154), English Football League Championship (40), Argentine Youth League (36)
2025-12-03 07:43:21,231 - root - INFO -    🌍 Top countries: Argentina (77), England (63), Belgium (54)
2025-12-03 07:43:21,357 - root - INFO - Incremental save: Added 21 new matches. Total: 223 to /app/data/aiscore/daily_listings/20251004/matches.json
2025-12-03 07:43:21,375 - root - INFO - 💾 Saved batch: 21 matches to file (scroll 150) | File size: 0.11 MB
2025-12-03 07:43:22,561 - root - INFO - Included 3 countries with 17 matches: {'Scotland': 3, 'Spain': 10, 'Sweden': 4}
2025-12-03 07:43:22,562 - root - INFO - 📊 Scroll 151: 3 leagues, 17 matches in this scroll
2025-12-03 07:43:26,531 - root - INFO - Included 3 countries with 21 matches: {'Spain': 14, 'Sweden': 4, 'Scotland': 3}
2025-12-03 07:43:26,533 - root - INFO - 📊 Scroll 152: 4 leagues, 21 matches in this scroll
2025-12-03 07:43:30,477 - root - INFO - Included 3 countries with 19 matches: {'Sweden': 7, 'Scotland': 8, 'Spain': 4}
2025-12-03 07:43:30,502 - root - INFO - 📊 Scroll 153: 5 leagues, 19 matches in this scroll
2025-12-03 07:43:31,611 - root - INFO - Included 3 countries with 12 matches: {'Spain': 4, 'Sweden': 3, 'Scotland': 5}
2025-12-03 07:43:31,612 - root - INFO - 📊 Scroll 154: 3 leagues, 12 matches in this scroll
2025-12-03 07:43:31,671 - root - INFO - Scroll 155 in progress...
2025-12-03 07:43:32,673 - root - INFO - Included 2 countries with 8 matches: {'Sweden': 3, 'Scotland': 5}
2025-12-03 07:43:32,674 - root - INFO - 📊 Scroll 155: 2 leagues, 8 matches in this scroll
2025-12-03 07:43:33,768 - root - INFO - Included 1 countries with 5 matches: {'Scotland': 5}
2025-12-03 07:43:33,770 - root - INFO - 📊 Scroll 156: 1 leagues, 5 matches in this scroll
2025-12-03 07:43:37,653 - root - INFO - Included 1 countries with 3 matches: {'Sweden': 3}
2025-12-03 07:43:37,655 - root - INFO - 📊 Scroll 157: 1 leagues, 3 matches in this scroll
2025-12-03 07:43:38,760 - root - INFO - Included 1 countries with 3 matches: {'Sweden': 3}
2025-12-03 07:43:38,761 - root - INFO - 📊 Scroll 158: 1 leagues, 3 matches in this scroll
2025-12-03 07:43:42,911 - root - INFO - Included 1 countries with 3 matches: {'Sweden': 3}
2025-12-03 07:43:42,912 - root - INFO - 📊 Scroll 159: 1 leagues, 3 matches in this scroll
2025-12-03 07:43:42,954 - root - INFO - Scroll 160 in progress...
2025-12-03 07:43:44,277 - root - INFO - Incremental save: Added 18 new matches. Total: 241 to /app/data/aiscore/daily_listings/20251004/matches.json
2025-12-03 07:43:44,295 - root - INFO - 💾 Saved batch: 18 matches to file (scroll 160) | File size: 0.12 MB
2025-12-03 07:43:45,436 - root - INFO - Included 1 countries with 4 matches: {'Spain': 4}
2025-12-03 07:43:45,441 - root - INFO - 📊 Scroll 161: 1 leagues, 4 matches in this scroll
2025-12-03 07:43:45,443 - root - INFO - ⚡ Progress: 245 unique matches | Scroll 161 | 29.9 matches/min
2025-12-03 07:43:45,447 - root - INFO -    🏆 Top leagues: Premier League (154), English Football League Championship (40), Copa del Rey (40)
2025-12-03 07:43:45,450 - root - INFO -    🌍 Top countries: Argentina (77), Spain (72), England (63)
2025-12-03 07:43:46,517 - root - INFO - Included 1 countries with 4 matches: {'Spain': 4}
2025-12-03 07:43:46,518 - root - INFO - 📊 Scroll 162: 1 leagues, 4 matches in this scroll
2025-12-03 07:43:47,599 - root - INFO - Included 1 countries with 4 matches: {'Spain': 4}
2025-12-03 07:43:47,635 - root - INFO - 📊 Scroll 163: 1 leagues, 4 matches in this scroll
2025-12-03 07:43:51,848 - root - INFO - Included 1 countries with 3 matches: {'Sweden': 3}
2025-12-03 07:43:51,897 - root - INFO - 📊 Scroll 164: 1 leagues, 3 matches in this scroll
2025-12-03 07:43:51,960 - root - INFO - Scroll 165 in progress...
2025-12-03 07:43:53,126 - root - INFO - Included 1 countries with 3 matches: {'Sweden': 3}
2025-12-03 07:43:53,127 - root - INFO - 📊 Scroll 165: 1 leagues, 3 matches in this scroll
2025-12-03 07:43:57,246 - root - INFO - Included 1 countries with 3 matches: {'Sweden': 3}
2025-12-03 07:43:57,248 - root - INFO - 📊 Scroll 166: 1 leagues, 3 matches in this scroll
2025-12-03 07:44:06,678 - root - INFO - Scroll 170 in progress...
2025-12-03 07:44:07,612 - root - INFO - Incremental save: Added 7 new matches. Total: 248 to /app/data/aiscore/daily_listings/20251004/matches.json
2025-12-03 07:44:07,620 - root - INFO - 💾 Saved batch: 7 matches to file (scroll 170) | File size: 0.12 MB
2025-12-03 07:44:22,656 - root - INFO - Scroll 175 in progress...
2025-12-03 07:44:32,562 - root - INFO - Scroll 180 in progress...
2025-12-03 07:44:41,115 - root - INFO - Included 1 countries with 19 matches: {'Spain': 19}
2025-12-03 07:44:41,116 - root - INFO - 📊 Scroll 182: 1 leagues, 19 matches in this scroll
2025-12-03 07:44:41,117 - root - INFO - ⚡ Progress: 267 unique matches | Scroll 182 | 29.3 matches/min
2025-12-03 07:44:41,118 - root - INFO -    🏆 Top leagues: Premier League (154), English Football League Championship (40), Copa del Rey (40)
2025-12-03 07:44:41,119 - root - INFO -    🌍 Top countries: Spain (99), Argentina (77), England (63)
2025-12-03 07:44:41,171 - root - INFO - Incremental save: Added 19 new matches. Total: 267 to /app/data/aiscore/daily_listings/20251004/matches.json
2025-12-03 07:44:41,175 - root - INFO - 💾 Saved batch: 19 matches to file (scroll 182) | File size: 0.13 MB
2025-12-03 07:44:44,829 - root - INFO - Included 1 countries with 19 matches: {'Spain': 19}
2025-12-03 07:44:44,830 - root - INFO - 📊 Scroll 183: 1 leagues, 19 matches in this scroll
2025-12-03 07:44:45,669 - root - INFO - Included 1 countries with 19 matches: {'Spain': 19}
2025-12-03 07:44:45,670 - root - INFO - 📊 Scroll 184: 1 leagues, 19 matches in this scroll
2025-12-03 07:44:45,705 - root - INFO - Scroll 185 in progress...
2025-12-03 07:44:49,449 - root - INFO - Included 2 countries with 22 matches: {'Spain': 19, 'Turkey': 3}
2025-12-03 07:44:49,450 - root - INFO - 📊 Scroll 185: 2 leagues, 22 matches in this scroll
2025-12-03 07:44:50,221 - root - INFO - Included 2 countries with 26 matches: {'Turkey': 7, 'Spain': 19}
2025-12-03 07:44:50,256 - root - INFO - 📊 Scroll 186: 3 leagues, 26 matches in this scroll
2025-12-03 07:44:54,114 - root - INFO - Included 1 countries with 7 matches: {'Turkey': 7}
2025-12-03 07:44:54,116 - root - INFO - 📊 Scroll 187: 2 leagues, 7 matches in this scroll
2025-12-03 07:44:57,753 - root - INFO - Included 1 countries with 7 matches: {'Turkey': 7}
2025-12-03 07:44:57,765 - root - INFO - 📊 Scroll 188: 2 leagues, 7 matches in this scroll
2025-12-03 07:45:01,690 - root - INFO - Included 1 countries with 4 matches: {'Turkey': 4}
2025-12-03 07:45:01,691 - root - INFO - 📊 Scroll 189: 1 leagues, 4 matches in this scroll
2025-12-03 07:45:01,722 - root - INFO - Scroll 190 in progress...
2025-12-03 07:45:12,577 - root - INFO - Included 2 countries with 4 matches: {'Turkey': 1, 'Ukraine': 3}
2025-12-03 07:45:12,581 - root - INFO - 📊 Scroll 192: 2 leagues, 4 matches in this scroll
2025-12-03 07:45:12,583 - root - INFO - ⚡ Progress: 278 unique matches | Scroll 192 | 28.8 matches/min
2025-12-03 07:45:12,585 - root - INFO -    🏆 Top leagues: Premier League (157), Spanish U19 League (95), English Football League Championship (40)
2025-12-03 07:45:12,588 - root - INFO -    🌍 Top countries: Spain (175), Argentina (77), England (63)
2025-12-03 07:45:12,728 - root - INFO - Incremental save: Added 11 new matches. Total: 278 to /app/data/aiscore/daily_listings/20251004/matches.json
2025-12-03 07:45:12,743 - root - INFO - 💾 Saved batch: 11 matches to file (scroll 192) | File size: 0.14 MB
2025-12-03 07:45:13,456 - root - INFO - Included 3 countries with 11 matches: {'USA': 7, 'Turkey': 1, 'Ukraine': 3}
2025-12-03 07:45:13,460 - root - INFO - 📊 Scroll 193: 3 leagues, 11 matches in this scroll
2025-12-03 07:45:14,277 - root - INFO - Included 3 countries with 11 matches: {'Turkey': 1, 'Ukraine': 3, 'USA': 7}
2025-12-03 07:45:14,278 - root - INFO - 📊 Scroll 194: 3 leagues, 11 matches in this scroll
2025-12-03 07:45:14,308 - root - INFO - Scroll 195 in progress...
2025-12-03 07:45:14,942 - root - INFO - Included 2 countries with 10 matches: {'Ukraine': 3, 'USA': 7}
2025-12-03 07:45:14,944 - root - INFO - 📊 Scroll 195: 2 leagues, 10 matches in this scroll
2025-12-03 07:45:15,599 - root - INFO - Included 1 countries with 7 matches: {'USA': 7}
2025-12-03 07:45:15,601 - root - INFO - 📊 Scroll 196: 1 leagues, 7 matches in this scroll
2025-12-03 07:45:19,096 - root - INFO - Included 1 countries with 3 matches: {'Uganda': 3}
2025-12-03 07:45:19,097 - root - INFO - 📊 Scroll 197: 1 leagues, 3 matches in this scroll
2025-12-03 07:45:22,625 - root - INFO - Included 2 countries with 4 matches: {'Uganda': 3, 'Uzbekistan': 1}
2025-12-03 07:45:22,626 - root - INFO - 📊 Scroll 198: 2 leagues, 4 matches in this scroll
2025-12-03 07:45:26,106 - root - INFO - Included 3 countries with 8 matches: {'Uganda': 3, 'Uzbekistan': 1, 'Venezuela': 4}
2025-12-03 07:45:26,107 - root - INFO - 📊 Scroll 199: 3 leagues, 8 matches in this scroll
2025-12-03 07:45:26,139 - root - INFO - Scroll 200 in progress...
2025-12-03 07:45:26,726 - root - INFO - Included 3 countries with 10 matches: {'Wales': 5, 'Uzbekistan': 1, 'Venezuela': 4}
2025-12-03 07:45:26,727 - root - INFO - 📊 Scroll 200: 3 leagues, 10 matches in this scroll
2025-12-03 07:45:27,368 - root - INFO - Included 2 countries with 9 matches: {'Venezuela': 4, 'Wales': 5}
2025-12-03 07:45:27,374 - root - INFO - 📊 Scroll 201: 2 leagues, 9 matches in this scroll
2025-12-03 07:45:28,048 - root - INFO - Included 1 countries with 5 matches: {'Wales': 5}
2025-12-03 07:45:28,050 - root - INFO - 📊 Scroll 202: 1 leagues, 5 matches in this scroll
2025-12-03 07:45:28,127 - root - INFO - Incremental save: Added 20 new matches. Total: 298 to /app/data/aiscore/daily_listings/20251004/matches.json
2025-12-03 07:45:28,133 - root - INFO - 💾 Saved batch: 20 matches to file (scroll 202) | File size: 0.15 MB
2025-12-03 07:45:35,316 - root - INFO - Scroll 205 in progress...
2025-12-03 07:45:38,870 - root - INFO - ================================================================================
2025-12-03 07:45:38,871 - root - INFO - ✅ Scraping complete!
2025-12-03 07:45:38,872 - root - INFO - ================================================================================
2025-12-03 07:45:38,873 - root - INFO - 📊 Total matches found: 298
2025-12-03 07:45:38,874 - root - INFO - 🔄 Total scrolls: 205
2025-12-03 07:45:38,875 - root - INFO - ⏱️  Total time: 605.1s (10.1 min)
2025-12-03 07:45:38,876 - root - INFO - ⚡ Average rate: 29.6 matches/min
2025-12-03 07:45:38,877 - root - INFO - 
2025-12-03 07:45:38,878 - root - INFO - Stop conditions: reached_bottom=True, page_not_growing=True, too_many_empty_scrolls=True
2025-12-03 07:45:38,879 - root - INFO - 
2025-12-03 07:45:38,880 - root - INFO - 🏆 League Distribution (60 unique leagues):
2025-12-03 07:45:38,880 - root - INFO -     1. Premier League: 190 matches (63.8%)
2025-12-03 07:45:38,881 - root - INFO -     2. Spanish U19 League: 95 matches (31.9%)
2025-12-03 07:45:38,882 - root - INFO -     3. English Football League Championship: 40 matches (13.4%)
2025-12-03 07:45:38,882 - root - INFO -     4. Copa del Rey: 40 matches (13.4%)
2025-12-03 07:45:38,883 - root - INFO -     5. Argentine Youth League: 36 matches (12.1%)
2025-12-03 07:45:38,883 - root - INFO -     6. ARG Primera Nacional: 32 matches (10.7%)
2025-12-03 07:45:38,884 - root - INFO -     7. J1 League: 32 matches (10.7%)
2025-12-03 07:45:38,885 - root - INFO -     8. United States Major League Soccer: 28 matches (9.4%)
2025-12-03 07:45:38,885 - root - INFO -     9. Segunda Division: 27 matches (9.1%)
2025-12-03 07:45:38,886 - root - INFO -    10. Belgian Women's First Division: 24 matches (8.1%)
2025-12-03 07:45:38,887 - root - INFO -    ... and 50 more leagues (540 matches)
2025-12-03 07:45:38,887 - root - INFO - 
2025-12-03 07:45:38,888 - root - INFO - 🌍 Country Distribution (44 countries):
2025-12-03 07:45:38,889 - root - INFO -     1. Spain: 175 matches (58.7%)
2025-12-03 07:45:38,890 - root - INFO -     2. Argentina: 77 matches (25.8%)
2025-12-03 07:45:38,890 - root - INFO -     3. England: 63 matches (21.1%)
2025-12-03 07:45:38,891 - root - INFO -     4. Belgium: 54 matches (18.1%)
2025-12-03 07:45:38,892 - root - INFO -     5. Italy: 52 matches (17.4%)
2025-12-03 07:45:38,893 - root - INFO -     6. Japan: 50 matches (16.8%)
2025-12-03 07:45:38,893 - root - INFO -     7. Germany: 45 matches (15.1%)
2025-12-03 07:45:38,894 - root - INFO -     8. Brazil: 44 matches (14.8%)
2025-12-03 07:45:38,895 - root - INFO -     9. Sweden: 43 matches (14.4%)
2025-12-03 07:45:38,895 - root - INFO -    10. France: 37 matches (12.4%)
2025-12-03 07:45:38,896 - root - INFO -    ... and 34 more countries (444 matches)
2025-12-03 07:45:38,898 - root - INFO - 
2025-12-03 07:45:38,898 - root - INFO - 🔍 Filtering Summary (LEAGUE-BASED):
2025-12-03 07:45:38,899 - root - INFO -    Configured leagues: 118
2025-12-03 07:45:38,900 - root - INFO -    Leagues found: 60
2025-12-03 07:45:38,901 - root - INFO -    Matches captured: 298
2025-12-03 07:45:38,902 - root - INFO -    ⚠️  57 configured leagues had no matches today
2025-12-03 07:45:38,903 - root - INFO - 
2025-12-03 07:45:38,904 - root - INFO - ================================================================================
2025-12-03 07:45:38,904 - root - INFO - 📁 File Verification
2025-12-03 07:45:38,905 - root - INFO - ================================================================================
2025-12-03 07:45:38,913 - root - INFO - ✅ File saved successfully: matches.json
2025-12-03 07:45:38,914 - root - INFO -    Path: data/aiscore/daily_listings/20251004/matches.json
2025-12-03 07:45:38,915 - root - INFO -    Matches in file: 298
2025-12-03 07:45:38,915 - root - INFO -    File size: 0.15 MB
2025-12-03 07:45:38,916 - root - INFO -    ✅ Count verified: 298 matches (matches expected)
2025-12-03 07:45:38,918 - root - INFO - ================================================================================
2025-12-03 07:45:38,987 - root - INFO - ✅ Marked scraping as complete with metadata:
2025-12-03 07:45:38,988 - root - INFO -    Completion time: 2025-12-03T07:45:38.932069
2025-12-03 07:45:38,989 - root - INFO -    Leagues scraped: 60
2025-12-03 07:45:39,058 - src.scrapers.aiscore.browser - INFO - Browser closed
