2025-12-09 19:58:08,407 - root - INFO - ================================================================================
2025-12-09 19:58:08,410 - root - INFO - 📝 Logging initialized
2025-12-09 19:58:08,412 - root - INFO -    Log file: /app/logs/aiscore_scraper_odds_20251008.log
2025-12-09 19:58:08,414 - root - INFO -    Console level: INFO and above
2025-12-09 19:58:08,416 - root - INFO -    File level: INFO and above
2025-12-09 19:58:08,417 - root - INFO -    File handler: ✓ Active
2025-12-09 19:58:08,420 - root - INFO - ================================================================================
2025-12-09 19:58:08,505 - src.scrapers.aiscore.odds_scraper - INFO - Starting odds scrape for 20251008: 51 pending, 29 already processed
2025-12-09 19:58:08,507 - src.scrapers.aiscore.browser - INFO - Using Chrome binary: /usr/bin/chromium
2025-12-09 19:58:08,508 - src.scrapers.aiscore.browser - INFO - Using pre-installed ChromeDriver at: /usr/bin/chromedriver
2025-12-09 19:58:08,746 - src.scrapers.aiscore.browser - INFO - Browser created successfully
2025-12-09 19:58:44,604 - src.scrapers.aiscore.odds_scraper - INFO - [63kv9ig9p1nux7e] No tabs found, attempting page refresh
2025-12-09 19:59:00,221 - src.scrapers.aiscore.odds_scraper - INFO - Match data saved to: data/aiscore/matches/20251008/match_63kv9ig9p1nux7e.json
2025-12-09 19:59:04,074 - src.scrapers.aiscore.odds_scraper - INFO - [8lk2dir1zjliz73] Located 4 odds tabs: 1 X 2, Asian Handicap, Total Goals, Total Corners
2025-12-09 19:59:05,391 - src.scrapers.aiscore.odds_scraper - INFO - [8lk2dir1zjliz73] Parsed 367/367 rows from '1 X 2' (0 failed)
2025-12-09 19:59:05,392 - src.scrapers.aiscore.odds_scraper - INFO - [8lk2dir1zjliz73] Extracted 367 odds records from '1 X 2'
2025-12-09 19:59:06,802 - src.scrapers.aiscore.odds_scraper - INFO - [8lk2dir1zjliz73] Parsed 243/461 rows from 'Asian Handicap' (218 failed)
2025-12-09 19:59:06,803 - src.scrapers.aiscore.odds_scraper - INFO - [8lk2dir1zjliz73] Extracted 243 odds records from 'Asian Handicap'
2025-12-09 19:59:08,298 - src.scrapers.aiscore.odds_scraper - INFO - [8lk2dir1zjliz73] Parsed 437/437 rows from 'Total Goals' (0 failed)
2025-12-09 19:59:08,300 - src.scrapers.aiscore.odds_scraper - INFO - [8lk2dir1zjliz73] Extracted 437 odds records from 'Total Goals'
2025-12-09 19:59:09,670 - src.scrapers.aiscore.odds_scraper - INFO - [8lk2dir1zjliz73] Parsed 190/437 rows from 'Total Corners' (0 failed)
2025-12-09 19:59:09,672 - src.scrapers.aiscore.odds_scraper - INFO - [8lk2dir1zjliz73] Extracted 190 odds records from 'Total Corners'
2025-12-09 19:59:10,250 - src.scrapers.aiscore.odds_scraper - INFO - [8lk2dir1zjliz73] Parsed 190/190 rows from 'Default' (0 failed)
2025-12-09 19:59:10,256 - src.scrapers.aiscore.odds_scraper - INFO - [8lk2dir1zjliz73] Extracted 190 odds from default view
2025-12-09 19:59:10,433 - src.scrapers.aiscore.odds_scraper - INFO - Match data saved to: data/aiscore/matches/20251008/match_8lk2dir1zjliz73.json
2025-12-09 19:59:43,692 - src.scrapers.aiscore.odds_scraper - INFO - [vmqy9ivzrgzcgk9] No tabs found, attempting page refresh
2025-12-09 19:59:59,100 - src.scrapers.aiscore.odds_scraper - INFO - Match data saved to: data/aiscore/matches/20251008/match_vmqy9ivzrgzcgk9.json
2025-12-09 20:00:02,874 - src.scrapers.aiscore.odds_scraper - INFO - [ezk96ixdv6xb1kn] Located 4 odds tabs: 1 X 2, Asian Handicap, Total Goals, Total Corners
2025-12-09 20:00:04,342 - src.scrapers.aiscore.odds_scraper - INFO - [ezk96ixdv6xb1kn] Parsed 263/263 rows from '1 X 2' (0 failed)
2025-12-09 20:00:04,344 - src.scrapers.aiscore.odds_scraper - INFO - [ezk96ixdv6xb1kn] Extracted 263 odds records from '1 X 2'
2025-12-09 20:00:05,709 - src.scrapers.aiscore.odds_scraper - INFO - [ezk96ixdv6xb1kn] Parsed 213/263 rows from 'Asian Handicap' (112 failed)
2025-12-09 20:00:05,711 - src.scrapers.aiscore.odds_scraper - INFO - [ezk96ixdv6xb1kn] Extracted 213 odds records from 'Asian Handicap'
2025-12-09 20:00:07,151 - src.scrapers.aiscore.odds_scraper - INFO - [ezk96ixdv6xb1kn] Parsed 309/309 rows from 'Total Goals' (0 failed)
2025-12-09 20:00:07,153 - src.scrapers.aiscore.odds_scraper - INFO - [ezk96ixdv6xb1kn] Extracted 309 odds records from 'Total Goals'
2025-12-09 20:00:08,481 - src.scrapers.aiscore.odds_scraper - INFO - [ezk96ixdv6xb1kn] Parsed 6/309 rows from 'Total Corners' (303 failed)
2025-12-09 20:00:08,482 - src.scrapers.aiscore.odds_scraper - INFO - [ezk96ixdv6xb1kn] Extracted 6 odds records from 'Total Corners'
2025-12-09 20:00:09,080 - src.scrapers.aiscore.odds_scraper - INFO - [ezk96ixdv6xb1kn] Parsed 157/309 rows from 'Default' (0 failed)
2025-12-09 20:00:09,082 - src.scrapers.aiscore.odds_scraper - INFO - [ezk96ixdv6xb1kn] Extracted 157 odds from default view
2025-12-09 20:00:09,242 - src.scrapers.aiscore.odds_scraper - INFO - Match data saved to: data/aiscore/matches/20251008/match_ezk96ixdv6xb1kn.json
2025-12-09 20:00:14,160 - src.scrapers.aiscore.odds_scraper - INFO - [jr7owirl5vgigq0] Located 4 odds tabs: 1 X 2, Asian Handicap, Total Goals, Total Corners
2025-12-09 20:00:15,456 - src.scrapers.aiscore.odds_scraper - INFO - [jr7owirl5vgigq0] Parsed 117/117 rows from '1 X 2' (0 failed)
2025-12-09 20:00:15,458 - src.scrapers.aiscore.odds_scraper - INFO - [jr7owirl5vgigq0] Extracted 117 odds records from '1 X 2'
2025-12-09 20:00:16,748 - src.scrapers.aiscore.odds_scraper - INFO - [jr7owirl5vgigq0] Parsed 55/117 rows from 'Asian Handicap' (62 failed)
2025-12-09 20:00:16,749 - src.scrapers.aiscore.odds_scraper - INFO - [jr7owirl5vgigq0] Extracted 55 odds records from 'Asian Handicap'
2025-12-09 20:00:18,361 - src.scrapers.aiscore.odds_scraper - INFO - [jr7owirl5vgigq0] Parsed 442/442 rows from 'Total Goals' (0 failed)
2025-12-09 20:00:18,363 - src.scrapers.aiscore.odds_scraper - INFO - [jr7owirl5vgigq0] Extracted 442 odds records from 'Total Goals'
2025-12-09 20:00:19,741 - src.scrapers.aiscore.odds_scraper - INFO - [jr7owirl5vgigq0] Parsed 173/442 rows from 'Total Corners' (0 failed)
2025-12-09 20:00:19,742 - src.scrapers.aiscore.odds_scraper - INFO - [jr7owirl5vgigq0] Extracted 173 odds records from 'Total Corners'
2025-12-09 20:00:20,318 - src.scrapers.aiscore.odds_scraper - INFO - [jr7owirl5vgigq0] Parsed 173/173 rows from 'Default' (0 failed)
2025-12-09 20:00:20,320 - src.scrapers.aiscore.odds_scraper - INFO - [jr7owirl5vgigq0] Extracted 173 odds from default view
2025-12-09 20:00:20,489 - src.scrapers.aiscore.odds_scraper - INFO - Match data saved to: data/aiscore/matches/20251008/match_jr7owirl5vgigq0.json
2025-12-09 20:00:24,215 - src.scrapers.aiscore.odds_scraper - INFO - [69759ilyo0vcgk2] Located 4 odds tabs: 1 X 2, Asian Handicap, Total Goals, Total Corners
2025-12-09 20:00:25,501 - src.scrapers.aiscore.odds_scraper - INFO - [69759ilyo0vcgk2] Parsed 322/322 rows from '1 X 2' (0 failed)
2025-12-09 20:00:25,505 - src.scrapers.aiscore.odds_scraper - INFO - [69759ilyo0vcgk2] Extracted 322 odds records from '1 X 2'
2025-12-09 20:00:26,903 - src.scrapers.aiscore.odds_scraper - INFO - [69759ilyo0vcgk2] Parsed 169/322 rows from 'Asian Handicap' (147 failed)
2025-12-09 20:00:26,905 - src.scrapers.aiscore.odds_scraper - INFO - [69759ilyo0vcgk2] Extracted 169 odds records from 'Asian Handicap'
2025-12-09 20:00:28,299 - src.scrapers.aiscore.odds_scraper - INFO - [69759ilyo0vcgk2] Parsed 240/316 rows from 'Total Goals' (76 failed)
2025-12-09 20:00:28,311 - src.scrapers.aiscore.odds_scraper - INFO - [69759ilyo0vcgk2] Extracted 240 odds records from 'Total Goals'
2025-12-09 20:00:29,779 - src.scrapers.aiscore.odds_scraper - INFO - [69759ilyo0vcgk2] Parsed 153/153 rows from 'Total Corners' (0 failed)
2025-12-09 20:00:29,782 - src.scrapers.aiscore.odds_scraper - INFO - [69759ilyo0vcgk2] Extracted 153 odds records from 'Total Corners'
2025-12-09 20:00:30,446 - src.scrapers.aiscore.odds_scraper - INFO - [69759ilyo0vcgk2] Parsed 153/153 rows from 'Default' (0 failed)
2025-12-09 20:00:30,448 - src.scrapers.aiscore.odds_scraper - INFO - [69759ilyo0vcgk2] Extracted 153 odds from default view
2025-12-09 20:00:30,625 - src.scrapers.aiscore.odds_scraper - INFO - Match data saved to: data/aiscore/matches/20251008/match_69759ilyo0vcgk2.json
2025-12-09 20:00:34,149 - src.scrapers.aiscore.odds_scraper - INFO - [ndkz6il8e39sxq3] Located 4 odds tabs: 1 X 2, Asian Handicap, Total Goals, Total Corners
2025-12-09 20:00:35,500 - src.scrapers.aiscore.odds_scraper - INFO - [ndkz6il8e39sxq3] Parsed 306/306 rows from '1 X 2' (0 failed)
2025-12-09 20:00:35,502 - src.scrapers.aiscore.odds_scraper - INFO - [ndkz6il8e39sxq3] Extracted 306 odds records from '1 X 2'
2025-12-09 20:00:36,882 - src.scrapers.aiscore.odds_scraper - INFO - [ndkz6il8e39sxq3] Parsed 242/306 rows from 'Asian Handicap' (72 failed)
2025-12-09 20:00:36,884 - src.scrapers.aiscore.odds_scraper - INFO - [ndkz6il8e39sxq3] Extracted 242 odds records from 'Asian Handicap'
2025-12-09 20:00:38,303 - src.scrapers.aiscore.odds_scraper - INFO - [ndkz6il8e39sxq3] Parsed 372/372 rows from 'Total Goals' (0 failed)
2025-12-09 20:00:38,306 - src.scrapers.aiscore.odds_scraper - INFO - [ndkz6il8e39sxq3] Extracted 372 odds records from 'Total Goals'
2025-12-09 20:00:39,623 - src.scrapers.aiscore.odds_scraper - INFO - [ndkz6il8e39sxq3] Parsed 159/159 rows from 'Total Corners' (0 failed)
2025-12-09 20:00:39,629 - src.scrapers.aiscore.odds_scraper - INFO - [ndkz6il8e39sxq3] Extracted 159 odds records from 'Total Corners'
2025-12-09 20:00:40,207 - src.scrapers.aiscore.odds_scraper - INFO - [ndkz6il8e39sxq3] Parsed 159/159 rows from 'Default' (0 failed)
2025-12-09 20:00:40,210 - src.scrapers.aiscore.odds_scraper - INFO - [ndkz6il8e39sxq3] Extracted 159 odds from default view
2025-12-09 20:00:40,399 - src.scrapers.aiscore.odds_scraper - INFO - Match data saved to: data/aiscore/matches/20251008/match_ndkz6il8e39sxq3.json
2025-12-09 20:00:44,140 - src.scrapers.aiscore.odds_scraper - INFO - [jr7owirl5p6hgq0] Located 4 odds tabs: 1 X 2, Asian Handicap, Total Goals, Total Corners
2025-12-09 20:00:45,647 - src.scrapers.aiscore.odds_scraper - INFO - [jr7owirl5p6hgq0] Parsed 356/356 rows from '1 X 2' (0 failed)
2025-12-09 20:00:45,648 - src.scrapers.aiscore.odds_scraper - INFO - [jr7owirl5p6hgq0] Extracted 356 odds records from '1 X 2'
2025-12-09 20:00:47,155 - src.scrapers.aiscore.odds_scraper - INFO - [jr7owirl5p6hgq0] Parsed 166/356 rows from 'Asian Handicap' (139 failed)
2025-12-09 20:00:47,204 - src.scrapers.aiscore.odds_scraper - INFO - [jr7owirl5p6hgq0] Extracted 166 odds records from 'Asian Handicap'
2025-12-09 20:00:48,626 - src.scrapers.aiscore.odds_scraper - INFO - [jr7owirl5p6hgq0] Parsed 417/305 rows from 'Total Goals' (0 failed)
2025-12-09 20:00:48,636 - src.scrapers.aiscore.odds_scraper - INFO - [jr7owirl5p6hgq0] Extracted 417 odds records from 'Total Goals'
2025-12-09 20:00:50,010 - src.scrapers.aiscore.odds_scraper - INFO - [jr7owirl5p6hgq0] Parsed 181/183 rows from 'Total Corners' (2 failed)
2025-12-09 20:00:50,012 - src.scrapers.aiscore.odds_scraper - INFO - [jr7owirl5p6hgq0] Extracted 181 odds records from 'Total Corners'
2025-12-09 20:00:50,599 - src.scrapers.aiscore.odds_scraper - INFO - [jr7owirl5p6hgq0] Parsed 181/183 rows from 'Default' (2 failed)
2025-12-09 20:00:50,601 - src.scrapers.aiscore.odds_scraper - INFO - [jr7owirl5p6hgq0] Extracted 181 odds from default view
2025-12-09 20:00:50,738 - src.scrapers.aiscore.odds_scraper - INFO - Match data saved to: data/aiscore/matches/20251008/match_jr7owirl5p6hgq0.json
2025-12-09 20:00:54,883 - src.scrapers.aiscore.odds_scraper - INFO - [vrqwnig8xg4t4qn] Located 4 odds tabs: 1 X 2, Asian Handicap, Total Goals, Total Corners
2025-12-09 20:00:56,366 - src.scrapers.aiscore.odds_scraper - INFO - [vrqwnig8xg4t4qn] Parsed 338/338 rows from '1 X 2' (0 failed)
2025-12-09 20:00:56,367 - src.scrapers.aiscore.odds_scraper - INFO - [vrqwnig8xg4t4qn] Extracted 338 odds records from '1 X 2'
2025-12-09 20:00:57,763 - src.scrapers.aiscore.odds_scraper - INFO - [vrqwnig8xg4t4qn] Parsed 242/338 rows from 'Asian Handicap' (103 failed)
2025-12-09 20:00:57,770 - src.scrapers.aiscore.odds_scraper - INFO - [vrqwnig8xg4t4qn] Extracted 242 odds records from 'Asian Handicap'
2025-12-09 20:00:59,188 - src.scrapers.aiscore.odds_scraper - INFO - [vrqwnig8xg4t4qn] Parsed 358/345 rows from 'Total Goals' (0 failed)
2025-12-09 20:00:59,190 - src.scrapers.aiscore.odds_scraper - INFO - [vrqwnig8xg4t4qn] Extracted 358 odds records from 'Total Goals'
2025-12-09 20:01:00,538 - src.scrapers.aiscore.odds_scraper - INFO - [vrqwnig8xg4t4qn] Parsed 159/358 rows from 'Total Corners' (0 failed)
2025-12-09 20:01:00,539 - src.scrapers.aiscore.odds_scraper - INFO - [vrqwnig8xg4t4qn] Extracted 159 odds records from 'Total Corners'
2025-12-09 20:01:01,113 - src.scrapers.aiscore.odds_scraper - INFO - [vrqwnig8xg4t4qn] Parsed 159/159 rows from 'Default' (0 failed)
2025-12-09 20:01:01,120 - src.scrapers.aiscore.odds_scraper - INFO - [vrqwnig8xg4t4qn] Extracted 159 odds from default view
2025-12-09 20:01:01,255 - src.scrapers.aiscore.odds_scraper - INFO - Match data saved to: data/aiscore/matches/20251008/match_vrqwnig8xg4t4qn.json
2025-12-09 20:01:05,305 - src.scrapers.aiscore.odds_scraper - INFO - [jek33ivj2mdb9ko] Located 4 odds tabs: 1 X 2, Asian Handicap, Total Goals, Total Corners
2025-12-09 20:01:06,617 - src.scrapers.aiscore.odds_scraper - INFO - [jek33ivj2mdb9ko] Parsed 276/278 rows from '1 X 2' (2 failed)
2025-12-09 20:01:06,619 - src.scrapers.aiscore.odds_scraper - INFO - [jek33ivj2mdb9ko] Extracted 276 odds records from '1 X 2'
2025-12-09 20:01:07,961 - src.scrapers.aiscore.odds_scraper - INFO - [jek33ivj2mdb9ko] Parsed 192/343 rows from 'Asian Handicap' (151 failed)
2025-12-09 20:01:07,963 - src.scrapers.aiscore.odds_scraper - INFO - [jek33ivj2mdb9ko] Extracted 192 odds records from 'Asian Handicap'
2025-12-09 20:01:09,381 - src.scrapers.aiscore.odds_scraper - INFO - [jek33ivj2mdb9ko] Parsed 379/343 rows from 'Total Goals' (2 failed)
2025-12-09 20:01:09,383 - src.scrapers.aiscore.odds_scraper - INFO - [jek33ivj2mdb9ko] Extracted 379 odds records from 'Total Goals'
2025-12-09 20:01:10,752 - src.scrapers.aiscore.odds_scraper - INFO - [jek33ivj2mdb9ko] Parsed 166/167 rows from 'Total Corners' (1 failed)
2025-12-09 20:01:10,753 - src.scrapers.aiscore.odds_scraper - INFO - [jek33ivj2mdb9ko] Extracted 166 odds records from 'Total Corners'
2025-12-09 20:01:11,346 - src.scrapers.aiscore.odds_scraper - INFO - [jek33ivj2mdb9ko] Parsed 166/167 rows from 'Default' (1 failed)
2025-12-09 20:01:11,348 - src.scrapers.aiscore.odds_scraper - INFO - [jek33ivj2mdb9ko] Extracted 166 odds from default view
2025-12-09 20:01:11,482 - src.scrapers.aiscore.odds_scraper - INFO - Match data saved to: data/aiscore/matches/20251008/match_jek33ivj2mdb9ko.json
2025-12-09 20:01:11,582 - src.scrapers.aiscore.odds_scraper - INFO - Progress: 10/80 (12%) - Success: 8, Failed: 2, Total odds: 9346
2025-12-09 20:01:15,561 - src.scrapers.aiscore.odds_scraper - INFO - [o17pjijr246ay7j] Located 4 odds tabs: 1 X 2, Asian Handicap, Total Goals, Total Corners
2025-12-09 20:01:16,913 - src.scrapers.aiscore.odds_scraper - INFO - [o17pjijr246ay7j] Parsed 318/320 rows from '1 X 2' (2 failed)
2025-12-09 20:01:16,915 - src.scrapers.aiscore.odds_scraper - INFO - [o17pjijr246ay7j] Extracted 318 odds records from '1 X 2'
2025-12-09 20:01:18,298 - src.scrapers.aiscore.odds_scraper - INFO - [o17pjijr246ay7j] Parsed 159/320 rows from 'Asian Handicap' (118 failed)
2025-12-09 20:01:18,299 - src.scrapers.aiscore.odds_scraper - INFO - [o17pjijr246ay7j] Extracted 159 odds records from 'Asian Handicap'
2025-12-09 20:01:19,682 - src.scrapers.aiscore.odds_scraper - INFO - [o17pjijr246ay7j] Parsed 331/277 rows from 'Total Goals' (2 failed)
2025-12-09 20:01:19,684 - src.scrapers.aiscore.odds_scraper - INFO - [o17pjijr246ay7j] Extracted 331 odds records from 'Total Goals'
2025-12-09 20:01:21,012 - src.scrapers.aiscore.odds_scraper - INFO - [o17pjijr246ay7j] Parsed 148/149 rows from 'Total Corners' (1 failed)
2025-12-09 20:01:21,016 - src.scrapers.aiscore.odds_scraper - INFO - [o17pjijr246ay7j] Extracted 148 odds records from 'Total Corners'
2025-12-09 20:01:21,593 - src.scrapers.aiscore.odds_scraper - INFO - [o17pjijr246ay7j] Parsed 148/149 rows from 'Default' (1 failed)
2025-12-09 20:01:21,595 - src.scrapers.aiscore.odds_scraper - INFO - [o17pjijr246ay7j] Extracted 148 odds from default view
2025-12-09 20:01:21,727 - src.scrapers.aiscore.odds_scraper - INFO - Match data saved to: data/aiscore/matches/20251008/match_o17pjijr246ay7j.json
2025-12-09 20:01:25,575 - src.scrapers.aiscore.odds_scraper - INFO - [l6kegiwxj5lsv75] Located 4 odds tabs: 1 X 2, Asian Handicap, Total Goals, Total Corners
2025-12-09 20:01:26,905 - src.scrapers.aiscore.odds_scraper - INFO - [l6kegiwxj5lsv75] Parsed 223/223 rows from '1 X 2' (0 failed)
2025-12-09 20:01:26,906 - src.scrapers.aiscore.odds_scraper - INFO - [l6kegiwxj5lsv75] Extracted 223 odds records from '1 X 2'
2025-12-09 20:01:28,245 - src.scrapers.aiscore.odds_scraper - INFO - [l6kegiwxj5lsv75] Parsed 222/223 rows from 'Asian Handicap' (159 failed)
2025-12-09 20:01:28,247 - src.scrapers.aiscore.odds_scraper - INFO - [l6kegiwxj5lsv75] Extracted 222 odds records from 'Asian Handicap'
2025-12-09 20:01:29,689 - src.scrapers.aiscore.odds_scraper - INFO - [l6kegiwxj5lsv75] Parsed 411/411 rows from 'Total Goals' (0 failed)
2025-12-09 20:01:29,709 - src.scrapers.aiscore.odds_scraper - INFO - [l6kegiwxj5lsv75] Extracted 411 odds records from 'Total Goals'
2025-12-09 20:01:31,079 - src.scrapers.aiscore.odds_scraper - INFO - [l6kegiwxj5lsv75] Parsed 177/411 rows from 'Total Corners' (0 failed)
2025-12-09 20:01:31,080 - src.scrapers.aiscore.odds_scraper - INFO - [l6kegiwxj5lsv75] Extracted 177 odds records from 'Total Corners'
2025-12-09 20:01:31,670 - src.scrapers.aiscore.odds_scraper - INFO - [l6kegiwxj5lsv75] Parsed 177/177 rows from 'Default' (0 failed)
2025-12-09 20:01:31,672 - src.scrapers.aiscore.odds_scraper - INFO - [l6kegiwxj5lsv75] Extracted 177 odds from default view
2025-12-09 20:01:31,825 - src.scrapers.aiscore.odds_scraper - INFO - Match data saved to: data/aiscore/matches/20251008/match_l6kegiwxj5lsv75.json
2025-12-09 20:01:35,667 - src.scrapers.aiscore.odds_scraper - INFO - [63kv9ixj1l5ux7e] Located 4 odds tabs: 1 X 2, Asian Handicap, Total Goals, Total Corners
2025-12-09 20:01:36,985 - src.scrapers.aiscore.odds_scraper - INFO - [63kv9ixj1l5ux7e] Parsed 59/60 rows from '1 X 2' (1 failed)
2025-12-09 20:01:36,987 - src.scrapers.aiscore.odds_scraper - INFO - [63kv9ixj1l5ux7e] Extracted 59 odds records from '1 X 2'
2025-12-09 20:01:38,267 - src.scrapers.aiscore.odds_scraper - INFO - [63kv9ixj1l5ux7e] Parsed 4/60 rows from 'Asian Handicap' (129 failed)
2025-12-09 20:01:38,273 - src.scrapers.aiscore.odds_scraper - INFO - [63kv9ixj1l5ux7e] Extracted 4 odds records from 'Asian Handicap'
2025-12-09 20:01:39,607 - src.scrapers.aiscore.odds_scraper - INFO - [63kv9ixj1l5ux7e] Parsed 141/133 rows from 'Total Goals' (1 failed)
2025-12-09 20:01:39,608 - src.scrapers.aiscore.odds_scraper - INFO - [63kv9ixj1l5ux7e] Extracted 141 odds records from 'Total Goals'
2025-12-09 20:01:40,920 - src.scrapers.aiscore.odds_scraper - INFO - [63kv9ixj1l5ux7e] Parsed 3/142 rows from 'Total Corners' (139 failed)
2025-12-09 20:01:40,926 - src.scrapers.aiscore.odds_scraper - INFO - [63kv9ixj1l5ux7e] Extracted 3 odds records from 'Total Corners'
2025-12-09 20:01:41,858 - src.scrapers.aiscore.odds_scraper - INFO - [63kv9ixj1l5ux7e] Extracted 3 odds from default view
2025-12-09 20:01:41,945 - src.scrapers.aiscore.odds_scraper - INFO - Match data saved to: data/aiscore/matches/20251008/match_63kv9ixj1l5ux7e.json
2025-12-09 20:01:45,950 - src.scrapers.aiscore.odds_scraper - INFO - [xvkjoi0mejru879] Located 4 odds tabs: 1 X 2, Asian Handicap, Total Goals, Total Corners
2025-12-09 20:01:47,275 - src.scrapers.aiscore.odds_scraper - INFO - [xvkjoi0mejru879] Parsed 223/223 rows from '1 X 2' (0 failed)
2025-12-09 20:01:47,276 - src.scrapers.aiscore.odds_scraper - INFO - [xvkjoi0mejru879] Extracted 223 odds records from '1 X 2'
2025-12-09 20:01:48,599 - src.scrapers.aiscore.odds_scraper - INFO - [xvkjoi0mejru879] Parsed 146/223 rows from 'Asian Handicap' (100 failed)
2025-12-09 20:01:48,633 - src.scrapers.aiscore.odds_scraper - INFO - [xvkjoi0mejru879] Extracted 146 odds records from 'Asian Handicap'
2025-12-09 20:01:49,993 - src.scrapers.aiscore.odds_scraper - INFO - [xvkjoi0mejru879] Parsed 304/246 rows from 'Total Goals' (0 failed)
2025-12-09 20:01:49,995 - src.scrapers.aiscore.odds_scraper - INFO - [xvkjoi0mejru879] Extracted 304 odds records from 'Total Goals'
2025-12-09 20:01:51,351 - src.scrapers.aiscore.odds_scraper - INFO - [xvkjoi0mejru879] Parsed 166/304 rows from 'Total Corners' (0 failed)
2025-12-09 20:01:51,352 - src.scrapers.aiscore.odds_scraper - INFO - [xvkjoi0mejru879] Extracted 166 odds records from 'Total Corners'
2025-12-09 20:01:51,934 - src.scrapers.aiscore.odds_scraper - INFO - [xvkjoi0mejru879] Parsed 166/166 rows from 'Default' (0 failed)
2025-12-09 20:01:51,935 - src.scrapers.aiscore.odds_scraper - INFO - [xvkjoi0mejru879] Extracted 166 odds from default view
2025-12-09 20:01:52,057 - src.scrapers.aiscore.odds_scraper - INFO - Match data saved to: data/aiscore/matches/20251008/match_xvkjoi0mejru879.json
2025-12-09 20:01:56,075 - src.scrapers.aiscore.odds_scraper - INFO - [jr7owir5y5ntgq0] Located 4 odds tabs: 1 X 2, Asian Handicap, Total Goals, Total Corners
2025-12-09 20:01:57,366 - src.scrapers.aiscore.odds_scraper - INFO - [jr7owir5y5ntgq0] Parsed 216/217 rows from '1 X 2' (1 failed)
2025-12-09 20:01:57,367 - src.scrapers.aiscore.odds_scraper - INFO - [jr7owir5y5ntgq0] Extracted 216 odds records from '1 X 2'
2025-12-09 20:01:58,760 - src.scrapers.aiscore.odds_scraper - INFO - [jr7owir5y5ntgq0] Parsed 191/336 rows from 'Asian Handicap' (145 failed)
2025-12-09 20:01:58,761 - src.scrapers.aiscore.odds_scraper - INFO - [jr7owir5y5ntgq0] Extracted 191 odds records from 'Asian Handicap'
2025-12-09 20:02:00,166 - src.scrapers.aiscore.odds_scraper - INFO - [jr7owir5y5ntgq0] Parsed 343/344 rows from 'Total Goals' (1 failed)
2025-12-09 20:02:00,167 - src.scrapers.aiscore.odds_scraper - INFO - [jr7owir5y5ntgq0] Extracted 343 odds records from 'Total Goals'
2025-12-09 20:02:01,524 - src.scrapers.aiscore.odds_scraper - INFO - [jr7owir5y5ntgq0] Parsed 189/344 rows from 'Total Corners' (1 failed)
2025-12-09 20:02:01,526 - src.scrapers.aiscore.odds_scraper - INFO - [jr7owir5y5ntgq0] Extracted 189 odds records from 'Total Corners'
2025-12-09 20:02:02,097 - src.scrapers.aiscore.odds_scraper - INFO - [jr7owir5y5ntgq0] Parsed 189/190 rows from 'Default' (1 failed)
2025-12-09 20:02:02,100 - src.scrapers.aiscore.odds_scraper - INFO - [jr7owir5y5ntgq0] Extracted 189 odds from default view
2025-12-09 20:02:02,211 - src.scrapers.aiscore.odds_scraper - INFO - Match data saved to: data/aiscore/matches/20251008/match_jr7owir5y5ntgq0.json
2025-12-09 20:02:10,058 - src.scrapers.aiscore.odds_scraper - INFO - [9gklzi1pnxvsm7x] Located 4 odds tabs: 1 X 2, Asian Handicap, Total Goals, Total Corners
2025-12-09 20:02:11,466 - src.scrapers.aiscore.odds_scraper - INFO - [9gklzi1pnxvsm7x] Parsed 216/190 rows from '1 X 2' (1 failed)
2025-12-09 20:02:11,468 - src.scrapers.aiscore.odds_scraper - INFO - [9gklzi1pnxvsm7x] Extracted 216 odds records from '1 X 2'
2025-12-09 20:02:12,820 - src.scrapers.aiscore.odds_scraper - INFO - [9gklzi1pnxvsm7x] Parsed 191/336 rows from 'Asian Handicap' (145 failed)
2025-12-09 20:02:12,822 - src.scrapers.aiscore.odds_scraper - INFO - [9gklzi1pnxvsm7x] Extracted 191 odds records from 'Asian Handicap'
2025-12-09 20:02:14,205 - src.scrapers.aiscore.odds_scraper - INFO - [9gklzi1pnxvsm7x] Parsed 343/344 rows from 'Total Goals' (1 failed)
2025-12-09 20:02:14,206 - src.scrapers.aiscore.odds_scraper - INFO - [9gklzi1pnxvsm7x] Extracted 343 odds records from 'Total Goals'
2025-12-09 20:02:15,550 - src.scrapers.aiscore.odds_scraper - INFO - [9gklzi1pnxvsm7x] Parsed 189/344 rows from 'Total Corners' (1 failed)
2025-12-09 20:02:15,551 - src.scrapers.aiscore.odds_scraper - INFO - [9gklzi1pnxvsm7x] Extracted 189 odds records from 'Total Corners'
2025-12-09 20:02:16,124 - src.scrapers.aiscore.odds_scraper - INFO - [9gklzi1pnxvsm7x] Parsed 189/190 rows from 'Default' (1 failed)
2025-12-09 20:02:16,125 - src.scrapers.aiscore.odds_scraper - INFO - [9gklzi1pnxvsm7x] Extracted 189 odds from default view
2025-12-09 20:02:16,229 - src.scrapers.aiscore.odds_scraper - INFO - Match data saved to: data/aiscore/matches/20251008/match_9gklzi1pnxvsm7x.json
2025-12-09 20:02:20,624 - src.scrapers.aiscore.odds_scraper - INFO - [ndkz6i36xpgixq3] Located 4 odds tabs: 1 X 2, Asian Handicap, Total Goals, Total Corners
2025-12-09 20:02:21,906 - src.scrapers.aiscore.odds_scraper - INFO - [ndkz6i36xpgixq3] Parsed 238/239 rows from '1 X 2' (1 failed)
2025-12-09 20:02:21,907 - src.scrapers.aiscore.odds_scraper - INFO - [ndkz6i36xpgixq3] Extracted 238 odds records from '1 X 2'
2025-12-09 20:02:23,235 - src.scrapers.aiscore.odds_scraper - INFO - [ndkz6i36xpgixq3] Parsed 127/239 rows from 'Asian Handicap' (149 failed)
2025-12-09 20:02:23,237 - src.scrapers.aiscore.odds_scraper - INFO - [ndkz6i36xpgixq3] Extracted 127 odds records from 'Asian Handicap'
2025-12-09 20:02:24,621 - src.scrapers.aiscore.odds_scraper - INFO - [ndkz6i36xpgixq3] Parsed 328/329 rows from 'Total Goals' (1 failed)
2025-12-09 20:02:24,623 - src.scrapers.aiscore.odds_scraper - INFO - [ndkz6i36xpgixq3] Extracted 328 odds records from 'Total Goals'
2025-12-09 20:02:25,953 - src.scrapers.aiscore.odds_scraper - INFO - [ndkz6i36xpgixq3] Parsed 152/329 rows from 'Total Corners' (1 failed)
2025-12-09 20:02:25,954 - src.scrapers.aiscore.odds_scraper - INFO - [ndkz6i36xpgixq3] Extracted 152 odds records from 'Total Corners'
2025-12-09 20:02:26,518 - src.scrapers.aiscore.odds_scraper - INFO - [ndkz6i36xpgixq3] Parsed 152/153 rows from 'Default' (1 failed)
2025-12-09 20:02:26,518 - src.scrapers.aiscore.odds_scraper - INFO - [ndkz6i36xpgixq3] Extracted 152 odds from default view
2025-12-09 20:02:26,605 - src.scrapers.aiscore.odds_scraper - INFO - Match data saved to: data/aiscore/matches/20251008/match_ndkz6i36xpgixq3.json
2025-12-09 20:02:31,109 - src.scrapers.aiscore.odds_scraper - INFO - [527r3i46jd1s47e] Located 4 odds tabs: 1 X 2, Asian Handicap, Total Goals, Total Corners
2025-12-09 20:02:32,563 - src.scrapers.aiscore.odds_scraper - INFO - [527r3i46jd1s47e] Parsed 322/323 rows from '1 X 2' (1 failed)
2025-12-09 20:02:32,567 - src.scrapers.aiscore.odds_scraper - INFO - [527r3i46jd1s47e] Extracted 322 odds records from '1 X 2'
2025-12-09 20:02:33,945 - src.scrapers.aiscore.odds_scraper - INFO - [527r3i46jd1s47e] Parsed 135/318 rows from 'Asian Handicap' (183 failed)
2025-12-09 20:02:33,946 - src.scrapers.aiscore.odds_scraper - INFO - [527r3i46jd1s47e] Extracted 135 odds records from 'Asian Handicap'
2025-12-09 20:02:35,338 - src.scrapers.aiscore.odds_scraper - INFO - [527r3i46jd1s47e] Parsed 339/340 rows from 'Total Goals' (1 failed)
2025-12-09 20:02:35,340 - src.scrapers.aiscore.odds_scraper - INFO - [527r3i46jd1s47e] Extracted 339 odds records from 'Total Goals'
2025-12-09 20:02:36,673 - src.scrapers.aiscore.odds_scraper - INFO - [527r3i46jd1s47e] Parsed 108/108 rows from 'Total Corners' (0 failed)
2025-12-09 20:02:36,674 - src.scrapers.aiscore.odds_scraper - INFO - [527r3i46jd1s47e] Extracted 108 odds records from 'Total Corners'
2025-12-09 20:02:37,247 - src.scrapers.aiscore.odds_scraper - INFO - [527r3i46jd1s47e] Parsed 108/108 rows from 'Default' (0 failed)
2025-12-09 20:02:37,250 - src.scrapers.aiscore.odds_scraper - INFO - [527r3i46jd1s47e] Extracted 108 odds from default view
2025-12-09 20:02:37,350 - src.scrapers.aiscore.odds_scraper - INFO - Match data saved to: data/aiscore/matches/20251008/match_527r3i46jd1s47e.json
2025-12-09 20:02:40,563 - src.scrapers.aiscore.odds_scraper - INFO - [wv78xivew4efokr] Located 4 odds tabs: 1 X 2, Asian Handicap, Total Goals, Total Corners
2025-12-09 20:02:42,018 - src.scrapers.aiscore.odds_scraper - INFO - [wv78xivew4efokr] Parsed 240/241 rows from '1 X 2' (1 failed)
2025-12-09 20:02:42,021 - src.scrapers.aiscore.odds_scraper - INFO - [wv78xivew4efokr] Extracted 240 odds records from '1 X 2'
2025-12-09 20:02:43,367 - src.scrapers.aiscore.odds_scraper - INFO - [wv78xivew4efokr] Parsed 94/203 rows from 'Asian Handicap' (109 failed)
2025-12-09 20:02:43,369 - src.scrapers.aiscore.odds_scraper - INFO - [wv78xivew4efokr] Extracted 94 odds records from 'Asian Handicap'
2025-12-09 20:02:44,763 - src.scrapers.aiscore.odds_scraper - INFO - [wv78xivew4efokr] Parsed 303/304 rows from 'Total Goals' (1 failed)
2025-12-09 20:02:44,767 - src.scrapers.aiscore.odds_scraper - INFO - [wv78xivew4efokr] Extracted 303 odds records from 'Total Goals'
2025-12-09 20:02:46,117 - src.scrapers.aiscore.odds_scraper - INFO - [wv78xivew4efokr] Parsed 128/304 rows from 'Total Corners' (0 failed)
2025-12-09 20:02:46,120 - src.scrapers.aiscore.odds_scraper - INFO - [wv78xivew4efokr] Extracted 128 odds records from 'Total Corners'
2025-12-09 20:02:46,704 - src.scrapers.aiscore.odds_scraper - INFO - [wv78xivew4efokr] Parsed 128/128 rows from 'Default' (0 failed)
2025-12-09 20:02:46,705 - src.scrapers.aiscore.odds_scraper - INFO - [wv78xivew4efokr] Extracted 128 odds from default view
2025-12-09 20:02:47,097 - src.scrapers.aiscore.odds_scraper - INFO - Match data saved to: data/aiscore/matches/20251008/match_wv78xivew4efokr.json
2025-12-09 20:02:50,743 - src.scrapers.aiscore.odds_scraper - INFO - [ndkz6il5r9gcxq3] Located 4 odds tabs: 1 X 2, Asian Handicap, Total Goals, Total Corners
2025-12-09 20:02:52,035 - src.scrapers.aiscore.odds_scraper - INFO - [ndkz6il5r9gcxq3] Parsed 329/330 rows from '1 X 2' (1 failed)
2025-12-09 20:02:52,036 - src.scrapers.aiscore.odds_scraper - INFO - [ndkz6il5r9gcxq3] Extracted 329 odds records from '1 X 2'
2025-12-09 20:02:53,418 - src.scrapers.aiscore.odds_scraper - INFO - [ndkz6il5r9gcxq3] Parsed 215/330 rows from 'Asian Handicap' (79 failed)
2025-12-09 20:02:53,420 - src.scrapers.aiscore.odds_scraper - INFO - [ndkz6il5r9gcxq3] Extracted 215 odds records from 'Asian Handicap'
2025-12-09 20:02:54,813 - src.scrapers.aiscore.odds_scraper - INFO - [ndkz6il5r9gcxq3] Parsed 353/294 rows from 'Total Goals' (2 failed)
2025-12-09 20:02:54,814 - src.scrapers.aiscore.odds_scraper - INFO - [ndkz6il5r9gcxq3] Extracted 353 odds records from 'Total Goals'
2025-12-09 20:02:56,153 - src.scrapers.aiscore.odds_scraper - INFO - [ndkz6il5r9gcxq3] Parsed 194/355 rows from 'Total Corners' (1 failed)
2025-12-09 20:02:56,156 - src.scrapers.aiscore.odds_scraper - INFO - [ndkz6il5r9gcxq3] Extracted 194 odds records from 'Total Corners'
2025-12-09 20:02:56,735 - src.scrapers.aiscore.odds_scraper - INFO - [ndkz6il5r9gcxq3] Parsed 194/195 rows from 'Default' (1 failed)
2025-12-09 20:02:56,737 - src.scrapers.aiscore.odds_scraper - INFO - [ndkz6il5r9gcxq3] Extracted 194 odds from default view
2025-12-09 20:02:56,856 - src.scrapers.aiscore.odds_scraper - INFO - Match data saved to: data/aiscore/matches/20251008/match_ndkz6il5r9gcxq3.json
2025-12-09 20:03:00,454 - src.scrapers.aiscore.odds_scraper - INFO - [oj7x9inoy6ws47g] Located 4 odds tabs: 1 X 2, Asian Handicap, Total Goals, Total Corners
2025-12-09 20:03:02,029 - src.scrapers.aiscore.odds_scraper - INFO - [oj7x9inoy6ws47g] Parsed 311/312 rows from '1 X 2' (1 failed)
2025-12-09 20:03:02,030 - src.scrapers.aiscore.odds_scraper - INFO - [oj7x9inoy6ws47g] Extracted 311 odds records from '1 X 2'
2025-12-09 20:03:03,409 - src.scrapers.aiscore.odds_scraper - INFO - [oj7x9inoy6ws47g] Parsed 171/249 rows from 'Asian Handicap' (78 failed)
2025-12-09 20:03:03,410 - src.scrapers.aiscore.odds_scraper - INFO - [oj7x9inoy6ws47g] Extracted 171 odds records from 'Asian Handicap'
2025-12-09 20:03:04,799 - src.scrapers.aiscore.odds_scraper - INFO - [oj7x9inoy6ws47g] Parsed 333/249 rows from 'Total Goals' (1 failed)
2025-12-09 20:03:04,808 - src.scrapers.aiscore.odds_scraper - INFO - [oj7x9inoy6ws47g] Extracted 333 odds records from 'Total Goals'
2025-12-09 20:03:06,188 - src.scrapers.aiscore.odds_scraper - INFO - [oj7x9inoy6ws47g] Parsed 155/334 rows from 'Total Corners' (1 failed)
2025-12-09 20:03:06,189 - src.scrapers.aiscore.odds_scraper - INFO - [oj7x9inoy6ws47g] Extracted 155 odds records from 'Total Corners'
2025-12-09 20:03:06,771 - src.scrapers.aiscore.odds_scraper - INFO - [oj7x9inoy6ws47g] Parsed 155/156 rows from 'Default' (1 failed)
2025-12-09 20:03:06,773 - src.scrapers.aiscore.odds_scraper - INFO - [oj7x9inoy6ws47g] Extracted 155 odds from default view
2025-12-09 20:03:06,909 - src.scrapers.aiscore.odds_scraper - INFO - Match data saved to: data/aiscore/matches/20251008/match_oj7x9inoy6ws47g.json
2025-12-09 20:03:10,384 - src.scrapers.aiscore.odds_scraper - INFO - [m2q15ipo9g0ie76] Located 4 odds tabs: 1 X 2, Asian Handicap, Total Goals, Total Corners
2025-12-09 20:03:11,893 - src.scrapers.aiscore.odds_scraper - INFO - [m2q15ipo9g0ie76] Parsed 317/317 rows from '1 X 2' (0 failed)
2025-12-09 20:03:11,895 - src.scrapers.aiscore.odds_scraper - INFO - [m2q15ipo9g0ie76] Extracted 317 odds records from '1 X 2'
2025-12-09 20:03:13,263 - src.scrapers.aiscore.odds_scraper - INFO - [m2q15ipo9g0ie76] Parsed 233/284 rows from 'Asian Handicap' (51 failed)
2025-12-09 20:03:13,287 - src.scrapers.aiscore.odds_scraper - INFO - [m2q15ipo9g0ie76] Extracted 233 odds records from 'Asian Handicap'
2025-12-09 20:03:14,662 - src.scrapers.aiscore.odds_scraper - INFO - [m2q15ipo9g0ie76] Parsed 338/338 rows from 'Total Goals' (0 failed)
2025-12-09 20:03:14,677 - src.scrapers.aiscore.odds_scraper - INFO - [m2q15ipo9g0ie76] Extracted 338 odds records from 'Total Goals'
2025-12-09 20:03:16,017 - src.scrapers.aiscore.odds_scraper - INFO - [m2q15ipo9g0ie76] Parsed 193/338 rows from 'Total Corners' (0 failed)
2025-12-09 20:03:16,018 - src.scrapers.aiscore.odds_scraper - INFO - [m2q15ipo9g0ie76] Extracted 193 odds records from 'Total Corners'
2025-12-09 20:03:16,606 - src.scrapers.aiscore.odds_scraper - INFO - [m2q15ipo9g0ie76] Parsed 193/193 rows from 'Default' (0 failed)
2025-12-09 20:03:16,608 - src.scrapers.aiscore.odds_scraper - INFO - [m2q15ipo9g0ie76] Extracted 193 odds from default view
2025-12-09 20:03:16,739 - src.scrapers.aiscore.odds_scraper - INFO - Match data saved to: data/aiscore/matches/20251008/match_m2q15ipo9g0ie76.json
2025-12-09 20:03:20,568 - src.scrapers.aiscore.odds_scraper - INFO - [o17pjij5epnay7j] Located 4 odds tabs: 1 X 2, Asian Handicap, Total Goals, Total Corners
2025-12-09 20:03:21,936 - src.scrapers.aiscore.odds_scraper - INFO - [o17pjij5epnay7j] Parsed 159/164 rows from '1 X 2' (5 failed)
2025-12-09 20:03:21,946 - src.scrapers.aiscore.odds_scraper - INFO - [o17pjij5epnay7j] Extracted 159 odds records from '1 X 2'
2025-12-09 20:03:23,283 - src.scrapers.aiscore.odds_scraper - INFO - [o17pjij5epnay7j] Parsed 203/164 rows from 'Asian Handicap' (39 failed)
2025-12-09 20:03:23,284 - src.scrapers.aiscore.odds_scraper - INFO - [o17pjij5epnay7j] Extracted 203 odds records from 'Asian Handicap'
2025-12-09 20:03:24,653 - src.scrapers.aiscore.odds_scraper - INFO - [o17pjij5epnay7j] Parsed 322/242 rows from 'Total Goals' (9 failed)
2025-12-09 20:03:24,654 - src.scrapers.aiscore.odds_scraper - INFO - [o17pjij5epnay7j] Extracted 322 odds records from 'Total Goals'
2025-12-09 20:03:26,013 - src.scrapers.aiscore.odds_scraper - INFO - [o17pjij5epnay7j] Parsed 204/331 rows from 'Total Corners' (6 failed)
2025-12-09 20:03:26,015 - src.scrapers.aiscore.odds_scraper - INFO - [o17pjij5epnay7j] Extracted 204 odds records from 'Total Corners'
2025-12-09 20:03:26,609 - src.scrapers.aiscore.odds_scraper - INFO - [o17pjij5epnay7j] Parsed 204/210 rows from 'Default' (6 failed)
2025-12-09 20:03:26,631 - src.scrapers.aiscore.odds_scraper - INFO - [o17pjij5epnay7j] Extracted 204 odds from default view
2025-12-09 20:03:26,910 - src.scrapers.aiscore.odds_scraper - INFO - Match data saved to: data/aiscore/matches/20251008/match_o17pjij5epnay7j.json
2025-12-09 20:03:30,331 - src.scrapers.aiscore.odds_scraper - INFO - [xvkjoi8vd1jf879] Located 4 odds tabs: 1 X 2, Asian Handicap, Total Goals, Total Corners
2025-12-09 20:03:31,737 - src.scrapers.aiscore.odds_scraper - INFO - [xvkjoi8vd1jf879] Parsed 225/227 rows from '1 X 2' (2 failed)
2025-12-09 20:03:31,739 - src.scrapers.aiscore.odds_scraper - INFO - [xvkjoi8vd1jf879] Extracted 225 odds records from '1 X 2'
2025-12-09 20:03:33,052 - src.scrapers.aiscore.odds_scraper - INFO - [xvkjoi8vd1jf879] Parsed 164/227 rows from 'Asian Handicap' (17 failed)
2025-12-09 20:03:33,053 - src.scrapers.aiscore.odds_scraper - INFO - [xvkjoi8vd1jf879] Extracted 164 odds records from 'Asian Handicap'
2025-12-09 20:03:34,380 - src.scrapers.aiscore.odds_scraper - INFO - [xvkjoi8vd1jf879] Parsed 308/181 rows from 'Total Goals' (1 failed)
2025-12-09 20:03:34,381 - src.scrapers.aiscore.odds_scraper - INFO - [xvkjoi8vd1jf879] Extracted 308 odds records from 'Total Goals'
2025-12-09 20:03:35,697 - src.scrapers.aiscore.odds_scraper - INFO - [xvkjoi8vd1jf879] Parsed 0/309 rows from 'Total Corners' (0 failed)
2025-12-09 20:03:36,458 - src.scrapers.aiscore.odds_scraper - INFO - Match data saved to: data/aiscore/matches/20251008/match_xvkjoi8vd1jf879.json
2025-12-09 20:03:39,883 - src.scrapers.aiscore.odds_scraper - INFO - [vrqwni4z6m4i4qn] Located 4 odds tabs: 1 X 2, Asian Handicap, Total Goals, Total Corners
2025-12-09 20:03:41,199 - src.scrapers.aiscore.odds_scraper - INFO - [vrqwni4z6m4i4qn] Parsed 146/147 rows from '1 X 2' (1 failed)
2025-12-09 20:03:41,200 - src.scrapers.aiscore.odds_scraper - INFO - [vrqwni4z6m4i4qn] Extracted 146 odds records from '1 X 2'
2025-12-09 20:03:42,512 - src.scrapers.aiscore.odds_scraper - INFO - [vrqwni4z6m4i4qn] Parsed 192/208 rows from 'Asian Handicap' (16 failed)
2025-12-09 20:03:42,512 - src.scrapers.aiscore.odds_scraper - INFO - [vrqwni4z6m4i4qn] Extracted 192 odds records from 'Asian Handicap'
2025-12-09 20:03:43,832 - src.scrapers.aiscore.odds_scraper - INFO - [vrqwni4z6m4i4qn] Parsed 247/208 rows from 'Total Goals' (1 failed)
2025-12-09 20:03:43,833 - src.scrapers.aiscore.odds_scraper - INFO - [vrqwni4z6m4i4qn] Extracted 247 odds records from 'Total Goals'
2025-12-09 20:03:45,142 - src.scrapers.aiscore.odds_scraper - INFO - [vrqwni4z6m4i4qn] Parsed 0/248 rows from 'Total Corners' (0 failed)
2025-12-09 20:03:45,942 - src.scrapers.aiscore.odds_scraper - INFO - Match data saved to: data/aiscore/matches/20251008/match_vrqwni4z6m4i4qn.json
2025-12-09 20:03:49,663 - src.scrapers.aiscore.odds_scraper - INFO - [ndqmliwgdm9srkv] Located 4 odds tabs: 1 X 2, Asian Handicap, Total Goals, Total Corners
2025-12-09 20:03:50,922 - src.scrapers.aiscore.odds_scraper - INFO - [ndqmliwgdm9srkv] Parsed 135/135 rows from '1 X 2' (0 failed)
2025-12-09 20:03:50,925 - src.scrapers.aiscore.odds_scraper - INFO - [ndqmliwgdm9srkv] Extracted 135 odds records from '1 X 2'
2025-12-09 20:03:52,225 - src.scrapers.aiscore.odds_scraper - INFO - [ndqmliwgdm9srkv] Parsed 144/148 rows from 'Asian Handicap' (4 failed)
2025-12-09 20:03:52,227 - src.scrapers.aiscore.odds_scraper - INFO - [ndqmliwgdm9srkv] Extracted 144 odds records from 'Asian Handicap'
2025-12-09 20:03:53,537 - src.scrapers.aiscore.odds_scraper - INFO - [ndqmliwgdm9srkv] Parsed 257/148 rows from 'Total Goals' (0 failed)
2025-12-09 20:03:53,538 - src.scrapers.aiscore.odds_scraper - INFO - [ndqmliwgdm9srkv] Extracted 257 odds records from 'Total Goals'
2025-12-09 20:03:54,860 - src.scrapers.aiscore.odds_scraper - INFO - [ndqmliwgdm9srkv] Parsed 0/257 rows from 'Total Corners' (0 failed)
2025-12-09 20:03:55,637 - src.scrapers.aiscore.odds_scraper - INFO - Match data saved to: data/aiscore/matches/20251008/match_ndqmliwgdm9srkv.json
2025-12-09 20:03:55,736 - src.scrapers.aiscore.odds_scraper - INFO - Progress: 50/80 (62%) - Success: 24, Failed: 2, Total odds: 24627
2025-12-09 20:03:59,184 - src.scrapers.aiscore.odds_scraper - INFO - [ndkz6i36ry1fxq3] Located 4 odds tabs: 1 X 2, Asian Handicap, Total Goals, Total Corners
2025-12-09 20:04:00,438 - src.scrapers.aiscore.odds_scraper - INFO - [ndkz6i36ry1fxq3] Parsed 154/154 rows from '1 X 2' (0 failed)
2025-12-09 20:04:00,439 - src.scrapers.aiscore.odds_scraper - INFO - [ndkz6i36ry1fxq3] Extracted 154 odds records from '1 X 2'
2025-12-09 20:04:01,745 - src.scrapers.aiscore.odds_scraper - INFO - [ndkz6i36ry1fxq3] Parsed 152/154 rows from 'Asian Handicap' (2 failed)
2025-12-09 20:04:01,747 - src.scrapers.aiscore.odds_scraper - INFO - [ndkz6i36ry1fxq3] Extracted 152 odds records from 'Asian Handicap'
2025-12-09 20:04:03,224 - src.scrapers.aiscore.odds_scraper - INFO - [ndkz6i36ry1fxq3] Parsed 273/242 rows from 'Total Goals' (0 failed)
2025-12-09 20:04:03,227 - src.scrapers.aiscore.odds_scraper - INFO - [ndkz6i36ry1fxq3] Extracted 273 odds records from 'Total Goals'
2025-12-09 20:04:04,534 - src.scrapers.aiscore.odds_scraper - INFO - [ndkz6i36ry1fxq3] Parsed 0/273 rows from 'Total Corners' (0 failed)
2025-12-09 20:04:05,429 - src.scrapers.aiscore.odds_scraper - INFO - Match data saved to: data/aiscore/matches/20251008/match_ndkz6i36ry1fxq3.json
2025-12-09 20:04:08,960 - src.scrapers.aiscore.odds_scraper - INFO - [g6763i530w0ao7r] Located 4 odds tabs: 1 X 2, Asian Handicap, Total Goals, Total Corners
2025-12-09 20:04:10,297 - src.scrapers.aiscore.odds_scraper - INFO - [g6763i530w0ao7r] Parsed 93/93 rows from '1 X 2' (0 failed)
2025-12-09 20:04:10,299 - src.scrapers.aiscore.odds_scraper - INFO - [g6763i530w0ao7r] Extracted 93 odds records from '1 X 2'
2025-12-09 20:04:11,578 - src.scrapers.aiscore.odds_scraper - INFO - [g6763i530w0ao7r] Parsed 116/93 rows from 'Asian Handicap' (0 failed)
2025-12-09 20:04:11,581 - src.scrapers.aiscore.odds_scraper - INFO - [g6763i530w0ao7r] Extracted 116 odds records from 'Asian Handicap'
2025-12-09 20:04:12,889 - src.scrapers.aiscore.odds_scraper - INFO - [g6763i530w0ao7r] Parsed 189/116 rows from 'Total Goals' (0 failed)
2025-12-09 20:04:12,890 - src.scrapers.aiscore.odds_scraper - INFO - [g6763i530w0ao7r] Extracted 189 odds records from 'Total Goals'
2025-12-09 20:04:14,178 - src.scrapers.aiscore.odds_scraper - INFO - [g6763i530w0ao7r] Parsed 0/189 rows from 'Total Corners' (0 failed)
2025-12-09 20:04:15,137 - src.scrapers.aiscore.odds_scraper - INFO - Match data saved to: data/aiscore/matches/20251008/match_g6763i530w0ao7r.json
2025-12-09 20:04:18,774 - src.scrapers.aiscore.odds_scraper - INFO - [jr7owipvlnrtgq0] Located 4 odds tabs: 1 X 2, Asian Handicap, Total Goals, Total Corners
2025-12-09 20:04:20,051 - src.scrapers.aiscore.odds_scraper - INFO - [jr7owipvlnrtgq0] Parsed 119/122 rows from '1 X 2' (3 failed)
2025-12-09 20:04:20,053 - src.scrapers.aiscore.odds_scraper - INFO - [jr7owipvlnrtgq0] Extracted 119 odds records from '1 X 2'
2025-12-09 20:04:21,346 - src.scrapers.aiscore.odds_scraper - INFO - [jr7owipvlnrtgq0] Parsed 84/122 rows from 'Asian Handicap' (40 failed)
2025-12-09 20:04:21,347 - src.scrapers.aiscore.odds_scraper - INFO - [jr7owipvlnrtgq0] Extracted 84 odds records from 'Asian Handicap'
2025-12-09 20:04:22,645 - src.scrapers.aiscore.odds_scraper - INFO - [jr7owipvlnrtgq0] Parsed 186/124 rows from 'Total Goals' (3 failed)
2025-12-09 20:04:22,646 - src.scrapers.aiscore.odds_scraper - INFO - [jr7owipvlnrtgq0] Extracted 186 odds records from 'Total Goals'
2025-12-09 20:04:23,967 - src.scrapers.aiscore.odds_scraper - INFO - [jr7owipvlnrtgq0] Parsed 0/189 rows from 'Total Corners' (0 failed)
2025-12-09 20:04:24,741 - src.scrapers.aiscore.odds_scraper - INFO - Match data saved to: data/aiscore/matches/20251008/match_jr7owipvlnrtgq0.json
2025-12-09 20:04:28,381 - src.scrapers.aiscore.odds_scraper - INFO - [l6kegi83gnlbv75] Located 4 odds tabs: 1 X 2, Asian Handicap, Total Goals, Total Corners
2025-12-09 20:04:29,697 - src.scrapers.aiscore.odds_scraper - INFO - [l6kegi83gnlbv75] Extracted 1 odds records from '1 X 2'
2025-12-09 20:04:32,217 - src.scrapers.aiscore.odds_scraper - INFO - [l6kegi83gnlbv75] Extracted 3 odds records from 'Total Goals'
2025-12-09 20:04:34,263 - src.scrapers.aiscore.odds_scraper - INFO - Match data saved to: data/aiscore/matches/20251008/match_l6kegi83gnlbv75.json
2025-12-09 20:05:07,021 - src.scrapers.aiscore.odds_scraper - INFO - [oj7x9ixdyx4s47g] No tabs found, attempting page refresh
2025-12-09 20:05:21,941 - src.scrapers.aiscore.odds_scraper - INFO - Match data saved to: data/aiscore/matches/20251008/match_oj7x9ixdyx4s47g.json
2025-12-09 20:05:22,152 - src.scrapers.aiscore.odds_scraper - INFO - Progress: 60/80 (75%) - Success: 28, Failed: 3, Total odds: 25997
2025-12-09 20:05:25,287 - src.scrapers.aiscore.odds_scraper - INFO - [527r3i46me3c47e] Located 4 odds tabs: 1 X 2, Asian Handicap, Total Goals, Total Corners
2025-12-09 20:05:26,556 - src.scrapers.aiscore.odds_scraper - INFO - [527r3i46me3c47e] Parsed 137/137 rows from '1 X 2' (0 failed)
2025-12-09 20:05:26,557 - src.scrapers.aiscore.odds_scraper - INFO - [527r3i46me3c47e] Extracted 137 odds records from '1 X 2'
2025-12-09 20:05:27,845 - src.scrapers.aiscore.odds_scraper - INFO - [527r3i46me3c47e] Parsed 73/137 rows from 'Asian Handicap' (0 failed)
2025-12-09 20:05:27,847 - src.scrapers.aiscore.odds_scraper - INFO - [527r3i46me3c47e] Extracted 73 odds records from 'Asian Handicap'
2025-12-09 20:05:29,126 - src.scrapers.aiscore.odds_scraper - INFO - [527r3i46me3c47e] Parsed 209/73 rows from 'Total Goals' (0 failed)
2025-12-09 20:05:29,128 - src.scrapers.aiscore.odds_scraper - INFO - [527r3i46me3c47e] Extracted 209 odds records from 'Total Goals'
2025-12-09 20:05:30,460 - src.scrapers.aiscore.odds_scraper - INFO - [527r3i46me3c47e] Parsed 250/209 rows from 'Total Corners' (0 failed)
2025-12-09 20:05:30,462 - src.scrapers.aiscore.odds_scraper - INFO - [527r3i46me3c47e] Extracted 250 odds records from 'Total Corners'
2025-12-09 20:05:31,043 - src.scrapers.aiscore.odds_scraper - INFO - [527r3i46me3c47e] Parsed 250/250 rows from 'Default' (0 failed)
2025-12-09 20:05:31,044 - src.scrapers.aiscore.odds_scraper - INFO - [527r3i46me3c47e] Extracted 250 odds from default view
2025-12-09 20:05:31,154 - src.scrapers.aiscore.odds_scraper - INFO - Match data saved to: data/aiscore/matches/20251008/match_527r3i46me3c47e.json
2025-12-09 20:05:34,673 - src.scrapers.aiscore.odds_scraper - INFO - [xvkjoi8vdprt879] Located 4 odds tabs: 1 X 2, Asian Handicap, Total Goals, Total Corners
2025-12-09 20:05:35,948 - src.scrapers.aiscore.odds_scraper - INFO - [xvkjoi8vdprt879] Parsed 214/218 rows from '1 X 2' (4 failed)
2025-12-09 20:05:35,949 - src.scrapers.aiscore.odds_scraper - INFO - [xvkjoi8vdprt879] Extracted 214 odds records from '1 X 2'
2025-12-09 20:05:37,259 - src.scrapers.aiscore.odds_scraper - INFO - [xvkjoi8vdprt879] Parsed 181/205 rows from 'Asian Handicap' (24 failed)
2025-12-09 20:05:37,261 - src.scrapers.aiscore.odds_scraper - INFO - [xvkjoi8vdprt879] Extracted 181 odds records from 'Asian Handicap'
2025-12-09 20:05:38,580 - src.scrapers.aiscore.odds_scraper - INFO - [xvkjoi8vdprt879] Parsed 287/205 rows from 'Total Goals' (3 failed)
2025-12-09 20:05:38,582 - src.scrapers.aiscore.odds_scraper - INFO - [xvkjoi8vdprt879] Extracted 287 odds records from 'Total Goals'
2025-12-09 20:05:39,935 - src.scrapers.aiscore.odds_scraper - INFO - [xvkjoi8vdprt879] Parsed 298/290 rows from 'Total Corners' (0 failed)
2025-12-09 20:05:39,937 - src.scrapers.aiscore.odds_scraper - INFO - [xvkjoi8vdprt879] Extracted 298 odds records from 'Total Corners'
2025-12-09 20:05:40,520 - src.scrapers.aiscore.odds_scraper - INFO - [xvkjoi8vdprt879] Parsed 298/298 rows from 'Default' (0 failed)
2025-12-09 20:05:40,522 - src.scrapers.aiscore.odds_scraper - INFO - [xvkjoi8vdprt879] Extracted 298 odds from default view
2025-12-09 20:05:40,813 - src.scrapers.aiscore.odds_scraper - INFO - Match data saved to: data/aiscore/matches/20251008/match_xvkjoi8vdprt879.json
2025-12-09 20:06:13,673 - src.scrapers.aiscore.odds_scraper - INFO - [o17pjione29by7j] No tabs found, attempting page refresh
2025-12-09 20:06:28,234 - src.scrapers.aiscore.odds_scraper - INFO - Match data saved to: data/aiscore/matches/20251008/match_o17pjione29by7j.json
2025-12-09 20:06:31,667 - src.scrapers.aiscore.odds_scraper - INFO - [o17pjione46uy7j] Located 4 odds tabs: 1 X 2, Asian Handicap, Total Goals, Total Corners
2025-12-09 20:06:33,111 - src.scrapers.aiscore.odds_scraper - INFO - [o17pjione46uy7j] Parsed 209/210 rows from '1 X 2' (1 failed)
2025-12-09 20:06:33,112 - src.scrapers.aiscore.odds_scraper - INFO - [o17pjione46uy7j] Extracted 209 odds records from '1 X 2'
2025-12-09 20:06:34,412 - src.scrapers.aiscore.odds_scraper - INFO - [o17pjione46uy7j] Parsed 121/210 rows from 'Asian Handicap' (37 failed)
2025-12-09 20:06:34,442 - src.scrapers.aiscore.odds_scraper - INFO - [o17pjione46uy7j] Extracted 121 odds records from 'Asian Handicap'
2025-12-09 20:06:35,754 - src.scrapers.aiscore.odds_scraper - INFO - [o17pjione46uy7j] Parsed 150/158 rows from 'Total Goals' (8 failed)
2025-12-09 20:06:35,756 - src.scrapers.aiscore.odds_scraper - INFO - [o17pjione46uy7j] Extracted 150 odds records from 'Total Goals'
2025-12-09 20:06:37,065 - src.scrapers.aiscore.odds_scraper - INFO - [o17pjione46uy7j] Parsed 141/255 rows from 'Total Corners' (1 failed)
2025-12-09 20:06:37,067 - src.scrapers.aiscore.odds_scraper - INFO - [o17pjione46uy7j] Extracted 141 odds records from 'Total Corners'
2025-12-09 20:06:37,649 - src.scrapers.aiscore.odds_scraper - INFO - [o17pjione46uy7j] Parsed 141/142 rows from 'Default' (1 failed)
2025-12-09 20:06:37,651 - src.scrapers.aiscore.odds_scraper - INFO - [o17pjione46uy7j] Extracted 141 odds from default view
2025-12-09 20:06:37,821 - src.scrapers.aiscore.odds_scraper - INFO - Match data saved to: data/aiscore/matches/20251008/match_o17pjione46uy7j.json
2025-12-09 20:07:10,696 - src.scrapers.aiscore.odds_scraper - INFO - [oj7x9ixdyl6t47g] No tabs found, attempting page refresh
2025-12-09 20:07:25,153 - src.scrapers.aiscore.odds_scraper - INFO - Match data saved to: data/aiscore/matches/20251008/match_oj7x9ixdyl6t47g.json
2025-12-09 20:07:58,239 - src.scrapers.aiscore.odds_scraper - INFO - [jr7owipm253agq0] No tabs found, attempting page refresh
2025-12-09 20:08:12,686 - src.scrapers.aiscore.odds_scraper - INFO - Match data saved to: data/aiscore/matches/20251008/match_jr7owipm253agq0.json
2025-12-09 20:08:16,021 - src.scrapers.aiscore.odds_scraper - INFO - [ndkz6i36gz3txq3] Located 4 odds tabs: 1 X 2, Asian Handicap, Total Goals, Total Corners
2025-12-09 20:08:17,424 - src.scrapers.aiscore.odds_scraper - INFO - [ndkz6i36gz3txq3] Parsed 143/144 rows from '1 X 2' (1 failed)
2025-12-09 20:08:17,429 - src.scrapers.aiscore.odds_scraper - INFO - [ndkz6i36gz3txq3] Extracted 143 odds records from '1 X 2'
2025-12-09 20:08:18,725 - src.scrapers.aiscore.odds_scraper - INFO - [ndkz6i36gz3txq3] Parsed 169/144 rows from 'Asian Handicap' (3 failed)
2025-12-09 20:08:18,728 - src.scrapers.aiscore.odds_scraper - INFO - [ndkz6i36gz3txq3] Extracted 169 odds records from 'Asian Handicap'
2025-12-09 20:08:20,093 - src.scrapers.aiscore.odds_scraper - INFO - [ndkz6i36gz3txq3] Parsed 227/228 rows from 'Total Goals' (1 failed)
2025-12-09 20:08:20,095 - src.scrapers.aiscore.odds_scraper - INFO - [ndkz6i36gz3txq3] Extracted 227 odds records from 'Total Goals'
2025-12-09 20:08:21,458 - src.scrapers.aiscore.odds_scraper - INFO - [ndkz6i36gz3txq3] Parsed 0/228 rows from 'Total Corners' (0 failed)
2025-12-09 20:08:22,247 - src.scrapers.aiscore.odds_scraper - INFO - Match data saved to: data/aiscore/matches/20251008/match_ndkz6i36gz3txq3.json
2025-12-09 20:08:25,630 - src.scrapers.aiscore.odds_scraper - INFO - [34kgmiowmwyceko] Located 4 odds tabs: 1 X 2, Asian Handicap, Total Goals, Total Corners
2025-12-09 20:08:26,937 - src.scrapers.aiscore.odds_scraper - INFO - [34kgmiowmwyceko] Parsed 153/153 rows from '1 X 2' (0 failed)
2025-12-09 20:08:26,944 - src.scrapers.aiscore.odds_scraper - INFO - [34kgmiowmwyceko] Extracted 153 odds records from '1 X 2'
2025-12-09 20:08:28,246 - src.scrapers.aiscore.odds_scraper - INFO - [34kgmiowmwyceko] Parsed 118/139 rows from 'Asian Handicap' (21 failed)
2025-12-09 20:08:28,257 - src.scrapers.aiscore.odds_scraper - INFO - [34kgmiowmwyceko] Extracted 118 odds records from 'Asian Handicap'
2025-12-09 20:08:29,561 - src.scrapers.aiscore.odds_scraper - INFO - [34kgmiowmwyceko] Parsed 242/139 rows from 'Total Goals' (0 failed)
2025-12-09 20:08:29,563 - src.scrapers.aiscore.odds_scraper - INFO - [34kgmiowmwyceko] Extracted 242 odds records from 'Total Goals'
2025-12-09 20:08:30,881 - src.scrapers.aiscore.odds_scraper - INFO - [34kgmiowmwyceko] Parsed 126/242 rows from 'Total Corners' (0 failed)
2025-12-09 20:08:30,883 - src.scrapers.aiscore.odds_scraper - INFO - [34kgmiowmwyceko] Extracted 126 odds records from 'Total Corners'
2025-12-09 20:08:31,465 - src.scrapers.aiscore.odds_scraper - INFO - [34kgmiowmwyceko] Parsed 126/126 rows from 'Default' (0 failed)
2025-12-09 20:08:31,504 - src.scrapers.aiscore.odds_scraper - INFO - [34kgmiowmwyceko] Extracted 126 odds from default view
2025-12-09 20:08:31,759 - src.scrapers.aiscore.odds_scraper - INFO - Match data saved to: data/aiscore/matches/20251008/match_34kgmiowmwyceko.json
2025-12-09 20:09:04,769 - src.scrapers.aiscore.odds_scraper - INFO - [m2q15iz4932ie76] No tabs found, attempting page refresh
2025-12-09 20:09:19,236 - src.scrapers.aiscore.odds_scraper - INFO - Match data saved to: data/aiscore/matches/20251008/match_m2q15iz4932ie76.json
2025-12-09 20:09:22,681 - src.scrapers.aiscore.odds_scraper - INFO - [l6kegi83yzpiv75] Located 4 odds tabs: 1 X 2, Asian Handicap, Total Goals, Total Corners
2025-12-09 20:09:23,959 - src.scrapers.aiscore.odds_scraper - INFO - [l6kegi83yzpiv75] Parsed 165/165 rows from '1 X 2' (0 failed)
2025-12-09 20:09:23,963 - src.scrapers.aiscore.odds_scraper - INFO - [l6kegi83yzpiv75] Extracted 165 odds records from '1 X 2'
2025-12-09 20:09:25,270 - src.scrapers.aiscore.odds_scraper - INFO - [l6kegi83yzpiv75] Parsed 164/165 rows from 'Asian Handicap' (1 failed)
2025-12-09 20:09:25,275 - src.scrapers.aiscore.odds_scraper - INFO - [l6kegi83yzpiv75] Extracted 164 odds records from 'Asian Handicap'
2025-12-09 20:09:26,608 - src.scrapers.aiscore.odds_scraper - INFO - [l6kegi83yzpiv75] Parsed 264/212 rows from 'Total Goals' (0 failed)
2025-12-09 20:09:26,610 - src.scrapers.aiscore.odds_scraper - INFO - [l6kegi83yzpiv75] Extracted 264 odds records from 'Total Goals'
2025-12-09 20:09:27,944 - src.scrapers.aiscore.odds_scraper - INFO - [l6kegi83yzpiv75] Parsed 0/264 rows from 'Total Corners' (0 failed)
2025-12-09 20:09:28,748 - src.scrapers.aiscore.odds_scraper - INFO - Match data saved to: data/aiscore/matches/20251008/match_l6kegi83yzpiv75.json
2025-12-09 20:09:29,037 - src.scrapers.aiscore.odds_scraper - INFO - Progress: 70/80 (88%) - Success: 34, Failed: 7, Total odds: 30853
2025-12-09 20:10:01,901 - src.scrapers.aiscore.odds_scraper - INFO - [vmqy9ivzrv2cgk9] No tabs found, attempting page refresh
2025-12-09 20:10:16,571 - src.scrapers.aiscore.odds_scraper - INFO - Match data saved to: data/aiscore/matches/20251008/match_vmqy9ivzrv2cgk9.json
2025-12-09 20:10:19,952 - src.scrapers.aiscore.odds_scraper - INFO - [8lk2dirvvgjfz73] Located 4 odds tabs: 1 X 2, Asian Handicap, Total Goals, Total Corners
2025-12-09 20:10:21,306 - src.scrapers.aiscore.odds_scraper - INFO - [8lk2dirvvgjfz73] Parsed 196/197 rows from '1 X 2' (1 failed)
2025-12-09 20:10:21,308 - src.scrapers.aiscore.odds_scraper - INFO - [8lk2dirvvgjfz73] Extracted 196 odds records from '1 X 2'
2025-12-09 20:10:22,612 - src.scrapers.aiscore.odds_scraper - INFO - [8lk2dirvvgjfz73] Parsed 208/197 rows from 'Asian Handicap' (23 failed)
2025-12-09 20:10:22,613 - src.scrapers.aiscore.odds_scraper - INFO - [8lk2dirvvgjfz73] Extracted 208 odds records from 'Asian Handicap'
2025-12-09 20:10:23,937 - src.scrapers.aiscore.odds_scraper - INFO - [8lk2dirvvgjfz73] Parsed 287/231 rows from 'Total Goals' (1 failed)
2025-12-09 20:10:23,939 - src.scrapers.aiscore.odds_scraper - INFO - [8lk2dirvvgjfz73] Extracted 287 odds records from 'Total Goals'
2025-12-09 20:10:25,265 - src.scrapers.aiscore.odds_scraper - INFO - [8lk2dirvvgjfz73] Parsed 0/288 rows from 'Total Corners' (0 failed)
2025-12-09 20:10:26,067 - src.scrapers.aiscore.odds_scraper - INFO - Match data saved to: data/aiscore/matches/20251008/match_8lk2dirvvgjfz73.json
2025-12-09 20:10:29,568 - src.scrapers.aiscore.odds_scraper - INFO - [m2q15izmme4te76] Located 4 odds tabs: 1 X 2, Asian Handicap, Total Goals, Total Corners
2025-12-09 20:10:30,882 - src.scrapers.aiscore.odds_scraper - INFO - [m2q15izmme4te76] Parsed 186/186 rows from '1 X 2' (0 failed)
2025-12-09 20:10:30,884 - src.scrapers.aiscore.odds_scraper - INFO - [m2q15izmme4te76] Extracted 186 odds records from '1 X 2'
2025-12-09 20:10:32,205 - src.scrapers.aiscore.odds_scraper - INFO - [m2q15izmme4te76] Parsed 164/186 rows from 'Asian Handicap' (26 failed)
2025-12-09 20:10:32,208 - src.scrapers.aiscore.odds_scraper - INFO - [m2q15izmme4te76] Extracted 164 odds records from 'Asian Handicap'
2025-12-09 20:10:33,525 - src.scrapers.aiscore.odds_scraper - INFO - [m2q15izmme4te76] Parsed 229/190 rows from 'Total Goals' (0 failed)
2025-12-09 20:10:33,533 - src.scrapers.aiscore.odds_scraper - INFO - [m2q15izmme4te76] Extracted 229 odds records from 'Total Goals'
2025-12-09 20:10:34,855 - src.scrapers.aiscore.odds_scraper - INFO - [m2q15izmme4te76] Parsed 6/229 rows from 'Total Corners' (223 failed)
2025-12-09 20:10:34,862 - src.scrapers.aiscore.odds_scraper - INFO - [m2q15izmme4te76] Extracted 6 odds records from 'Total Corners'
2025-12-09 20:10:35,453 - src.scrapers.aiscore.odds_scraper - INFO - [m2q15izmme4te76] Parsed 139/139 rows from 'Default' (0 failed)
2025-12-09 20:10:35,455 - src.scrapers.aiscore.odds_scraper - INFO - [m2q15izmme4te76] Extracted 139 odds from default view
2025-12-09 20:10:35,586 - src.scrapers.aiscore.odds_scraper - INFO - Match data saved to: data/aiscore/matches/20251008/match_m2q15izmme4te76.json
2025-12-09 20:10:38,876 - src.scrapers.aiscore.odds_scraper - INFO - [oj7x9ix9px3a47g] Located 4 odds tabs: 1 X 2, Asian Handicap, Total Goals, Total Corners
2025-12-09 20:10:40,263 - src.scrapers.aiscore.odds_scraper - INFO - [oj7x9ix9px3a47g] Parsed 179/179 rows from '1 X 2' (0 failed)
2025-12-09 20:10:40,264 - src.scrapers.aiscore.odds_scraper - INFO - [oj7x9ix9px3a47g] Extracted 179 odds records from '1 X 2'
2025-12-09 20:10:41,578 - src.scrapers.aiscore.odds_scraper - INFO - [oj7x9ix9px3a47g] Parsed 149/179 rows from 'Asian Handicap' (53 failed)
2025-12-09 20:10:41,579 - src.scrapers.aiscore.odds_scraper - INFO - [oj7x9ix9px3a47g] Extracted 149 odds records from 'Asian Handicap'
2025-12-09 20:10:42,918 - src.scrapers.aiscore.odds_scraper - INFO - [oj7x9ix9px3a47g] Parsed 218/202 rows from 'Total Goals' (0 failed)
2025-12-09 20:10:42,919 - src.scrapers.aiscore.odds_scraper - INFO - [oj7x9ix9px3a47g] Extracted 218 odds records from 'Total Goals'
2025-12-09 20:10:44,220 - src.scrapers.aiscore.odds_scraper - INFO - [oj7x9ix9px3a47g] Parsed 174/218 rows from 'Total Corners' (0 failed)
2025-12-09 20:10:44,222 - src.scrapers.aiscore.odds_scraper - INFO - [oj7x9ix9px3a47g] Extracted 174 odds records from 'Total Corners'
2025-12-09 20:10:44,809 - src.scrapers.aiscore.odds_scraper - INFO - [oj7x9ix9px3a47g] Parsed 174/174 rows from 'Default' (0 failed)
2025-12-09 20:10:44,811 - src.scrapers.aiscore.odds_scraper - INFO - [oj7x9ix9px3a47g] Extracted 174 odds from default view
2025-12-09 20:10:44,956 - src.scrapers.aiscore.odds_scraper - INFO - Match data saved to: data/aiscore/matches/20251008/match_oj7x9ix9px3a47g.json
2025-12-09 20:11:18,021 - src.scrapers.aiscore.odds_scraper - INFO - [m2q15izm3dgce76] No tabs found, attempting page refresh
2025-12-09 20:11:32,831 - src.scrapers.aiscore.odds_scraper - INFO - Match data saved to: data/aiscore/matches/20251008/match_m2q15izm3dgce76.json
2025-12-09 20:11:36,212 - src.scrapers.aiscore.odds_scraper - INFO - [j374oi0we6dsgqo] Located 4 odds tabs: 1 X 2, Asian Handicap, Total Goals, Total Corners
2025-12-09 20:11:37,556 - src.scrapers.aiscore.odds_scraper - INFO - [j374oi0we6dsgqo] Parsed 124/124 rows from '1 X 2' (0 failed)
2025-12-09 20:11:37,560 - src.scrapers.aiscore.odds_scraper - INFO - [j374oi0we6dsgqo] Extracted 124 odds records from '1 X 2'
2025-12-09 20:11:38,895 - src.scrapers.aiscore.odds_scraper - INFO - [j374oi0we6dsgqo] Parsed 213/246 rows from 'Asian Handicap' (33 failed)
2025-12-09 20:11:38,897 - src.scrapers.aiscore.odds_scraper - INFO - [j374oi0we6dsgqo] Extracted 213 odds records from 'Asian Handicap'
2025-12-09 20:11:40,309 - src.scrapers.aiscore.odds_scraper - INFO - [j374oi0we6dsgqo] Parsed 269/246 rows from 'Total Goals' (0 failed)
2025-12-09 20:11:40,312 - src.scrapers.aiscore.odds_scraper - INFO - [j374oi0we6dsgqo] Extracted 269 odds records from 'Total Goals'
2025-12-09 20:11:41,653 - src.scrapers.aiscore.odds_scraper - INFO - [j374oi0we6dsgqo] Parsed 0/269 rows from 'Total Corners' (0 failed)
2025-12-09 20:11:42,457 - src.scrapers.aiscore.odds_scraper - INFO - Match data saved to: data/aiscore/matches/20251008/match_j374oi0we6dsgqo.json
2025-12-09 20:11:45,646 - src.scrapers.aiscore.odds_scraper - INFO - [oj7x9ix8l29u47g] Located 4 odds tabs: 1 X 2, Asian Handicap, Total Goals, Total Corners
2025-12-09 20:11:46,950 - src.scrapers.aiscore.odds_scraper - INFO - [oj7x9ix8l29u47g] Parsed 149/149 rows from '1 X 2' (0 failed)
2025-12-09 20:11:46,951 - src.scrapers.aiscore.odds_scraper - INFO - [oj7x9ix8l29u47g] Extracted 149 odds records from '1 X 2'
2025-12-09 20:11:48,276 - src.scrapers.aiscore.odds_scraper - INFO - [oj7x9ix8l29u47g] Parsed 186/247 rows from 'Asian Handicap' (61 failed)
2025-12-09 20:11:48,293 - src.scrapers.aiscore.odds_scraper - INFO - [oj7x9ix8l29u47g] Extracted 186 odds records from 'Asian Handicap'
2025-12-09 20:11:49,676 - src.scrapers.aiscore.odds_scraper - INFO - [oj7x9ix8l29u47g] Parsed 358/358 rows from 'Total Goals' (0 failed)
2025-12-09 20:11:49,678 - src.scrapers.aiscore.odds_scraper - INFO - [oj7x9ix8l29u47g] Extracted 358 odds records from 'Total Goals'
2025-12-09 20:11:51,023 - src.scrapers.aiscore.odds_scraper - INFO - [oj7x9ix8l29u47g] Parsed 0/358 rows from 'Total Corners' (0 failed)
2025-12-09 20:11:51,907 - src.scrapers.aiscore.odds_scraper - INFO - Match data saved to: data/aiscore/matches/20251008/match_oj7x9ix8l29u47g.json
2025-12-09 20:11:55,427 - src.scrapers.aiscore.odds_scraper - INFO - [g6763i5yvnlso7r] Located 4 odds tabs: 1 X 2, Asian Handicap, Total Goals, Total Corners
2025-12-09 20:11:56,739 - src.scrapers.aiscore.odds_scraper - INFO - [g6763i5yvnlso7r] Parsed 201/201 rows from '1 X 2' (0 failed)
2025-12-09 20:11:56,741 - src.scrapers.aiscore.odds_scraper - INFO - [g6763i5yvnlso7r] Extracted 201 odds records from '1 X 2'
2025-12-09 20:11:58,060 - src.scrapers.aiscore.odds_scraper - INFO - [g6763i5yvnlso7r] Parsed 138/201 rows from 'Asian Handicap' (40 failed)
2025-12-09 20:11:58,061 - src.scrapers.aiscore.odds_scraper - INFO - [g6763i5yvnlso7r] Extracted 138 odds records from 'Asian Handicap'
2025-12-09 20:11:59,403 - src.scrapers.aiscore.odds_scraper - INFO - [g6763i5yvnlso7r] Parsed 271/178 rows from 'Total Goals' (0 failed)
2025-12-09 20:11:59,405 - src.scrapers.aiscore.odds_scraper - INFO - [g6763i5yvnlso7r] Extracted 271 odds records from 'Total Goals'
2025-12-09 20:12:01,606 - src.scrapers.aiscore.odds_scraper - INFO - Match data saved to: data/aiscore/matches/20251008/match_g6763i5yvnlso7r.json
2025-12-09 20:12:34,476 - src.scrapers.aiscore.odds_scraper - INFO - [jek33i85m1jh9ko] No tabs found, attempting page refresh
2025-12-09 20:12:49,340 - src.scrapers.aiscore.odds_scraper - INFO - Match data saved to: data/aiscore/matches/20251008/match_jek33i85m1jh9ko.json
2025-12-09 20:12:52,888 - src.scrapers.aiscore.odds_scraper - INFO - [g6763i5yxmvao7r] Located 4 odds tabs: 1 X 2, Asian Handicap, Total Goals, Total Corners
2025-12-09 20:12:54,199 - src.scrapers.aiscore.odds_scraper - INFO - [g6763i5yxmvao7r] Parsed 257/258 rows from '1 X 2' (1 failed)
2025-12-09 20:12:54,201 - src.scrapers.aiscore.odds_scraper - INFO - [g6763i5yxmvao7r] Extracted 257 odds records from '1 X 2'
2025-12-09 20:12:55,550 - src.scrapers.aiscore.odds_scraper - INFO - [g6763i5yxmvao7r] Parsed 164/258 rows from 'Asian Handicap' (45 failed)
2025-12-09 20:12:55,552 - src.scrapers.aiscore.odds_scraper - INFO - [g6763i5yxmvao7r] Extracted 164 odds records from 'Asian Handicap'
2025-12-09 20:12:56,874 - src.scrapers.aiscore.odds_scraper - INFO - [g6763i5yxmvao7r] Parsed 266/209 rows from 'Total Goals' (1 failed)
2025-12-09 20:12:56,876 - src.scrapers.aiscore.odds_scraper - INFO - [g6763i5yxmvao7r] Extracted 266 odds records from 'Total Goals'
2025-12-09 20:12:58,199 - src.scrapers.aiscore.odds_scraper - INFO - [g6763i5yxmvao7r] Parsed 123/267 rows from 'Total Corners' (0 failed)
2025-12-09 20:12:58,200 - src.scrapers.aiscore.odds_scraper - INFO - [g6763i5yxmvao7r] Extracted 123 odds records from 'Total Corners'
2025-12-09 20:12:58,783 - src.scrapers.aiscore.odds_scraper - INFO - [g6763i5yxmvao7r] Parsed 123/123 rows from 'Default' (0 failed)
2025-12-09 20:12:58,784 - src.scrapers.aiscore.odds_scraper - INFO - [g6763i5yxmvao7r] Extracted 123 odds from default view
2025-12-09 20:12:58,873 - src.scrapers.aiscore.odds_scraper - INFO - Match data saved to: data/aiscore/matches/20251008/match_g6763i5yxmvao7r.json
2025-12-09 20:12:58,971 - src.scrapers.aiscore.odds_scraper - INFO - Progress: 80/80 (100%) - Success: 41, Failed: 10, Total odds: 36004
2025-12-09 20:12:59,473 - src.scrapers.aiscore.odds_scraper - INFO - Scraping complete for 20251008: 41/80 successful (51.2%), 36004 total odds extracted
2025-12-09 20:12:59,487 - __main__ - INFO - Odds scraping for 20251008 took 890.99s
2025-12-09 20:12:59,593 - src.scrapers.aiscore.browser - INFO - Browser closed
2025-12-09 20:13:02,684 - src.scrapers.aiscore.bronze_storage - INFO - Compressed 20251008: 51 files, 13.17 MB -> 0.44 MB (saved 97%)
2025-12-09 20:13:02,684 - __main__ - INFO - Compressed 51 files for 20251008: saved 12.73 MB (97% reduction)
2025-12-09 20:53:15,545 - root - INFO - ================================================================================
2025-12-09 20:53:15,546 - root - INFO - 📝 Logging initialized
2025-12-09 20:53:15,549 - root - INFO -    Log file: /app/logs/aiscore_scraper_odds_20251008.log
2025-12-09 20:53:15,550 - root - INFO -    Console level: INFO and above
2025-12-09 20:53:15,550 - root - INFO -    File level: INFO and above
2025-12-09 20:53:15,551 - root - INFO -    File handler: ✓ Active
2025-12-09 20:53:15,552 - root - INFO - ================================================================================
2025-12-09 20:53:15,642 - src.scrapers.aiscore.odds_scraper - INFO - Starting odds scrape for 20251008: 0 pending, 80 already processed
2025-12-09 20:53:15,644 - src.scrapers.aiscore.browser - INFO - Using Chrome binary: /usr/bin/chromium
2025-12-09 20:53:15,645 - src.scrapers.aiscore.browser - INFO - Using pre-installed ChromeDriver at: /usr/bin/chromedriver
2025-12-09 20:53:15,910 - src.scrapers.aiscore.browser - INFO - Browser created successfully
2025-12-09 20:53:15,911 - src.scrapers.aiscore.odds_scraper - INFO - Scraping complete for 20251008: 41/80 successful (51.2%), 0 total odds extracted
2025-12-09 20:53:15,912 - __main__ - INFO - Odds scraping for 20251008 took 0.28s
2025-12-09 20:53:15,972 - src.scrapers.aiscore.browser - INFO - Browser closed
2025-12-09 20:54:09,433 - root - INFO - ================================================================================
2025-12-09 20:54:09,434 - root - INFO - 📝 Logging initialized
2025-12-09 20:54:09,435 - root - INFO -    Log file: /app/logs/aiscore_scraper_odds_20251008.log
2025-12-09 20:54:09,436 - root - INFO -    Console level: INFO and above
2025-12-09 20:54:09,437 - root - INFO -    File level: INFO and above
2025-12-09 20:54:09,438 - root - INFO -    File handler: ✓ Active
2025-12-09 20:54:09,438 - root - INFO - ================================================================================
2025-12-09 20:54:09,465 - src.scrapers.aiscore.odds_scraper - INFO - Starting odds scrape for 20251008: 0 to scrape (n/a + pending), 80 skipped (success/failed/forbidden)
2025-12-09 20:54:09,466 - src.scrapers.aiscore.browser - INFO - Using Chrome binary: /usr/bin/chromium
2025-12-09 20:54:09,467 - src.scrapers.aiscore.browser - INFO - Using pre-installed ChromeDriver at: /usr/bin/chromedriver
2025-12-09 20:54:09,736 - src.scrapers.aiscore.browser - INFO - Browser created successfully
2025-12-09 20:54:09,738 - src.scrapers.aiscore.odds_scraper - INFO - Scraping complete for 20251008: 41/80 successful (51.2%), 0 total odds extracted
2025-12-09 20:54:09,739 - __main__ - INFO - Odds scraping for 20251008 took 0.28s
2025-12-09 20:54:09,797 - src.scrapers.aiscore.browser - INFO - Browser closed
