2025-12-08 12:38:37,560 - clickhouse_loader - INFO - setup_logging:57 - Logging initialized. Log file: logs/clickhouse_loader_20251003.log
2025-12-08 12:38:37,581 - clickhouse_loader - INFO - main:1619 - 
================================================================================
2025-12-08 12:38:37,582 - clickhouse_loader - INFO - main:1620 - Loading fotmob data for 20251003
2025-12-08 12:38:37,583 - clickhouse_loader - INFO - main:1621 - ================================================================================

2025-12-08 12:38:37,621 - clickhouse_loader - INFO - load_match_files_from_json_gz:466 - Found 206 .json.gz files
2025-12-08 12:38:49,120 - clickhouse_loader - INFO - load_fotmob_data:656 - Processed 1817 match files for 20251003
2025-12-08 12:38:49,121 - clickhouse_loader - INFO - load_fotmob_data:661 - Accumulated dataframes summary:
2025-12-08 12:38:49,122 - clickhouse_loader - INFO - load_fotmob_data:664 -   general: 206 dataframes, 206 total rows
2025-12-08 12:38:49,123 - clickhouse_loader - INFO - load_fotmob_data:664 -   timeline: 206 dataframes, 206 total rows
2025-12-08 12:38:49,123 - clickhouse_loader - INFO - load_fotmob_data:664 -   goal: 195 dataframes, 578 total rows
2025-12-08 12:38:49,124 - clickhouse_loader - INFO - load_fotmob_data:664 -   red_card: 37 dataframes, 45 total rows
2025-12-08 12:38:49,124 - clickhouse_loader - INFO - load_fotmob_data:664 -   cards: 132 dataframes, 511 total rows
2025-12-08 12:38:49,124 - clickhouse_loader - INFO - load_fotmob_data:664 -   venue: 206 dataframes, 206 total rows
2025-12-08 12:38:49,125 - clickhouse_loader - INFO - load_fotmob_data:664 -   team_form: 204 dataframes, 2012 total rows
2025-12-08 12:38:49,125 - clickhouse_loader - INFO - load_fotmob_data:664 -   momentum: 24 dataframes, 2208 total rows
2025-12-08 12:38:49,126 - clickhouse_loader - INFO - load_fotmob_data:664 -   period: 101 dataframes, 275 total rows
2025-12-08 12:38:49,126 - clickhouse_loader - INFO - load_fotmob_data:664 -   player: 87 dataframes, 3522 total rows
2025-12-08 12:38:49,127 - clickhouse_loader - INFO - load_fotmob_data:664 -   shotmap: 37 dataframes, 914 total rows
2025-12-08 12:38:49,128 - clickhouse_loader - INFO - load_fotmob_data:664 -   starters: 146 dataframes, 3212 total rows
2025-12-08 12:38:49,128 - clickhouse_loader - INFO - load_fotmob_data:664 -   substitutes: 138 dataframes, 2411 total rows
2025-12-08 12:38:49,129 - clickhouse_loader - INFO - load_fotmob_data:664 -   coaches: 98 dataframes, 196 total rows
2025-12-08 12:38:49,175 - clickhouse_loader - INFO - insert_dataframe_with_dlq:379 - Loaded 206 rows into fotmob.general
2025-12-08 12:38:49,176 - clickhouse_loader - INFO - optimize_table:191 - Optimizing fotmob.general table...
2025-12-08 12:38:49,181 - clickhouse_loader - INFO - optimize_table:194 - Successfully optimized and deduplicated fotmob.general table
2025-12-08 12:38:49,235 - clickhouse_loader - INFO - insert_dataframe_with_dlq:379 - Loaded 206 rows into fotmob.timeline
2025-12-08 12:38:49,236 - clickhouse_loader - INFO - optimize_table:191 - Optimizing fotmob.timeline table...
2025-12-08 12:38:49,240 - clickhouse_loader - INFO - optimize_table:194 - Successfully optimized and deduplicated fotmob.timeline table
2025-12-08 12:38:49,339 - clickhouse_loader - INFO - insert_dataframe_with_dlq:379 - Loaded 578 rows into fotmob.goal
2025-12-08 12:38:49,339 - clickhouse_loader - INFO - optimize_table:191 - Optimizing fotmob.goal table...
2025-12-08 12:38:49,346 - clickhouse_loader - INFO - optimize_table:194 - Successfully optimized and deduplicated fotmob.goal table
2025-12-08 12:38:49,404 - clickhouse_loader - INFO - insert_dataframe_with_dlq:379 - Loaded 45 rows into fotmob.red_card
2025-12-08 12:38:49,405 - clickhouse_loader - INFO - optimize_table:191 - Optimizing fotmob.red_card table...
2025-12-08 12:38:49,409 - clickhouse_loader - INFO - optimize_table:194 - Successfully optimized and deduplicated fotmob.red_card table
2025-12-08 12:38:49,479 - clickhouse_loader - INFO - insert_dataframe_with_dlq:379 - Loaded 511 rows into fotmob.cards
2025-12-08 12:38:49,479 - clickhouse_loader - INFO - optimize_table:191 - Optimizing fotmob.cards table...
2025-12-08 12:38:49,487 - clickhouse_loader - INFO - optimize_table:194 - Successfully optimized and deduplicated fotmob.cards table
2025-12-08 12:38:49,570 - clickhouse_loader - INFO - insert_dataframe_with_dlq:379 - Loaded 206 rows into fotmob.venue
2025-12-08 12:38:49,571 - clickhouse_loader - INFO - optimize_table:191 - Optimizing fotmob.venue table...
2025-12-08 12:38:49,576 - clickhouse_loader - INFO - optimize_table:194 - Successfully optimized and deduplicated fotmob.venue table
2025-12-08 12:38:49,697 - clickhouse_loader - INFO - insert_dataframe_with_dlq:379 - Loaded 2012 rows into fotmob.team_form
2025-12-08 12:38:49,698 - clickhouse_loader - INFO - optimize_table:191 - Optimizing fotmob.team_form table...
2025-12-08 12:38:49,716 - clickhouse_loader - INFO - optimize_table:194 - Successfully optimized and deduplicated fotmob.team_form table
2025-12-08 12:38:49,770 - clickhouse_loader - INFO - insert_dataframe_with_dlq:379 - Loaded 2208 rows into fotmob.momentum
2025-12-08 12:38:49,770 - clickhouse_loader - INFO - optimize_table:191 - Optimizing fotmob.momentum table...
2025-12-08 12:38:49,777 - clickhouse_loader - INFO - optimize_table:194 - Successfully optimized and deduplicated fotmob.momentum table
2025-12-08 12:38:49,871 - clickhouse_loader - INFO - insert_dataframe_with_dlq:379 - Loaded 275 rows into fotmob.period
2025-12-08 12:38:49,871 - clickhouse_loader - INFO - optimize_table:191 - Optimizing fotmob.period table...
2025-12-08 12:38:49,882 - clickhouse_loader - INFO - optimize_table:194 - Successfully optimized and deduplicated fotmob.period table
2025-12-08 12:38:50,021 - clickhouse_loader - INFO - insert_dataframe_with_dlq:379 - Loaded 3522 rows into fotmob.player
2025-12-08 12:38:50,022 - clickhouse_loader - INFO - optimize_table:191 - Optimizing fotmob.player table...
2025-12-08 12:38:50,065 - clickhouse_loader - INFO - optimize_table:194 - Successfully optimized and deduplicated fotmob.player table
2025-12-08 12:38:50,135 - clickhouse_loader - INFO - insert_dataframe_with_dlq:379 - Loaded 914 rows into fotmob.shotmap
2025-12-08 12:38:50,135 - clickhouse_loader - INFO - optimize_table:191 - Optimizing fotmob.shotmap table...
2025-12-08 12:38:50,147 - clickhouse_loader - INFO - optimize_table:194 - Successfully optimized and deduplicated fotmob.shotmap table
2025-12-08 12:38:50,239 - clickhouse_loader - INFO - insert_dataframe_with_dlq:379 - Loaded 3212 rows into fotmob.starters
2025-12-08 12:38:50,240 - clickhouse_loader - INFO - optimize_table:191 - Optimizing fotmob.starters table...
2025-12-08 12:38:50,261 - clickhouse_loader - INFO - optimize_table:194 - Successfully optimized and deduplicated fotmob.starters table
2025-12-08 12:38:50,396 - clickhouse_loader - INFO - insert_dataframe_with_dlq:379 - Loaded 2411 rows into fotmob.substitutes
2025-12-08 12:38:50,396 - clickhouse_loader - INFO - optimize_table:191 - Optimizing fotmob.substitutes table...
2025-12-08 12:38:50,412 - clickhouse_loader - INFO - optimize_table:194 - Successfully optimized and deduplicated fotmob.substitutes table
2025-12-08 12:38:50,473 - clickhouse_loader - INFO - insert_dataframe_with_dlq:379 - Loaded 196 rows into fotmob.coaches
2025-12-08 12:38:50,474 - clickhouse_loader - INFO - optimize_table:191 - Optimizing fotmob.coaches table...
2025-12-08 12:38:50,479 - clickhouse_loader - INFO - optimize_table:194 - Successfully optimized and deduplicated fotmob.coaches table
2025-12-08 12:38:50,516 - clickhouse_loader - INFO - optimize_all_tables:203 - Optimizing all FOTMOB tables...
2025-12-08 12:38:50,517 - clickhouse_loader - INFO - optimize_all_tables:207 - Optimizing fotmob.general table...
2025-12-08 12:38:50,522 - clickhouse_loader - INFO - optimize_all_tables:210 - Successfully optimized and deduplicated fotmob.general table
2025-12-08 12:38:50,522 - clickhouse_loader - INFO - optimize_all_tables:207 - Optimizing fotmob.timeline table...
2025-12-08 12:38:50,526 - clickhouse_loader - INFO - optimize_all_tables:210 - Successfully optimized and deduplicated fotmob.timeline table
2025-12-08 12:38:50,527 - clickhouse_loader - INFO - optimize_all_tables:207 - Optimizing fotmob.venue table...
2025-12-08 12:38:50,533 - clickhouse_loader - INFO - optimize_all_tables:210 - Successfully optimized and deduplicated fotmob.venue table
2025-12-08 12:38:50,533 - clickhouse_loader - INFO - optimize_all_tables:207 - Optimizing fotmob.player table...
2025-12-08 12:38:50,564 - clickhouse_loader - INFO - optimize_all_tables:210 - Successfully optimized and deduplicated fotmob.player table
2025-12-08 12:38:50,565 - clickhouse_loader - INFO - optimize_all_tables:207 - Optimizing fotmob.shotmap table...
2025-12-08 12:38:50,574 - clickhouse_loader - INFO - optimize_all_tables:210 - Successfully optimized and deduplicated fotmob.shotmap table
2025-12-08 12:38:50,575 - clickhouse_loader - INFO - optimize_all_tables:207 - Optimizing fotmob.goal table...
2025-12-08 12:38:50,580 - clickhouse_loader - INFO - optimize_all_tables:210 - Successfully optimized and deduplicated fotmob.goal table
2025-12-08 12:38:50,581 - clickhouse_loader - INFO - optimize_all_tables:207 - Optimizing fotmob.cards table...
2025-12-08 12:38:50,586 - clickhouse_loader - INFO - optimize_all_tables:210 - Successfully optimized and deduplicated fotmob.cards table
2025-12-08 12:38:50,587 - clickhouse_loader - INFO - optimize_all_tables:207 - Optimizing fotmob.red_card table...
2025-12-08 12:38:50,592 - clickhouse_loader - INFO - optimize_all_tables:210 - Successfully optimized and deduplicated fotmob.red_card table
2025-12-08 12:38:50,593 - clickhouse_loader - INFO - optimize_all_tables:207 - Optimizing fotmob.period table...
2025-12-08 12:38:50,600 - clickhouse_loader - INFO - optimize_all_tables:210 - Successfully optimized and deduplicated fotmob.period table
2025-12-08 12:38:50,600 - clickhouse_loader - INFO - optimize_all_tables:207 - Optimizing fotmob.momentum table...
2025-12-08 12:38:50,607 - clickhouse_loader - INFO - optimize_all_tables:210 - Successfully optimized and deduplicated fotmob.momentum table
2025-12-08 12:38:50,607 - clickhouse_loader - INFO - optimize_all_tables:207 - Optimizing fotmob.starters table...
2025-12-08 12:38:50,623 - clickhouse_loader - INFO - optimize_all_tables:210 - Successfully optimized and deduplicated fotmob.starters table
2025-12-08 12:38:50,624 - clickhouse_loader - INFO - optimize_all_tables:207 - Optimizing fotmob.substitutes table...
2025-12-08 12:38:50,634 - clickhouse_loader - INFO - optimize_all_tables:210 - Successfully optimized and deduplicated fotmob.substitutes table
2025-12-08 12:38:50,635 - clickhouse_loader - INFO - optimize_all_tables:207 - Optimizing fotmob.coaches table...
2025-12-08 12:38:50,638 - clickhouse_loader - INFO - optimize_all_tables:210 - Successfully optimized and deduplicated fotmob.coaches table
2025-12-08 12:38:50,638 - clickhouse_loader - INFO - optimize_all_tables:207 - Optimizing fotmob.team_form table...
2025-12-08 12:38:50,649 - clickhouse_loader - INFO - optimize_all_tables:210 - Successfully optimized and deduplicated fotmob.team_form table
2025-12-08 12:38:50,650 - clickhouse_loader - INFO - optimize_all_tables:214 - Optimized 14/14 FOTMOB tables
2025-12-08 12:38:50,663 - clickhouse_loader - INFO - main:1649 - 
================================================================================
2025-12-08 12:38:50,665 - clickhouse_loader - INFO - main:1650 - LOADING SUMMARY
2025-12-08 12:38:50,665 - clickhouse_loader - INFO - main:1651 - ================================================================================

2025-12-08 12:38:50,666 - clickhouse_loader - INFO - main:1652 - Dates processed: 1
2025-12-08 12:38:50,666 - clickhouse_loader - INFO - main:1653 - Total rows loaded by table:
2025-12-08 12:38:50,666 - clickhouse_loader - INFO - main:1655 -   cards: 511 rows
2025-12-08 12:38:50,667 - clickhouse_loader - INFO - main:1655 -   coaches: 196 rows
2025-12-08 12:38:50,667 - clickhouse_loader - INFO - main:1655 -   general: 206 rows
2025-12-08 12:38:50,667 - clickhouse_loader - INFO - main:1655 -   goal: 578 rows
2025-12-08 12:38:50,668 - clickhouse_loader - INFO - main:1655 -   momentum: 2,208 rows
2025-12-08 12:38:50,668 - clickhouse_loader - INFO - main:1655 -   period: 275 rows
2025-12-08 12:38:50,668 - clickhouse_loader - INFO - main:1655 -   player: 3,522 rows
2025-12-08 12:38:50,668 - clickhouse_loader - INFO - main:1655 -   red_card: 45 rows
2025-12-08 12:38:50,669 - clickhouse_loader - INFO - main:1655 -   shotmap: 914 rows
2025-12-08 12:38:50,669 - clickhouse_loader - INFO - main:1655 -   starters: 3,212 rows
2025-12-08 12:38:50,670 - clickhouse_loader - INFO - main:1655 -   substitutes: 2,411 rows
2025-12-08 12:38:50,670 - clickhouse_loader - INFO - main:1655 -   team_form: 2,012 rows
2025-12-08 12:38:50,671 - clickhouse_loader - INFO - main:1655 -   timeline: 206 rows
2025-12-08 12:38:50,672 - clickhouse_loader - INFO - main:1655 -   venue: 206 rows
