2025-12-03 07:31:02,343 - fotmob_scraper - INFO - setup_logging:82 - Logging initialized. Log file: logs/fotmob_scraper_20251203.log
2025-12-03 07:31:02,343 - fotmob_scraper - INFO - _load_config:222 - Email alerts enabled: 1 recipients
2025-12-03 07:31:02,344 - fotmob_scraper - ERROR - _send_impl:116 - ALERT: Pipeline Step Failed: AIScore Bronze - 20251001 - Step 'AIScore Bronze - 20251001' failed with exit code 1.

Elapsed time: 0.1s
2025-12-03 07:31:04,314 - fotmob_scraper - INFO - setup_logging:82 - Logging initialized. Log file: logs/fotmob_scraper_20251203.log
2025-12-03 07:31:04,315 - fotmob_scraper - INFO - main:237 - Connecting to ClickHouse at clickhouse:8123
2025-12-03 07:31:04,330 - fotmob_scraper - INFO - connect:103 - Connected to ClickHouse: clickhouse:8123/default
2025-12-03 07:31:04,333 - fotmob_scraper - INFO - main:322 - Looking for SQL files in: /app/clickhouse/init
2025-12-03 07:31:04,334 - fotmob_scraper - INFO - main:333 - Found ClickHouse init directory: /app/clickhouse/init
2025-12-03 07:31:04,336 - fotmob_scraper - INFO - check_databases_exist:65 - All databases exist: fotmob, aiscore
2025-12-03 07:31:04,339 - fotmob_scraper - INFO - main:366 - FotMob database has 14 tables: cards, coaches, general, goal, momentum, period, player, red_card, shotmap, starters, substitutes, team_form, timeline, venue
2025-12-03 07:31:04,341 - fotmob_scraper - INFO - main:389 - AIScore database has 5 tables: daily_listings, matches, odds_1x2, odds_asian_handicap, odds_over_under
2025-12-03 07:31:04,342 - fotmob_scraper - INFO - main:399 - All required tables already exist for both FotMob and AIScore. Skipping creation.
2025-12-03 07:31:26,412 - fotmob_scraper - INFO - _send_impl:166 - Email alert sent successfully to 1 recipient(s): ghaderi.soroush1995@gmail.com
2025-12-03 07:31:26,544 - fotmob_scraper - ERROR - _send_impl:116 - ALERT: Pipeline Step Failed: AIScore Bronze - 20251002 - Step 'AIScore Bronze - 20251002' failed with exit code 1.

Elapsed time: 0.1s
2025-12-03 07:31:28,919 - fotmob_scraper - ERROR - _send_impl:169 - Failed to send email alert: (220, b'2.0.0 Ready to start TLS')
2025-12-03 07:31:29,068 - fotmob_scraper - ERROR - _send_impl:116 - ALERT: Pipeline Step Failed: AIScore Bronze - 20251003 - Step 'AIScore Bronze - 20251003' failed with exit code 1.

Elapsed time: 0.1s
2025-12-03 10:29:48,946 - fotmob_scraper - INFO - setup_logging:57 - Logging initialized. Log file: logs/fotmob_scraper_20251203.log
2025-12-03 10:29:48,946 - fotmob_scraper - INFO - _load_config:233 - Email alerts enabled: 1 recipients
2025-12-03 10:29:48,946 - fotmob_scraper - ERROR - _send_impl:131 - ALERT: Pipeline Step Failed: AIscore Bronze - 20251001 - Step 'AIscore Bronze - 20251001' failed with exit code 1.

Elapsed time: 0.3s
2025-12-03 10:29:54,133 - fotmob_scraper - INFO - _send_impl:181 - Email alert sent successfully to 1 recipient(s): ghaderi.soroush1995@gmail.com
2025-12-03 10:29:54,502 - fotmob_scraper - ERROR - _send_impl:131 - ALERT: Pipeline Step Failed: AIscore Bronze - 20251002 - Step 'AIscore Bronze - 20251002' failed with exit code 1.

Elapsed time: 0.4s
2025-12-03 10:29:59,356 - fotmob_scraper - INFO - _send_impl:181 - Email alert sent successfully to 1 recipient(s): ghaderi.soroush1995@gmail.com
2025-12-03 10:29:59,747 - fotmob_scraper - ERROR - _send_impl:131 - ALERT: Pipeline Step Failed: AIscore Bronze - 20251003 - Step 'AIscore Bronze - 20251003' failed with exit code 1.

Elapsed time: 0.4s
2025-12-03 10:30:04,594 - fotmob_scraper - INFO - _send_impl:181 - Email alert sent successfully to 1 recipient(s): ghaderi.soroush1995@gmail.com
2025-12-03 10:30:04,988 - fotmob_scraper - ERROR - _send_impl:131 - ALERT: Pipeline Step Failed: AIscore Bronze - 20251004 - Step 'AIscore Bronze - 20251004' failed with exit code 1.

Elapsed time: 0.4s
2025-12-03 10:30:09,865 - fotmob_scraper - INFO - _send_impl:181 - Email alert sent successfully to 1 recipient(s): ghaderi.soroush1995@gmail.com
2025-12-03 10:30:10,176 - fotmob_scraper - ERROR - _send_impl:131 - ALERT: Pipeline Step Failed: AIscore Bronze - 20251005 - Step 'AIscore Bronze - 20251005' failed with exit code 1.

Elapsed time: 0.3s
2025-12-03 10:30:13,626 - fotmob_scraper - ERROR - _send_impl:184 - Failed to send email alert: (250, b'2.1.5 OK d9443c01a7336-29bceb4026bsm182440395ad.71 - gsmtp')
2025-12-03 10:30:14,068 - fotmob_scraper - ERROR - _send_impl:131 - ALERT: Pipeline Step Failed: AIscore Bronze - 20251006 - Step 'AIscore Bronze - 20251006' failed with exit code 1.

Elapsed time: 0.4s
2025-12-03 10:30:18,845 - fotmob_scraper - INFO - _send_impl:181 - Email alert sent successfully to 1 recipient(s): ghaderi.soroush1995@gmail.com
2025-12-03 10:30:19,210 - fotmob_scraper - ERROR - _send_impl:131 - ALERT: Pipeline Step Failed: AIscore Bronze - 20251007 - Step 'AIscore Bronze - 20251007' failed with exit code 1.

Elapsed time: 0.4s
2025-12-03 10:30:21,373 - fotmob_scraper - ERROR - _send_impl:184 - Failed to send email alert: (250, b'smtp.gmail.com at your service, [104.152.222.40]\nSIZE 35882577\n8BITMIME\nAUTH LOGIN PLAIN XOAUTH2 PLAIN-CLIENTTOKEN OAUTHBEARER XOAUTH\nENHANCEDSTATUSCODES\nPIPELINING\nCHUNKING\nSMTPUTF8')
2025-12-03 10:30:21,805 - fotmob_scraper - ERROR - _send_impl:131 - ALERT: Pipeline Step Failed: AIscore Bronze - 20251008 - Step 'AIscore Bronze - 20251008' failed with exit code 1.

Elapsed time: 0.4s
2025-12-03 12:19:37,883 - fotmob_scraper - INFO - setup_logging:57 - Logging initialized. Log file: logs/fotmob_scraper_20251203.log
2025-12-03 12:19:37,884 - fotmob_scraper - INFO - main:218 - Connecting to ClickHouse at clickhouse:8123
2025-12-03 12:19:37,904 - fotmob_scraper - INFO - connect:151 - Connected to ClickHouse: clickhouse:8123/default
2025-12-03 12:19:37,909 - fotmob_scraper - INFO - main:294 - Looking for SQL files in: /app/clickhouse/init
2025-12-03 12:19:37,910 - fotmob_scraper - INFO - main:305 - Found ClickHouse init directory: /app/clickhouse/init
2025-12-03 12:19:37,913 - fotmob_scraper - INFO - check_databases_exist:60 - All databases exist: fotmob, aiscore
2025-12-03 12:19:37,918 - fotmob_scraper - INFO - main:334 - FotMob database has 14 tables: cards, coaches, general, goal, momentum, period, player, red_card, shotmap, starters, substitutes, team_form, timeline, venue
2025-12-03 12:19:37,920 - fotmob_scraper - INFO - main:355 - AIScore database has 5 tables: daily_listings, matches, odds_1x2, odds_asian_handicap, odds_over_under
2025-12-03 12:19:37,921 - fotmob_scraper - INFO - main:365 - All required tables already exist for both FotMob and AIScore. Skipping creation.
2025-12-03 12:24:10,047 - fotmob_scraper - INFO - setup_logging:57 - Logging initialized. Log file: logs/fotmob_scraper_20251203.log
2025-12-03 12:24:10,048 - fotmob_scraper - INFO - _load_config:233 - Email alerts enabled: 1 recipients
2025-12-03 12:24:10,049 - fotmob_scraper - ERROR - _send_impl:131 - ALERT: Pipeline Step Failed: AIscore Bronze - 20251001 - Step 'AIscore Bronze - 20251001' failed with exit code 1.

Elapsed time: 1.5s
