2025-12-06 10:05:08,372 - fotmob_scraper - INFO - setup_logging:57 - Logging initialized. Log file: logs/fotmob_scraper_20251206.log
2025-12-06 10:05:08,373 - fotmob_scraper - INFO - main:217 - Connecting to ClickHouse at clickhouse:8123
2025-12-06 10:05:08,385 - fotmob_scraper - INFO - connect:127 - Connected to ClickHouse: clickhouse:8123/default
2025-12-06 10:05:08,386 - fotmob_scraper - INFO - main:293 - Looking for SQL files in: /app/clickhouse/init
2025-12-06 10:05:08,387 - fotmob_scraper - INFO - main:304 - Found ClickHouse init directory: /app/clickhouse/init
2025-12-06 10:05:08,388 - fotmob_scraper - INFO - check_databases_exist:59 - All databases exist: fotmob, aiscore
2025-12-06 10:05:08,390 - fotmob_scraper - INFO - main:333 - FotMob database has 14 tables: cards, coaches, general, goal, momentum, period, player, red_card, shotmap, starters, substitutes, team_form, timeline, venue
2025-12-06 10:05:08,392 - fotmob_scraper - INFO - main:354 - AIScore database has 5 tables: daily_listings, matches, odds_1x2, odds_asian_handicap, odds_over_under
2025-12-06 10:05:08,392 - fotmob_scraper - INFO - main:364 - All required tables already exist for both FotMob and AIScore. Skipping creation.
2025-12-06 10:06:40,686 - fotmob_scraper - INFO - setup_logging:57 - Logging initialized. Log file: logs/fotmob_scraper_20251206.log
2025-12-06 10:06:40,687 - fotmob_scraper - INFO - _load_config:233 - Email alerts enabled: 1 recipients
2025-12-06 10:06:40,687 - fotmob_scraper - ERROR - _send_impl:131 - ALERT: Pipeline Step Failed: FotMob Bronze - 20251001 - Step 'FotMob Bronze - 20251001' failed with exit code 1.

Elapsed time: 2.3s
2025-12-06 10:11:48,367 - fotmob_scraper - INFO - setup_logging:57 - Logging initialized. Log file: logs/fotmob_scraper_20251206.log
2025-12-06 10:11:48,368 - fotmob_scraper - INFO - _load_config:233 - Email alerts enabled: 1 recipients
2025-12-06 10:11:48,393 - fotmob_scraper - INFO - __init__:111 - Bronze storage initialized: data/fotmob
2025-12-06 10:11:48,393 - fotmob_scraper - INFO - __init__:58 - Bronze layer storage initialized
2025-12-06 10:11:48,394 - fotmob_scraper - INFO - __init__:62 - FotMob Orchestrator initialized (bronze_only=True)
2025-12-06 10:11:48,394 - fotmob_scraper - INFO - __init__:64 - Note: Use load_clickhouse.py to load data from bronze to ClickHouse
2025-12-06 10:11:48,483 - fotmob_scraper - INFO - setup_logging:57 - Logging initialized. Log file: logs/fotmob_scraper_20251206.log
2025-12-06 10:11:48,483 - fotmob_scraper - INFO - _load_config:233 - Email alerts enabled: 1 recipients
2025-12-06 10:11:48,484 - fotmob_scraper - ERROR - _send_impl:131 - ALERT: Pipeline Step Failed: FotMob Bronze - 20251001 - Step 'FotMob Bronze - 20251001' failed with exit code 1.

Elapsed time: 1.9s
2025-12-06 10:11:51,509 - fotmob_scraper - ERROR - _send_impl:184 - Failed to send email alert: (235, b'2.7.0 Accepted')
2025-12-06 10:11:53,188 - fotmob_scraper - INFO - setup_logging:57 - Logging initialized. Log file: logs/fotmob_scraper_20251206.log
2025-12-06 10:11:53,189 - fotmob_scraper - INFO - _load_config:233 - Email alerts enabled: 1 recipients
2025-12-06 10:11:53,200 - fotmob_scraper - INFO - __init__:111 - Bronze storage initialized: data/fotmob
2025-12-06 10:11:53,200 - fotmob_scraper - INFO - __init__:58 - Bronze layer storage initialized
2025-12-06 10:11:53,200 - fotmob_scraper - INFO - __init__:62 - FotMob Orchestrator initialized (bronze_only=True)
2025-12-06 10:11:53,201 - fotmob_scraper - INFO - __init__:64 - Note: Use load_clickhouse.py to load data from bronze to ClickHouse
2025-12-06 10:11:53,300 - fotmob_scraper - ERROR - _send_impl:131 - ALERT: Pipeline Step Failed: FotMob Bronze - 20251002 - Step 'FotMob Bronze - 20251002' failed with exit code 1.

Elapsed time: 1.8s
2025-12-06 10:12:03,384 - fotmob_scraper - INFO - _send_impl:181 - Email alert sent successfully to 1 recipient(s): ghaderi.soroush1995@gmail.com
2025-12-06 10:12:04,901 - fotmob_scraper - INFO - setup_logging:57 - Logging initialized. Log file: logs/fotmob_scraper_20251206.log
2025-12-06 10:12:04,902 - fotmob_scraper - INFO - _load_config:233 - Email alerts enabled: 1 recipients
2025-12-06 10:12:04,927 - fotmob_scraper - INFO - __init__:111 - Bronze storage initialized: data/fotmob
2025-12-06 10:12:04,928 - fotmob_scraper - INFO - __init__:58 - Bronze layer storage initialized
2025-12-06 10:12:04,928 - fotmob_scraper - INFO - __init__:62 - FotMob Orchestrator initialized (bronze_only=True)
2025-12-06 10:12:04,928 - fotmob_scraper - INFO - __init__:64 - Note: Use load_clickhouse.py to load data from bronze to ClickHouse
2025-12-06 10:12:05,071 - fotmob_scraper - ERROR - _send_impl:131 - ALERT: Pipeline Step Failed: FotMob Bronze - 20251003 - Step 'FotMob Bronze - 20251003' failed with exit code 1.

Elapsed time: 1.7s
2025-12-06 10:14:05,126 - fotmob_scraper - INFO - setup_logging:57 - Logging initialized. Log file: logs/fotmob_scraper_20251206.log
2025-12-06 10:14:05,127 - fotmob_scraper - INFO - _load_config:233 - Email alerts enabled: 1 recipients
2025-12-06 10:14:05,140 - fotmob_scraper - INFO - __init__:111 - Bronze storage initialized: data/fotmob
2025-12-06 10:14:05,140 - fotmob_scraper - INFO - __init__:58 - Bronze layer storage initialized
2025-12-06 10:14:05,140 - fotmob_scraper - INFO - __init__:62 - FotMob Orchestrator initialized (bronze_only=True)
2025-12-06 10:14:05,140 - fotmob_scraper - INFO - __init__:64 - Note: Use load_clickhouse.py to load data from bronze to ClickHouse
2025-12-06 10:14:05,141 - fotmob_scraper - INFO - scrape_date:85 - Starting scrape for date: 20251001
2025-12-06 10:14:05,142 - fotmob_scraper - INFO - scrape_date:88 - Running automatic health check...
2025-12-06 10:14:07,770 - fotmob_scraper - INFO - scrape_date:104 - [OK] Health check passed
2025-12-06 10:14:07,774 - fotmob_scraper - INFO - _fetch_match_ids:183 - Daily listing exists for 20251001, loading from storage
2025-12-06 10:14:07,782 - fotmob_scraper - INFO - _fetch_match_ids:186 - Loaded 130 match IDs from daily listing for 20251001
2025-12-06 10:14:21,925 - fotmob_scraper - INFO - scrape_date:124 - Skipping 130 already scraped matches in Bronze
2025-12-06 10:14:39,325 - fotmob_scraper - INFO - _scrape_matches_sequential:248 - Scraping 0 matches sequentially
2025-12-06 10:14:41,271 - fotmob_scraper - INFO - setup_logging:57 - Logging initialized. Log file: logs/fotmob_scraper_20251206.log
2025-12-06 10:14:41,272 - fotmob_scraper - INFO - _load_config:233 - Email alerts enabled: 1 recipients
2025-12-06 10:14:41,281 - fotmob_scraper - INFO - __init__:111 - Bronze storage initialized: data/fotmob
2025-12-06 10:14:41,281 - fotmob_scraper - INFO - __init__:58 - Bronze layer storage initialized
2025-12-06 10:14:41,281 - fotmob_scraper - INFO - __init__:62 - FotMob Orchestrator initialized (bronze_only=True)
2025-12-06 10:14:41,281 - fotmob_scraper - INFO - __init__:64 - Note: Use load_clickhouse.py to load data from bronze to ClickHouse
2025-12-06 10:14:41,282 - fotmob_scraper - INFO - scrape_date:85 - Starting scrape for date: 20251002
2025-12-06 10:14:41,282 - fotmob_scraper - INFO - scrape_date:88 - Running automatic health check...
2025-12-06 10:14:43,520 - fotmob_scraper - INFO - scrape_date:104 - [OK] Health check passed
2025-12-06 10:14:43,530 - fotmob_scraper - INFO - _fetch_match_ids:183 - Daily listing exists for 20251002, loading from storage
2025-12-06 10:14:43,545 - fotmob_scraper - INFO - _fetch_match_ids:186 - Loaded 90 match IDs from daily listing for 20251002
2025-12-06 10:15:12,298 - fotmob_scraper - INFO - setup_logging:57 - Logging initialized. Log file: logs/fotmob_scraper_20251206.log
2025-12-06 10:15:12,299 - fotmob_scraper - INFO - _load_config:233 - Email alerts enabled: 1 recipients
2025-12-06 10:15:12,299 - fotmob_scraper - ERROR - _send_impl:131 - ALERT: AIScore Odds Scraping Failed - 20251004 - Odds scraping failed for date 20251004.

Total matches: 298
To scrape: 222
2025-12-06 10:16:01,124 - fotmob_scraper - INFO - setup_logging:57 - Logging initialized. Log file: logs/fotmob_scraper_20251206.log
2025-12-06 10:16:01,125 - fotmob_scraper - INFO - _load_config:233 - Email alerts enabled: 1 recipients
2025-12-06 10:16:01,126 - fotmob_scraper - ERROR - _send_impl:131 - ALERT: AIScore Odds Scraping Failed - 20251004 - Odds scraping failed for date 20251004.

Total matches: 298
To scrape: 222
2025-12-06 10:17:04,055 - fotmob_scraper - INFO - setup_logging:57 - Logging initialized. Log file: logs/fotmob_scraper_20251206.log
2025-12-06 10:17:04,056 - fotmob_scraper - INFO - _load_config:233 - Email alerts enabled: 1 recipients
2025-12-06 10:17:04,056 - fotmob_scraper - ERROR - _send_impl:131 - ALERT: AIScore Odds Scraping Failed - 20251004 - Odds scraping failed for date 20251004.

Total matches: 298
To scrape: 222
2025-12-06 10:18:02,957 - fotmob_scraper - INFO - setup_logging:57 - Logging initialized. Log file: logs/fotmob_scraper_20251206.log
2025-12-06 10:18:02,958 - fotmob_scraper - INFO - _load_config:233 - Email alerts enabled: 1 recipients
2025-12-06 10:18:02,958 - fotmob_scraper - ERROR - _send_impl:131 - ALERT: AIScore Odds Scraping Failed - 20251004 - Odds scraping failed for date 20251004.

Total matches: 298
To scrape: 222
2025-12-06 10:18:07,900 - fotmob_scraper - INFO - _send_impl:181 - Email alert sent successfully to 1 recipient(s): ghaderi.soroush1995@gmail.com
2025-12-06 10:18:08,043 - fotmob_scraper - INFO - setup_logging:57 - Logging initialized. Log file: logs/fotmob_scraper_20251206.log
2025-12-06 10:18:08,043 - fotmob_scraper - INFO - _load_config:233 - Email alerts enabled: 1 recipients
2025-12-06 10:18:08,044 - fotmob_scraper - ERROR - _send_impl:131 - ALERT: Pipeline Step Failed: AIscore Bronze - 20251004 - Step 'AIscore Bronze - 20251004' failed with exit code 1.

Elapsed time: 6.9s
2025-12-06 10:18:09,444 - fotmob_scraper - ERROR - _send_impl:184 - Failed to send email alert: (220, b'2.0.0 Ready to start TLS')
2025-12-06 10:29:43,153 - fotmob_scraper - INFO - setup_logging:57 - Logging initialized. Log file: logs/fotmob_scraper_20251206.log
2025-12-06 10:29:43,154 - fotmob_scraper - INFO - _load_config:233 - Email alerts enabled: 1 recipients
2025-12-06 10:29:43,155 - fotmob_scraper - ERROR - _send_impl:131 - ALERT: AIScore Odds Scraping Failed - 20251004 - Odds scraping failed for date 20251004.

Total matches: 298
To scrape: 222
2025-12-06 10:35:48,804 - fotmob_scraper - INFO - setup_logging:57 - Logging initialized. Log file: logs/fotmob_scraper_20251206.log
2025-12-06 10:35:48,804 - fotmob_scraper - INFO - _load_config:233 - Email alerts enabled: 1 recipients
2025-12-06 10:35:48,805 - fotmob_scraper - ERROR - _send_impl:131 - ALERT: AIScore Odds Scraping Failed - 20251004 - Odds scraping failed for date 20251004.

Total matches: 298
To scrape: 222
2025-12-06 10:35:54,165 - fotmob_scraper - INFO - _send_impl:181 - Email alert sent successfully to 1 recipient(s): ghaderi.soroush1995@gmail.com
2025-12-06 10:35:54,285 - fotmob_scraper - INFO - setup_logging:57 - Logging initialized. Log file: logs/fotmob_scraper_20251206.log
2025-12-06 10:35:54,286 - fotmob_scraper - INFO - _load_config:233 - Email alerts enabled: 1 recipients
2025-12-06 10:35:54,286 - fotmob_scraper - ERROR - _send_impl:131 - ALERT: Pipeline Step Failed: AIscore Bronze - 20251004 - Step 'AIscore Bronze - 20251004' failed with exit code 1.

Elapsed time: 7.0s
2025-12-06 10:35:59,165 - fotmob_scraper - INFO - _send_impl:181 - Email alert sent successfully to 1 recipient(s): ghaderi.soroush1995@gmail.com
2025-12-06 10:36:01,902 - fotmob_scraper - INFO - setup_logging:57 - Logging initialized. Log file: logs/fotmob_scraper_20251206.log
2025-12-06 10:36:01,903 - fotmob_scraper - INFO - _load_config:233 - Email alerts enabled: 1 recipients
2025-12-06 10:36:01,904 - fotmob_scraper - ERROR - _send_impl:131 - ALERT: AIScore Odds Scraping Failed - 20251005 - Odds scraping failed for date 20251005.

Total matches: 262
To scrape: 27
2025-12-06 10:36:06,764 - fotmob_scraper - INFO - _send_impl:181 - Email alert sent successfully to 1 recipient(s): ghaderi.soroush1995@gmail.com
2025-12-06 10:36:06,862 - fotmob_scraper - ERROR - _send_impl:131 - ALERT: Pipeline Step Failed: AIscore Bronze - 20251005 - Step 'AIscore Bronze - 20251005' failed with exit code 1.

Elapsed time: 7.7s
2025-12-06 10:36:09,752 - fotmob_scraper - ERROR - _send_impl:184 - Failed to send email alert: (250, b'smtp.gmail.com at your service, [104.152.222.45]\nSIZE 35882577\n8BITMIME\nAUTH LOGIN PLAIN XOAUTH2 PLAIN-CLIENTTOKEN OAUTHBEARER XOAUTH\nENHANCEDSTATUSCODES\nPIPELINING\nCHUNKING\nSMTPUTF8')
2025-12-06 11:42:32,450 - fotmob_scraper - INFO - setup_logging:57 - Logging initialized. Log file: logs/fotmob_scraper_20251206.log
2025-12-06 11:42:32,452 - fotmob_scraper - INFO - _load_config:233 - Email alerts enabled: 1 recipients
2025-12-06 11:42:32,452 - fotmob_scraper - ERROR - _send_impl:131 - ALERT: AIScore Odds Scraping Failed - 20251004 - Odds scraping failed for date 20251004.

Total matches: 298
To scrape: 203
2025-12-06 11:42:37,957 - fotmob_scraper - INFO - _send_impl:181 - Email alert sent successfully to 1 recipient(s): ghaderi.soroush1995@gmail.com
2025-12-06 11:42:38,137 - fotmob_scraper - INFO - setup_logging:57 - Logging initialized. Log file: logs/fotmob_scraper_20251206.log
2025-12-06 11:42:38,137 - fotmob_scraper - INFO - _load_config:233 - Email alerts enabled: 1 recipients
2025-12-06 11:42:38,138 - fotmob_scraper - ERROR - _send_impl:131 - ALERT: Pipeline Step Failed: AIscore Bronze - 20251004 - Step 'AIscore Bronze - 20251004' failed with exit code 1.

Elapsed time: 18.7s
2025-12-06 11:42:43,636 - fotmob_scraper - INFO - _send_impl:181 - Email alert sent successfully to 1 recipient(s): ghaderi.soroush1995@gmail.com
2025-12-06 11:42:54,527 - fotmob_scraper - INFO - setup_logging:57 - Logging initialized. Log file: logs/fotmob_scraper_20251206.log
2025-12-06 11:42:54,528 - fotmob_scraper - INFO - _load_config:233 - Email alerts enabled: 1 recipients
2025-12-06 11:42:54,528 - fotmob_scraper - ERROR - _send_impl:131 - ALERT: AIScore Odds Scraping Failed - 20251005 - Odds scraping failed for date 20251005.

Total matches: 262
To scrape: 27
2025-12-06 11:42:59,410 - fotmob_scraper - INFO - _send_impl:181 - Email alert sent successfully to 1 recipient(s): ghaderi.soroush1995@gmail.com
2025-12-06 11:42:59,571 - fotmob_scraper - ERROR - _send_impl:131 - ALERT: Pipeline Step Failed: AIscore Bronze - 20251005 - Step 'AIscore Bronze - 20251005' failed with exit code 1.

Elapsed time: 15.9s
2025-12-06 11:43:05,859 - fotmob_scraper - INFO - _send_impl:181 - Email alert sent successfully to 1 recipient(s): ghaderi.soroush1995@gmail.com
2025-12-06 11:43:18,284 - fotmob_scraper - INFO - setup_logging:57 - Logging initialized. Log file: logs/fotmob_scraper_20251206.log
2025-12-06 11:43:18,285 - fotmob_scraper - INFO - _load_config:233 - Email alerts enabled: 1 recipients
2025-12-06 11:43:18,285 - fotmob_scraper - ERROR - _send_impl:131 - ALERT: AIScore Link Scraping Failed - 20251006 - Link scraping failed for date 20251006. Cannot proceed to odds scraping.
2025-12-06 11:43:23,375 - fotmob_scraper - INFO - _send_impl:181 - Email alert sent successfully to 1 recipient(s): ghaderi.soroush1995@gmail.com
2025-12-06 11:43:23,471 - fotmob_scraper - ERROR - _send_impl:131 - ALERT: Pipeline Step Failed: AIscore Bronze - 20251006 - Step 'AIscore Bronze - 20251006' failed with exit code 1.

Elapsed time: 17.6s
2025-12-06 11:43:24,590 - fotmob_scraper - ERROR - _send_impl:184 - Failed to send email alert: (250, b'smtp.gmail.com at your service, [104.152.222.45]\nSIZE 35882577\n8BITMIME\nSTARTTLS\nENHANCEDSTATUSCODES\nPIPELINING\nCHUNKING\nSMTPUTF8')
2025-12-06 11:43:36,181 - fotmob_scraper - INFO - setup_logging:57 - Logging initialized. Log file: logs/fotmob_scraper_20251206.log
2025-12-06 11:43:36,182 - fotmob_scraper - INFO - _load_config:233 - Email alerts enabled: 1 recipients
2025-12-06 11:43:36,182 - fotmob_scraper - ERROR - _send_impl:131 - ALERT: AIScore Link Scraping Failed - 20251007 - Link scraping failed for date 20251007. Cannot proceed to odds scraping.
2025-12-06 11:43:41,188 - fotmob_scraper - INFO - _send_impl:181 - Email alert sent successfully to 1 recipient(s): ghaderi.soroush1995@gmail.com
2025-12-06 11:43:41,305 - fotmob_scraper - ERROR - _send_impl:131 - ALERT: Pipeline Step Failed: AIscore Bronze - 20251007 - Step 'AIscore Bronze - 20251007' failed with exit code 1.

Elapsed time: 16.7s
2025-12-06 11:43:46,137 - fotmob_scraper - INFO - _send_impl:181 - Email alert sent successfully to 1 recipient(s): ghaderi.soroush1995@gmail.com
2025-12-06 11:44:54,637 - fotmob_scraper - INFO - setup_logging:57 - Logging initialized. Log file: logs/fotmob_scraper_20251206.log
2025-12-06 11:44:54,637 - fotmob_scraper - INFO - _load_config:233 - Email alerts enabled: 1 recipients
2025-12-06 11:44:54,637 - fotmob_scraper - ERROR - _send_impl:131 - ALERT: AIScore Odds Scraping Failed - 20251004 - Odds scraping failed for date 20251004.

Total matches: 298
To scrape: 203
2025-12-06 11:44:59,423 - fotmob_scraper - INFO - _send_impl:181 - Email alert sent successfully to 1 recipient(s): ghaderi.soroush1995@gmail.com
2025-12-06 11:44:59,531 - fotmob_scraper - INFO - setup_logging:57 - Logging initialized. Log file: logs/fotmob_scraper_20251206.log
2025-12-06 11:44:59,531 - fotmob_scraper - INFO - _load_config:233 - Email alerts enabled: 1 recipients
2025-12-06 11:44:59,532 - fotmob_scraper - ERROR - _send_impl:131 - ALERT: Pipeline Step Failed: AIscore Bronze - 20251004 - Step 'AIscore Bronze - 20251004' failed with exit code 1.

Elapsed time: 14.4s
2025-12-06 11:45:04,300 - fotmob_scraper - INFO - _send_impl:181 - Email alert sent successfully to 1 recipient(s): ghaderi.soroush1995@gmail.com
2025-12-06 11:45:14,338 - fotmob_scraper - INFO - setup_logging:57 - Logging initialized. Log file: logs/fotmob_scraper_20251206.log
2025-12-06 11:45:14,340 - fotmob_scraper - INFO - _load_config:233 - Email alerts enabled: 1 recipients
2025-12-06 11:45:14,340 - fotmob_scraper - ERROR - _send_impl:131 - ALERT: AIScore Odds Scraping Failed - 20251005 - Odds scraping failed for date 20251005.

Total matches: 262
To scrape: 27
2025-12-06 11:45:19,566 - fotmob_scraper - INFO - _send_impl:181 - Email alert sent successfully to 1 recipient(s): ghaderi.soroush1995@gmail.com
2025-12-06 11:45:19,708 - fotmob_scraper - ERROR - _send_impl:131 - ALERT: Pipeline Step Failed: AIscore Bronze - 20251005 - Step 'AIscore Bronze - 20251005' failed with exit code 1.

Elapsed time: 15.4s
2025-12-06 11:45:24,104 - fotmob_scraper - ERROR - _send_impl:184 - Failed to send email alert: (250, b'2.0.0 OK  1765021523 d9443c01a7336-29dae4cf968sm75345955ad.34 - gsmtp')
2025-12-06 12:13:38,896 - fotmob_scraper - INFO - setup_logging:57 - Logging initialized. Log file: logs/fotmob_scraper_20251206.log
2025-12-06 12:13:38,898 - fotmob_scraper - INFO - main:217 - Connecting to ClickHouse at clickhouse:8123
2025-12-06 12:13:38,928 - fotmob_scraper - INFO - connect:127 - Connected to ClickHouse: clickhouse:8123/default
2025-12-06 12:13:38,948 - fotmob_scraper - INFO - main:293 - Looking for SQL files in: /app/clickhouse/init
2025-12-06 12:13:38,961 - fotmob_scraper - INFO - main:304 - Found ClickHouse init directory: /app/clickhouse/init
2025-12-06 12:13:38,968 - fotmob_scraper - INFO - check_databases_exist:59 - All databases exist: fotmob, aiscore
2025-12-06 12:13:38,973 - fotmob_scraper - INFO - main:333 - FotMob database has 14 tables: cards, coaches, general, goal, momentum, period, player, red_card, shotmap, starters, substitutes, team_form, timeline, venue
2025-12-06 12:13:38,977 - fotmob_scraper - INFO - main:354 - AIScore database has 5 tables: daily_listings, matches, odds_1x2, odds_asian_handicap, odds_over_under
2025-12-06 12:13:38,979 - fotmob_scraper - INFO - main:364 - All required tables already exist for both FotMob and AIScore. Skipping creation.
