2025-12-04 13:22:39,266 - pipeline - INFO - setup_logging:57 - Logging initialized. Log file: logs/pipeline_20251204.log
2025-12-04 13:22:39,267 - pipeline - ERROR - <module>:595 - 
Fatal error: name 'r' is not defined
Traceback (most recent call last):
  File "/app/scripts/pipeline.py", line 587, in <module>
    exit_code = main()
                ^^^^^^
  File "/app/scripts/pipeline.py", line 584, in main
    return run_pipeline(args)
           ^^^^^^^^^^^^^^^^^^
  File "/app/scripts/pipeline.py", line 558, in run_pipeline
    logger,log_file = setup_pipeline_logging(project_root,date_info,config.debug)
                      ^^^^^^^^^^^^^^^^^^^^^^^^^^^^^^^^^^^^^^^^^^^^^^^^^^^^^^^^^^^
  File "/app/scripts/pipeline.py", line 447, in setup_pipeline_logging
    for handle in r in logger.handlers[:]:
                  ^
NameError: name 'r' is not defined
2025-12-04 13:25:47,432 - pipeline - INFO - setup_logging:57 - Logging initialized. Log file: logs/pipeline_20251204.log
2025-12-04 13:28:18,804 - pipeline - INFO - setup_logging:57 - Logging initialized. Log file: logs/pipeline_20251204.log
2025-12-04 13:30:35,158 - pipeline - INFO - setup_logging:57 - Logging initialized. Log file: logs/pipeline_20251204.log
2025-12-04 13:31:47,921 - pipeline - INFO - setup_logging:57 - Logging initialized. Log file: logs/pipeline_20251204.log
2025-12-04 13:32:55,985 - pipeline - INFO - setup_logging:57 - Logging initialized. Log file: logs/pipeline_20251204.log
2025-12-04 13:33:37,243 - pipeline - INFO - setup_logging:57 - Logging initialized. Log file: logs/pipeline_20251204.log
2025-12-04 14:00:55,571 - pipeline - INFO - setup_logging:57 - Logging initialized. Log file: logs/pipeline_20251204.log
2025-12-04 14:02:12,196 - pipeline - INFO - setup_logging:57 - Logging initialized. Log file: logs/pipeline_20251204.log
2025-12-04 15:52:01,364 - pipeline - INFO - setup_logging:57 - Logging initialized. Log file: logs/pipeline_20251204.log
2025-12-04 15:52:20,570 - pipeline - INFO - setup_logging:57 - Logging initialized. Log file: logs/pipeline_20251204.log
2025-12-04 15:55:11,025 - pipeline - INFO - setup_logging:57 - Logging initialized. Log file: logs/pipeline_20251204.log
